[17:13:40:647291 --7:00] [Thread 2160] {BTK} EAST_TEX_SWAMPCAT died due to Arma bugs and is probably very salty right now.
[17:29:01:411598 --7:00] [Thread 4232] D4_Cador was killed by {BTK}Garfield! (First Blood)
[17:32:10:527224 --7:00] [Thread 2264] D4_Cador was killed by {BTK}Garfield! (Domination)
[17:35:27:826698 --7:00] [Thread 2160] Skyarch (2017) was killed by an NPC!
[18:00:25:536893 --7:00] [Thread 2392] {BTK}Garfield was killed by an NPC!
[18:12:11:521245 --7:00] [Thread 3244] {BTK}Garfield was killed by an NPC!
[18:18:12:850296 --7:00] [Thread 2264] {BTK}Garfield was killed by an NPC!
[18:18:18:436104 --7:00] [Thread 3244] Lothaar commited suicide!
[18:59:33:702124 --7:00] [Thread 3792] {BTK}Ruckas was killed by an NPC!
[19:01:32:157085 --7:00] [Thread 3244] {BTK}Garfield was killed by an NPC!
[19:08:37:338337 --7:00] [Thread 2264] Joe was killed by an NPC!
[19:08:59:794378 --7:00] [Thread 2264] {BTK}Ruckas was killed by an NPC!
[19:11:17:115158 --7:00] [Thread 2160] {BTK}Ruckas commited suicide!
[19:19:17:086568 --7:00] [Thread 2392] {BTK}Ruckas crashed to death!
[19:21:14:676415 --7:00] [Thread 2160] Joe was killed by an NPC!
[19:30:25:880604 --7:00] [Thread 2264] Joe was killed by an NPC!
[19:35:13:072395 --7:00] [Thread 4232] Joe was killed by an NPC!
[20:09:35:863353 --7:00] [Thread 4232] Joe was killed by an NPC!
[20:15:16:855548 --7:00] [Thread 2264] Joe was killed by an NPC!
[21:15:06:609871 --7:00] [Thread 3524] Joe was killed by an NPC!
[21:42:53:224058 --7:00] [Thread 4656] Joe was killed by an NPC!
[21:44:27:903455 --7:00] [Thread 3536] Alisha was killed by an NPC!
[21:47:59:511551 --7:00] [Thread 2232] Joe was killed by an NPC!
[21:50:11:220010 --7:00] [Thread 4656] Joe was killed by an NPC!
[21:58:26:168352 --7:00] [Thread 4656] Alisha was killed by an NPC!
[22:00:28:304199 --7:00] [Thread 3524] Scott commited suicide!
[22:40:07:313401 --7:00] [Thread 3536] Joe was killed by an NPC!
[22:48:56:624415 --7:00] [Thread 3524] Joe was killed by an NPC!
[22:51:07:723278 --7:00] [Thread 3524] Joe died because that's why.
[00:07:15:965544 --7:00] [Thread 4656] Scott was killed by an NPC!
[01:22:52:699837 --7:00] [Thread 1548] D4_Cador was killed by an NPC!
[02:03:46:032941 --7:00] [Thread 3176] Jason was killed by an NPC!
[02:24:08:440100 --7:00] [Thread 1548] Jason was killed by an NPC!
[02:31:11:132720 --7:00] [Thread 4920] Zataralee commited suicide!
[02:37:18:967424 --7:00] [Thread 1548] Scott was killed by an NPC!
[02:41:04:066220 --7:00] [Thread 3344] Scott commited suicide!
[02:51:23:300784 --7:00] [Thread 4920] Scott died because the universe hates him.
[03:05:26:999398 --7:00] [Thread 1548] Lothaar died because that's why.
[03:23:52:041785 --7:00] [Thread 4544] Scott was killed by an NPC!
[05:41:54:353983 --7:00] [Thread 596] demonjac was killed by an NPC!
[05:53:51:437376 --7:00] [Thread 1524] demonjac was killed by an NPC!
[06:01:12:426879 --7:00] [Thread 1524] demonjac was killed by an NPC!
[07:40:13:703841 --7:00] [Thread 1524] Jason was killed by an NPC!
[08:00:26:133936 --7:00] [Thread 4740] Jason was killed by an NPC!
[11:35:58:263545 --7:00] [Thread 3076] {BTK} EAST_TEX_SWAMPCAT was killed by an NPC!
[11:36:38:917991 --7:00] [Thread 3076] D4_Cador was killed by an NPC!
[11:40:04:969799 --7:00] [Thread 4620] D4_Cador was killed by an NPC!
[11:44:15:987489 --7:00] [Thread 4620] D4_Cador was killed by an NPC!
[11:46:51:175991 --7:00] [Thread 3936] {BTK} EAST_TEX_SWAMPCAT died due to Arma bugs and is probably very salty right now.
[12:50:55:678257 --7:00] [Thread 4880] {BTK} EAST_TEX_SWAMPCAT was killed by an NPC!
[13:20:15:939782 --7:00] [Thread 1628] {BTK}Garfield was killed by an NPC!
[13:47:23:461231 --7:00] [Thread 4260] {BTK} EAST_TEX_SWAMPCAT was killed by an NPC!
[13:56:01:223076 --7:00] [Thread 4880] {BTK}Garfield was killed by an NPC!
[14:03:42:557535 --7:00] [Thread 3692] Joe was killed by an NPC!
[14:09:41:943496 --7:00] [Thread 1628] Joe commited suicide!
[14:43:47:628428 --7:00] [Thread 1628] Joe commited suicide!
[14:56:27:899799 --7:00] [Thread 4880] {BTK} EAST_TEX_SWAMPCAT was killed by an NPC!
[14:56:45:988791 --7:00] [Thread 3692] {BTK}Garfield was killed by an NPC!
[15:02:44:621389 --7:00] [Thread 4260] {BTK}Garfield was killed by an NPC!
[15:12:19:703957 --7:00] [Thread 4880] {BTK} EAST_TEX_SWAMPCAT was killed by an NPC!
[15:32:55:027459 --7:00] [Thread 4880] Joe was killed by {BTK}Garfield! (First Blood, 259m Range)
[15:33:30:460232 --7:00] [Thread 1628] Joe was killed by {BTK} EAST_TEX_SWAMPCAT! (254m Range)
[15:34:03:867482 --7:00] [Thread 4880] {BTK}Garfield was killed by Zataralee! (Big Bird)
[15:53:28:777802 --7:00] [Thread 4144] {BTK}Garfield was killed by Zataralee! (Domination, Big Bird)
