[18:05:16:198115 --7:00] [Thread 5444] PLAYER: ( 76561198397105276 ) R Pound Town:2 ({BTK} EAST_TEX_SWAMPCAT) REMOTE PURCHASED ITEM B_Bergen_mcamo_F FOR 400 POPTABS | PLAYER TOTAL MONEY: 9600
[18:05:47:875594 --7:00] [Thread 188] PLAYER: ( 76561198397105276 ) R Pound Town:2 ({BTK} EAST_TEX_SWAMPCAT) REMOTE PURCHASED ITEM H_HelmetLeaderO_oucamo FOR 200 POPTABS | PLAYER TOTAL MONEY: 9400
[18:06:04:533626 --7:00] [Thread 5444] PLAYER: ( 76561198397105276 ) R Pound Town:2 ({BTK} EAST_TEX_SWAMPCAT) REMOTE PURCHASED ITEM U_O_FullGhillie_lsh FOR 150 POPTABS | PLAYER TOTAL MONEY: 9250
[18:06:22:857756 --7:00] [Thread 4364] PLAYER: ( 76561198397105276 ) R Pound Town:2 ({BTK} EAST_TEX_SWAMPCAT) REMOTE PURCHASED ITEM V_PlateCarrierGL_tna_F FOR 500 POPTABS | PLAYER TOTAL MONEY: 8750
[18:07:25:891261 --7:00] [Thread 5444] PLAYER: ( 76561198397105276 ) R Pound Town:2 ({BTK} EAST_TEX_SWAMPCAT) REMOTE PURCHASED ITEM arifle_SPAR_02_snd_F FOR 550 POPTABS | PLAYER TOTAL MONEY: 8200
[18:07:38:183632 --7:00] [Thread 188] PLAYER: ( 76561198397105276 ) R Pound Town:2 ({BTK} EAST_TEX_SWAMPCAT) REMOTE PURCHASED ITEM 150Rnd_556x45_Drum_Mag_Tracer_F FOR 75 POPTABS | PLAYER TOTAL MONEY: 8125
[18:07:38:920011 --7:00] [Thread 5444] PLAYER: ( 76561198397105276 ) R Pound Town:2 ({BTK} EAST_TEX_SWAMPCAT) REMOTE PURCHASED ITEM 150Rnd_556x45_Drum_Mag_Tracer_F FOR 75 POPTABS | PLAYER TOTAL MONEY: 8050
[18:07:39:846944 --7:00] [Thread 188] PLAYER: ( 76561198397105276 ) R Pound Town:2 ({BTK} EAST_TEX_SWAMPCAT) REMOTE PURCHASED ITEM 150Rnd_556x45_Drum_Mag_Tracer_F FOR 75 POPTABS | PLAYER TOTAL MONEY: 7975
[18:07:40:875497 --7:00] [Thread 5444] PLAYER: ( 76561198397105276 ) R Pound Town:2 ({BTK} EAST_TEX_SWAMPCAT) REMOTE PURCHASED ITEM 150Rnd_556x45_Drum_Mag_Tracer_F FOR 75 POPTABS | PLAYER TOTAL MONEY: 7900
[18:07:41:804602 --7:00] [Thread 188] PLAYER: ( 76561198397105276 ) R Pound Town:2 ({BTK} EAST_TEX_SWAMPCAT) REMOTE PURCHASED ITEM 150Rnd_556x45_Drum_Mag_Tracer_F FOR 75 POPTABS | PLAYER TOTAL MONEY: 7825
[18:07:42:711465 --7:00] [Thread 5444] PLAYER: ( 76561198397105276 ) R Pound Town:2 ({BTK} EAST_TEX_SWAMPCAT) REMOTE PURCHASED ITEM 150Rnd_556x45_Drum_Mag_Tracer_F FOR 75 POPTABS | PLAYER TOTAL MONEY: 7750
[18:07:52:157627 --7:00] [Thread 188] PLAYER: ( 76561198397105276 ) R Pound Town:2 ({BTK} EAST_TEX_SWAMPCAT) REMOTE PURCHASED ITEM acc_flashlight FOR 4 POPTABS | PLAYER TOTAL MONEY: 7746
[18:08:03:088857 --7:00] [Thread 5444] PLAYER: ( 76561198397105276 ) R Pound Town:2 ({BTK} EAST_TEX_SWAMPCAT) REMOTE PURCHASED ITEM bipod_01_F_snd FOR 10 POPTABS | PLAYER TOTAL MONEY: 7736
[18:08:11:474206 --7:00] [Thread 6044] PLAYER: ( 76561198397105276 ) R Pound Town:2 ({BTK} EAST_TEX_SWAMPCAT) REMOTE PURCHASED ITEM muzzle_snds_m_snd_F FOR 15 POPTABS | PLAYER TOTAL MONEY: 7721
[18:08:22:625323 --7:00] [Thread 6044] PLAYER: ( 76561198397105276 ) R Pound Town:2 ({BTK} EAST_TEX_SWAMPCAT) REMOTE PURCHASED ITEM optic_AMS_snd FOR 300 POPTABS | PLAYER TOTAL MONEY: 7421
[18:08:25:708634 --7:00] [Thread 6044] PLAYER: ( 76561198397105276 ) R Pound Town:2 ({BTK} EAST_TEX_SWAMPCAT) REMOTE PURCHASED ITEM optic_Nightstalker FOR 1000 POPTABS | PLAYER TOTAL MONEY: 6421
[18:08:26:819924 --7:00] [Thread 188] PLAYER: ( 76561198397105276 ) R Pound Town:2 ({BTK} EAST_TEX_SWAMPCAT) REMOTE PURCHASED ITEM optic_Nightstalker FOR 1000 POPTABS | PLAYER TOTAL MONEY: 5421
[18:08:27:870736 --7:00] [Thread 6044] PLAYER: ( 76561198397105276 ) R Pound Town:2 ({BTK} EAST_TEX_SWAMPCAT) REMOTE PURCHASED ITEM optic_Nightstalker FOR 1000 POPTABS | PLAYER TOTAL MONEY: 4421
[18:08:56:037507 --7:00] [Thread 6044] PLAYER: ( 76561197971543211 ) R Alpha 1-1:1 (Joe) REMOTE SOLD ITEM V_PlateCarrierGL_blk FOR 250 POPTABS AND 25 RESPECT | PLAYER TOTAL MONEY: 250
[18:09:16:462787 --7:00] [Thread 6044] PLAYER: ( 76561197971543211 ) R Alpha 1-1:1 (Joe) REMOTE SOLD ITEM 200Rnd_556x45_Box_Tracer_Red_F FOR 45 POPTABS AND 4.5 RESPECT | PLAYER TOTAL MONEY: 295
[18:09:35:125218 --7:00] [Thread 5444] PLAYER: ( 76561198397105276 ) R Pound Town:2 ({BTK} EAST_TEX_SWAMPCAT) REMOTE PURCHASED ITEM Exile_Item_DuctTape FOR 300 POPTABS | PLAYER TOTAL MONEY: 4121
[18:09:36:362558 --7:00] [Thread 188] PLAYER: ( 76561198397105276 ) R Pound Town:2 ({BTK} EAST_TEX_SWAMPCAT) REMOTE PURCHASED ITEM Exile_Item_DuctTape FOR 300 POPTABS | PLAYER TOTAL MONEY: 3821
[18:10:45:940461 --7:00] [Thread 5444] PLAYER: ( 76561197971543211 ) R Alpha 1-1:1 (Joe) REMOTE PURCHASED ITEM H_HelmetB_TI_tna_F FOR 100 POPTABS | PLAYER TOTAL MONEY: 1.0002e+006
[18:11:01:207662 --7:00] [Thread 188] PLAYER: ( 76561197971543211 ) R Alpha 1-1:1 (Joe) REMOTE PURCHASED ITEM G_Balaclava_TI_G_tna_F FOR 15 POPTABS | PLAYER TOTAL MONEY: 1.00018e+006
[18:11:31:969542 --7:00] [Thread 5444] PLAYER: ( 76561197971543211 ) R Alpha 1-1:1 (Joe) REMOTE PURCHASED ITEM U_B_CTRG_Soldier_3_F FOR 40 POPTABS | PLAYER TOTAL MONEY: 1.00014e+006
[18:11:41:595531 --7:00] [Thread 188] PLAYER: ( 76561197971543211 ) R Alpha 1-1:1 (Joe) REMOTE PURCHASED ITEM V_PlateCarrierGL_rgr FOR 500 POPTABS | PLAYER TOTAL MONEY: 999640
[18:11:52:246560 --7:00] [Thread 5444] PLAYER: ( 76561197971543211 ) R Alpha 1-1:1 (Joe) REMOTE PURCHASED ITEM B_ViperHarness_oli_F FOR 250 POPTABS | PLAYER TOTAL MONEY: 999390
[18:12:23:811654 --7:00] [Thread 188] PLAYER: ( 76561197971543211 ) R Alpha 1-1:1 (Joe) REMOTE PURCHASED ITEM O_NVGoggles_ghex_F FOR 150 POPTABS | PLAYER TOTAL MONEY: 999240
[18:12:28:348293 --7:00] [Thread 188] PLAYER: ( 76561198397105276 ) R Pound Town:2 ({BTK} EAST_TEX_SWAMPCAT) REMOTE SOLD ITEM: Exile_Car_LandRover_Ambulance_Desert (ID# <null>) with Cargo [] FOR 6000 POPTABS AND 600 RESPECT | PLAYER TOTAL MONEY: 9821
[18:13:19:689383 --7:00] [Thread 5444] PLAYER: ( 76561197971543211 ) R Alpha 1-1:1 (Joe) REMOTE PURCHASED ITEM Titan_AT FOR 1000 POPTABS | PLAYER TOTAL MONEY: 998240
[18:13:21:055901 --7:00] [Thread 188] PLAYER: ( 76561197971543211 ) R Alpha 1-1:1 (Joe) REMOTE PURCHASED ITEM Titan_AT FOR 1000 POPTABS | PLAYER TOTAL MONEY: 997240
[18:13:25:169809 --7:00] [Thread 5444] PLAYER: ( 76561197971543211 ) R Alpha 1-1:1 (Joe) REMOTE PURCHASED ITEM Titan_AA FOR 4000 POPTABS | PLAYER TOTAL MONEY: 993240
[18:13:26:302707 --7:00] [Thread 6044] PLAYER: ( 76561197971543211 ) R Alpha 1-1:1 (Joe) REMOTE PURCHASED ITEM Titan_AA FOR 4000 POPTABS | PLAYER TOTAL MONEY: 989240
[18:13:38:854905 --7:00] [Thread 5444] PLAYER: ( 76561198397105276 ) R Pound Town:2 ({BTK} EAST_TEX_SWAMPCAT) REMOTE PURCHASED ITEM Exile_Item_Noodles FOR 14 POPTABS | PLAYER TOTAL MONEY: 986
[18:13:40:039877 --7:00] [Thread 6044] PLAYER: ( 76561198397105276 ) R Pound Town:2 ({BTK} EAST_TEX_SWAMPCAT) REMOTE PURCHASED ITEM Exile_Item_Noodles FOR 14 POPTABS | PLAYER TOTAL MONEY: 972
[18:13:41:138921 --7:00] [Thread 5444] PLAYER: ( 76561198397105276 ) R Pound Town:2 ({BTK} EAST_TEX_SWAMPCAT) REMOTE PURCHASED ITEM Exile_Item_Noodles FOR 14 POPTABS | PLAYER TOTAL MONEY: 958
[18:13:42:300632 --7:00] [Thread 188] PLAYER: ( 76561198397105276 ) R Pound Town:2 ({BTK} EAST_TEX_SWAMPCAT) REMOTE PURCHASED ITEM Exile_Item_Noodles FOR 14 POPTABS | PLAYER TOTAL MONEY: 944
[18:13:43:313529 --7:00] [Thread 188] PLAYER: ( 76561198397105276 ) R Pound Town:2 ({BTK} EAST_TEX_SWAMPCAT) REMOTE PURCHASED ITEM Exile_Item_Noodles FOR 14 POPTABS | PLAYER TOTAL MONEY: 930
[18:13:45:025647 --7:00] [Thread 5444] PLAYER: ( 76561198397105276 ) R Pound Town:2 ({BTK} EAST_TEX_SWAMPCAT) REMOTE PURCHASED ITEM Exile_Item_EnergyDrink FOR 40 POPTABS | PLAYER TOTAL MONEY: 890
[18:13:46:061716 --7:00] [Thread 188] PLAYER: ( 76561198397105276 ) R Pound Town:2 ({BTK} EAST_TEX_SWAMPCAT) REMOTE PURCHASED ITEM Exile_Item_EnergyDrink FOR 40 POPTABS | PLAYER TOTAL MONEY: 850
[18:13:46:975796 --7:00] [Thread 5444] PLAYER: ( 76561198397105276 ) R Pound Town:2 ({BTK} EAST_TEX_SWAMPCAT) REMOTE PURCHASED ITEM Exile_Item_EnergyDrink FOR 40 POPTABS | PLAYER TOTAL MONEY: 810
[18:13:48:025551 --7:00] [Thread 188] PLAYER: ( 76561198397105276 ) R Pound Town:2 ({BTK} EAST_TEX_SWAMPCAT) REMOTE PURCHASED ITEM Exile_Item_EnergyDrink FOR 40 POPTABS | PLAYER TOTAL MONEY: 770
[18:13:49:140745 --7:00] [Thread 5444] PLAYER: ( 76561198397105276 ) R Pound Town:2 ({BTK} EAST_TEX_SWAMPCAT) REMOTE PURCHASED ITEM Exile_Item_EnergyDrink FOR 40 POPTABS | PLAYER TOTAL MONEY: 730
[18:14:04:719324 --7:00] [Thread 188] PLAYER: ( 76561198397105276 ) R Pound Town:2 ({BTK} EAST_TEX_SWAMPCAT) REMOTE PURCHASED ITEM Exile_Item_Vishpirin FOR 300 POPTABS | PLAYER TOTAL MONEY: 430
[18:14:05:775296 --7:00] [Thread 5444] PLAYER: ( 76561198397105276 ) R Pound Town:2 ({BTK} EAST_TEX_SWAMPCAT) REMOTE PURCHASED ITEM Exile_Item_Vishpirin FOR 300 POPTABS | PLAYER TOTAL MONEY: 130
[18:14:08:725570 --7:00] [Thread 188] PLAYER: ( 76561198397105276 ) R Pound Town:2 ({BTK} EAST_TEX_SWAMPCAT) REMOTE PURCHASED ITEM Exile_Item_Bandage FOR 100 POPTABS | PLAYER TOTAL MONEY: 30
[18:16:26:783620 --7:00] [Thread 188] PLAYER: ( 76561197971543211 ) R Alpha 1-1:1 (Joe) REMOTE PURCHASED ITEM Titan_AT FOR 1000 POPTABS | PLAYER TOTAL MONEY: 988240
[18:18:40:839746 --7:00] [Thread 188] PLAYER: ( 76561197971543211 ) R Alpha 1-1:1 (Joe) REMOTE PURCHASED ITEM B_Carryall_oli FOR 300 POPTABS | PLAYER TOTAL MONEY: 987940
[18:18:58:780208 --7:00] [Thread 5444] PLAYER: ( 76561197971543211 ) R Alpha 1-1:1 (Joe) REMOTE PURCHASED ITEM Exile_Weapon_Colt1911 FOR 100 POPTABS | PLAYER TOTAL MONEY: 987840
[18:19:03:118159 --7:00] [Thread 188] PLAYER: ( 76561197971543211 ) R Alpha 1-1:1 (Joe) REMOTE PURCHASED ITEM muzzle_snds_M FOR 10 POPTABS | PLAYER TOTAL MONEY: 987830
[18:19:04:277938 --7:00] [Thread 5444] PLAYER: ( 76561197971543211 ) R Alpha 1-1:1 (Joe) REMOTE PURCHASED ITEM Exile_Magazine_7Rnd_45ACP FOR 20 POPTABS | PLAYER TOTAL MONEY: 987810
[18:19:05:098326 --7:00] [Thread 188] PLAYER: ( 76561197971543211 ) R Alpha 1-1:1 (Joe) REMOTE PURCHASED ITEM Exile_Magazine_7Rnd_45ACP FOR 20 POPTABS | PLAYER TOTAL MONEY: 987790
[18:19:05:934407 --7:00] [Thread 5444] PLAYER: ( 76561197971543211 ) R Alpha 1-1:1 (Joe) REMOTE PURCHASED ITEM Exile_Magazine_7Rnd_45ACP FOR 20 POPTABS | PLAYER TOTAL MONEY: 987770
[18:19:12:636668 --7:00] [Thread 188] PLAYER: ( 76561197971543211 ) R Alpha 1-1:1 (Joe) REMOTE PURCHASED ITEM 200Rnd_556x45_Box_Red_F FOR 90 POPTABS | PLAYER TOTAL MONEY: 987680
[18:19:13:490550 --7:00] [Thread 5444] PLAYER: ( 76561197971543211 ) R Alpha 1-1:1 (Joe) REMOTE PURCHASED ITEM 200Rnd_556x45_Box_Red_F FOR 90 POPTABS | PLAYER TOTAL MONEY: 987590
[18:19:14:349201 --7:00] [Thread 188] PLAYER: ( 76561197971543211 ) R Alpha 1-1:1 (Joe) REMOTE PURCHASED ITEM 200Rnd_556x45_Box_Red_F FOR 90 POPTABS | PLAYER TOTAL MONEY: 987500
[18:20:33:068821 --7:00] [Thread 5444] PLAYER: ( 76561197971543211 ) R Alpha 1-1:1 (Joe) REMOTE PURCHASED ITEM optic_ERCO_blk_F FOR 125 POPTABS | PLAYER TOTAL MONEY: 987375
[18:20:47:038106 --7:00] [Thread 188] PLAYER: ( 76561197971543211 ) R Alpha 1-1:1 (Joe) REMOTE PURCHASED ITEM Rangefinder FOR 200 POPTABS | PLAYER TOTAL MONEY: 987175
[18:22:42:491138 --7:00] [Thread 188] PLAYER: ( 76561198397105276 ) R Pound Town:2 ({BTK} EAST_TEX_SWAMPCAT) REMOTE SOLD ITEM: I_Truck_02_medical_F (ID# <null>) with Cargo ["B_ViperHarness_hex_F","Exile_Item_FuelCanisterEmpty","3Rnd_SmokeBlue_Grenade_shell","Exile_Item_ChristmasTinner","U_B_SpecopsUniform_sgg"] FOR 17850 POPTABS AND 1785 RESPECT | PLAYER TOTAL MONEY: 17880
[18:22:49:887331 --7:00] [Thread 188] PLAYER: ( 76561198397105276 ) R Pound Town:2 ({BTK} EAST_TEX_SWAMPCAT) REMOTE SOLD ITEM: B_T_LSV_01_armed_F (ID# <null>) with Cargo [] FOR 17500 POPTABS AND 1750 RESPECT | PLAYER TOTAL MONEY: 35380
[19:16:57:706193 --7:00] [Thread 2944] PLAYER: ( 76561198077567121 ) R D4tification:1 (D4_Cador) REMOTE SOLD ITEM: Exile_Chopper_Huey_Desert (ID# <null>) with Cargo [] FOR 10500 POPTABS AND 1050 RESPECT | PLAYER TOTAL MONEY: 52043
[19:18:15:122368 --7:00] [Thread 1624] PLAYER: ( 76561198077567121 ) R D4tification:1 (D4_Cador) REMOTE SOLD ITEM: Exile_Car_Ural_Open_Yellow (ID# <null>) with Cargo [] FOR 20000 POPTABS AND 2000 RESPECT | PLAYER TOTAL MONEY: 72043
[19:18:30:636742 --7:00] [Thread 2944] PLAYER: ( 76561198077567121 ) R D4tification:1 (D4_Cador) REMOTE PURCHASED ITEM Exile_Item_DuctTape FOR 300 POPTABS | PLAYER TOTAL MONEY: 71743
[19:18:33:470921 --7:00] [Thread 6140] PLAYER: ( 76561198077567121 ) R D4tification:1 (D4_Cador) REMOTE PURCHASED ITEM Exile_Item_DuctTape FOR 300 POPTABS | PLAYER TOTAL MONEY: 71443
[19:25:01:042338 --7:00] [Thread 1624] PLAYER: ( 76561198077567121 ) R D4tification:1 (D4_Cador) REMOTE SOLD ITEM: Exile_Chopper_Hummingbird_Civillian_Red (ID# <null>) with Cargo [] FOR 8500 POPTABS AND 850 RESPECT | PLAYER TOTAL MONEY: 79943
[19:25:15:309469 --7:00] [Thread 2944] PLAYER: ( 76561198077567121 ) R D4tification:1 (D4_Cador) REMOTE PURCHASED ITEM Exile_Item_EnergyDrink FOR 40 POPTABS | PLAYER TOTAL MONEY: 79903
[19:25:16:777193 --7:00] [Thread 5756] PLAYER: ( 76561198077567121 ) R D4tification:1 (D4_Cador) REMOTE PURCHASED ITEM Exile_Item_EnergyDrink FOR 40 POPTABS | PLAYER TOTAL MONEY: 79863
[19:25:18:005766 --7:00] [Thread 2944] PLAYER: ( 76561198077567121 ) R D4tification:1 (D4_Cador) REMOTE PURCHASED ITEM Exile_Item_EnergyDrink FOR 40 POPTABS | PLAYER TOTAL MONEY: 79823
[19:25:41:885616 --7:00] [Thread 5756] PLAYER: ( 76561198077567121 ) R D4tification:1 (D4_Cador) REMOTE PURCHASED ITEM Exile_Item_Cheathas FOR 18 POPTABS | PLAYER TOTAL MONEY: 79805
[19:25:42:650229 --7:00] [Thread 2944] PLAYER: ( 76561198077567121 ) R D4tification:1 (D4_Cador) REMOTE PURCHASED ITEM Exile_Item_Cheathas FOR 18 POPTABS | PLAYER TOTAL MONEY: 79787
[19:34:12:630679 --7:00] [Thread 1624] PLAYER: ( 76561198397105276 ) R Pound Town:2 ({BTK} EAST_TEX_SWAMPCAT) REMOTE SOLD ITEM: I_Truck_02_medical_F (ID# <null>) with Cargo [] FOR 21500 POPTABS AND 2150 RESPECT | PLAYER TOTAL MONEY: 21500
[19:34:18:465634 --7:00] [Thread 1624] PLAYER: ( 76561198397105276 ) R Pound Town:2 ({BTK} EAST_TEX_SWAMPCAT) REMOTE SOLD ITEM: B_T_LSV_01_armed_F (ID# <null>) with Cargo [] FOR 20000 POPTABS AND 2000 RESPECT | PLAYER TOTAL MONEY: 41500
[19:35:47:469361 --7:00] [Thread 1624] PLAYER: ( 76561198397105276 ) R Pound Town:2 ({BTK} EAST_TEX_SWAMPCAT) REMOTE SOLD ITEM: CUP_B_MTVR_Repair_USA (ID# <null>) with Cargo [] FOR 20000 POPTABS AND 2000 RESPECT | PLAYER TOTAL MONEY: 61500
