[19:43:46:626655 --7:00] [Thread 9480] Mike Hawk was killed by an NPC!
[20:30:02:160743 --7:00] [Thread 10632] Alisha commited suicide!
[20:33:09:575702 --7:00] [Thread 9480] Scott was killed by an NPC!
[20:34:07:582039 --7:00] [Thread 8796] Alisha was killed by an NPC!
[20:36:31:709462 --7:00] [Thread 10948] Scott was killed by an NPC!
[20:39:28:471463 --7:00] [Thread 10948] Scott died because... Arma.
[20:45:06:799600 --7:00] [Thread 9480] Mike Hawk died because the universe hates him.
[20:52:24:565920 --7:00] [Thread 8208] Mike Hawk commited suicide!
[21:20:10:869863 --7:00] [Thread 9480] Alisha was killed by an NPC!
[21:20:41:681712 --7:00] [Thread 10632] Mike Hawk was killed by an NPC!
[21:36:03:579189 --7:00] [Thread 10632] Alisha died because Alisha was very unlucky.
[21:42:11:984453 --7:00] [Thread 10948] Alisha died and nobody knows why.
[21:44:40:995813 --7:00] [Thread 8796] Mike Hawk was killed by an NPC!
[21:45:56:066561 --7:00] [Thread 8208] Saber One crashed to death!
[21:45:56:444721 --7:00] [Thread 10632] Red The Hunter died because that's why.
[21:51:54:901198 --7:00] [Thread 8796] Red The Hunter commited suicide!
[22:08:02:214857 --7:00] [Thread 9480] ChoSeon was killed by an NPC!
[22:25:28:262832 --7:00] [Thread 10632] Scott was killed by an NPC!
[22:27:49:768301 --7:00] [Thread 10632] Mike Hawk was killed by Red The Hunter! (First Blood, 436m Range)
[22:29:09:102270 --7:00] [Thread 8796] Alisha was killed by an NPC!
[22:30:35:715135 --7:00] [Thread 8796] Red The Hunter was killed by AkToker! (321m Range)
[22:34:59:349965 --7:00] [Thread 12168] Saber One was killed by AkToker! (2x Kill Streak, 387m Range)
[22:40:19:793452 --7:00] [Thread 8208] Alisha commited suicide!
[22:40:29:408091 --7:00] [Thread 10948] Saber One commited suicide!
[22:41:45:724606 --7:00] [Thread 8796] Scott was killed by an NPC!
[22:45:18:965275 --7:00] [Thread 9480] Scott was killed by an NPC!
[22:53:31:447089 --7:00] [Thread 8796] Scott commited suicide!
[23:09:04:897758 --7:00] [Thread 10376] Saber One was killed by an NPC!
[23:17:21:531430 --7:00] [Thread 7232] Red The Hunter was killed by an NPC!
[23:43:26:451854 --7:00] [Thread 10056] Saber One was killed by an NPC!
[23:45:15:098209 --7:00] [Thread 10056] Jason was killed by Zataralee! (First Blood, Big Bird, 146m Range)
[23:45:23:350206 --7:00] [Thread 12148] Saber One was killed by an NPC!
[23:49:25:672902 --7:00] [Thread 11596] Jason commited suicide!
[23:55:43:251624 --7:00] [Thread 11596] AkToker was killed by an NPC!
[00:01:31:644724 --7:00] [Thread 10056] Saber One died due to Arma bugs and is probably very salty right now.
[00:09:45:996876 --7:00] [Thread 7232] Red The Hunter was killed by an NPC!
[00:11:20:539449 --7:00] [Thread 10376] Saber One was killed by an NPC!
[00:16:03:363462 --7:00] [Thread 11180] Red The Hunter commited suicide!
[00:19:14:713989 --7:00] [Thread 11180] Scott commited suicide!
[00:27:29:421972 --7:00] [Thread 11596] Red The Hunter was killed by an NPC!
[00:41:29:906456 --7:00] [Thread 10376] Red The Hunter was killed by an NPC!
[00:42:07:450664 --7:00] [Thread 7232] Saber One was killed by an NPC!
[02:07:15:279402 --7:00] [Thread 10056] Saber One was killed by Zataralee! (Big Bird, 258m Range)
[02:09:23:356809 --7:00] [Thread 10376] Saber One commited suicide!
[02:29:10:444092 --7:00] [Thread 10376] Saber One commited suicide!
[02:38:58:968207 --7:00] [Thread 12148] Zataralee commited suicide!
[02:39:42:911363 --7:00] [Thread 10376] Saber One was killed by an NPC!
[02:59:08:498580 --7:00] [Thread 7232] Zataralee was killed by an NPC!
[03:44:36:934461 --7:00] [Thread 8848] Rog641 commited suicide!
[08:15:33:178412 --7:00] [Thread 12112] Jason was killed by an NPC!
[08:27:49:879574 --7:00] [Thread 12112] Jason was killed by an NPC!
[11:50:04:568217 --7:00] [Thread 10252] Alisha commited suicide!
[12:02:20:832272 --7:00] [Thread 10084] Jason commited suicide!
[12:04:24:789572 --7:00] [Thread 11224] Jason was killed by an NPC!
[13:00:00:746337 --7:00] [Thread 11224] Jason was killed by an NPC!
[13:01:57:916609 --7:00] [Thread 11224] Jason was killed by an NPC!
[14:14:53:282410 --7:00] [Thread 10084] Nutsnboltz died because... Arma.
[14:23:59:415958 --7:00] [Thread 10084] Nutsnboltz was killed by Mike Hawk! (First Blood)
[14:24:08:009215 --7:00] [Thread 11224] Alisha commited suicide!
[14:42:21:268162 --7:00] [Thread 12092] Nutsnboltz was killed by an NPC!
[17:22:38:230655 --7:00] [Thread 8440] Jason commited suicide!
[17:43:04:746861 --7:00] [Thread 8440] Rog641 was killed by an NPC!
[17:48:30:026858 --7:00] [Thread 10096] Rog641 was killed by an NPC!
[18:17:17:454303 --7:00] [Thread 12056] Rog641 died and nobody knows why.
[18:18:44:965437 --7:00] [Thread 7800] Saber One commited suicide!
[18:23:30:399045 --7:00] [Thread 7800] Mike Hawk commited suicide!
[18:29:59:848535 --7:00] [Thread 10096] D4_Cador died and nobody knows why.
[18:31:06:402986 --7:00] [Thread 7800] AkToker was killed by an NPC!
[18:36:54:509473 --7:00] [Thread 7800] Mike Hawk was killed by an NPC!
[18:44:19:603428 --7:00] [Thread 8440] AkToker was killed by an NPC!
[18:47:44:154306 --7:00] [Thread 8440] AkToker commited suicide!
[18:50:10:609760 --7:00] [Thread 10100] Nutsnboltz commited suicide!
[18:58:26:618311 --7:00] [Thread 12056] D4_Cador commited suicide!
