[21:59:49:509927 --7:00] [Thread 10948] PLAYER ( 76561198005489005 ) R Alpha 1-5:1 (Jason) REMOTE PAID 19500 POP TABS TO PROTECT TERRITORY #5 | PLAYER TOTAL POP TABS: 10500
[22:22:24:941033 --7:00] [Thread 10948] PLAYER ( 76561198050175488 ) R Alpha 2-2:1 (Sneakery) REMOTE PAID 5000 POP TABS TO PURCHASE A TERRITORY FLAG | PLAYER TOTAL POP TABS: 3494
[00:48:39:081221 --7:00] [Thread 11596] PLAYER ( 76561198016299112 ) R Moisturizers:4 (Scott) REMOTE PAID 5000 POP TABS TO PURCHASE A TERRITORY FLAG | PLAYER TOTAL POP TABS: 0
[00:59:34:921500 --7:00] [Thread 12148] PLAYER ( 76561198016299112 ) R Moisturizers:4 (Scott) REMOTE PAID 10000 POP TABS TO UPGRADE TERRITORY #20 TO LEVEL 2 | PLAYER TOTAL POP TABS: 190000
[00:59:52:740056 --7:00] [Thread 12148] PLAYER ( 76561198016299112 ) R Moisturizers:4 (Scott) REMOTE PAID 15000 POP TABS TO UPGRADE TERRITORY #20 TO LEVEL 3 | PLAYER TOTAL POP TABS: 175000
[01:00:12:608913 --7:00] [Thread 12148] PLAYER ( 76561198016299112 ) R Moisturizers:4 (Scott) REMOTE PAID 20000 POP TABS TO UPGRADE TERRITORY #20 TO LEVEL 4 | PLAYER TOTAL POP TABS: 155000
[01:00:29:848244 --7:00] [Thread 12148] PLAYER ( 76561198016299112 ) R Moisturizers:4 (Scott) REMOTE PAID 25000 POP TABS TO UPGRADE TERRITORY #20 TO LEVEL 5 | PLAYER TOTAL POP TABS: 130000
[01:45:41:540365 --7:00] [Thread 11596] PLAYER ( 76561197994641119 ) R Moisturizers:1 (Zataralee) REMOTE PAID 45000 POP TABS TO UPGRADE TERRITORY #17 TO LEVEL 9 | PLAYER TOTAL POP TABS: 12499
[01:47:02:782283 --7:00] [Thread 11180] PLAYER ( 76561197990813594 ) R Raven Core:1 (Saber One) REMOTE STOLE A LEVEL 4 FLAG FROM TERRITORY #6
[01:51:43:178112 --7:00] [Thread 7232] PLAYER ( 76561197990813594 ) R Raven Core:1 (Saber One) REMOTE PAID 20000 POP TABS TO UPGRADE TERRITORY #13 TO LEVEL 4 | PLAYER TOTAL POP TABS: 0
[03:26:45:194017 --7:00] [Thread 2176] PLAYER ( 76561197974499499 ) R HunterZ:1 (Rog641) REMOTE PAID 5000 POP TABS TO PURCHASE A TERRITORY FLAG | PLAYER TOTAL POP TABS: 7302
[10:11:57:916101 --7:00] [Thread 6808] PLAYER ( 76561198091721238 ) R Moisturizers:1 (Alisha) REMOTE PAID 520 POP TABS TO PROTECT TERRITORY #18 | PLAYER TOTAL POP TABS: 3680
[10:14:05:129609 --7:00] [Thread 10444] PLAYER ( 76561198091721238 ) R Moisturizers:1 (Alisha) REMOTE PAID 5000 POP TABS TO PURCHASE A TERRITORY FLAG | PLAYER TOTAL POP TABS: 48680
[13:26:40:348811 --7:00] [Thread 10084] PLAYER ( 76561197974499499 ) R HunterZ:1 (Rog641) REMOTE PAID 5000 POP TABS TO PURCHASE A TERRITORY FLAG | PLAYER TOTAL POP TABS: 180
[13:41:05:081626 --7:00] [Thread 5776] PLAYER ( 76561198017085437 ) R Alpha 1-4:1 (Nutsnboltz) REMOTE PAID 5000 POP TABS TO PURCHASE A TERRITORY FLAG | PLAYER TOTAL POP TABS: 204773
[17:07:26:526377 --7:00] [Thread 12056] PLAYER ( 76561197974499499 ) R HunterZ:1 (Rog641) REMOTE PAID 10000 POP TABS TO UPGRADE TERRITORY #22 TO LEVEL 2 | PLAYER TOTAL POP TABS: 90180
[17:07:34:899049 --7:00] [Thread 12056] PLAYER ( 76561197974499499 ) R HunterZ:1 (Rog641) REMOTE PAID 15000 POP TABS TO UPGRADE TERRITORY #22 TO LEVEL 3 | PLAYER TOTAL POP TABS: 75180
[17:07:42:919867 --7:00] [Thread 12056] PLAYER ( 76561197974499499 ) R HunterZ:1 (Rog641) REMOTE PAID 20000 POP TABS TO UPGRADE TERRITORY #22 TO LEVEL 4 | PLAYER TOTAL POP TABS: 55180
[17:07:49:941821 --7:00] [Thread 12056] PLAYER ( 76561197974499499 ) R HunterZ:1 (Rog641) REMOTE PAID 25000 POP TABS TO UPGRADE TERRITORY #22 TO LEVEL 5 | PLAYER TOTAL POP TABS: 30180
[17:07:56:947694 --7:00] [Thread 12056] PLAYER ( 76561197974499499 ) R HunterZ:1 (Rog641) REMOTE PAID 30000 POP TABS TO UPGRADE TERRITORY #22 TO LEVEL 6 | PLAYER TOTAL POP TABS: 180
[17:08:53:165065 --7:00] [Thread 12056] PLAYER ( 76561197974499499 ) R HunterZ:1 (Rog641) REMOTE PAID 35000 POP TABS TO UPGRADE TERRITORY #22 TO LEVEL 7 | PLAYER TOTAL POP TABS: 65180
[17:09:00:325314 --7:00] [Thread 12056] PLAYER ( 76561197974499499 ) R HunterZ:1 (Rog641) REMOTE PAID 40000 POP TABS TO UPGRADE TERRITORY #22 TO LEVEL 8 | PLAYER TOTAL POP TABS: 25180
[17:09:16:649000 --7:00] [Thread 10100] PLAYER ( 76561197974499499 ) R HunterZ:1 (Rog641) REMOTE PAID 80 POP TABS TO PROTECT TERRITORY #22 | PLAYER TOTAL POP TABS: 25100
[17:58:13:066916 --7:00] [Thread 8440] PLAYER ( 76561197994641119 ) R Moisturizers:3 (Zataralee) REMOTE PAID 5000 POP TABS TO PURCHASE A TERRITORY FLAG | PLAYER TOTAL POP TABS: 206824
[18:05:36:357054 --7:00] [Thread 12056] PLAYER ( 76561197994641119 ) R Moisturizers:3 (Zataralee) REMOTE PAID 10000 POP TABS TO UPGRADE TERRITORY #23 TO LEVEL 2 | PLAYER TOTAL POP TABS: 196824
[18:05:44:438428 --7:00] [Thread 12056] PLAYER ( 76561197994641119 ) R Moisturizers:3 (Zataralee) REMOTE PAID 15000 POP TABS TO UPGRADE TERRITORY #23 TO LEVEL 3 | PLAYER TOTAL POP TABS: 181824
[18:05:52:743473 --7:00] [Thread 12056] PLAYER ( 76561197994641119 ) R Moisturizers:3 (Zataralee) REMOTE PAID 20000 POP TABS TO UPGRADE TERRITORY #23 TO LEVEL 4 | PLAYER TOTAL POP TABS: 161824
[18:06:02:214562 --7:00] [Thread 12056] PLAYER ( 76561197994641119 ) R Moisturizers:3 (Zataralee) REMOTE PAID 25000 POP TABS TO UPGRADE TERRITORY #23 TO LEVEL 5 | PLAYER TOTAL POP TABS: 136824
[18:06:12:603501 --7:00] [Thread 12056] PLAYER ( 76561197994641119 ) R Moisturizers:3 (Zataralee) REMOTE PAID 30000 POP TABS TO UPGRADE TERRITORY #23 TO LEVEL 6 | PLAYER TOTAL POP TABS: 106824
[18:06:21:343550 --7:00] [Thread 12056] PLAYER ( 76561197994641119 ) R Moisturizers:3 (Zataralee) REMOTE PAID 35000 POP TABS TO UPGRADE TERRITORY #23 TO LEVEL 7 | PLAYER TOTAL POP TABS: 71824
[18:06:31:230285 --7:00] [Thread 12056] PLAYER ( 76561197994641119 ) R Moisturizers:3 (Zataralee) REMOTE PAID 40000 POP TABS TO UPGRADE TERRITORY #23 TO LEVEL 8 | PLAYER TOTAL POP TABS: 31824
