[17:11:03:220128 --7:00] [Thread 5916] Storm King commited suicide!
[17:11:40:776262 --7:00] [Thread 5916] Pyrogenesis commited suicide!
[17:27:38:435189 --7:00] [Thread 5072] Nutsnboltz commited suicide!
[17:33:34:966762 --7:00] [Thread 5072] Joe commited suicide!
[17:35:30:484279 --7:00] [Thread 5916] Storm King was team-killed by D4_Cador!
[17:39:54:124010 --7:00] [Thread 2884] Joe died. Yes, Joe is dead. Like really dead-dead.
[17:42:15:990162 --7:00] [Thread 5992] Scott was killed by an NPC!
[18:01:07:234642 --7:00] [Thread 5092] D4_Cador was killed by an NPC!
[18:16:32:868642 --7:00] [Thread 2884] Scott commited suicide!
[18:21:32:206210 --7:00] [Thread 5072] {BTK} EAST_TEX_SWAMPCAT commited suicide!
[18:42:55:591430 --7:00] [Thread 5072] Joe was killed by an NPC!
[18:51:40:181752 --7:00] [Thread 5072] Joe died and nobody knows why.
[18:56:45:141331 --7:00] [Thread 5916] {BTK} EAST_TEX_SWAMPCAT was killed by an NPC!
[19:23:23:471879 --7:00] [Thread 5072] Joe was killed by an NPC!
[19:42:48:333452 --7:00] [Thread 2884] Zataralee commited suicide!
[19:42:48:427095 --7:00] [Thread 5092] Nutsnboltz died because that's why.
[20:08:44:736788 --7:00] [Thread 5092] Jason was killed by an NPC!
[20:11:52:731725 --7:00] [Thread 5916] Pyrogenesis was killed by an NPC!
[20:13:03:304684 --7:00] [Thread 5092] Nutsnboltz commited suicide!
[20:14:15:849618 --7:00] [Thread 2884] Joe commited suicide!
[20:23:57:470151 --7:00] [Thread 5072] Pyrogenesis was killed by an NPC!
[20:30:23:153861 --7:00] [Thread 5916] Pyrogenesis commited suicide!
[20:34:04:942384 --7:00] [Thread 2884] Jason was killed by an NPC!
[20:37:39:229085 --7:00] [Thread 5092] {BTK} EAST_TEX_SWAMPCAT was killed by an NPC!
[21:54:29:798295 --7:00] [Thread 5376] Scott commited suicide!
[22:19:44:879692 --7:00] [Thread 2192] FuckWit commited suicide!
[00:30:33:550217 --7:00] [Thread 2192] D4_Cador was killed by an NPC!
[00:36:08:251176 --7:00] [Thread 5376] D4_Cador commited suicide!
[00:40:26:252992 --7:00] [Thread 1704] Pyrogenesis was killed by an NPC!
[00:44:21:591687 --7:00] [Thread 4840] D4_Cador was killed by an NPC!
[00:51:47:987032 --7:00] [Thread 5376] Pyrogenesis was killed by an NPC!
[00:53:38:095914 --7:00] [Thread 4840] Pyrogenesis was killed by an NPC!
[00:53:49:668578 --7:00] [Thread 2192] Jason commited suicide!
[00:57:20:459182 --7:00] [Thread 1704] Joe died a mysterious death.
[00:57:34:469865 --7:00] [Thread 5376] D4_Cador was killed by an NPC!
[01:01:31:980546 --7:00] [Thread 3772] Pyrogenesis was killed by an NPC!
[01:08:45:457572 --7:00] [Thread 2192] D4_Cador was killed by an NPC!
[01:11:09:089272 --7:00] [Thread 2192] D4_Cador died an awkward death.
[01:11:09:318408 --7:00] [Thread 4840] Dizzy_B_Gaming commited suicide!
[01:29:21:057408 --7:00] [Thread 5008] Scott was killed by an NPC!
[01:59:38:137273 --7:00] [Thread 5916] Dizzy_B_Gaming commited suicide!
[02:49:56:066966 --7:00] [Thread 4204] Roma was killed by an NPC!
[03:14:39:409382 --7:00] [Thread 5664] Roma was killed by an NPC!
[03:18:50:081993 --7:00] [Thread 4204] Roma died an awkward death.
[05:02:05:807992 --7:00] [Thread 5916] sellig berton commited suicide!
[06:20:34:565140 --7:00] [Thread 3744] sellig berton was killed by Roma! (First Blood)
[06:31:27:868092 --7:00] [Thread 2332] sellig berton was killed by an NPC!
[06:36:07:532779 --7:00] [Thread 2332] Roma commited suicide!
[07:33:49:236897 --7:00] [Thread 5488] sellig berton commited suicide!
[07:51:47:016346 --7:00] [Thread 5768] ninieberton commited suicide!
[09:08:21:961484 --7:00] [Thread 3744] ninieberton was killed by an NPC!
[10:01:48:352051 --7:00] [Thread 288] Roma was killed by an NPC!
[10:14:28:126628 --7:00] [Thread 1636] Pyrogenesis was killed by Jason! (First Blood, Mad Passenger, 102m Range)
[10:30:11:557957 --7:00] [Thread 5336] ninieberton commited suicide!
[11:02:13:394338 --7:00] [Thread 5220] Jason commited suicide!
[11:06:59:803554 --7:00] [Thread 5364] Joe commited suicide!
[11:10:47:659625 --7:00] [Thread 1636] Joe commited suicide!
[11:25:39:647215 --7:00] [Thread 5336] Joe commited suicide!
[11:35:31:445317 --7:00] [Thread 5264] Dizzy_B_Gaming was killed by an NPC!
[11:35:52:074725 --7:00] [Thread 5364] Joe commited suicide!
[11:37:17:879489 --7:00] [Thread 288] Dizzy_B_Gaming commited suicide!
[12:12:52:749995 --7:00] [Thread 288] Dizzy_B_Gaming died. Yes, Dizzy_B_Gaming is dead. Like really dead-dead.
[12:31:33:152277 --7:00] [Thread 1636] Joe commited suicide!
[12:33:17:470773 --7:00] [Thread 5364] Pyrogenesis commited suicide!
[12:33:23:259902 --7:00] [Thread 5264] bishi was killed by an NPC!
[12:35:40:096200 --7:00] [Thread 5264] Pyrogenesis commited suicide!
[12:40:42:832835 --7:00] [Thread 288] bishi was killed by an NPC!
[12:49:13:196818 --7:00] [Thread 5264] Joe commited suicide!
[12:57:19:210189 --7:00] [Thread 1636] bishi was killed by an NPC!
[13:00:10:114942 --7:00] [Thread 5264] Joe died and nobody knows why.
[13:09:21:028789 --7:00] [Thread 288] bishi was killed by an NPC!
[14:40:06:402367 --7:00] [Thread 5528] Joe was killed by an NPC!
[14:50:21:648705 --7:00] [Thread 1464] Joe was killed by an NPC!
[15:15:47:967971 --7:00] [Thread 4988] {BTK} EAST_TEX_SWAMPCAT commited suicide!
[15:34:41:802444 --7:00] [Thread 5924] {BTK} EAST_TEX_SWAMPCAT was killed by an NPC!
[15:37:45:150705 --7:00] [Thread 1464] {BTK} EAST_TEX_SWAMPCAT commited suicide!
[15:43:54:929548 --7:00] [Thread 6016] Jason commited suicide!
[15:45:36:060794 --7:00] [Thread 4988] Jason commited suicide!
[16:12:41:789590 --7:00] [Thread 1464] {BTK} EAST_TEX_SWAMPCAT commited suicide!
[16:18:14:777137 --7:00] [Thread 4988] {BTK} EAST_TEX_SWAMPCAT was killed by an NPC!
[16:23:21:238762 --7:00] [Thread 1464] Joe was killed by an NPC!
[16:26:29:553749 --7:00] [Thread 6016] {BTK} EAST_TEX_SWAMPCAT commited suicide!
[16:27:51:290000 --7:00] [Thread 1464] Pyrogenesis was killed by an NPC!
[16:30:39:329487 --7:00] [Thread 6016] {BTK} EAST_TEX_SWAMPCAT was killed by an NPC!
[16:32:50:497947 --7:00] [Thread 3188] bishi was killed by an NPC!
[16:43:45:448322 --7:00] [Thread 4988] bishi commited suicide!
