extDB2: Version: 70
extDB2: https://github.com/Torndeco/extDB2
extDB2: Windows Version
Message: All development for extDB2 is done on a Linux Dedicated Server
Message: If you would like to Donate to extDB2 Development
Message: https://www.paypal.com/cgi-bin/webscr?cmd=_s-xclick&hosted_button_id=2SUEFTGABTAM2
Message: Also leave a message if there is any particular feature you would like to see added.
Message: Thanks for all the people that have donated.
Message: Torndeco: 20/02/15


extDB2: Found extdb-conf.ini
extDB2: Detected 8 Cores, Setting up 6 Worker Threads


[19:27:08:436049 --7:00] [Thread 8340] extDB2: Database Type: MySQL
[19:27:08:492465 --7:00] [Thread 8340] extDB2: Database Session Pool Started
[19:27:08:493914 --7:00] [Thread 8340] extDB2: SQL_CUSTOM_V2: Loading Template Filename: C:\Spokane_Survivalists\Game_Servers\Arma\@exileserver\extDB\sql_custom_v2\exile.ini
[19:27:08:494061 --7:00] [Thread 8340] extDB2: SQL_CUSTOM_V2: Version 12 Detected, Latest Version 12 Available
[19:27:08:550633 --7:00] [Thread 8340] extDB2: LOG: Error: Failed opening file C:\Spokane_Survivalists\Game_Servers\Arma\@exileserver\extDB\logs\2017\12\09\Exile_TradingLog.log for writing
[19:27:08:550668 --7:00] [Thread 8340] extDB2: Failed to Load Protocol: LOG
[19:27:08:605649 --7:00] [Thread 8340] extDB2: LOG: Error: Failed opening file C:\Spokane_Survivalists\Game_Servers\Arma\@exileserver\extDB\logs\2017\12\09\Exile_DeathLog.log for writing
[19:27:08:605683 --7:00] [Thread 8340] extDB2: Failed to Load Protocol: LOG
[19:27:08:660722 --7:00] [Thread 8340] extDB2: LOG: Error: Failed opening file C:\Spokane_Survivalists\Game_Servers\Arma\@exileserver\extDB\logs\2017\12\09\Exile_TerritoryLog.log for writing
[19:27:08:660757 --7:00] [Thread 8340] extDB2: Failed to Load Protocol: LOG
