[17:32:54:747854 --7:00] [Thread 10948] Duscck commited suicide!
[17:40:21:594212 --7:00] [Thread 6140] Duscck commited suicide!
[17:45:18:307866 --7:00] [Thread 10948] Duscck commited suicide!
[18:09:35:051320 --7:00] [Thread 2332] rog46 crashed to death!
[18:22:37:328810 --7:00] [Thread 6808] Saber One was killed by an NPC!
[18:35:20:989708 --7:00] [Thread 6808] Saber One was killed by an NPC!
[18:40:38:161223 --7:00] [Thread 6140] Saber One was killed by an NPC!
[18:51:39:998537 --7:00] [Thread 2332] rog46 was killed by an NPC!
[20:05:52:029985 --7:00] [Thread 4688] Saber One commited suicide!
[20:23:38:730735 --7:00] [Thread 8752] Saber One was killed by an NPC!
[20:38:25:701955 --7:00] [Thread 8752] Tony Nuestra commited suicide!
[21:05:12:304119 --7:00] [Thread 8524] Tony Nuestra was killed by an NPC!
[21:07:00:379260 --7:00] [Thread 11008] Tony Nuestra commited suicide!
[21:29:09:999618 --7:00] [Thread 8752] Saber One commited suicide!
[21:34:31:005558 --7:00] [Thread 8524] Mike Hawk was killed by an NPC!
[21:39:59:099694 --7:00] [Thread 11008] fruitcakes was killed by an NPC!
[21:44:24:166049 --7:00] [Thread 8524] CGH Rampage was killed by an NPC!
[21:48:23:029140 --7:00] [Thread 8752] fruitcakes was killed by an NPC!
[21:54:57:553721 --7:00] [Thread 11008] Mike Hawk was killed by an NPC!
[21:58:20:743200 --7:00] [Thread 11008] fruitcakes was killed by jgkreal! (First Blood)
[22:03:34:307994 --7:00] [Thread 10744] CGH Rampage was killed by an NPC!
[22:07:51:211468 --7:00] [Thread 11008] CGH Rampage commited suicide!
[22:12:23:056585 --7:00] [Thread 11008] Saber One was killed by an NPC!
[22:16:30:974597 --7:00] [Thread 7644] Mike Hawk was killed by an NPC!
[22:20:02:073779 --7:00] [Thread 8524] Saber One was killed by an NPC!
[22:24:34:050740 --7:00] [Thread 8524] jgkreal was killed by Zelphino Nuestra!
[22:27:53:261846 --7:00] [Thread 8752] Saber One was killed by an NPC!
[22:28:58:769957 --7:00] [Thread 7644] Tony Nuestra commited suicide!
[22:30:45:949876 --7:00] [Thread 11008] Tony Nuestra commited suicide!
[22:45:01:859505 --7:00] [Thread 8524] fruitcakes was killed by an NPC!
[22:50:18:530882 --7:00] [Thread 7644] Saber One was killed by an NPC!
[22:55:34:243653 --7:00] [Thread 10744] Saber One was killed by an NPC!
[23:00:47:018962 --7:00] [Thread 8524] Joe commited suicide!
[23:02:19:573966 --7:00] [Thread 4688] fruitcakes commited suicide!
[23:02:50:550208 --7:00] [Thread 10744] DrunkinfoolGrim was killed by an NPC!
[23:06:19:819188 --7:00] [Thread 8752] DrunkinfoolGrim commited suicide!
[23:24:27:112451 --7:00] [Thread 10744] AkToker was killed by an NPC!
[01:10:55:144824 --7:00] [Thread 9468] Darkonmaze was killed by an NPC!
[01:11:32:715439 --7:00] [Thread 9840] Saber One died due to Arma bugs and is probably very salty right now.
[02:23:51:953763 --7:00] [Thread 10536] lee was killed by Darkonmaze! (First Blood, Big Bird, 404m Range)
[02:25:49:462279 --7:00] [Thread 11192] Codinski was killed by Darkonmaze! (2x Kill Streak, Big Bird, 296m Range)
[02:30:32:199650 --7:00] [Thread 9840] Darkonmaze commited suicide!
[02:31:31:095532 --7:00] [Thread 11192] DrunkinfoolGrim commited suicide!
[02:32:51:085068 --7:00] [Thread 11192] Codinski was killed by DrunkinfoolGrim!
[02:40:01:996859 --7:00] [Thread 11192] Darkonmaze was team-killed by DrunkinfoolGrim!
[02:59:51:392484 --7:00] [Thread 10536] lee was killed by an NPC!
[02:59:51:606600 --7:00] [Thread 9840] Codinski was killed by an NPC!
[03:26:50:527619 --7:00] [Thread 10536] Rog641 commited suicide!
[03:41:39:397602 --7:00] [Thread 9468] Rog641 commited suicide!
[03:51:44:490636 --7:00] [Thread 9316] Rog641 commited suicide!
[05:08:27:377471 --7:00] [Thread 10636] Rog641 was killed by an NPC!
[05:09:39:373944 --7:00] [Thread 9032] Rog641 commited suicide!
[05:50:12:457996 --7:00] [Thread 4688] Rog641 died because... Arma.
[06:01:09:428673 --7:00] [Thread 9032] Rog641 commited suicide!
[07:09:17:594487 --7:00] [Thread 11084] jgkreal was killed by an NPC!
[07:12:03:781683 --7:00] [Thread 9032] jgkreal was killed by an NPC!
[09:02:12:512483 --7:00] [Thread 9960] jgkreal was killed by an NPC!
[09:25:14:968213 --7:00] [Thread 2004] jgkreal was killed by an NPC!
[10:25:39:531734 --7:00] [Thread 7664] Jason was killed by an NPC!
[10:45:20:337965 --7:00] [Thread 2004] Rog641 was killed by an NPC!
[10:50:34:684673 --7:00] [Thread 8376] CPL. B.A.R. commited suicide!
[10:53:23:109709 --7:00] [Thread 2004] Carsten was killed by an NPC!
[10:58:01:801331 --7:00] [Thread 9960] Rog641 was killed by an NPC!
[11:31:12:533569 --7:00] [Thread 8808] Joe commited suicide!
[12:49:06:096261 --7:00] [Thread 9840] Jason commited suicide!
[13:12:04:416920 --7:00] [Thread 7896] Joe commited suicide!
[13:36:27:999444 --7:00] [Thread 7348] Rog641 was killed by an NPC!
[14:10:26:563959 --7:00] [Thread 10496] Jason commited suicide!
[14:16:38:023886 --7:00] [Thread 7348] Joe was killed by an NPC!
[14:30:58:296413 --7:00] [Thread 7896] Joe was killed by an NPC!
[14:54:00:469971 --7:00] [Thread 10408] Joe was killed by an NPC!
