[17:55:11:765786 --7:00] [Thread 4232] Lothaar commited suicide!
[18:10:37:560449 --7:00] [Thread 1664] Sneakery was killed by an NPC!
[19:06:41:219415 --7:00] [Thread 3540] Jason commited suicide!
[19:31:33:295057 --7:00] [Thread 3540] Mike Hawk was killed by an NPC!
[20:57:18:485372 --7:00] [Thread 4960] Scott was killed by an NPC!
[20:57:18:669139 --7:00] [Thread 3588] Alisha was killed by an NPC!
[21:04:47:402951 --7:00] [Thread 1028] Mike Hawk was killed by an NPC!
[21:05:53:667338 --7:00] [Thread 4960] Joe was killed by an NPC!
[21:18:31:049271 --7:00] [Thread 184] Scott was killed by an NPC!
[21:18:31:280934 --7:00] [Thread 4136] Alisha was killed by an NPC!
[21:21:47:227508 --7:00] [Thread 4960] Alisha commited suicide!
[05:54:34:438444 --7:00] [Thread 3344] sellig berton commited suicide!
[06:25:56:588209 --7:00] [Thread 3344] sellig berton was killed by an NPC!
[06:30:06:928461 --7:00] [Thread 2212] sellig berton died because sellig berton was very unlucky.
[06:35:21:363547 --7:00] [Thread 184] sellig berton was killed by an NPC!
[06:37:52:859265 --7:00] [Thread 3344] sellig berton was killed by an NPC!
[08:44:25:348851 --7:00] [Thread 1716] sellig berton commited suicide!
[11:14:21:882036 --7:00] [Thread 1676] vincent was killed by an NPC!
[11:28:40:708655 --7:00] [Thread 1716] sellig berton was killed by an NPC!
[11:51:58:008638 --7:00] [Thread 1676] vincent was killed by an NPC!
[11:58:00:628147 --7:00] [Thread 4868] vincent died because the universe hates him.
[11:59:26:649826 --7:00] [Thread 4868] sellig berton was killed by an NPC!
[14:28:28:324685 --7:00] [Thread 2660] vincent was killed by an NPC!
[14:35:31:426003 --7:00] [Thread 4516] vincent was killed by an NPC!
[14:41:47:400583 --7:00] [Thread 5100] vincent was killed by an NPC!
[15:22:56:309459 --7:00] [Thread 2660] vincent died because vincent was very unlucky.
