[18:28:58:091302 --7:00] [Thread 788] PLAYER: ( 76561198050175488 ) R Alpha 1-4:1 (Sneakery) REMOTE SOLD ITEM: Exile_Container_SupplyBox (ID# <null>) with Cargo ["Exile_Item_GloriousKnakworst","Exile_Item_GloriousKnakworst","Exile_Item_PlasticBottleFreshWater","Exile_Item_PlasticBottleFreshWater","Exile_Item_Beer","Exile_Item_Beer","Exile_Item_Beer","Exile_Item_Beer","Exile_Item_Beer","Exile_Item_BaseCameraKit","Exile_Item_InstaDoc","Exile_Item_Matches","Exile_Item_CookingPot","Exile_Item_MetalPole","Exile_Item_LightBulb","Exile_Item_FuelCanisterEmpty","Exile_Item_WoodPlank","Exile_Item_WoodPlank","Exile_Item_WoodPlank","Exile_Item_WoodPlank","Exile_Item_WoodPlank","Exile_Item_WoodPlank","Exile_Item_WoodPlank","Exile_Item_WoodFloorKit","Exile_Item_WoodWindowKit","Exile_Item_WoodDoorwayKit","Exile_Item_WoodFloorPortKit","Exile_Item_Codelock","Exile_Item_Cement","Exile_Item_Cement","Exile_Item_Cement","Exile_Item_Cement","Exile_Item_Cement","Exile_Item_Sand","Exile_Item_Sand","Exile_Item_Sand","Exile_Item_Sand","Exile_Item_Sand","Exile_Item_Sand","Exile_Item_Sand","Exile_Item_Sand","Exile_Item_MetalWire","Exile_Item_MetalWire","Exile_Item_Shovel","Exile_Item_MetalScrews","Exile_Melee_Axe"] FOR 8778 POPTABS AND 877.8 RESPECT | PLAYER TOTAL MONEY: 8778
[18:30:40:034671 --7:00] [Thread 2004] PLAYER: ( 76561198050175488 ) R Alpha 1-4:1 (Sneakery) REMOTE PURCHASED ITEM Exile_Item_CanOpener FOR 80 POPTABS | PLAYER TOTAL MONEY: 8698
[18:31:27:214552 --7:00] [Thread 3540] PLAYER: ( 76561198050175488 ) R Alpha 1-4:1 (Sneakery) REMOTE PURCHASED ITEM Exile_Item_CodeLock FOR 5000 POPTABS | PLAYER TOTAL MONEY: 3698
[18:32:36:251455 --7:00] [Thread 788] PLAYER: ( 76561198050175488 ) R Alpha 1-4:1 (Sneakery) REMOTE SOLD ITEM Exile_Item_InstaDoc FOR 625 POPTABS AND 62.5 RESPECT | PLAYER TOTAL MONEY: 4323
[18:33:55:586916 --7:00] [Thread 2004] PLAYER: ( 76561198050175488 ) R Alpha 1-4:1 (Sneakery) REMOTE SOLD ITEM arifle_SPAR_01_khk_F FOR 200 POPTABS AND 20 RESPECT | PLAYER TOTAL MONEY: 4523
[18:33:58:626224 --7:00] [Thread 788] PLAYER: ( 76561198050175488 ) R Alpha 1-4:1 (Sneakery) REMOTE SOLD ITEM 30Rnd_556x45_Stanag FOR 10 POPTABS AND 1 RESPECT | PLAYER TOTAL MONEY: 4533
[18:34:00:007404 --7:00] [Thread 2004] PLAYER: ( 76561198050175488 ) R Alpha 1-4:1 (Sneakery) REMOTE SOLD ITEM 30Rnd_556x45_Stanag FOR 10 POPTABS AND 1 RESPECT | PLAYER TOTAL MONEY: 4543
[18:34:05:597453 --7:00] [Thread 3540] PLAYER: ( 76561198050175488 ) R Alpha 1-4:1 (Sneakery) REMOTE SOLD ITEM 30Rnd_556x45_Stanag FOR 10 POPTABS AND 1 RESPECT | PLAYER TOTAL MONEY: 4553
[18:34:06:405997 --7:00] [Thread 2004] PLAYER: ( 76561198050175488 ) R Alpha 1-4:1 (Sneakery) REMOTE SOLD ITEM 30Rnd_556x45_Stanag FOR 10 POPTABS AND 1 RESPECT | PLAYER TOTAL MONEY: 4563
[18:34:07:372635 --7:00] [Thread 788] PLAYER: ( 76561198050175488 ) R Alpha 1-4:1 (Sneakery) REMOTE SOLD ITEM 30Rnd_556x45_Stanag FOR 10 POPTABS AND 1 RESPECT | PLAYER TOTAL MONEY: 4573
[18:34:08:864876 --7:00] [Thread 2004] PLAYER: ( 76561198050175488 ) R Alpha 1-4:1 (Sneakery) REMOTE SOLD ITEM Exile_Magazine_7Rnd_45ACP FOR 10 POPTABS AND 1 RESPECT | PLAYER TOTAL MONEY: 4583
[18:34:09:769493 --7:00] [Thread 788] PLAYER: ( 76561198050175488 ) R Alpha 1-4:1 (Sneakery) REMOTE SOLD ITEM Exile_Magazine_7Rnd_45ACP FOR 10 POPTABS AND 1 RESPECT | PLAYER TOTAL MONEY: 4593
[18:34:10:569002 --7:00] [Thread 3540] PLAYER: ( 76561198050175488 ) R Alpha 1-4:1 (Sneakery) REMOTE SOLD ITEM Exile_Magazine_7Rnd_45ACP FOR 10 POPTABS AND 1 RESPECT | PLAYER TOTAL MONEY: 4603
[18:34:12:598327 --7:00] [Thread 2004] PLAYER: ( 76561198050175488 ) R Alpha 1-4:1 (Sneakery) REMOTE SOLD ITEM 6Rnd_45ACP_Cylinder FOR 4 POPTABS AND 0.4 RESPECT | PLAYER TOTAL MONEY: 4607
[18:49:54:345644 --7:00] [Thread 2004] PLAYER: ( 76561198050175488 ) R Alpha 1-4:1 (Sneakery) REMOTE SOLD ITEM: Exile_Container_SupplyBox (ID# <null>) with Cargo ["Exile_Item_GloriousKnakworst","Exile_Item_GloriousKnakworst","Exile_Item_PlasticBottleFreshWater","Exile_Item_PlasticBottleFreshWater","Exile_Item_Beer","Exile_Item_Beer","Exile_Item_Beer","Exile_Item_Beer","Exile_Item_Beer","Exile_Item_InstaDoc","Exile_Item_Matches","Exile_Item_CookingPot","Exile_Item_MetalPole","Exile_Item_LightBulb","Exile_Item_FuelCanisterEmpty","Exile_Item_WoodPlank","Exile_Item_WoodFloorKit","Exile_Item_WoodFloorPortKit","Exile_Item_Cement","Exile_Item_Cement","Exile_Item_Cement","Exile_Item_Cement","Exile_Item_Cement","Exile_Item_Cement","Exile_Item_Cement","Exile_Item_Cement","Exile_Item_Sand","Exile_Item_Sand","Exile_Item_Sand","Exile_Item_MetalWire","Exile_Item_MetalWire","Exile_Item_MetalWire","Exile_Item_WaterCanisterEmpty","Exile_Item_Shovel","Exile_Item_MetalScrews","Exile_Item_MetalScrews","Exile_Melee_Axe"] FOR 6578 POPTABS AND 657.8 RESPECT | PLAYER TOTAL MONEY: 11175
[18:58:21:087414 --7:00] [Thread 3540] PLAYER: ( 76561198050175488 ) R Alpha 1-4:1 (Sneakery) REMOTE SOLD ITEM: Exile_Container_SupplyBox (ID# <null>) with Cargo ["Exile_Item_GloriousKnakworst","Exile_Item_GloriousKnakworst","Exile_Item_PlasticBottleFreshWater","Exile_Item_PlasticBottleFreshWater","Exile_Item_Beer","Exile_Item_Beer","Exile_Item_Beer","Exile_Item_Beer","Exile_Item_Beer","Exile_Item_Beer","Exile_Item_BaseCameraKit","Exile_Item_BaseCameraKit","Exile_Item_InstaDoc","Exile_Item_InstaDoc","Exile_Item_Matches","Exile_Item_CookingPot","Exile_Item_MetalPole","Exile_Item_LightBulb","Exile_Item_Cement","Exile_Item_Cement","Exile_Item_Cement","Exile_Item_Cement","Exile_Item_Cement","Exile_Item_Cement","Exile_Item_Cement","Exile_Item_Cement","Exile_Item_Cement","Exile_Item_Cement","Exile_Item_Sand","Exile_Item_Sand","Exile_Item_Sand","Exile_Item_Sand","Exile_Item_Sand","Exile_Item_Sand","Exile_Item_MetalWire","Exile_Item_MetalWire","Exile_Item_MetalWire","Exile_Item_WaterCanisterEmpty","Exile_Item_WaterCanisterEmpty","Exile_Item_Shovel","Exile_Item_MetalScrews","Exile_Item_MetalScrews","Exile_Item_MetalScrews","Exile_Item_MetalScrews","Exile_Melee_Axe"] FOR 8903 POPTABS AND 890.3 RESPECT | PLAYER TOTAL MONEY: 20068
[19:02:43:284137 --7:00] [Thread 2004] PLAYER: ( 76561198050175488 ) R Alpha 1-4:1 (Sneakery) REMOTE PURCHASED ITEM EBM_Brickwall_door_Kit FOR 5000 POPTABS | PLAYER TOTAL MONEY: 245068
[19:02:46:269306 --7:00] [Thread 788] PLAYER: ( 76561198050175488 ) R Alpha 1-4:1 (Sneakery) REMOTE PURCHASED ITEM EBM_Brickwall_door_Kit FOR 5000 POPTABS | PLAYER TOTAL MONEY: 240068
[19:04:16:896202 --7:00] [Thread 2004] PLAYER: ( 76561198050175488 ) R Alpha 1-4:1 (Sneakery) REMOTE PURCHASED ITEM EBM_Brickwall_door_Kit FOR 5000 POPTABS | PLAYER TOTAL MONEY: 235068
[19:05:07:420598 --7:00] [Thread 788] PLAYER: ( 76561198050175488 ) R Alpha 1-4:1 (Sneakery) REMOTE PURCHASED ITEM EBM_Brickwall_Kit FOR 1000 POPTABS | PLAYER TOTAL MONEY: 234068
[19:05:08:394302 --7:00] [Thread 2004] PLAYER: ( 76561198050175488 ) R Alpha 1-4:1 (Sneakery) REMOTE PURCHASED ITEM EBM_Brickwall_Kit FOR 1000 POPTABS | PLAYER TOTAL MONEY: 233068
[19:05:09:348923 --7:00] [Thread 788] PLAYER: ( 76561198050175488 ) R Alpha 1-4:1 (Sneakery) REMOTE PURCHASED ITEM EBM_Brickwall_Kit FOR 1000 POPTABS | PLAYER TOTAL MONEY: 232068
[19:05:10:149480 --7:00] [Thread 2004] PLAYER: ( 76561198050175488 ) R Alpha 1-4:1 (Sneakery) REMOTE PURCHASED ITEM EBM_Brickwall_Kit FOR 1000 POPTABS | PLAYER TOTAL MONEY: 231068
[19:05:11:366284 --7:00] [Thread 788] PLAYER: ( 76561198050175488 ) R Alpha 1-4:1 (Sneakery) REMOTE PURCHASED ITEM EBM_Brickwall_Kit FOR 1000 POPTABS | PLAYER TOTAL MONEY: 230068
[19:07:18:040929 --7:00] [Thread 3540] PLAYER: ( 76561198050175488 ) R Alpha 1-4:1 (Sneakery) REMOTE PURCHASED ITEM Land_City_Gate_F_Kit FOR 20000 POPTABS | PLAYER TOTAL MONEY: 210068
[19:07:27:925259 --7:00] [Thread 4232] PLAYER: ( 76561198050175488 ) R Alpha 1-4:1 (Sneakery) REMOTE PURCHASED ITEM EBM_Brickwall_Kit FOR 1000 POPTABS | PLAYER TOTAL MONEY: 209068
[19:07:28:913871 --7:00] [Thread 3540] PLAYER: ( 76561198050175488 ) R Alpha 1-4:1 (Sneakery) REMOTE PURCHASED ITEM EBM_Brickwall_Kit FOR 1000 POPTABS | PLAYER TOTAL MONEY: 208068
[19:07:30:041789 --7:00] [Thread 4232] PLAYER: ( 76561198050175488 ) R Alpha 1-4:1 (Sneakery) REMOTE PURCHASED ITEM EBM_Brickwall_Kit FOR 1000 POPTABS | PLAYER TOTAL MONEY: 207068
[19:08:15:669370 --7:00] [Thread 3540] PLAYER: ( 76561198050175488 ) R Alpha 1-4:1 (Sneakery) REMOTE PURCHASED ITEM EBM_Brickwall_door_Kit FOR 5000 POPTABS | PLAYER TOTAL MONEY: 202068
[19:08:17:328524 --7:00] [Thread 4232] PLAYER: ( 76561198050175488 ) R Alpha 1-4:1 (Sneakery) REMOTE PURCHASED ITEM EBM_Brickwall_door_Kit FOR 5000 POPTABS | PLAYER TOTAL MONEY: 197068
[19:08:20:865956 --7:00] [Thread 3540] PLAYER: ( 76561198050175488 ) R Alpha 1-4:1 (Sneakery) REMOTE PURCHASED ITEM EBM_Brickwall_window_Kit FOR 3000 POPTABS | PLAYER TOTAL MONEY: 194068
[19:09:05:115862 --7:00] [Thread 4232] PLAYER: ( 76561198050175488 ) R Alpha 1-4:1 (Sneakery) REMOTE PURCHASED ITEM EBM_Brickwall_window_Kit FOR 3000 POPTABS | PLAYER TOTAL MONEY: 191068
[19:09:06:096391 --7:00] [Thread 3540] PLAYER: ( 76561198050175488 ) R Alpha 1-4:1 (Sneakery) REMOTE PURCHASED ITEM EBM_Brickwall_window_Kit FOR 3000 POPTABS | PLAYER TOTAL MONEY: 188068
[19:09:07:509329 --7:00] [Thread 4232] PLAYER: ( 76561198050175488 ) R Alpha 1-4:1 (Sneakery) REMOTE PURCHASED ITEM EBM_Brickwall_window_Kit FOR 3000 POPTABS | PLAYER TOTAL MONEY: 185068
[19:09:54:866352 --7:00] [Thread 4232] PLAYER: ( 76561198050175488 ) R Alpha 1-4:1 (Sneakery) REMOTE PURCHASED ITEM EBM_Brickwall_Kit FOR 1000 POPTABS | PLAYER TOTAL MONEY: 184068
[19:09:55:673941 --7:00] [Thread 3540] PLAYER: ( 76561198050175488 ) R Alpha 1-4:1 (Sneakery) REMOTE PURCHASED ITEM EBM_Brickwall_Kit FOR 1000 POPTABS | PLAYER TOTAL MONEY: 183068
[19:09:56:543544 --7:00] [Thread 4232] PLAYER: ( 76561198050175488 ) R Alpha 1-4:1 (Sneakery) REMOTE PURCHASED ITEM EBM_Brickwall_Kit FOR 1000 POPTABS | PLAYER TOTAL MONEY: 182068
[19:09:57:546161 --7:00] [Thread 3540] PLAYER: ( 76561198050175488 ) R Alpha 1-4:1 (Sneakery) REMOTE PURCHASED ITEM EBM_Brickwall_Kit FOR 1000 POPTABS | PLAYER TOTAL MONEY: 181068
[19:09:58:800271 --7:00] [Thread 4232] PLAYER: ( 76561198050175488 ) R Alpha 1-4:1 (Sneakery) REMOTE PURCHASED ITEM EBM_Brickwall_Kit FOR 1000 POPTABS | PLAYER TOTAL MONEY: 180068
[19:15:32:795452 --7:00] [Thread 2004] PLAYER: ( 76561198064338936 ) R Moisturizers:2 (Mike Hawk) REMOTE PURCHASED VEHICLE Exile_Boat_RubberDuck_CSAT FOR 500 POPTABS | PLAYER TOTAL MONEY: 86
[20:08:11:409488 --7:00] [Thread 4960] PLAYER: ( 76561198016299112 ) R Moisturizers:1 (Scott) REMOTE SOLD ITEM: I_Truck_02_medical_F (ID# <null>) with Cargo [] FOR 21500 POPTABS AND 2150 RESPECT | PLAYER TOTAL MONEY: 21500
[20:09:41:654424 --7:00] [Thread 1968] PLAYER: ( 76561197971543211 ) R 82nd ABN DIV:1 (Joe) REMOTE SOLD ITEM: Exile_Car_Ural_Covered_Worker (ID# 478) with Cargo ["B_Carryall_cbr","B_FieldPack_oucamo","B_Bergen_rgr","B_Bergen_tna_F","30Rnd_65x39_caseless_mag","30Rnd_65x39_caseless_mag","30Rnd_65x39_caseless_mag","30Rnd_65x39_caseless_mag","30Rnd_65x39_caseless_mag","Exile_Item_Vishpirin","Exile_Item_Heatpack","Exile_Item_ToiletPaper","30Rnd_762x39_Mag_F","30Rnd_65x39_caseless_mag","30Rnd_762x39_Mag_F","30Rnd_762x39_Mag_F","30Rnd_762x39_Mag_F","30Rnd_580x42_Mag_F","30Rnd_580x42_Mag_F","30Rnd_580x42_Mag_F","30Rnd_580x42_Mag_F","30Rnd_580x42_Mag_F","30Rnd_580x42_Mag_F","30Rnd_580x42_Mag_F","30Rnd_580x42_Mag_F","30Rnd_580x42_Mag_F","30Rnd_580x42_Mag_F","30Rnd_580x42_Mag_F","30Rnd_580x42_Mag_F","30Rnd_580x42_Mag_F","30Rnd_580x42_Mag_F","30Rnd_580x42_Mag_F","30Rnd_65x39_caseless_green","30Rnd_65x39_caseless_green","30Rnd_65x39_caseless_green","30Rnd_65x39_caseless_green","Exile_Magazine_30Rnd_545x39_AK","Exile_Magazine_30Rnd_545x39_AK","Exile_Magazine_30Rnd_545x39_AK","Exile_Magazine_30Rnd_545x39_AK","Exile_Magazine_30Rnd_545x39_AK","Exile_Magazine_30Rnd_545x39_AK","Exile_Magazine_30Rnd_545x39_AK","Exile_Magazine_30Rnd_545x39_AK","Exile_Magazine_30Rnd_545x39_AK","Exile_Magazine_30Rnd_545x39_AK","Exile_Magazine_30Rnd_545x39_AK","Exile_Item_Vishpirin","30Rnd_65x39_caseless_green","Exile_Item_Vishpirin","Exile_Item_Bandage","10Rnd_93x64_DMR_05_Mag","10Rnd_93x64_DMR_05_Mag","10Rnd_93x64_DMR_05_Mag","Exile_Item_Bandage","Exile_Item_Vishpirin","Exile_Item_Vishpirin","10Rnd_93x64_DMR_05_Mag","10Rnd_93x64_DMR_05_Mag","Exile_Item_BBQSandwich","Exile_Item_EnergyDrink","Exile_Magazine_30Rnd_545x39_AK","Exile_Magazine_30Rnd_545x39_AK","Exile_Magazine_30Rnd_545x39_AK","Exile_Magazine_30Rnd_545x39_AK","Exile_Magazine_30Rnd_545x39_AK","Exile_Magazine_30Rnd_545x39_AK","Exile_Item_Bandage","Exile_Item_PowerDrink","Exile_Item_InstaDoc","Exile_Item_Bandage","Exile_Item_CanOpener","Exile_Item_CanOpener","Exile_Item_EMRE","Exile_Item_InstaDoc","Exile_Item_Surstromming_Cooked","Exile_Item_PlasticBottleFreshWater","Exile_Item_PlasticBottleFreshWater","Exile_Item_Bandage","Exile_Item_InstaDoc","Exile_Item_PowerDrink","Exile_Item_PowerDrink","Exile_Item_CatFood_Cooked","Exile_Item_PlasticBottleFreshWater","Exile_Item_InstaDoc","Exile_Item_InstaDoc","16Rnd_9x21_Mag","Exile_Item_CookingPot","Exile_Item_Matches","20Rnd_650x39_Cased_Mag_F","20Rnd_650x39_Cased_Mag_F","20Rnd_650x39_Cased_Mag_F","9Rnd_45ACP_Mag","9Rnd_45ACP_Mag","Exile_Item_InstaDoc","30Rnd_762x39_Mag_F","Exile_Magazine_Swing","Exile_Magazine_30Rnd_545x39_AK","9Rnd_45ACP_Mag","arifle_AK12_F","Exile_Melee_Axe","Exile_Melee_Axe","arifle_CTAR_blk_F","arifle_Katiba_GL_F","Exile_Weapon_AK74_GL","arifle_MXM_F","Exile_Weapon_AK74_GL","hgun_ACPC2_F","Binocular","Exile_Item_XM8","Exile_Item_XM8","muzzle_snds_H","H_HelmetLeaderO_ocamo","H_HelmetSpecB_paint1","optic_DMS","V_PlateCarrier2_tna_F","U_B_FullGhillie_ard","V_TacVest_blk_POLICE"] FOR 28043 POPTABS AND 2804.3 RESPECT | PLAYER TOTAL MONEY: 28243
[20:13:46:193069 --7:00] [Thread 3588] PLAYER: ( 76561198016299112 ) R Moisturizers:1 (Scott) REMOTE SOLD ITEM: B_T_LSV_01_armed_F (ID# <null>) with Cargo [] FOR 20000 POPTABS AND 2000 RESPECT | PLAYER TOTAL MONEY: 41500
[20:18:35:453536 --7:00] [Thread 1028] PLAYER: ( 76561198016299112 ) R Moisturizers:1 (Scott) REMOTE SOLD ITEM: B_T_Truck_01_covered_F (ID# <null>) with Cargo [] FOR 24000 POPTABS AND 2400 RESPECT | PLAYER TOTAL MONEY: 24000
[20:30:27:128264 --7:00] [Thread 1028] PLAYER: ( 76561197971543211 ) R 82nd ABN DIV:1 (Joe) REMOTE SOLD ITEM Exile_Item_Vishpirin FOR 150 POPTABS AND 15 RESPECT | PLAYER TOTAL MONEY: 28643
[20:30:41:602909 --7:00] [Thread 4960] PLAYER: ( 76561197971543211 ) R 82nd ABN DIV:1 (Joe) REMOTE SOLD ITEM 30Rnd_65x39_caseless_green FOR 10 POPTABS AND 1 RESPECT | PLAYER TOTAL MONEY: 28653
[20:30:44:663724 --7:00] [Thread 1028] PLAYER: ( 76561197971543211 ) R 82nd ABN DIV:1 (Joe) REMOTE SOLD ITEM 30Rnd_65x39_caseless_green FOR 10 POPTABS AND 1 RESPECT | PLAYER TOTAL MONEY: 28663
[20:30:45:757432 --7:00] [Thread 4960] PLAYER: ( 76561197971543211 ) R 82nd ABN DIV:1 (Joe) REMOTE SOLD ITEM 16Rnd_9x21_Mag FOR 10 POPTABS AND 1 RESPECT | PLAYER TOTAL MONEY: 28673
[20:30:49:672435 --7:00] [Thread 1028] PLAYER: ( 76561197971543211 ) R 82nd ABN DIV:1 (Joe) REMOTE SOLD ITEM 30Rnd_65x39_caseless_green FOR 10 POPTABS AND 1 RESPECT | PLAYER TOTAL MONEY: 28683
[20:30:50:767933 --7:00] [Thread 4960] PLAYER: ( 76561197971543211 ) R 82nd ABN DIV:1 (Joe) REMOTE SOLD ITEM 16Rnd_9x21_Mag FOR 10 POPTABS AND 1 RESPECT | PLAYER TOTAL MONEY: 28693
[20:30:55:494678 --7:00] [Thread 1028] PLAYER: ( 76561197971543211 ) R 82nd ABN DIV:1 (Joe) REMOTE SOLD ITEM arifle_ARX_hex_F FOR 450 POPTABS AND 45 RESPECT | PLAYER TOTAL MONEY: 29143
[20:30:56:840438 --7:00] [Thread 4960] PLAYER: ( 76561197971543211 ) R 82nd ABN DIV:1 (Joe) REMOTE SOLD ITEM hgun_P07_F FOR 25 POPTABS AND 2.5 RESPECT | PLAYER TOTAL MONEY: 29168
[20:30:58:069302 --7:00] [Thread 1028] PLAYER: ( 76561197971543211 ) R 82nd ABN DIV:1 (Joe) REMOTE SOLD ITEM H_Shemag_olive FOR 5 POPTABS AND 0.5 RESPECT | PLAYER TOTAL MONEY: 29173
[20:31:01:791213 --7:00] [Thread 4960] PLAYER: ( 76561197971543211 ) R 82nd ABN DIV:1 (Joe) REMOTE SOLD ITEM U_I_C_Soldier_Para_3_F FOR 15 POPTABS AND 1.5 RESPECT | PLAYER TOTAL MONEY: 29188
[20:31:02:866672 --7:00] [Thread 3588] PLAYER: ( 76561197971543211 ) R 82nd ABN DIV:1 (Joe) REMOTE SOLD ITEM V_BandollierB_oli FOR 10 POPTABS AND 1 RESPECT | PLAYER TOTAL MONEY: 29198
[20:32:22:108286 --7:00] [Thread 1028] PLAYER: ( 76561197971543211 ) R 82nd ABN DIV:1 (Joe) REMOTE PURCHASED ITEM U_O_T_Sniper_F FOR 100 POPTABS | PLAYER TOTAL MONEY: 29098
[20:33:27:630372 --7:00] [Thread 1028] PLAYER: ( 76561197971543211 ) R 82nd ABN DIV:1 (Joe) REMOTE SOLD ITEM Exile_Item_InstaDoc FOR 625 POPTABS AND 62.5 RESPECT | PLAYER TOTAL MONEY: 29723
[20:33:33:039248 --7:00] [Thread 3588] PLAYER: ( 76561197971543211 ) R 82nd ABN DIV:1 (Joe) REMOTE SOLD ITEM U_B_T_Soldier_SL_F FOR 20 POPTABS AND 2 RESPECT | PLAYER TOTAL MONEY: 29743
[20:35:36:352264 --7:00] [Thread 1028] PLAYER: ( 76561197971543211 ) R 82nd ABN DIV:1 (Joe) REMOTE PURCHASED ITEM Exile_Item_PlasticBottleFreshWater FOR 50 POPTABS | PLAYER TOTAL MONEY: 29693
[20:35:41:211069 --7:00] [Thread 3588] PLAYER: ( 76561197971543211 ) R 82nd ABN DIV:1 (Joe) REMOTE PURCHASED ITEM Exile_Item_EMRE FOR 54 POPTABS | PLAYER TOTAL MONEY: 29639
[20:37:44:069412 --7:00] [Thread 1028] PLAYER: ( 76561198016299112 ) R Moisturizers:1 (Scott) REMOTE PURCHASED ITEM Exile_Item_PowerDrink FOR 60 POPTABS | PLAYER TOTAL MONEY: 540
[20:37:44:999735 --7:00] [Thread 1028] PLAYER: ( 76561198016299112 ) R Moisturizers:1 (Scott) REMOTE PURCHASED ITEM Exile_Item_PowerDrink FOR 60 POPTABS | PLAYER TOTAL MONEY: 480
[20:37:59:349771 --7:00] [Thread 3588] PLAYER: ( 76561198091721238 ) R Moisturizers:2 (Alisha) REMOTE PURCHASED ITEM Exile_Item_DuctTape FOR 300 POPTABS | PLAYER TOTAL MONEY: 50
[20:38:13:914183 --7:00] [Thread 1028] PLAYER: ( 76561198064338936 ) R Moisturizers:4 (Mike Hawk) REMOTE PURCHASED ITEM B_ViperLightHarness_ghex_F FOR 200 POPTABS | PLAYER TOTAL MONEY: 4800
[20:38:21:058177 --7:00] [Thread 3588] PLAYER: ( 76561198064338936 ) R Moisturizers:4 (Mike Hawk) REMOTE PURCHASED ITEM V_PlateCarrierIAGL_dgtl FOR 400 POPTABS | PLAYER TOTAL MONEY: 4400
[20:38:36:858959 --7:00] [Thread 4960] PLAYER: ( 76561198064338936 ) R Moisturizers:4 (Mike Hawk) REMOTE SOLD ITEM Exile_Uniform_BambiOverall FOR 1 POPTABS AND 0.1 RESPECT | PLAYER TOTAL MONEY: 4401
[20:38:47:966822 --7:00] [Thread 3588] PLAYER: ( 76561198064338936 ) R Moisturizers:4 (Mike Hawk) REMOTE PURCHASED ITEM Exile_Uniform_Woodland FOR 150 POPTABS | PLAYER TOTAL MONEY: 4251
[20:38:50:854621 --7:00] [Thread 1028] PLAYER: ( 76561198064338936 ) R Moisturizers:4 (Mike Hawk) REMOTE SOLD ITEM Exile_Melee_Axe FOR 50 POPTABS AND 5 RESPECT | PLAYER TOTAL MONEY: 4301
[20:38:57:223024 --7:00] [Thread 3588] PLAYER: ( 76561198064338936 ) R Moisturizers:4 (Mike Hawk) REMOTE PURCHASED ITEM Exile_Item_InstaDoc FOR 1250 POPTABS | PLAYER TOTAL MONEY: 3051
[20:39:26:122904 --7:00] [Thread 1028] PLAYER: ( 76561198064338936 ) R Moisturizers:4 (Mike Hawk) REMOTE PURCHASED ITEM arifle_AK12_GL_F FOR 700 POPTABS | PLAYER TOTAL MONEY: 2351
[20:39:42:650251 --7:00] [Thread 3588] PLAYER: ( 76561198064338936 ) R Moisturizers:4 (Mike Hawk) REMOTE PURCHASED ITEM optic_DMS FOR 150 POPTABS | PLAYER TOTAL MONEY: 2201
[20:39:50:010306 --7:00] [Thread 1968] PLAYER: ( 76561198091721238 ) R Moisturizers:2 (Alisha) REMOTE SOLD ITEM: O_Heli_Transport_04_F (ID# 441) with Cargo ["Exile_Item_JunkMetal","Exile_Item_JunkMetal","Exile_Item_Pliers","Exile_Item_Grinder","Exile_Item_MetalScrews","Exile_Item_MetalScrews","Exile_Item_MetalScrews","Exile_Item_JunkMetal","Exile_Item_JunkMetal","Exile_Item_JunkMetal","EBM_Brickwall_Kit","EBM_Brickwall_Kit","EBM_Brickwall_stairs_Kit","EBM_Brickwall_stairs_Kit","EBM_Brickwall_stairs_Kit"] FOR 2200 POPTABS AND 220 RESPECT | PLAYER TOTAL MONEY: 2250
[20:39:52:393772 --7:00] [Thread 4960] PLAYER: ( 76561198064338936 ) R Moisturizers:4 (Mike Hawk) REMOTE PURCHASED ITEM 30Rnd_762x39_Mag_F FOR 25 POPTABS | PLAYER TOTAL MONEY: 2176
[20:39:53:008186 --7:00] [Thread 3588] PLAYER: ( 76561198064338936 ) R Moisturizers:4 (Mike Hawk) REMOTE PURCHASED ITEM 30Rnd_762x39_Mag_F FOR 25 POPTABS | PLAYER TOTAL MONEY: 2151
[20:39:53:645822 --7:00] [Thread 4960] PLAYER: ( 76561198064338936 ) R Moisturizers:4 (Mike Hawk) REMOTE PURCHASED ITEM 30Rnd_762x39_Mag_F FOR 25 POPTABS | PLAYER TOTAL MONEY: 2126
[20:39:54:304225 --7:00] [Thread 3588] PLAYER: ( 76561198064338936 ) R Moisturizers:4 (Mike Hawk) REMOTE PURCHASED ITEM 30Rnd_762x39_Mag_F FOR 25 POPTABS | PLAYER TOTAL MONEY: 2101
[20:39:54:876647 --7:00] [Thread 4960] PLAYER: ( 76561198064338936 ) R Moisturizers:4 (Mike Hawk) REMOTE PURCHASED ITEM 30Rnd_762x39_Mag_F FOR 25 POPTABS | PLAYER TOTAL MONEY: 2076
[20:39:55:423252 --7:00] [Thread 3588] PLAYER: ( 76561198064338936 ) R Moisturizers:4 (Mike Hawk) REMOTE PURCHASED ITEM 30Rnd_762x39_Mag_F FOR 25 POPTABS | PLAYER TOTAL MONEY: 2051
[20:41:16:051231 --7:00] [Thread 3588] PLAYER: ( 76561197963221112 ) R Moisturizers:3 (AkToker) REMOTE PURCHASED ITEM muzzle_snds_338_black FOR 50 POPTABS | PLAYER TOTAL MONEY: 950
[20:42:24:550781 --7:00] [Thread 4960] PLAYER: ( 76561198091721238 ) R Moisturizers:2 (Alisha) REMOTE PURCHASED ITEM Exile_Weapon_SVDCamo FOR 850 POPTABS | PLAYER TOTAL MONEY: 1400
[20:42:57:040563 --7:00] [Thread 4960] PLAYER: ( 76561198091721238 ) R Moisturizers:2 (Alisha) REMOTE SOLD ITEM Exile_Weapon_SVDCamo FOR 425 POPTABS AND 42.5 RESPECT | PLAYER TOTAL MONEY: 1825
[20:43:05:605733 --7:00] [Thread 4960] PLAYER: ( 76561198091721238 ) R Moisturizers:2 (Alisha) REMOTE PURCHASED ITEM srifle_DMR_05_blk_F FOR 850 POPTABS | PLAYER TOTAL MONEY: 975
[20:43:51:937705 --7:00] [Thread 3588] PLAYER: ( 76561198091721238 ) R Moisturizers:2 (Alisha) REMOTE PURCHASED ITEM optic_Hamr FOR 200 POPTABS | PLAYER TOTAL MONEY: 775
[20:44:03:428877 --7:00] [Thread 4960] PLAYER: ( 76561198091721238 ) R Moisturizers:2 (Alisha) REMOTE PURCHASED ITEM muzzle_snds_93mmg FOR 50 POPTABS | PLAYER TOTAL MONEY: 725
[20:44:21:710943 --7:00] [Thread 3588] PLAYER: ( 76561198091721238 ) R Moisturizers:2 (Alisha) REMOTE PURCHASED ITEM bipod_01_F_blk FOR 10 POPTABS | PLAYER TOTAL MONEY: 715
[20:44:58:959762 --7:00] [Thread 4960] PLAYER: ( 76561198091721238 ) R Moisturizers:2 (Alisha) REMOTE PURCHASED ITEM 10Rnd_93x64_DMR_05_Mag FOR 40 POPTABS | PLAYER TOTAL MONEY: 675
[20:45:00:415749 --7:00] [Thread 3588] PLAYER: ( 76561198091721238 ) R Moisturizers:2 (Alisha) REMOTE PURCHASED ITEM 10Rnd_93x64_DMR_05_Mag FOR 40 POPTABS | PLAYER TOTAL MONEY: 635
[20:54:07:611901 --7:00] [Thread 4960] PLAYER: ( 76561197963221112 ) R Moisturizers:3 (AkToker) REMOTE SOLD ITEM: Exile_Car_LandRover_Urban (ID# <null>) with Cargo [] FOR 5500 POPTABS AND 550 RESPECT | PLAYER TOTAL MONEY: 6450
[21:04:10:071016 --7:00] [Thread 184] PLAYER: ( 76561198016299112 ) R Moisturizers:5 (Scott) REMOTE SOLD ITEM 100Rnd_580x42_Mag_F FOR 7 POPTABS AND 0.7 RESPECT | PLAYER TOTAL MONEY: 5201
[21:04:14:685252 --7:00] [Thread 4960] PLAYER: ( 76561198016299112 ) R Moisturizers:5 (Scott) REMOTE SOLD ITEM Exile_Item_PlasticBottleEmpty FOR 2 POPTABS AND 0.2 RESPECT | PLAYER TOTAL MONEY: 5203
[21:04:15:489601 --7:00] [Thread 1028] PLAYER: ( 76561198016299112 ) R Moisturizers:5 (Scott) REMOTE SOLD ITEM SmokeShellOrange FOR 3 POPTABS AND 0.3 RESPECT | PLAYER TOTAL MONEY: 5206
[21:04:29:295973 --7:00] [Thread 4960] PLAYER: ( 76561198016299112 ) R Moisturizers:5 (Scott) REMOTE PURCHASED ITEM B_Bergen_tna_F FOR 400 POPTABS | PLAYER TOTAL MONEY: 4806
[21:04:36:548971 --7:00] [Thread 184] PLAYER: ( 76561198016299112 ) R Moisturizers:5 (Scott) REMOTE SOLD ITEM U_O_FullGhillie_ard FOR 75 POPTABS AND 7.5 RESPECT | PLAYER TOTAL MONEY: 4881
[21:05:13:508224 --7:00] [Thread 4960] PLAYER: ( 76561198016299112 ) R Moisturizers:5 (Scott) REMOTE PURCHASED ITEM H_HelmetLeaderO_ocamo FOR 200 POPTABS | PLAYER TOTAL MONEY: 4681
[21:05:29:731046 --7:00] [Thread 1028] PLAYER: ( 76561198016299112 ) R Moisturizers:5 (Scott) REMOTE PURCHASED ITEM U_B_T_FullGhillie_tna_F FOR 150 POPTABS | PLAYER TOTAL MONEY: 4531
[21:05:38:249705 --7:00] [Thread 184] PLAYER: ( 76561198016299112 ) R Moisturizers:5 (Scott) REMOTE PURCHASED ITEM V_PlateCarrierIAGL_oli FOR 400 POPTABS | PLAYER TOTAL MONEY: 4131
[21:06:08:939345 --7:00] [Thread 1968] PLAYER: ( 76561198091721238 ) R Moisturizers:2 (Alisha) REMOTE PURCHASED ITEM Exile_Item_Defibrillator FOR 7500 POPTABS | PLAYER TOTAL MONEY: 2500
[21:06:24:946492 --7:00] [Thread 4136] PLAYER: ( 76561198016299112 ) R Moisturizers:5 (Scott) REMOTE PURCHASED ITEM srifle_DMR_05_blk_F FOR 850 POPTABS | PLAYER TOTAL MONEY: 11281
[21:06:26:689712 --7:00] [Thread 184] PLAYER: ( 76561198091721238 ) R Moisturizers:2 (Alisha) REMOTE SOLD ITEM srifle_DMR_03_woodland_F FOR 385 POPTABS AND 38.5 RESPECT | PLAYER TOTAL MONEY: 2885
[21:06:28:602837 --7:00] [Thread 1968] PLAYER: ( 76561198016299112 ) R Moisturizers:5 (Scott) REMOTE PURCHASED ITEM bipod_03_F_blk FOR 10 POPTABS | PLAYER TOTAL MONEY: 11271
[21:06:29:751773 --7:00] [Thread 4136] PLAYER: ( 76561198091721238 ) R Moisturizers:2 (Alisha) REMOTE SOLD ITEM hgun_Pistol_heavy_01_F FOR 44 POPTABS AND 4.4 RESPECT | PLAYER TOTAL MONEY: 2929
[21:06:32:254506 --7:00] [Thread 184] PLAYER: ( 76561198091721238 ) R Moisturizers:2 (Alisha) REMOTE SOLD ITEM Exile_Melee_Axe FOR 50 POPTABS AND 5 RESPECT | PLAYER TOTAL MONEY: 2979
[21:06:34:010625 --7:00] [Thread 1968] PLAYER: ( 76561198016299112 ) R Moisturizers:5 (Scott) REMOTE PURCHASED ITEM muzzle_snds_93mmg FOR 50 POPTABS | PLAYER TOTAL MONEY: 11221
[21:06:38:913751 --7:00] [Thread 184] PLAYER: ( 76561198016299112 ) R Moisturizers:5 (Scott) REMOTE PURCHASED ITEM optic_DMS FOR 150 POPTABS | PLAYER TOTAL MONEY: 11071
[21:06:40:721022 --7:00] [Thread 4136] PLAYER: ( 76561198091721238 ) R Moisturizers:2 (Alisha) REMOTE SOLD ITEM 20Rnd_762x51_Mag FOR 10 POPTABS AND 1 RESPECT | PLAYER TOTAL MONEY: 2989
[21:06:43:034169 --7:00] [Thread 184] PLAYER: ( 76561198016299112 ) R Moisturizers:5 (Scott) REMOTE PURCHASED ITEM Exile_Weapon_SA61 FOR 150 POPTABS | PLAYER TOTAL MONEY: 10921
[21:06:43:370289 --7:00] [Thread 1968] PLAYER: ( 76561198091721238 ) R Moisturizers:2 (Alisha) REMOTE SOLD ITEM FlareRed_F FOR 3 POPTABS AND 0.3 RESPECT | PLAYER TOTAL MONEY: 2992
[21:06:46:304119 --7:00] [Thread 4136] PLAYER: ( 76561198016299112 ) R Moisturizers:5 (Scott) REMOTE PURCHASED ITEM 10Rnd_93x64_DMR_05_Mag FOR 40 POPTABS | PLAYER TOTAL MONEY: 10881
[21:06:48:192976 --7:00] [Thread 184] PLAYER: ( 76561198091721238 ) R Moisturizers:2 (Alisha) REMOTE SOLD ITEM Exile_Item_Surstromming FOR 17 POPTABS AND 1.7 RESPECT | PLAYER TOTAL MONEY: 3009
[21:06:48:255683 --7:00] [Thread 4136] PLAYER: ( 76561198016299112 ) R Moisturizers:5 (Scott) REMOTE PURCHASED ITEM 10Rnd_93x64_DMR_05_Mag FOR 40 POPTABS | PLAYER TOTAL MONEY: 10841
[21:06:49:052287 --7:00] [Thread 1968] PLAYER: ( 76561198091721238 ) R Moisturizers:2 (Alisha) REMOTE SOLD ITEM Exile_Item_SausageGravy FOR 15 POPTABS AND 1.5 RESPECT | PLAYER TOTAL MONEY: 3024
[21:06:49:452494 --7:00] [Thread 4136] PLAYER: ( 76561198016299112 ) R Moisturizers:5 (Scott) REMOTE PURCHASED ITEM 10Rnd_93x64_DMR_05_Mag FOR 40 POPTABS | PLAYER TOTAL MONEY: 10801
[21:06:49:914879 --7:00] [Thread 184] PLAYER: ( 76561198091721238 ) R Moisturizers:2 (Alisha) REMOTE SOLD ITEM SmokeShellYellow FOR 3 POPTABS AND 0.3 RESPECT | PLAYER TOTAL MONEY: 3027
[21:06:50:587210 --7:00] [Thread 1968] PLAYER: ( 76561198016299112 ) R Moisturizers:5 (Scott) REMOTE PURCHASED ITEM 10Rnd_93x64_DMR_05_Mag FOR 40 POPTABS | PLAYER TOTAL MONEY: 10761
[21:06:51:657097 --7:00] [Thread 184] PLAYER: ( 76561198016299112 ) R Moisturizers:5 (Scott) REMOTE PURCHASED ITEM 10Rnd_93x64_DMR_05_Mag FOR 40 POPTABS | PLAYER TOTAL MONEY: 10721
[21:06:52:137391 --7:00] [Thread 4136] PLAYER: ( 76561198091721238 ) R Moisturizers:2 (Alisha) REMOTE SOLD ITEM Exile_Magazine_30Rnd_762x39_AK FOR 10 POPTABS AND 1 RESPECT | PLAYER TOTAL MONEY: 3037
[21:06:52:464472 --7:00] [Thread 4136] PLAYER: ( 76561198016299112 ) R Moisturizers:5 (Scott) REMOTE PURCHASED ITEM 10Rnd_93x64_DMR_05_Mag FOR 40 POPTABS | PLAYER TOTAL MONEY: 10681
[21:07:23:378338 --7:00] [Thread 1968] PLAYER: ( 76561198016299112 ) R Moisturizers:5 (Scott) REMOTE PURCHASED ITEM Exile_Magazine_20Rnd_765x17_SA61 FOR 20 POPTABS | PLAYER TOTAL MONEY: 10661
[21:07:24:627202 --7:00] [Thread 4136] PLAYER: ( 76561198016299112 ) R Moisturizers:5 (Scott) REMOTE PURCHASED ITEM Exile_Magazine_20Rnd_765x17_SA61 FOR 20 POPTABS | PLAYER TOTAL MONEY: 10641
[21:07:26:160129 --7:00] [Thread 1968] PLAYER: ( 76561198091721238 ) R Moisturizers:2 (Alisha) REMOTE PURCHASED ITEM srifle_DMR_05_blk_F FOR 850 POPTABS | PLAYER TOTAL MONEY: 2187
[21:07:31:792079 --7:00] [Thread 4136] PLAYER: ( 76561198091721238 ) R Moisturizers:2 (Alisha) REMOTE PURCHASED ITEM optic_Hamr FOR 200 POPTABS | PLAYER TOTAL MONEY: 1987
[21:07:46:478462 --7:00] [Thread 1968] PLAYER: ( 76561198091721238 ) R Moisturizers:2 (Alisha) REMOTE PURCHASED ITEM bipod_01_F_blk FOR 10 POPTABS | PLAYER TOTAL MONEY: 1977
[21:07:55:956895 --7:00] [Thread 1968] PLAYER: ( 76561198091721238 ) R Moisturizers:2 (Alisha) REMOTE PURCHASED ITEM 10Rnd_93x64_DMR_05_Mag FOR 40 POPTABS | PLAYER TOTAL MONEY: 1937
[21:08:07:949688 --7:00] [Thread 1968] PLAYER: ( 76561198016299112 ) R Moisturizers:5 (Scott) REMOTE PURCHASED ITEM Exile_Item_Defibrillator FOR 7500 POPTABS | PLAYER TOTAL MONEY: 3141
[21:08:10:345954 --7:00] [Thread 4136] PLAYER: ( 76561198016299112 ) R Moisturizers:5 (Scott) REMOTE PURCHASED ITEM Exile_Item_PowerDrink FOR 60 POPTABS | PLAYER TOTAL MONEY: 3081
[21:08:12:111264 --7:00] [Thread 1968] PLAYER: ( 76561198016299112 ) R Moisturizers:5 (Scott) REMOTE PURCHASED ITEM Exile_Item_EMRE FOR 54 POPTABS | PLAYER TOTAL MONEY: 3027
[21:08:21:638702 --7:00] [Thread 4136] PLAYER: ( 76561198091721238 ) R Moisturizers:2 (Alisha) REMOTE PURCHASED ITEM muzzle_snds_93mmg FOR 50 POPTABS | PLAYER TOTAL MONEY: 1887
[21:09:13:693946 --7:00] [Thread 4136] PLAYER: ( 76561198091721238 ) R Moisturizers:2 (Alisha) REMOTE PURCHASED ITEM Exile_Item_DuctTape FOR 300 POPTABS | PLAYER TOTAL MONEY: 1587
[21:09:39:049289 --7:00] [Thread 4136] PLAYER: ( 76561198016299112 ) R Moisturizers:5 (Scott) REMOTE PURCHASED ITEM Exile_Item_DuctTape FOR 300 POPTABS | PLAYER TOTAL MONEY: 600
[21:09:40:371357 --7:00] [Thread 1968] PLAYER: ( 76561198016299112 ) R Moisturizers:5 (Scott) REMOTE PURCHASED ITEM Exile_Item_DuctTape FOR 300 POPTABS | PLAYER TOTAL MONEY: 300
[21:09:41:736165 --7:00] [Thread 4136] PLAYER: ( 76561198016299112 ) R Moisturizers:5 (Scott) REMOTE PURCHASED ITEM Exile_Item_DuctTape FOR 300 POPTABS | PLAYER TOTAL MONEY: 0
[21:09:57:051542 --7:00] [Thread 184] PLAYER: ( 76561198091721238 ) R Moisturizers:2 (Alisha) REMOTE SOLD ITEM Exile_Weapon_AK47 FOR 250 POPTABS AND 25 RESPECT | PLAYER TOTAL MONEY: 1837
[21:09:59:805354 --7:00] [Thread 4136] PLAYER: ( 76561198091721238 ) R Moisturizers:2 (Alisha) REMOTE SOLD ITEM arifle_AKM_F FOR 200 POPTABS AND 20 RESPECT | PLAYER TOTAL MONEY: 2037
[21:10:01:843752 --7:00] [Thread 4136] PLAYER: ( 76561198091721238 ) R Moisturizers:2 (Alisha) REMOTE SOLD ITEM bipod_01_F_snd FOR 5 POPTABS AND 0.5 RESPECT | PLAYER TOTAL MONEY: 2042
[21:10:05:727382 --7:00] [Thread 184] PLAYER: ( 76561198091721238 ) R Moisturizers:2 (Alisha) REMOTE SOLD ITEM Exile_Magazine_30Rnd_762x39_AK FOR 10 POPTABS AND 1 RESPECT | PLAYER TOTAL MONEY: 2052
[21:10:07:363491 --7:00] [Thread 1968] PLAYER: ( 76561198091721238 ) R Moisturizers:2 (Alisha) REMOTE SOLD ITEM 30Rnd_762x39_Mag_F FOR 12 POPTABS AND 1.2 RESPECT | PLAYER TOTAL MONEY: 2064
[21:18:17:595350 --7:00] [Thread 4136] PLAYER: ( 76561198064338936 ) R Moisturizers:4 (Mike Hawk) REMOTE PURCHASED ITEM O_NVGoggles_ghex_F FOR 150 POPTABS | PLAYER TOTAL MONEY: 2756
[21:18:50:607824 --7:00] [Thread 4960] PLAYER: ( 76561198064338936 ) R Moisturizers:4 (Mike Hawk) REMOTE SOLD ITEM Exile_Item_InstaDoc FOR 625 POPTABS AND 62.5 RESPECT | PLAYER TOTAL MONEY: 3381
[21:18:52:277090 --7:00] [Thread 1028] PLAYER: ( 76561198064338936 ) R Moisturizers:4 (Mike Hawk) REMOTE SOLD ITEM Exile_Item_InstaDoc FOR 625 POPTABS AND 62.5 RESPECT | PLAYER TOTAL MONEY: 4006
[21:18:58:148850 --7:00] [Thread 4960] PLAYER: ( 76561198064338936 ) R Moisturizers:4 (Mike Hawk) REMOTE PURCHASED ITEM MiniGrenade FOR 30 POPTABS | PLAYER TOTAL MONEY: 3976
[21:18:59:283454 --7:00] [Thread 1028] PLAYER: ( 76561198064338936 ) R Moisturizers:4 (Mike Hawk) REMOTE PURCHASED ITEM MiniGrenade FOR 30 POPTABS | PLAYER TOTAL MONEY: 3946
[21:19:00:032961 --7:00] [Thread 4960] PLAYER: ( 76561198064338936 ) R Moisturizers:4 (Mike Hawk) REMOTE PURCHASED ITEM MiniGrenade FOR 30 POPTABS | PLAYER TOTAL MONEY: 3916
[21:19:03:950129 --7:00] [Thread 1028] PLAYER: ( 76561198064338936 ) R Moisturizers:4 (Mike Hawk) REMOTE PURCHASED ITEM MiniGrenade FOR 30 POPTABS | PLAYER TOTAL MONEY: 3886
[21:19:04:662584 --7:00] [Thread 4960] PLAYER: ( 76561198064338936 ) R Moisturizers:4 (Mike Hawk) REMOTE PURCHASED ITEM MiniGrenade FOR 30 POPTABS | PLAYER TOTAL MONEY: 3856
[21:19:05:550377 --7:00] [Thread 1028] PLAYER: ( 76561198064338936 ) R Moisturizers:4 (Mike Hawk) REMOTE PURCHASED ITEM MiniGrenade FOR 30 POPTABS | PLAYER TOTAL MONEY: 3826
[21:19:06:390924 --7:00] [Thread 4960] PLAYER: ( 76561198064338936 ) R Moisturizers:4 (Mike Hawk) REMOTE PURCHASED ITEM MiniGrenade FOR 30 POPTABS | PLAYER TOTAL MONEY: 3796
[21:19:07:323638 --7:00] [Thread 1028] PLAYER: ( 76561198064338936 ) R Moisturizers:4 (Mike Hawk) REMOTE PURCHASED ITEM MiniGrenade FOR 30 POPTABS | PLAYER TOTAL MONEY: 3766
[21:19:08:231167 --7:00] [Thread 1028] PLAYER: ( 76561198064338936 ) R Moisturizers:4 (Mike Hawk) REMOTE PURCHASED ITEM MiniGrenade FOR 30 POPTABS | PLAYER TOTAL MONEY: 3736
[21:19:09:074692 --7:00] [Thread 4960] PLAYER: ( 76561198064338936 ) R Moisturizers:4 (Mike Hawk) REMOTE PURCHASED ITEM MiniGrenade FOR 30 POPTABS | PLAYER TOTAL MONEY: 3706
[21:19:09:918381 --7:00] [Thread 1028] PLAYER: ( 76561198064338936 ) R Moisturizers:4 (Mike Hawk) REMOTE PURCHASED ITEM MiniGrenade FOR 30 POPTABS | PLAYER TOTAL MONEY: 3676
[21:19:10:785169 --7:00] [Thread 4960] PLAYER: ( 76561198064338936 ) R Moisturizers:4 (Mike Hawk) REMOTE PURCHASED ITEM MiniGrenade FOR 30 POPTABS | PLAYER TOTAL MONEY: 3646
[21:19:11:626517 --7:00] [Thread 1028] PLAYER: ( 76561198064338936 ) R Moisturizers:4 (Mike Hawk) REMOTE PURCHASED ITEM MiniGrenade FOR 30 POPTABS | PLAYER TOTAL MONEY: 3616
[21:19:12:425065 --7:00] [Thread 4960] PLAYER: ( 76561198064338936 ) R Moisturizers:4 (Mike Hawk) REMOTE PURCHASED ITEM MiniGrenade FOR 30 POPTABS | PLAYER TOTAL MONEY: 3586
[21:19:13:301662 --7:00] [Thread 1028] PLAYER: ( 76561198064338936 ) R Moisturizers:4 (Mike Hawk) REMOTE PURCHASED ITEM MiniGrenade FOR 30 POPTABS | PLAYER TOTAL MONEY: 3556
[21:19:17:888800 --7:00] [Thread 4960] PLAYER: ( 76561197963221112 ) R Moisturizers:3 (AkToker) REMOTE PURCHASED ITEM HandGrenade FOR 40 POPTABS | PLAYER TOTAL MONEY: 12589
[21:19:18:787430 --7:00] [Thread 1028] PLAYER: ( 76561197963221112 ) R Moisturizers:3 (AkToker) REMOTE PURCHASED ITEM HandGrenade FOR 40 POPTABS | PLAYER TOTAL MONEY: 12549
[21:19:19:661048 --7:00] [Thread 1968] PLAYER: ( 76561197963221112 ) R Moisturizers:3 (AkToker) REMOTE PURCHASED ITEM HandGrenade FOR 40 POPTABS | PLAYER TOTAL MONEY: 12509
[21:19:20:482801 --7:00] [Thread 1968] PLAYER: ( 76561197963221112 ) R Moisturizers:3 (AkToker) REMOTE PURCHASED ITEM HandGrenade FOR 40 POPTABS | PLAYER TOTAL MONEY: 12469
[21:19:20:992897 --7:00] [Thread 4960] PLAYER: ( 76561197963221112 ) R Moisturizers:3 (AkToker) REMOTE PURCHASED ITEM HandGrenade FOR 40 POPTABS | PLAYER TOTAL MONEY: 12429
[21:19:23:275237 --7:00] [Thread 1028] PLAYER: ( 76561197963221112 ) R Moisturizers:3 (AkToker) REMOTE PURCHASED ITEM HandGrenade FOR 40 POPTABS | PLAYER TOTAL MONEY: 12389
[21:45:36:883670 --7:00] [Thread 4136] PLAYER: ( 76561197971543211 ) R 82nd ABN DIV:1 (Joe) REMOTE SOLD ITEM: C_Van_01_fuel_white_v2_F (ID# <null>) with Cargo [] FOR 0 POPTABS AND 0 RESPECT | PLAYER TOTAL MONEY: 29689
[21:50:16:668356 --7:00] [Thread 4136] PLAYER: ( 76561197971543211 ) R 82nd ABN DIV:1 (Joe) REMOTE SOLD ITEM srifle_DMR_02_camo_F FOR 415 POPTABS AND 41.5 RESPECT | PLAYER TOTAL MONEY: 30104
[21:50:32:878290 --7:00] [Thread 4136] PLAYER: ( 76561197971543211 ) R 82nd ABN DIV:1 (Joe) REMOTE PURCHASED ITEM srifle_DMR_03_khaki_F FOR 750 POPTABS | PLAYER TOTAL MONEY: 29354
[21:52:04:413490 --7:00] [Thread 4960] PLAYER: ( 76561197971543211 ) R 82nd ABN DIV:1 (Joe) REMOTE SOLD ITEM: Exile_Car_UAZ_Green (ID# <null>) with Cargo ["B_OutdoorPack_blu","Exile_Item_PlasticBottleFreshWater","Exile_Item_EMRE","Exile_Item_EMRE","Exile_Item_EMRE","Exile_Item_EMRE","Exile_Item_PlasticBottleFreshWater","10Rnd_338_Mag","10Rnd_338_Mag","10Rnd_338_Mag","10Rnd_338_Mag","10Rnd_127x54_Mag","10Rnd_127x54_Mag","10Rnd_127x54_Mag","srifle_DMR_04_F","10Rnd_127x54_Mag","srifle_DMR_03_woodland_F","srifle_DMR_03_woodland_F","srifle_DMR_05_blk_F","10Rnd_93x64_DMR_05_Mag","ItemMap","ItemCompass","ItemWatch","ItemRadio","H_CrewHelmetHeli_B"] FOR 6423 POPTABS AND 642.3 RESPECT | PLAYER TOTAL MONEY: 35777
[21:52:30:962897 --7:00] [Thread 1968] PLAYER: ( 76561197971543211 ) R 82nd ABN DIV:1 (Joe) REMOTE PURCHASED ITEM muzzle_snds_B_khk_F FOR 50 POPTABS | PLAYER TOTAL MONEY: 35727
[21:52:42:234560 --7:00] [Thread 4136] PLAYER: ( 76561197971543211 ) R 82nd ABN DIV:1 (Joe) REMOTE PURCHASED ITEM acc_pointer_IR FOR 10 POPTABS | PLAYER TOTAL MONEY: 35717
[21:52:49:116550 --7:00] [Thread 1968] PLAYER: ( 76561197971543211 ) R 82nd ABN DIV:1 (Joe) REMOTE PURCHASED ITEM bipod_01_F_khk FOR 10 POPTABS | PLAYER TOTAL MONEY: 35707
[22:14:34:392837 --7:00] [Thread 1968] PLAYER: ( 76561197971543211 ) R 82nd ABN DIV:1 (Joe) REMOTE PURCHASED ITEM Exile_Item_PlasticBottleCoffee FOR 70 POPTABS | PLAYER TOTAL MONEY: 637
[22:14:36:542220 --7:00] [Thread 4136] PLAYER: ( 76561197971543211 ) R 82nd ABN DIV:1 (Joe) REMOTE PURCHASED ITEM Exile_Item_EMRE FOR 54 POPTABS | PLAYER TOTAL MONEY: 583
[00:51:15:874934 --7:00] [Thread 4176] PLAYER: ( 76561197990813594 ) R Raven Core:1 (Saber One) REMOTE SOLD ITEM Exile_Weapon_AK47 FOR 260 POPTABS AND 26 RESPECT | PLAYER TOTAL MONEY: 5260
[00:51:19:688939 --7:00] [Thread 5056] PLAYER: ( 76561197990813594 ) R Raven Core:1 (Saber One) REMOTE PURCHASED ITEM Exile_Weapon_M1014 FOR 200 POPTABS | PLAYER TOTAL MONEY: 5060
[00:51:25:593012 --7:00] [Thread 188] PLAYER: ( 76561197990813594 ) R Raven Core:1 (Saber One) REMOTE PURCHASED ITEM acc_flashlight FOR 4 POPTABS | PLAYER TOTAL MONEY: 5056
[00:51:33:826801 --7:00] [Thread 5056] PLAYER: ( 76561197990813594 ) R Raven Core:1 (Saber One) REMOTE PURCHASED ITEM optic_Holosight_blk_F FOR 50 POPTABS | PLAYER TOTAL MONEY: 5006
[06:49:57:939246 --7:00] [Thread 2212] PLAYER: ( 76561198329726178 ) R Alpha 1-3:1 (sellig berton) REMOTE SOLD ITEM: C_Van_01_fuel_white_v2_F (ID# <null>) with Cargo [] FOR 0 POPTABS AND 0 RESPECT | PLAYER TOTAL MONEY: 0
[07:05:30:047993 --7:00] [Thread 5020] PLAYER: ( 76561198329726178 ) R Alpha 1-3:1 (sellig berton) REMOTE PURCHASED ITEM B_ViperHarness_oli_F FOR 250 POPTABS | PLAYER TOTAL MONEY: 4750
[07:05:36:554644 --7:00] [Thread 184] PLAYER: ( 76561198329726178 ) R Alpha 1-3:1 (sellig berton) REMOTE PURCHASED ITEM V_PlateCarrierIAGL_oli FOR 400 POPTABS | PLAYER TOTAL MONEY: 4350
[07:05:53:117760 --7:00] [Thread 5020] PLAYER: ( 76561198329726178 ) R Alpha 1-3:1 (sellig berton) REMOTE PURCHASED ITEM U_O_T_Sniper_F FOR 100 POPTABS | PLAYER TOTAL MONEY: 4250
[07:05:59:267000 --7:00] [Thread 184] PLAYER: ( 76561198329726178 ) R Alpha 1-3:1 (sellig berton) REMOTE PURCHASED ITEM Exile_Item_Vishpirin FOR 300 POPTABS | PLAYER TOTAL MONEY: 3950
[07:06:37:472926 --7:00] [Thread 5020] PLAYER: ( 76561198329726178 ) R Alpha 1-3:1 (sellig berton) REMOTE PURCHASED ITEM Exile_Item_EMRE FOR 54 POPTABS | PLAYER TOTAL MONEY: 3896
[07:06:38:395595 --7:00] [Thread 184] PLAYER: ( 76561198329726178 ) R Alpha 1-3:1 (sellig berton) REMOTE PURCHASED ITEM Exile_Item_EMRE FOR 54 POPTABS | PLAYER TOTAL MONEY: 3842
[07:06:39:340539 --7:00] [Thread 5020] PLAYER: ( 76561198329726178 ) R Alpha 1-3:1 (sellig berton) REMOTE PURCHASED ITEM Exile_Item_EMRE FOR 54 POPTABS | PLAYER TOTAL MONEY: 3788
[07:06:41:017900 --7:00] [Thread 184] PLAYER: ( 76561198329726178 ) R Alpha 1-3:1 (sellig berton) REMOTE PURCHASED ITEM Exile_Item_PlasticBottleCoffee FOR 70 POPTABS | PLAYER TOTAL MONEY: 3718
[07:06:42:114666 --7:00] [Thread 5020] PLAYER: ( 76561198329726178 ) R Alpha 1-3:1 (sellig berton) REMOTE PURCHASED ITEM Exile_Item_PlasticBottleCoffee FOR 70 POPTABS | PLAYER TOTAL MONEY: 3648
[07:06:43:038379 --7:00] [Thread 184] PLAYER: ( 76561198329726178 ) R Alpha 1-3:1 (sellig berton) REMOTE PURCHASED ITEM Exile_Item_PlasticBottleCoffee FOR 70 POPTABS | PLAYER TOTAL MONEY: 3578
[07:07:32:210788 --7:00] [Thread 5020] PLAYER: ( 76561198329726178 ) R Alpha 1-3:1 (sellig berton) REMOTE PURCHASED ITEM Exile_Weapon_PKP FOR 350 POPTABS | PLAYER TOTAL MONEY: 3228
[07:07:40:521570 --7:00] [Thread 184] PLAYER: ( 76561198329726178 ) R Alpha 1-3:1 (sellig berton) REMOTE PURCHASED ITEM bipod_03_F_oli FOR 10 POPTABS | PLAYER TOTAL MONEY: 3218
[07:07:46:063918 --7:00] [Thread 5020] PLAYER: ( 76561198329726178 ) R Alpha 1-3:1 (sellig berton) REMOTE PURCHASED ITEM optic_SOS_khk_F FOR 200 POPTABS | PLAYER TOTAL MONEY: 3018
[07:07:47:786270 --7:00] [Thread 184] PLAYER: ( 76561198329726178 ) R Alpha 1-3:1 (sellig berton) REMOTE PURCHASED ITEM optic_DMS_ghex_F FOR 150 POPTABS | PLAYER TOTAL MONEY: 2868
[07:07:49:675762 --7:00] [Thread 5020] PLAYER: ( 76561198329726178 ) R Alpha 1-3:1 (sellig berton) REMOTE PURCHASED ITEM Exile_Magazine_100Rnd_762x54_PK_Green FOR 20 POPTABS | PLAYER TOTAL MONEY: 2848
[07:07:50:474281 --7:00] [Thread 184] PLAYER: ( 76561198329726178 ) R Alpha 1-3:1 (sellig berton) REMOTE PURCHASED ITEM Exile_Magazine_100Rnd_762x54_PK_Green FOR 20 POPTABS | PLAYER TOTAL MONEY: 2828
[07:07:52:347466 --7:00] [Thread 5020] PLAYER: ( 76561198329726178 ) R Alpha 1-3:1 (sellig berton) REMOTE PURCHASED ITEM Exile_Magazine_100Rnd_762x54_PK_Green FOR 20 POPTABS | PLAYER TOTAL MONEY: 2808
[07:07:54:048631 --7:00] [Thread 184] PLAYER: ( 76561198329726178 ) R Alpha 1-3:1 (sellig berton) REMOTE PURCHASED ITEM Exile_Magazine_100Rnd_762x54_PK_Green FOR 20 POPTABS | PLAYER TOTAL MONEY: 2788
[07:07:54:488569 --7:00] [Thread 5020] PLAYER: ( 76561198329726178 ) R Alpha 1-3:1 (sellig berton) REMOTE PURCHASED ITEM Exile_Magazine_100Rnd_762x54_PK_Green FOR 20 POPTABS | PLAYER TOTAL MONEY: 2768
[08:01:26:891564 --7:00] [Thread 3344] PLAYER: ( 76561198329726178 ) R Alpha 1-3:1 (sellig berton) REMOTE PURCHASED VEHICLE Exile_Boat_RHIB FOR 2000 POPTABS | PLAYER TOTAL MONEY: 11168
[08:19:59:358930 --7:00] [Thread 4868] PLAYER: ( 76561198329726178 ) R Alpha 1-3:1 (sellig berton) REMOTE PURCHASED ITEM U_I_Wetsuit FOR 80 POPTABS | PLAYER TOTAL MONEY: 11088
[08:20:01:465696 --7:00] [Thread 1716] PLAYER: ( 76561198329726178 ) R Alpha 1-3:1 (sellig berton) REMOTE PURCHASED ITEM V_RebreatherIA FOR 250 POPTABS | PLAYER TOTAL MONEY: 10838
[08:20:03:460002 --7:00] [Thread 4868] PLAYER: ( 76561198329726178 ) R Alpha 1-3:1 (sellig berton) REMOTE PURCHASED ITEM G_I_Diving FOR 6 POPTABS | PLAYER TOTAL MONEY: 10832
[08:28:56:799843 --7:00] [Thread 4016] PLAYER: ( 76561198329726178 ) R Alpha 1-3:1 (sellig berton) REMOTE SOLD ITEM: Exile_Container_SupplyBox (ID# <null>) with Cargo ["Exile_Magazine_30Rnd_762x39_AK","Exile_Magazine_6Rnd_45ACP","Exile_Magazine_6Rnd_45ACP","20Rnd_556x45_UW_mag","20Rnd_556x45_UW_mag","SatchelCharge_Remote_Mag","SatchelCharge_Remote_Mag","Exile_Item_Defibrillator","Exile_Item_Defibrillator","Exile_Item_Defibrillator","Exile_Item_Rope","Exile_Item_Rope","Exile_Item_Vishpirin","Exile_Item_DuctTape","Exile_Item_EMRE","Exile_Weapon_AKS_Gold","Exile_Weapon_AKS_Gold","Exile_Weapon_TaurusGold","Exile_Weapon_TaurusGold","arifle_SDAR_F","arifle_SDAR_F","V_RebreatherIA","G_Diving","G_Diving","NVGoggles_INDEP","NVGoggles_INDEP"] FOR 2978 POPTABS AND 297.8 RESPECT | PLAYER TOTAL MONEY: 17857
[09:37:45:231537 --7:00] [Thread 4868] PLAYER: ( 76561198329726178 ) R Alpha 1-3:1 (sellig berton) REMOTE SOLD ITEM: Exile_Container_SupplyBox (ID# <null>) with Cargo ["Exile_Magazine_30Rnd_762x39_AK","20Rnd_556x45_UW_mag","20Rnd_556x45_UW_mag","SatchelCharge_Remote_Mag","SatchelCharge_Remote_Mag","Exile_Item_Defibrillator","Exile_Item_Defibrillator","Exile_Item_Defibrillator","Exile_Item_Rope","Exile_Item_Rope","Exile_Item_DuctTape","Exile_Item_DuctTape","20Rnd_556x45_UW_mag","20Rnd_556x45_UW_mag","Exile_Item_Defibrillator","SatchelCharge_Remote_Mag","SatchelCharge_Remote_Mag","Exile_Magazine_6Rnd_45ACP","Exile_Magazine_6Rnd_45ACP","Exile_Magazine_30Rnd_762x39_AK","20Rnd_556x45_UW_mag","Exile_Item_Defibrillator","Exile_Item_Rope","Exile_Item_Rope","Exile_Item_DuctTape","SatchelCharge_Remote_Mag","SatchelCharge_Remote_Mag","SatchelCharge_Remote_Mag","SatchelCharge_Remote_Mag","Exile_Item_FortificationUpgrade","Exile_Item_FortificationUpgrade","Exile_Magazine_6Rnd_45ACP","Exile_Magazine_6Rnd_45ACP","Exile_Item_DuctTape","Exile_Magazine_30Rnd_762x39_AK","Exile_Magazine_30Rnd_762x39_AK","20Rnd_556x45_UW_mag","20Rnd_556x45_UW_mag","20Rnd_556x45_UW_mag","Exile_Item_Defibrillator","Exile_Item_Rope","Exile_Item_Rope","Exile_Item_DuctTape","Exile_Item_DuctTape","Exile_Item_SafeKit","Exile_Item_Vishpirin","Exile_Item_WoodDoorwayKit","Exile_Item_WoodDoorwayKit","SatchelCharge_Remote_Mag","Exile_Item_WoodDoorwayKit","Exile_Item_WoodSupportKit","Exile_Weapon_AKS_Gold","Exile_Weapon_TaurusGold","Exile_Weapon_TaurusGold","arifle_SDAR_F","Exile_Weapon_TaurusGold","Exile_Weapon_AKS_Gold","Exile_Weapon_AKS_Gold","hgun_Pistol_heavy_02_F","6Rnd_45ACP_Cylinder","Exile_Weapon_TaurusGold","Exile_Magazine_6Rnd_45ACP","Exile_Weapon_TaurusGold","Exile_Weapon_AKS_Gold","Exile_Weapon_AKS_Gold","arifle_SDAR_F","Exile_Weapon_TaurusGold","Exile_Weapon_TaurusGold","Exile_Magazine_6Rnd_45ACP","Exile_Weapon_AKS_Gold","V_RebreatherIR","V_RebreatherIR","V_RebreatherIR","G_I_Diving","G_I_Diving","G_I_Diving","NVGoggles","optic_SOS_khk_F","optic_DMS_ghex_F","V_RebreatherB","V_RebreatherB","V_RebreatherB","G_Diving","G_Diving"] FOR 22149 POPTABS AND 2214.9 RESPECT | PLAYER TOTAL MONEY: 51663
[09:37:58:587281 --7:00] [Thread 4868] PLAYER: ( 76561198329726178 ) R Alpha 1-3:1 (sellig berton) REMOTE SOLD ITEM: B_T_Truck_01_covered_F (ID# <null>) with Cargo ["Exile_Item_FortificationUpgrade","Exile_Item_WoodPlank","Exile_Item_CanOpener","Exile_Item_DuctTape","Exile_Item_DuctTape","Exile_Item_Bandage"] FOR 24390 POPTABS AND 2439 RESPECT | PLAYER TOTAL MONEY: 76053
[09:38:32:836975 --7:00] [Thread 1676] PLAYER: ( 76561198329726178 ) R Alpha 1-3:1 (sellig berton) REMOTE PURCHASED ITEM Exile_Item_EMRE FOR 54 POPTABS | PLAYER TOTAL MONEY: 75999
[09:38:33:680423 --7:00] [Thread 4016] PLAYER: ( 76561198329726178 ) R Alpha 1-3:1 (sellig berton) REMOTE PURCHASED ITEM Exile_Item_EMRE FOR 54 POPTABS | PLAYER TOTAL MONEY: 75945
[09:38:34:484642 --7:00] [Thread 1676] PLAYER: ( 76561198329726178 ) R Alpha 1-3:1 (sellig berton) REMOTE PURCHASED ITEM Exile_Item_EMRE FOR 54 POPTABS | PLAYER TOTAL MONEY: 75891
[09:38:35:244851 --7:00] [Thread 4016] PLAYER: ( 76561198329726178 ) R Alpha 1-3:1 (sellig berton) REMOTE PURCHASED ITEM Exile_Item_EMRE FOR 54 POPTABS | PLAYER TOTAL MONEY: 75837
[09:38:36:942723 --7:00] [Thread 1676] PLAYER: ( 76561198329726178 ) R Alpha 1-3:1 (sellig berton) REMOTE PURCHASED ITEM Exile_Item_PlasticBottleCoffee FOR 70 POPTABS | PLAYER TOTAL MONEY: 75767
[09:38:38:308394 --7:00] [Thread 4016] PLAYER: ( 76561198329726178 ) R Alpha 1-3:1 (sellig berton) REMOTE PURCHASED ITEM Exile_Item_PlasticBottleCoffee FOR 70 POPTABS | PLAYER TOTAL MONEY: 75697
[09:38:39:230554 --7:00] [Thread 1676] PLAYER: ( 76561198329726178 ) R Alpha 1-3:1 (sellig berton) REMOTE PURCHASED ITEM Exile_Item_PlasticBottleCoffee FOR 70 POPTABS | PLAYER TOTAL MONEY: 75627
[09:38:40:324002 --7:00] [Thread 4016] PLAYER: ( 76561198329726178 ) R Alpha 1-3:1 (sellig berton) REMOTE PURCHASED ITEM Exile_Item_PlasticBottleCoffee FOR 70 POPTABS | PLAYER TOTAL MONEY: 75557
[09:39:17:318751 --7:00] [Thread 1676] PLAYER: ( 76561198329726178 ) R Alpha 1-3:1 (sellig berton) REMOTE PURCHASED ITEM Exile_Magazine_100Rnd_762x54_PK_Green FOR 20 POPTABS | PLAYER TOTAL MONEY: 75537
[09:39:18:500608 --7:00] [Thread 4016] PLAYER: ( 76561198329726178 ) R Alpha 1-3:1 (sellig berton) REMOTE PURCHASED ITEM Exile_Magazine_100Rnd_762x54_PK_Green FOR 20 POPTABS | PLAYER TOTAL MONEY: 75517
[09:39:19:734866 --7:00] [Thread 1676] PLAYER: ( 76561198329726178 ) R Alpha 1-3:1 (sellig berton) REMOTE PURCHASED ITEM Exile_Magazine_100Rnd_762x54_PK_Green FOR 20 POPTABS | PLAYER TOTAL MONEY: 75497
[09:39:34:322257 --7:00] [Thread 4016] PLAYER: ( 76561198329726178 ) R Alpha 1-3:1 (sellig berton) REMOTE PURCHASED ITEM optic_KHS_old FOR 300 POPTABS | PLAYER TOTAL MONEY: 75197
[09:43:49:123373 --7:00] [Thread 4868] PLAYER: ( 76561198329726178 ) R Alpha 1-3:1 (sellig berton) REMOTE PURCHASED VEHICLE Exile_Bike_QuadBike_Blue FOR 300 POPTABS | PLAYER TOTAL MONEY: 74897
[10:03:27:077315 --7:00] [Thread 4868] PLAYER: ( 76561198342993363 ) R les vieux:1 (vincent) REMOTE SOLD ITEM Exile_Item_InstaDoc FOR 625 POPTABS AND 62.5 RESPECT | PLAYER TOTAL MONEY: 31637
[10:03:30:521105 --7:00] [Thread 1676] PLAYER: ( 76561198342993363 ) R les vieux:1 (vincent) REMOTE SOLD ITEM Exile_Item_InstaDoc FOR 625 POPTABS AND 62.5 RESPECT | PLAYER TOTAL MONEY: 32262
[10:03:31:361833 --7:00] [Thread 1676] PLAYER: ( 76561198342993363 ) R les vieux:1 (vincent) REMOTE SOLD ITEM Exile_Item_InstaDoc FOR 625 POPTABS AND 62.5 RESPECT | PLAYER TOTAL MONEY: 32887
[10:03:35:542048 --7:00] [Thread 1676] PLAYER: ( 76561198342993363 ) R les vieux:1 (vincent) REMOTE SOLD ITEM launch_RPG32_F FOR 2500 POPTABS AND 250 RESPECT | PLAYER TOTAL MONEY: 35387
[10:03:37:979947 --7:00] [Thread 1676] PLAYER: ( 76561198342993363 ) R les vieux:1 (vincent) REMOTE SOLD ITEM Exile_Item_InstaDoc FOR 625 POPTABS AND 62.5 RESPECT | PLAYER TOTAL MONEY: 36012
[10:03:56:002898 --7:00] [Thread 1676] PLAYER: ( 76561198342993363 ) R les vieux:1 (vincent) REMOTE SOLD ITEM Exile_Item_PlasticBottleEmpty FOR 2 POPTABS AND 0.2 RESPECT | PLAYER TOTAL MONEY: 36014
[10:03:58:187340 --7:00] [Thread 4016] PLAYER: ( 76561198342993363 ) R les vieux:1 (vincent) REMOTE SOLD ITEM Exile_Item_PlasticBottleEmpty FOR 2 POPTABS AND 0.2 RESPECT | PLAYER TOTAL MONEY: 36016
[10:03:59:028170 --7:00] [Thread 4016] PLAYER: ( 76561198342993363 ) R les vieux:1 (vincent) REMOTE SOLD ITEM Exile_Item_PlasticBottleEmpty FOR 2 POPTABS AND 0.2 RESPECT | PLAYER TOTAL MONEY: 36018
[10:04:09:987776 --7:00] [Thread 4868] PLAYER: ( 76561198342993363 ) R les vieux:1 (vincent) REMOTE SOLD ITEM Exile_Item_InstaDoc FOR 625 POPTABS AND 62.5 RESPECT | PLAYER TOTAL MONEY: 36643
[10:04:11:522815 --7:00] [Thread 4868] PLAYER: ( 76561198342993363 ) R les vieux:1 (vincent) REMOTE SOLD ITEM Exile_Item_InstaDoc FOR 625 POPTABS AND 62.5 RESPECT | PLAYER TOTAL MONEY: 37268
[10:04:14:655172 --7:00] [Thread 1676] PLAYER: ( 76561198342993363 ) R les vieux:1 (vincent) REMOTE SOLD ITEM Exile_Item_Vishpirin FOR 150 POPTABS AND 15 RESPECT | PLAYER TOTAL MONEY: 37418
[10:04:26:889833 --7:00] [Thread 4016] PLAYER: ( 76561198342993363 ) R les vieux:1 (vincent) REMOTE SOLD ITEM Exile_Item_InstaDoc FOR 625 POPTABS AND 62.5 RESPECT | PLAYER TOTAL MONEY: 38043
[10:04:27:732642 --7:00] [Thread 4868] PLAYER: ( 76561198342993363 ) R les vieux:1 (vincent) REMOTE SOLD ITEM Exile_Item_InstaDoc FOR 625 POPTABS AND 62.5 RESPECT | PLAYER TOTAL MONEY: 38668
[10:04:30:697154 --7:00] [Thread 1676] PLAYER: ( 76561198342993363 ) R les vieux:1 (vincent) REMOTE SOLD ITEM Exile_Item_Bandage FOR 50 POPTABS AND 5 RESPECT | PLAYER TOTAL MONEY: 38718
[10:04:37:288751 --7:00] [Thread 4868] PLAYER: ( 76561198342993363 ) R les vieux:1 (vincent) REMOTE SOLD ITEM Exile_Item_Vishpirin FOR 150 POPTABS AND 15 RESPECT | PLAYER TOTAL MONEY: 38868
[10:04:39:235842 --7:00] [Thread 1676] PLAYER: ( 76561198342993363 ) R les vieux:1 (vincent) REMOTE SOLD ITEM Exile_Item_InstaDoc FOR 625 POPTABS AND 62.5 RESPECT | PLAYER TOTAL MONEY: 39493
[10:04:43:799480 --7:00] [Thread 4868] PLAYER: ( 76561198342993363 ) R les vieux:1 (vincent) REMOTE SOLD ITEM Exile_Item_Vishpirin FOR 150 POPTABS AND 15 RESPECT | PLAYER TOTAL MONEY: 39643
[10:05:22:888054 --7:00] [Thread 4016] PLAYER: ( 76561198342993363 ) R les vieux:1 (vincent) REMOTE SOLD ITEM optic_SOS_khk_F FOR 100 POPTABS AND 10 RESPECT | PLAYER TOTAL MONEY: 39743
[10:05:28:483096 --7:00] [Thread 1676] PLAYER: ( 76561198342993363 ) R les vieux:1 (vincent) REMOTE SOLD ITEM optic_SOS FOR 100 POPTABS AND 10 RESPECT | PLAYER TOTAL MONEY: 39843
[10:05:37:478714 --7:00] [Thread 4016] PLAYER: ( 76561198342993363 ) R les vieux:1 (vincent) REMOTE PURCHASED ITEM optic_KHS_blk FOR 300 POPTABS | PLAYER TOTAL MONEY: 39543
[10:05:43:799570 --7:00] [Thread 1676] PLAYER: ( 76561198342993363 ) R les vieux:1 (vincent) REMOTE PURCHASED ITEM optic_NVS FOR 500 POPTABS | PLAYER TOTAL MONEY: 39043
[10:39:26:530366 --7:00] [Thread 1676] PLAYER: ( 76561198342993363 ) R les vieux:1 (vincent) REMOTE SOLD ITEM: Box_NATO_Wps_F (ID# <null>) with Cargo ["B_FieldPack_oucamo","B_Bergen_blk","150Rnd_93x64_Mag","150Rnd_93x64_Mag","150Rnd_93x64_Mag","150Rnd_93x64_Mag","150Rnd_93x64_Mag","150Rnd_93x64_Mag","150Rnd_93x64_Mag","150Rnd_93x64_Mag","150Rnd_93x64_Mag","150Rnd_93x64_Mag","150Rnd_93x64_Mag","150Rnd_93x64_Mag","150Rnd_93x64_Mag","150Rnd_93x64_Mag","150Rnd_93x64_Mag","150Rnd_93x64_Mag","150Rnd_93x64_Mag","150Rnd_93x64_Mag","150Rnd_93x64_Mag","150Rnd_762x54_Box","150Rnd_762x54_Box","150Rnd_762x54_Box","150Rnd_762x54_Box","150Rnd_762x54_Box","150Rnd_762x54_Box","150Rnd_762x54_Box","150Rnd_762x54_Box","150Rnd_762x54_Box","150Rnd_762x54_Box","150Rnd_762x54_Box","150Rnd_762x54_Box","130Rnd_338_Mag","130Rnd_338_Mag","130Rnd_338_Mag","130Rnd_338_Mag","130Rnd_338_Mag","130Rnd_338_Mag","130Rnd_338_Mag","130Rnd_338_Mag","130Rnd_338_Mag","130Rnd_338_Mag","130Rnd_338_Mag","130Rnd_338_Mag","130Rnd_338_Mag","30Rnd_65x39_caseless_green","30Rnd_65x39_caseless_green","30Rnd_65x39_caseless_green","30Rnd_65x39_caseless_green","30Rnd_65x39_caseless_green","30Rnd_65x39_caseless_green","30Rnd_65x39_caseless_green","30Rnd_65x39_caseless_green","30Rnd_65x39_caseless_green","30Rnd_65x39_caseless_green","30Rnd_65x39_caseless_green","30Rnd_65x39_caseless_green","30Rnd_65x39_caseless_green","30Rnd_65x39_caseless_green","30Rnd_65x39_caseless_green","20Rnd_762x51_Mag","20Rnd_762x51_Mag","20Rnd_762x51_Mag","20Rnd_762x51_Mag","20Rnd_762x51_Mag","20Rnd_762x51_Mag","20Rnd_762x51_Mag","20Rnd_762x51_Mag","20Rnd_762x51_Mag","20Rnd_762x51_Mag","20Rnd_762x51_Mag","20Rnd_762x51_Mag","20Rnd_762x51_Mag","20Rnd_762x51_Mag","20Rnd_762x51_Mag","20Rnd_762x51_Mag","20Rnd_762x51_Mag","16Rnd_9x21_Mag","16Rnd_9x21_Mag","100Rnd_65x39_caseless_mag","10Rnd_93x64_DMR_05_Mag","30Rnd_9x21_Red_Mag","10Rnd_93x64_DMR_05_Mag","MMG_01_hex_F","LMG_Zafir_F","MMG_02_black_F","arifle_ARX_ghex_F","arifle_SPAR_03_khk_F"] FOR 2980 POPTABS AND 298 RESPECT | PLAYER TOTAL MONEY: 13801
[10:40:26:703123 --7:00] [Thread 1716] PLAYER: ( 76561198342993363 ) R les vieux:1 (vincent) REMOTE SOLD ITEM: Exile_Container_SupplyBox (ID# 92) with Cargo ["CUP_launch_MAAWS","CUP_MAAWS_HEAT_M","CUP_launch_RPG18","CUP_RPG18_M"] FOR 5000 POPTABS AND 500 RESPECT | PLAYER TOTAL MONEY: 18801
[10:41:03:401915 --7:00] [Thread 1676] PLAYER: ( 76561198342993363 ) R les vieux:1 (vincent) REMOTE SOLD ITEM: Exile_Car_Ural_Covered_Military (ID# <null>) with Cargo ["Exile_Item_InstaDoc","Exile_Item_InstaDoc","Exile_Item_InstaDoc","Exile_Item_InstaDoc","Exile_Item_InstaDoc","Exile_Item_InstaDoc","Exile_Item_InstaDoc","Exile_Item_InstaDoc","Exile_Item_InstaDoc","Exile_Item_InstaDoc","Exile_Item_InstaDoc","Exile_Item_InstaDoc","Exile_Item_InstaDoc","Exile_Item_InstaDoc","Exile_Item_InstaDoc","Exile_Item_InstaDoc"] FOR 30000 POPTABS AND 3000 RESPECT | PLAYER TOTAL MONEY: 48801
[12:11:57:255420 --7:00] [Thread 4516] PLAYER: ( 76561198342993363 ) R les vieux:1 (vincent) REMOTE SOLD ITEM 5Rnd_127x108_APDS_Mag FOR 25 POPTABS AND 2.5 RESPECT | PLAYER TOTAL MONEY: 5025
[12:12:02:706905 --7:00] [Thread 2660] PLAYER: ( 76561198342993363 ) R les vieux:1 (vincent) REMOTE SOLD ITEM 5Rnd_127x108_APDS_Mag FOR 25 POPTABS AND 2.5 RESPECT | PLAYER TOTAL MONEY: 5050
[12:12:04:143550 --7:00] [Thread 4516] PLAYER: ( 76561198342993363 ) R les vieux:1 (vincent) REMOTE SOLD ITEM 5Rnd_127x108_APDS_Mag FOR 25 POPTABS AND 2.5 RESPECT | PLAYER TOTAL MONEY: 5075
[12:12:05:572674 --7:00] [Thread 2192] PLAYER: ( 76561198342993363 ) R les vieux:1 (vincent) REMOTE SOLD ITEM 5Rnd_127x108_APDS_Mag FOR 25 POPTABS AND 2.5 RESPECT | PLAYER TOTAL MONEY: 5100
[12:12:07:609196 --7:00] [Thread 4516] PLAYER: ( 76561198342993363 ) R les vieux:1 (vincent) REMOTE SOLD ITEM Exile_Melee_Axe FOR 50 POPTABS AND 5 RESPECT | PLAYER TOTAL MONEY: 5150
[12:12:09:698571 --7:00] [Thread 2660] PLAYER: ( 76561198342993363 ) R les vieux:1 (vincent) REMOTE SOLD ITEM srifle_GM6_F FOR 450 POPTABS AND 45 RESPECT | PLAYER TOTAL MONEY: 5600
[12:12:24:369862 --7:00] [Thread 4516] PLAYER: ( 76561198342993363 ) R les vieux:1 (vincent) REMOTE PURCHASED ITEM srifle_DMR_05_hex_F FOR 850 POPTABS | PLAYER TOTAL MONEY: 4750
[12:12:29:012028 --7:00] [Thread 2660] PLAYER: ( 76561198342993363 ) R les vieux:1 (vincent) REMOTE PURCHASED ITEM 10Rnd_93x64_DMR_05_Mag FOR 40 POPTABS | PLAYER TOTAL MONEY: 4710
[12:12:29:978040 --7:00] [Thread 4516] PLAYER: ( 76561198342993363 ) R les vieux:1 (vincent) REMOTE PURCHASED ITEM 10Rnd_93x64_DMR_05_Mag FOR 40 POPTABS | PLAYER TOTAL MONEY: 4670
[12:12:30:806310 --7:00] [Thread 2660] PLAYER: ( 76561198342993363 ) R les vieux:1 (vincent) REMOTE PURCHASED ITEM 10Rnd_93x64_DMR_05_Mag FOR 40 POPTABS | PLAYER TOTAL MONEY: 4630
[12:12:31:631865 --7:00] [Thread 4516] PLAYER: ( 76561198342993363 ) R les vieux:1 (vincent) REMOTE PURCHASED ITEM 10Rnd_93x64_DMR_05_Mag FOR 40 POPTABS | PLAYER TOTAL MONEY: 4590
[12:12:32:504439 --7:00] [Thread 2660] PLAYER: ( 76561198342993363 ) R les vieux:1 (vincent) REMOTE PURCHASED ITEM 10Rnd_93x64_DMR_05_Mag FOR 40 POPTABS | PLAYER TOTAL MONEY: 4550
[12:12:33:316155 --7:00] [Thread 4516] PLAYER: ( 76561198342993363 ) R les vieux:1 (vincent) REMOTE PURCHASED ITEM 10Rnd_93x64_DMR_05_Mag FOR 40 POPTABS | PLAYER TOTAL MONEY: 4510
[12:12:34:868731 --7:00] [Thread 2660] PLAYER: ( 76561198342993363 ) R les vieux:1 (vincent) REMOTE PURCHASED ITEM 10Rnd_93x64_DMR_05_Mag FOR 40 POPTABS | PLAYER TOTAL MONEY: 4470
[12:12:35:692423 --7:00] [Thread 4516] PLAYER: ( 76561198342993363 ) R les vieux:1 (vincent) REMOTE PURCHASED ITEM 10Rnd_93x64_DMR_05_Mag FOR 40 POPTABS | PLAYER TOTAL MONEY: 4430
[12:12:36:557974 --7:00] [Thread 2660] PLAYER: ( 76561198342993363 ) R les vieux:1 (vincent) REMOTE PURCHASED ITEM 10Rnd_93x64_DMR_05_Mag FOR 40 POPTABS | PLAYER TOTAL MONEY: 4390
[12:12:37:477135 --7:00] [Thread 4516] PLAYER: ( 76561198342993363 ) R les vieux:1 (vincent) REMOTE PURCHASED ITEM 10Rnd_93x64_DMR_05_Mag FOR 40 POPTABS | PLAYER TOTAL MONEY: 4350
[12:12:43:255315 --7:00] [Thread 2660] PLAYER: ( 76561198342993363 ) R les vieux:1 (vincent) REMOTE PURCHASED ITEM bipod_03_F_blk FOR 10 POPTABS | PLAYER TOTAL MONEY: 4340
[12:12:49:008554 --7:00] [Thread 4516] PLAYER: ( 76561198342993363 ) R les vieux:1 (vincent) REMOTE PURCHASED ITEM muzzle_snds_93mmg FOR 50 POPTABS | PLAYER TOTAL MONEY: 4290
[12:12:55:183556 --7:00] [Thread 2660] PLAYER: ( 76561198342993363 ) R les vieux:1 (vincent) REMOTE PURCHASED ITEM optic_KHS_old FOR 300 POPTABS | PLAYER TOTAL MONEY: 3990
[12:12:57:425158 --7:00] [Thread 4516] PLAYER: ( 76561198342993363 ) R les vieux:1 (vincent) REMOTE PURCHASED ITEM optic_DMS_ghex_F FOR 150 POPTABS | PLAYER TOTAL MONEY: 3840
[12:13:34:951488 --7:00] [Thread 2660] PLAYER: ( 76561198342993363 ) R les vieux:1 (vincent) REMOTE PURCHASED ITEM V_PlateCarrierIAGL_oli FOR 400 POPTABS | PLAYER TOTAL MONEY: 3440
[12:14:19:626406 --7:00] [Thread 4516] PLAYER: ( 76561198342993363 ) R les vieux:1 (vincent) REMOTE PURCHASED ITEM U_B_T_FullGhillie_tna_F FOR 150 POPTABS | PLAYER TOTAL MONEY: 3290
[12:14:52:473049 --7:00] [Thread 2192] PLAYER: ( 76561198342993363 ) R les vieux:1 (vincent) REMOTE SOLD ITEM U_B_T_Sniper_F FOR 50 POPTABS AND 5 RESPECT | PLAYER TOTAL MONEY: 3340
[12:15:18:880654 --7:00] [Thread 4516] PLAYER: ( 76561198342993363 ) R les vieux:1 (vincent) REMOTE PURCHASED ITEM Exile_Item_PlasticBottleFreshWater FOR 50 POPTABS | PLAYER TOTAL MONEY: 3290
[12:15:27:019547 --7:00] [Thread 2192] PLAYER: ( 76561198342993363 ) R les vieux:1 (vincent) REMOTE PURCHASED ITEM Exile_Item_EMRE FOR 54 POPTABS | PLAYER TOTAL MONEY: 3236
[12:15:28:300251 --7:00] [Thread 4516] PLAYER: ( 76561198342993363 ) R les vieux:1 (vincent) REMOTE PURCHASED ITEM Exile_Item_EMRE FOR 54 POPTABS | PLAYER TOTAL MONEY: 3182
[12:15:29:521046 --7:00] [Thread 2192] PLAYER: ( 76561198342993363 ) R les vieux:1 (vincent) REMOTE PURCHASED ITEM Exile_Item_PlasticBottleCoffee FOR 70 POPTABS | PLAYER TOTAL MONEY: 3112
[12:31:22:106669 --7:00] [Thread 2660] PLAYER: ( 76561198342993363 ) R les vieux:1 (vincent) REMOTE SOLD ITEM: Exile_Container_SupplyBox (ID# <null>) with Cargo ["Exile_Item_SafeKit","Exile_Magazine_30Rnd_762x39_AK","Exile_Magazine_30Rnd_762x39_AK","Exile_Magazine_6Rnd_45ACP","20Rnd_556x45_UW_mag","SatchelCharge_Remote_Mag","SatchelCharge_Remote_Mag","SatchelCharge_Remote_Mag","Exile_Item_Defibrillator","Exile_Item_Defibrillator","Exile_Item_Rope","Exile_Item_Vishpirin","Exile_Item_Vishpirin","Exile_Item_EMRE","Exile_Item_FortificationUpgrade","Exile_Weapon_TaurusGold","V_RebreatherIR","V_RebreatherIR","NVGoggles_OPFOR"] FOR 14752 POPTABS AND 1475.2 RESPECT | PLAYER TOTAL MONEY: 27580
[12:33:22:829179 --7:00] [Thread 2192] PLAYER: ( 76561198342993363 ) R les vieux:1 (vincent) REMOTE PURCHASED ITEM ItemGPS FOR 40 POPTABS | PLAYER TOTAL MONEY: 0
[12:42:24:506390 --7:00] [Thread 2192] PLAYER: ( 76561198342993363 ) R les vieux:1 (vincent) REMOTE PURCHASED ITEM U_O_Wetsuit FOR 80 POPTABS | PLAYER TOTAL MONEY: 19920
[13:36:28:318337 --7:00] [Thread 4516] PLAYER: ( 76561198342993363 ) R les vieux:1 (vincent) REMOTE SOLD ITEM: Exile_Container_SupplyBox (ID# <null>) with Cargo ["Exile_Magazine_30Rnd_762x39_AK","Exile_Magazine_6Rnd_45ACP","Exile_Magazine_6Rnd_45ACP","20Rnd_556x45_UW_mag","20Rnd_556x45_UW_mag","20Rnd_556x45_UW_mag","SatchelCharge_Remote_Mag","SatchelCharge_Remote_Mag","SatchelCharge_Remote_Mag","Exile_Item_Defibrillator","Exile_Item_Rope","Exile_Item_Vishpirin","Exile_Item_DuctTape","Exile_Item_EMRE","Exile_Item_EMRE","Exile_Item_FortificationUpgrade","Exile_Item_FortificationUpgrade","Exile_Item_RubberDuck","Exile_Item_PlasticBottleEmpty","Exile_Item_Rope","Exile_Item_PlasticBottleFreshWater","Exile_Item_Vishpirin","Exile_Item_GloriousKnakworst","Exile_Item_GloriousKnakworst","Exile_Item_PlasticBottleFreshWater","Exile_Item_PlasticBottleFreshWater","Exile_Item_PlasticBottleFreshWater","Exile_Item_Beer","Exile_Item_Beer","Exile_Item_Beer","Exile_Item_Matches","Exile_Item_FuelCanisterEmpty","Exile_Item_Beer","Exile_Item_Beer","Exile_Item_Beer","Exile_Item_BaseCameraKit","Exile_Item_WoodFloorKit","Exile_Item_WoodFloorPortKit","Exile_Item_Cement","Exile_Item_Cement","Exile_Item_BaseCameraKit","Exile_Item_InstaDoc","Exile_Item_CookingPot","Exile_Item_MetalPole","Exile_Item_LightBulb","Exile_Item_WoodPlank","Exile_Item_WoodPlank","Exile_Item_WoodPlank","Exile_Item_WoodPlank","Exile_Item_WoodPlank","Exile_Item_Laptop","Exile_Item_MetalWire","Exile_Item_MetalWire","Exile_Item_MetalWire","Exile_Item_MetalWire","Exile_Item_Cement","Exile_Item_Cement","Exile_Item_Cement","Exile_Item_Cement","Exile_Item_Cement","Exile_Item_Cement","Exile_Item_Cement","Exile_Item_Sand","Exile_Item_Sand","Exile_Item_Sand","Exile_Item_Sand","Exile_Item_Sand","Exile_Item_Sand","Exile_Item_Sand","Exile_Item_Sand","Exile_Item_Sand","Exile_Item_Sand","Exile_Item_Sand","Exile_Item_WaterCanisterEmpty","Exile_Item_Shovel","Exile_Item_MetalScrews","Exile_Item_MetalScrews","Exile_Item_MetalScrews","Exile_Item_MetalScrews","Exile_Weapon_AKS_Gold","Exile_Weapon_AKS_Gold","Exile_Weapon_TaurusGold","Exile_Melee_Axe","V_RebreatherIR","V_RebreatherIR","G_B_Diving","NVGoggles","NVGoggles","NVGoggles"] FOR 12325 POPTABS AND 1232.5 RESPECT | PLAYER TOTAL MONEY: 47700
[13:37:31:973656 --7:00] [Thread 4516] PLAYER: ( 76561198342993363 ) R les vieux:1 (vincent) REMOTE SOLD ITEM: Exile_Container_SupplyBox (ID# <null>) with Cargo ["Exile_Item_SafeKit","Exile_Magazine_30Rnd_762x39_AK","Exile_Magazine_30Rnd_762x39_AK","Exile_Magazine_6Rnd_45ACP","Exile_Magazine_6Rnd_45ACP","Exile_Magazine_6Rnd_45ACP","20Rnd_556x45_UW_mag","20Rnd_556x45_UW_mag","SatchelCharge_Remote_Mag","Exile_Item_Defibrillator","Exile_Item_Defibrillator","Exile_Item_Defibrillator","Exile_Item_Rope","Exile_Item_Rope","Exile_Item_Vishpirin","Exile_Item_DuctTape","Exile_Item_DuctTape","Exile_Item_EMRE","Exile_Weapon_AKS_Gold","Exile_Weapon_AKS_Gold","Exile_Weapon_TaurusGold","Exile_Weapon_TaurusGold","arifle_SDAR_F","V_RebreatherIA","G_B_Diving","NVGoggles_OPFOR","NVGoggles_OPFOR"] FOR 14820 POPTABS AND 1482 RESPECT | PLAYER TOTAL MONEY: 62520
[13:38:55:044989 --7:00] [Thread 4516] PLAYER: ( 76561198342993363 ) R les vieux:1 (vincent) REMOTE SOLD ITEM B_Carryall_mcamo FOR 150 POPTABS AND 15 RESPECT | PLAYER TOTAL MONEY: 550
[13:39:01:293723 --7:00] [Thread 2192] PLAYER: ( 76561198342993363 ) R les vieux:1 (vincent) REMOTE PURCHASED ITEM B_Bergen_tna_F FOR 400 POPTABS | PLAYER TOTAL MONEY: 150
[13:46:42:169320 --7:00] [Thread 2660] PLAYER: ( 76561198342993363 ) R les vieux:1 (vincent) REMOTE PURCHASED VEHICLE CUP_B_AW159_Hellfire_GB FOR 350000 POPTABS | PLAYER TOTAL MONEY: 0
[13:49:35:161123 --7:00] [Thread 5100] PLAYER: ( 76561198342993363 ) R les vieux:1 (vincent) REMOTE SOLD ITEM: Exile_Chopper_Hummingbird_Civillian_ION (ID# 488) with Cargo [] FOR 8500 POPTABS AND 850 RESPECT | PLAYER TOTAL MONEY: 8500
[13:58:22:529927 --7:00] [Thread 2660] PLAYER: ( 76561198342993363 ) R les vieux:1 (vincent) REMOTE SOLD ITEM: Exile_Container_SupplyBox (ID# <null>) with Cargo ["Exile_Item_SafeKit","20Rnd_556x45_UW_mag","20Rnd_556x45_UW_mag","SatchelCharge_Remote_Mag","SatchelCharge_Remote_Mag","Exile_Item_Defibrillator","Exile_Item_Defibrillator","Exile_Item_Defibrillator","Exile_Item_Rope","Exile_Item_Vishpirin","Exile_Item_Vishpirin","Exile_Item_Vishpirin","Exile_Item_Vishpirin","Exile_Item_DuctTape","Exile_Item_DuctTape","Exile_Item_PlasticBottleFreshWater","Exile_Item_EMRE","Exile_Item_FortificationUpgrade","Exile_Item_FortificationUpgrade","Exile_Weapon_AKS_Gold","Exile_Weapon_TaurusGold","V_RebreatherB","G_O_Diving","G_O_Diving","NVGoggles","NVGoggles","NVGoggles"] FOR 15092 POPTABS AND 1509.2 RESPECT | PLAYER TOTAL MONEY: 19508
[14:50:01:490982 --7:00] [Thread 2960] PLAYER: ( 76561198342993363 ) R les vieux:1 (vincent) REMOTE SOLD ITEM: B_T_LSV_01_armed_F (ID# <null>) with Cargo [] FOR 20000 POPTABS AND 2000 RESPECT | PLAYER TOTAL MONEY: 20650
[14:50:18:258791 --7:00] [Thread 4516] PLAYER: ( 76561198342993363 ) R les vieux:1 (vincent) REMOTE PURCHASED ITEM optic_LRPS FOR 300 POPTABS | PLAYER TOTAL MONEY: 20350
[14:50:44:492381 --7:00] [Thread 2192] PLAYER: ( 76561198342993363 ) R les vieux:1 (vincent) REMOTE PURCHASED ITEM 10Rnd_93x64_DMR_05_Mag FOR 40 POPTABS | PLAYER TOTAL MONEY: 20310
[14:50:46:658919 --7:00] [Thread 4516] PLAYER: ( 76561198342993363 ) R les vieux:1 (vincent) REMOTE PURCHASED ITEM 10Rnd_93x64_DMR_05_Mag FOR 40 POPTABS | PLAYER TOTAL MONEY: 20270
[14:50:47:740194 --7:00] [Thread 2192] PLAYER: ( 76561198342993363 ) R les vieux:1 (vincent) REMOTE PURCHASED ITEM 10Rnd_93x64_DMR_05_Mag FOR 40 POPTABS | PLAYER TOTAL MONEY: 20230
[14:50:48:808958 --7:00] [Thread 4516] PLAYER: ( 76561198342993363 ) R les vieux:1 (vincent) REMOTE PURCHASED ITEM 10Rnd_93x64_DMR_05_Mag FOR 40 POPTABS | PLAYER TOTAL MONEY: 20190
[14:50:49:881054 --7:00] [Thread 2192] PLAYER: ( 76561198342993363 ) R les vieux:1 (vincent) REMOTE PURCHASED ITEM 10Rnd_93x64_DMR_05_Mag FOR 40 POPTABS | PLAYER TOTAL MONEY: 20150
[14:50:51:372026 --7:00] [Thread 4516] PLAYER: ( 76561198342993363 ) R les vieux:1 (vincent) REMOTE PURCHASED ITEM 10Rnd_93x64_DMR_05_Mag FOR 40 POPTABS | PLAYER TOTAL MONEY: 20110
[15:51:50:805147 --7:00] [Thread 2960] PLAYER: ( 76561198342993363 ) R les vieux:1 (vincent) REMOTE SOLD ITEM: B_T_LSV_01_armed_F (ID# <null>) with Cargo ["Exile_Item_InstaDoc","Exile_Item_InstaDoc","Exile_Item_InstaDoc","Exile_Item_InstaDoc","Exile_Item_InstaDoc","Exile_Item_InstaDoc","Exile_Item_Vishpirin"] FOR 23900 POPTABS AND 2390 RESPECT | PLAYER TOTAL MONEY: 45602
