[17:24:23:850740 --7:00] [Thread 2092] PLAYER: ( 76561198077567121 ) R D4tification:1 (D4_Cador) REMOTE SOLD ITEM: Exile_Car_UAZ_Green (ID# <null>) with Cargo [] FOR 4500 POPTABS AND 450 RESPECT | PLAYER TOTAL MONEY: 20224
[17:25:19:886786 --7:00] [Thread 2092] PLAYER: ( 76561198077567121 ) R D4tification:1 (D4_Cador) REMOTE PURCHASED VEHICLE Exile_Chopper_Taru_Transport_Black FOR 17000 POPTABS | PLAYER TOTAL MONEY: 3224
[17:53:23:690585 --7:00] [Thread 2796] PLAYER: ( 76561198077567121 ) R D4tification:1 (D4_Cador) REMOTE PURCHASED ITEM Exile_Magazine_10Rnd_762x54 FOR 20 POPTABS | PLAYER TOTAL MONEY: 2384
[17:53:24:489100 --7:00] [Thread 4308] PLAYER: ( 76561198077567121 ) R D4tification:1 (D4_Cador) REMOTE PURCHASED ITEM Exile_Magazine_10Rnd_762x54 FOR 20 POPTABS | PLAYER TOTAL MONEY: 2364
[17:53:24:931864 --7:00] [Thread 2796] PLAYER: ( 76561198077567121 ) R D4tification:1 (D4_Cador) REMOTE PURCHASED ITEM Exile_Magazine_10Rnd_762x54 FOR 20 POPTABS | PLAYER TOTAL MONEY: 2344
[17:53:25:415167 --7:00] [Thread 4308] PLAYER: ( 76561198077567121 ) R D4tification:1 (D4_Cador) REMOTE PURCHASED ITEM Exile_Magazine_10Rnd_762x54 FOR 20 POPTABS | PLAYER TOTAL MONEY: 2324
[17:53:25:856328 --7:00] [Thread 2796] PLAYER: ( 76561198077567121 ) R D4tification:1 (D4_Cador) REMOTE PURCHASED ITEM Exile_Magazine_10Rnd_762x54 FOR 20 POPTABS | PLAYER TOTAL MONEY: 2304
[17:53:26:318661 --7:00] [Thread 4308] PLAYER: ( 76561198077567121 ) R D4tification:1 (D4_Cador) REMOTE PURCHASED ITEM Exile_Magazine_10Rnd_762x54 FOR 20 POPTABS | PLAYER TOTAL MONEY: 2284
[17:53:26:865286 --7:00] [Thread 2796] PLAYER: ( 76561198077567121 ) R D4tification:1 (D4_Cador) REMOTE PURCHASED ITEM Exile_Magazine_10Rnd_762x54 FOR 20 POPTABS | PLAYER TOTAL MONEY: 2264
[17:53:31:003780 --7:00] [Thread 4308] PLAYER: ( 76561198077567121 ) R D4tification:1 (D4_Cador) REMOTE PURCHASED ITEM 9Rnd_45ACP_Mag FOR 6 POPTABS | PLAYER TOTAL MONEY: 2258
[17:53:31:441034 --7:00] [Thread 2796] PLAYER: ( 76561198077567121 ) R D4tification:1 (D4_Cador) REMOTE PURCHASED ITEM 9Rnd_45ACP_Mag FOR 6 POPTABS | PLAYER TOTAL MONEY: 2252
[17:53:31:910381 --7:00] [Thread 4308] PLAYER: ( 76561198077567121 ) R D4tification:1 (D4_Cador) REMOTE PURCHASED ITEM 9Rnd_45ACP_Mag FOR 6 POPTABS | PLAYER TOTAL MONEY: 2246
[17:53:32:371711 --7:00] [Thread 2796] PLAYER: ( 76561198077567121 ) R D4tification:1 (D4_Cador) REMOTE PURCHASED ITEM 9Rnd_45ACP_Mag FOR 6 POPTABS | PLAYER TOTAL MONEY: 2240
[17:53:32:811165 --7:00] [Thread 4308] PLAYER: ( 76561198077567121 ) R D4tification:1 (D4_Cador) REMOTE PURCHASED ITEM 9Rnd_45ACP_Mag FOR 6 POPTABS | PLAYER TOTAL MONEY: 2234
[17:53:35:246184 --7:00] [Thread 2796] PLAYER: ( 76561198077567121 ) R D4tification:1 (D4_Cador) REMOTE PURCHASED ITEM 9Rnd_45ACP_Mag FOR 6 POPTABS | PLAYER TOTAL MONEY: 2228
[18:03:49:072115 --7:00] [Thread 2536] PLAYER: ( 76561198077567121 ) R D4tification:1 (D4_Cador) REMOTE SOLD ITEM: B_T_Truck_01_covered_F (ID# <null>) with Cargo [] FOR 24000 POPTABS AND 2400 RESPECT | PLAYER TOTAL MONEY: 24000
[18:04:08:612904 --7:00] [Thread 4308] PLAYER: ( 76561198077567121 ) R D4tification:1 (D4_Cador) REMOTE PURCHASED ITEM Exile_Weapon_SVD FOR 800 POPTABS | PLAYER TOTAL MONEY: 23200
[18:04:13:289878 --7:00] [Thread 2796] PLAYER: ( 76561198077567121 ) R D4tification:1 (D4_Cador) REMOTE PURCHASED ITEM Exile_Magazine_10Rnd_762x54 FOR 20 POPTABS | PLAYER TOTAL MONEY: 23180
[18:04:14:054422 --7:00] [Thread 4308] PLAYER: ( 76561198077567121 ) R D4tification:1 (D4_Cador) REMOTE PURCHASED ITEM Exile_Magazine_10Rnd_762x54 FOR 20 POPTABS | PLAYER TOTAL MONEY: 23160
[18:04:14:642752 --7:00] [Thread 2796] PLAYER: ( 76561198077567121 ) R D4tification:1 (D4_Cador) REMOTE PURCHASED ITEM Exile_Magazine_10Rnd_762x54 FOR 20 POPTABS | PLAYER TOTAL MONEY: 23140
[18:04:17:980280 --7:00] [Thread 4308] PLAYER: ( 76561198077567121 ) R D4tification:1 (D4_Cador) REMOTE PURCHASED ITEM optic_KHS_blk FOR 300 POPTABS | PLAYER TOTAL MONEY: 22840
[18:04:41:447294 --7:00] [Thread 2796] PLAYER: ( 76561198077567121 ) R D4tification:1 (D4_Cador) REMOTE PURCHASED ITEM U_OrestesBody FOR 40 POPTABS | PLAYER TOTAL MONEY: 22800
[18:05:07:654930 --7:00] [Thread 4308] PLAYER: ( 76561198077567121 ) R D4tification:1 (D4_Cador) REMOTE PURCHASED ITEM B_ViperHarness_blk_F FOR 250 POPTABS | PLAYER TOTAL MONEY: 22550
[18:05:17:413345 --7:00] [Thread 2796] PLAYER: ( 76561198077567121 ) R D4tification:1 (D4_Cador) REMOTE PURCHASED ITEM V_PlateCarrierIAGL_dgtl FOR 400 POPTABS | PLAYER TOTAL MONEY: 22150
[18:05:32:489315 --7:00] [Thread 4308] PLAYER: ( 76561198077567121 ) R D4tification:1 (D4_Cador) REMOTE PURCHASED ITEM Exile_Magazine_10Rnd_762x54 FOR 20 POPTABS | PLAYER TOTAL MONEY: 22130
[18:05:33:127736 --7:00] [Thread 2796] PLAYER: ( 76561198077567121 ) R D4tification:1 (D4_Cador) REMOTE PURCHASED ITEM Exile_Magazine_10Rnd_762x54 FOR 20 POPTABS | PLAYER TOTAL MONEY: 22110
[18:05:33:631143 --7:00] [Thread 4308] PLAYER: ( 76561198077567121 ) R D4tification:1 (D4_Cador) REMOTE PURCHASED ITEM Exile_Magazine_10Rnd_762x54 FOR 20 POPTABS | PLAYER TOTAL MONEY: 22090
[18:05:34:107400 --7:00] [Thread 2796] PLAYER: ( 76561198077567121 ) R D4tification:1 (D4_Cador) REMOTE PURCHASED ITEM Exile_Magazine_10Rnd_762x54 FOR 20 POPTABS | PLAYER TOTAL MONEY: 22070
[18:05:36:151947 --7:00] [Thread 4308] PLAYER: ( 76561198077567121 ) R D4tification:1 (D4_Cador) REMOTE PURCHASED ITEM 6Rnd_45ACP_Cylinder FOR 8 POPTABS | PLAYER TOTAL MONEY: 22062
[18:05:36:587234 --7:00] [Thread 2796] PLAYER: ( 76561198077567121 ) R D4tification:1 (D4_Cador) REMOTE PURCHASED ITEM 6Rnd_45ACP_Cylinder FOR 8 POPTABS | PLAYER TOTAL MONEY: 22054
[18:05:37:043977 --7:00] [Thread 4308] PLAYER: ( 76561198077567121 ) R D4tification:1 (D4_Cador) REMOTE PURCHASED ITEM 6Rnd_45ACP_Cylinder FOR 8 POPTABS | PLAYER TOTAL MONEY: 22046
[18:06:17:492718 --7:00] [Thread 2536] PLAYER: ( 76561198077567121 ) R D4tification:1 (D4_Cador) REMOTE PURCHASED VEHICLE Exile_Chopper_Huey_Green FOR 21000 POPTABS | PLAYER TOTAL MONEY: 1046
[18:32:04:844697 --7:00] [Thread 4740] PLAYER: ( 76561198077567121 ) R D4tification:1 (D4_Cador) REMOTE SOLD ITEM: Exile_Chopper_Huey_Green (ID# 519) with Cargo [] FOR 10500 POPTABS AND 1050 RESPECT | PLAYER TOTAL MONEY: 13824
[18:42:57:069599 --7:00] [Thread 2536] PLAYER: ( 76561198077567121 ) R D4tification:1 (D4_Cador) REMOTE PURCHASED ITEM U_C_Scientist FOR 20 POPTABS | PLAYER TOTAL MONEY: 13804
[18:48:34:122727 --7:00] [Thread 2796] PLAYER: ( 76561198077567121 ) R D4tification:1 (D4_Cador) REMOTE PURCHASED ITEM Exile_Item_EnergyDrink FOR 40 POPTABS | PLAYER TOTAL MONEY: 13764
[18:48:54:121568 --7:00] [Thread 2536] PLAYER: ( 76561198077567121 ) R D4tification:1 (D4_Cador) REMOTE PURCHASED ITEM Exile_Item_Noodles FOR 14 POPTABS | PLAYER TOTAL MONEY: 13750
[20:30:20:948755 --7:00] [Thread 4896] PLAYER: ( 76561197971543211 ) R 82nd ABN DIV:1 (Joe) REMOTE SOLD ITEM: Exile_Chopper_Hummingbird_Civillian_GrayWatcher (ID# <null>) with Cargo [] FOR 8500 POPTABS AND 850 RESPECT | PLAYER TOTAL MONEY: 16903
[20:32:44:185131 --7:00] [Thread 2660] PLAYER: ( 76561197971543211 ) R 82nd ABN DIV:1 (Joe) REMOTE PURCHASED ITEM Exile_Item_XM8 FOR 20 POPTABS | PLAYER TOTAL MONEY: 16883
[20:45:12:812759 --7:00] [Thread 4780] PLAYER: ( 76561197971543211 ) R 82nd ABN DIV:1 (Joe) REMOTE SOLD ITEM: Exile_Container_SupplyBox (ID# 92) with Cargo ["CUP_MAAWS_HEAT_M","CUP_RPG18_M","CUP_launch_MAAWS","Exile_Melee_Axe","CUP_launch_RPG18"] FOR 5050 POPTABS AND 505 RESPECT | PLAYER TOTAL MONEY: 21933
[20:45:24:763848 --7:00] [Thread 4780] PLAYER: ( 76561197971543211 ) R 82nd ABN DIV:1 (Joe) REMOTE SOLD ITEM: CUP_B_M1133_MEV_Woodland (ID# 507) with Cargo ["B_Kitbag_mcamo","B_FieldPack_ghex_F","Exile_Magazine_8Rnd_9x18","Exile_Magazine_8Rnd_9x18","Exile_Magazine_10Rnd_9x39","Exile_Magazine_10Rnd_9x39","Exile_Magazine_10Rnd_9x39","Exile_Magazine_10Rnd_9x39","Exile_Magazine_10Rnd_9x39","Exile_Magazine_10Rnd_9x39","Exile_Magazine_10Rnd_9x39","Exile_Item_PlasticBottleCoffee","Exile_Item_CanOpener","Exile_Item_Surstromming_Cooked","Exile_Item_Matches","Exile_Item_PlasticBottleFreshWater","Exile_Item_InstaDoc","Exile_Item_InstaDoc","Exile_Item_EMRE","Exile_Item_EMRE","Exile_Item_PlasticBottleFreshWater","Exile_Item_PlasticBottleFreshWater","10Rnd_93x64_DMR_05_Mag","10Rnd_93x64_DMR_05_Mag","10Rnd_93x64_DMR_05_Mag","Exile_Magazine_10Rnd_9x39","Exile_Magazine_8Rnd_9x18","Exile_Item_PlasticBottleEmpty","Exile_Item_PlasticBottleFreshWater","Exile_Item_InstaDoc","Exile_Item_PlasticBottleFreshWater","Exile_Item_PlasticBottleFreshWater","Exile_Item_EMRE","Exile_Item_EMRE","Exile_Item_EMRE","UGL_FlareWhite_F","Exile_Item_Noodles","30Rnd_556x45_Stanag","6Rnd_45ACP_Cylinder","Exile_Item_Noodles","30Rnd_556x45_Stanag","6Rnd_45ACP_Cylinder","FlareWhite_F","3Rnd_SmokeGreen_Grenade_shell","1Rnd_SmokeYellow_Grenade_shell","Exile_Weapon_VSSVintorez","Exile_Weapon_Makarov","Rangefinder","srifle_DMR_03_woodland_F","srifle_DMR_02_camo_F","srifle_DMR_05_hex_F","srifle_DMR_02_camo_F","arifle_SPAR_01_khk_F","30Rnd_556x45_Stanag","arifle_SPAR_01_blk_F","30Rnd_556x45_Stanag","hgun_Pistol_heavy_02_F","ItemMap","ItemCompass","ItemWatch","ItemWatch","ItemRadio","ItemGPS","ItemGPS","ItemGPS","H_HelmetCrew_O_ghex_F","optic_SOS","U_O_T_FullGhillie_tna_F","V_PlateCarrierSpec_mtp","V_PlateCarrierGL_mtp","U_I_C_Soldier_Bandit_2_F","H_CrewHelmetHeli_B","H_CrewHelmetHeli_B"] FOR 5816 POPTABS AND 581.6 RESPECT | PLAYER TOTAL MONEY: 27749
[20:45:41:045532 --7:00] [Thread 4780] PLAYER: ( 76561197971543211 ) R 82nd ABN DIV:1 (Joe) REMOTE SOLD ITEM: CUP_B_M1133_MEV_Woodland (ID# 507) with Cargo [] FOR 40000 POPTABS AND 4000 RESPECT | PLAYER TOTAL MONEY: 67749
[20:46:29:196113 --7:00] [Thread 4084] PLAYER: ( 76561197971543211 ) R 82nd ABN DIV:1 (Joe) REMOTE PURCHASED VEHICLE Exile_Car_Strider FOR 40000 POPTABS | PLAYER TOTAL MONEY: 27749
[20:46:55:791325 --7:00] [Thread 4780] PLAYER: ( 76561197971543211 ) R 82nd ABN DIV:1 (Joe) REMOTE SOLD ITEM: Exile_Car_Strider (ID# 520) with Cargo [] FOR 20000 POPTABS AND 2000 RESPECT | PLAYER TOTAL MONEY: 47749
[20:51:58:486655 --7:00] [Thread 4084] PLAYER: ( 76561197971543211 ) R 82nd ABN DIV:1 (Joe) REMOTE PURCHASED VEHICLE Exile_Car_Offroad_Guerilla02 FOR 10000 POPTABS | PLAYER TOTAL MONEY: 37749
[20:52:28:557643 --7:00] [Thread 4780] PLAYER: ( 76561197971543211 ) R 82nd ABN DIV:1 (Joe) REMOTE SOLD ITEM: Exile_Car_Offroad_Guerilla02 (ID# 521) with Cargo [] FOR 5000 POPTABS AND 500 RESPECT | PLAYER TOTAL MONEY: 42749
[20:53:21:785707 --7:00] [Thread 2660] PLAYER: ( 76561197971543211 ) R 82nd ABN DIV:1 (Joe) REMOTE PURCHASED VEHICLE I_MRAP_03_hmg_F FOR 130000 POPTABS | PLAYER TOTAL MONEY: 12749
[21:33:47:677697 --7:00] [Thread 4780] PLAYER: ( 76561197971543211 ) R 82nd ABN DIV:1 (Joe) REMOTE SOLD ITEM: Exile_Container_SupplyBox (ID# <null>) with Cargo ["Exile_Magazine_30Rnd_762x39_AK","Exile_Magazine_30Rnd_762x39_AK","Exile_Magazine_6Rnd_45ACP","Exile_Magazine_6Rnd_45ACP","Exile_Magazine_6Rnd_45ACP","SatchelCharge_Remote_Mag","SatchelCharge_Remote_Mag","Exile_Item_Defibrillator","Exile_Item_Defibrillator","Exile_Item_Rope","Exile_Item_Rope","Exile_Item_Vishpirin","Exile_Item_Vishpirin","Exile_Item_Vishpirin","Exile_Item_DuctTape","Exile_Item_DuctTape","Exile_Item_DuctTape","Exile_Item_PlasticBottleFreshWater","Exile_Item_PlasticBottleFreshWater","Exile_Item_EMRE","Exile_Item_ConcreteFloorKit","Exile_Item_FortificationUpgrade","Exile_Weapon_AKS_Gold","Exile_Weapon_TaurusGold","Exile_Weapon_TaurusGold","G_I_Diving","NVGoggles_OPFOR","NVGoggles_OPFOR"] FOR 2533 POPTABS AND 253.3 RESPECT | PLAYER TOTAL MONEY: 702533
[21:35:21:404498 --7:00] [Thread 4896] PLAYER: ( 76561197990813594 ) R Raven Core:1 (Saber One) REMOTE SOLD ITEM: Exile_Container_SupplyBox (ID# 92) with Cargo [] FOR 0 POPTABS AND 0 RESPECT | PLAYER TOTAL MONEY: 116
[21:35:23:833645 --7:00] [Thread 4896] PLAYER: ( 76561197990813594 ) R Raven Core:1 (Saber One) REMOTE SOLD ITEM: CUP_B_LR_Transport_GB_W (ID# 504) with Cargo ["10Rnd_93x64_DMR_05_Mag","10Rnd_93x64_DMR_05_Mag","10Rnd_93x64_DMR_05_Mag","10Rnd_93x64_DMR_05_Mag","10Rnd_93x64_DMR_05_Mag","10Rnd_93x64_DMR_05_Mag","10Rnd_93x64_DMR_05_Mag","10Rnd_93x64_DMR_05_Mag","10Rnd_93x64_DMR_05_Mag","10Rnd_93x64_DMR_05_Mag","srifle_DMR_05_hex_F","Exile_Melee_Axe","Exile_Magazine_Swing","CUP_launch_Metis","optic_Hamr"] FOR 8775 POPTABS AND 877.5 RESPECT | PLAYER TOTAL MONEY: 8891
[21:35:47:803319 --7:00] [Thread 2660] PLAYER: ( 76561197971543211 ) R 82nd ABN DIV:1 (Joe) REMOTE PURCHASED ITEM U_B_Wetsuit FOR 80 POPTABS | PLAYER TOTAL MONEY: 702453
[21:36:47:801394 --7:00] [Thread 2660] PLAYER: ( 76561197990813594 ) R Raven Core:1 (Saber One) REMOTE PURCHASED ITEM Exile_Item_DuctTape FOR 300 POPTABS | PLAYER TOTAL MONEY: 8591
[21:36:48:299171 --7:00] [Thread 2660] PLAYER: ( 76561197990813594 ) R Raven Core:1 (Saber One) REMOTE PURCHASED ITEM Exile_Item_DuctTape FOR 300 POPTABS | PLAYER TOTAL MONEY: 8291
[21:36:54:274180 --7:00] [Thread 4780] PLAYER: ( 76561197971543211 ) R 82nd ABN DIV:1 (Joe) REMOTE SOLD ITEM B_Carryall_oli FOR 150 POPTABS AND 15 RESPECT | PLAYER TOTAL MONEY: 702603
[21:37:09:246705 --7:00] [Thread 2660] PLAYER: ( 76561197971543211 ) R 82nd ABN DIV:1 (Joe) REMOTE PURCHASED ITEM B_Bergen_mcamo_F FOR 400 POPTABS | PLAYER TOTAL MONEY: 702203
[21:37:39:927998 --7:00] [Thread 4780] PLAYER: ( 76561197971543211 ) R 82nd ABN DIV:1 (Joe) REMOTE PURCHASED ITEM Exile_Item_EMRE FOR 54 POPTABS | PLAYER TOTAL MONEY: 702149
[21:37:44:352157 --7:00] [Thread 2660] PLAYER: ( 76561197971543211 ) R 82nd ABN DIV:1 (Joe) REMOTE PURCHASED ITEM Exile_Item_PlasticBottleCoffee FOR 70 POPTABS | PLAYER TOTAL MONEY: 702079
[21:38:45:708329 --7:00] [Thread 4780] PLAYER: ( 76561197971543211 ) R 82nd ABN DIV:1 (Joe) REMOTE PURCHASED ITEM optic_NVS FOR 500 POPTABS | PLAYER TOTAL MONEY: 701579
[21:39:52:578007 --7:00] [Thread 2660] PLAYER: ( 76561197971543211 ) R 82nd ABN DIV:1 (Joe) REMOTE PURCHASED ITEM Exile_Item_FuelCanisterEmpty FOR 350 POPTABS | PLAYER TOTAL MONEY: 701229
[21:39:53:821992 --7:00] [Thread 4780] PLAYER: ( 76561197971543211 ) R 82nd ABN DIV:1 (Joe) REMOTE PURCHASED ITEM Exile_Item_FuelCanisterEmpty FOR 350 POPTABS | PLAYER TOTAL MONEY: 700879
[21:39:55:114626 --7:00] [Thread 2660] PLAYER: ( 76561197971543211 ) R 82nd ABN DIV:1 (Joe) REMOTE PURCHASED ITEM Exile_Item_FuelCanisterEmpty FOR 350 POPTABS | PLAYER TOTAL MONEY: 700529
[21:41:08:242933 --7:00] [Thread 2660] PLAYER: ( 76561198077567121 ) R D4tification:1 (D4_Cador) REMOTE PURCHASED ITEM BlockConcrete_F_Kit FOR 20000 POPTABS | PLAYER TOTAL MONEY: 143850
[21:42:01:454913 --7:00] [Thread 4780] PLAYER: ( 76561198077567121 ) R D4tification:1 (D4_Cador) REMOTE PURCHASED ITEM BlockConcrete_F_Kit FOR 20000 POPTABS | PLAYER TOTAL MONEY: 123850
[21:47:39:145812 --7:00] [Thread 1956] PLAYER: ( 76561197971543211 ) R 82nd ABN DIV:1 (Joe) REMOTE PURCHASED VEHICLE CUP_B_RHIB2Turret_USMC FOR 25000 POPTABS | PLAYER TOTAL MONEY: 675529
[21:57:42:459335 --7:00] [Thread 2436] PLAYER: ( 76561198077567121 ) R D4tification:1 (D4_Cador) REMOTE SOLD ITEM: Exile_Car_TowTractor_White (ID# <null>) with Cargo [] FOR 0 POPTABS AND 0 RESPECT | PLAYER TOTAL MONEY: 0
[21:57:54:350199 --7:00] [Thread 2436] PLAYER: ( 76561198077567121 ) R D4tification:1 (D4_Cador) REMOTE SOLD ITEM: Exile_Car_TowTractor_White (ID# <null>) with Cargo [] FOR 500 POPTABS AND 50 RESPECT | PLAYER TOTAL MONEY: 500
[22:00:02:546073 --7:00] [Thread 1956] PLAYER: ( 76561198077567121 ) R D4tification:1 (D4_Cador) REMOTE PURCHASED ITEM U_O_SpecopsUniform_blk FOR 80 POPTABS | PLAYER TOTAL MONEY: 10420
[22:00:59:091159 --7:00] [Thread 1956] PLAYER: ( 76561198077567121 ) R D4tification:1 (D4_Cador) REMOTE PURCHASED ITEM B_ViperHarness_blk_F FOR 250 POPTABS | PLAYER TOTAL MONEY: 10170
[22:01:12:713668 --7:00] [Thread 4780] PLAYER: ( 76561198077567121 ) R D4tification:1 (D4_Cador) REMOTE PURCHASED ITEM H_Watchcap_blk FOR 6 POPTABS | PLAYER TOTAL MONEY: 10164
[22:02:25:912824 --7:00] [Thread 2436] PLAYER: ( 76561198077567121 ) R D4tification:1 (D4_Cador) REMOTE PURCHASED ITEM Exile_Weapon_SVD FOR 800 POPTABS | PLAYER TOTAL MONEY: 9364
[22:02:32:383243 --7:00] [Thread 1956] PLAYER: ( 76561198077567121 ) R D4tification:1 (D4_Cador) REMOTE SOLD ITEM hgun_Pistol_heavy_02_F FOR 44 POPTABS AND 4.4 RESPECT | PLAYER TOTAL MONEY: 9408
[22:02:45:231986 --7:00] [Thread 2436] PLAYER: ( 76561198077567121 ) R D4tification:1 (D4_Cador) REMOTE PURCHASED ITEM hgun_Pistol_heavy_01_F FOR 80 POPTABS | PLAYER TOTAL MONEY: 9328
[22:03:02:041080 --7:00] [Thread 4780] PLAYER: ( 76561198077567121 ) R D4tification:1 (D4_Cador) REMOTE SOLD ITEM 6Rnd_45ACP_Cylinder FOR 4 POPTABS AND 0.4 RESPECT | PLAYER TOTAL MONEY: 9332
[22:03:02:713241 --7:00] [Thread 1956] PLAYER: ( 76561198077567121 ) R D4tification:1 (D4_Cador) REMOTE SOLD ITEM Exile_Item_Bandage FOR 50 POPTABS AND 5 RESPECT | PLAYER TOTAL MONEY: 9382
[22:03:09:028078 --7:00] [Thread 4780] PLAYER: ( 76561198077567121 ) R D4tification:1 (D4_Cador) REMOTE PURCHASED ITEM 11Rnd_45ACP_Mag FOR 8 POPTABS | PLAYER TOTAL MONEY: 9374
[22:03:09:490863 --7:00] [Thread 1956] PLAYER: ( 76561198077567121 ) R D4tification:1 (D4_Cador) REMOTE PURCHASED ITEM 11Rnd_45ACP_Mag FOR 8 POPTABS | PLAYER TOTAL MONEY: 9366
[22:03:09:953792 --7:00] [Thread 4780] PLAYER: ( 76561198077567121 ) R D4tification:1 (D4_Cador) REMOTE PURCHASED ITEM 11Rnd_45ACP_Mag FOR 8 POPTABS | PLAYER TOTAL MONEY: 9358
[22:03:10:395552 --7:00] [Thread 1956] PLAYER: ( 76561198077567121 ) R D4tification:1 (D4_Cador) REMOTE PURCHASED ITEM 11Rnd_45ACP_Mag FOR 8 POPTABS | PLAYER TOTAL MONEY: 9350
[22:03:10:879086 --7:00] [Thread 4780] PLAYER: ( 76561198077567121 ) R D4tification:1 (D4_Cador) REMOTE PURCHASED ITEM 11Rnd_45ACP_Mag FOR 8 POPTABS | PLAYER TOTAL MONEY: 9342
[22:03:12:350877 --7:00] [Thread 1956] PLAYER: ( 76561198077567121 ) R D4tification:1 (D4_Cador) REMOTE PURCHASED ITEM 11Rnd_45ACP_Mag FOR 8 POPTABS | PLAYER TOTAL MONEY: 9334
[22:03:16:508173 --7:00] [Thread 4780] PLAYER: ( 76561198077567121 ) R D4tification:1 (D4_Cador) REMOTE PURCHASED ITEM 11Rnd_45ACP_Mag FOR 8 POPTABS | PLAYER TOTAL MONEY: 9326
[22:03:16:971046 --7:00] [Thread 1956] PLAYER: ( 76561198077567121 ) R D4tification:1 (D4_Cador) REMOTE PURCHASED ITEM 11Rnd_45ACP_Mag FOR 8 POPTABS | PLAYER TOTAL MONEY: 9318
[22:03:17:432952 --7:00] [Thread 4780] PLAYER: ( 76561198077567121 ) R D4tification:1 (D4_Cador) REMOTE PURCHASED ITEM 11Rnd_45ACP_Mag FOR 8 POPTABS | PLAYER TOTAL MONEY: 9310
[22:03:17:916022 --7:00] [Thread 1956] PLAYER: ( 76561198077567121 ) R D4tification:1 (D4_Cador) REMOTE PURCHASED ITEM 11Rnd_45ACP_Mag FOR 8 POPTABS | PLAYER TOTAL MONEY: 9302
[22:03:18:377030 --7:00] [Thread 4780] PLAYER: ( 76561198077567121 ) R D4tification:1 (D4_Cador) REMOTE PURCHASED ITEM 11Rnd_45ACP_Mag FOR 8 POPTABS | PLAYER TOTAL MONEY: 9294
[22:03:24:493148 --7:00] [Thread 1956] PLAYER: ( 76561198077567121 ) R D4tification:1 (D4_Cador) REMOTE PURCHASED ITEM optic_KHS_blk FOR 300 POPTABS | PLAYER TOTAL MONEY: 8994
[22:03:43:256739 --7:00] [Thread 4780] PLAYER: ( 76561198077567121 ) R D4tification:1 (D4_Cador) REMOTE PURCHASED ITEM Exile_Weapon_SVD FOR 800 POPTABS | PLAYER TOTAL MONEY: 8194
[22:04:02:288218 --7:00] [Thread 1956] PLAYER: ( 76561198077567121 ) R D4tification:1 (D4_Cador) REMOTE PURCHASED ITEM Exile_Magazine_10Rnd_762x54 FOR 20 POPTABS | PLAYER TOTAL MONEY: 8174
[22:04:02:748675 --7:00] [Thread 4780] PLAYER: ( 76561198077567121 ) R D4tification:1 (D4_Cador) REMOTE PURCHASED ITEM Exile_Magazine_10Rnd_762x54 FOR 20 POPTABS | PLAYER TOTAL MONEY: 8154
[22:04:03:237377 --7:00] [Thread 1956] PLAYER: ( 76561198077567121 ) R D4tification:1 (D4_Cador) REMOTE PURCHASED ITEM Exile_Magazine_10Rnd_762x54 FOR 20 POPTABS | PLAYER TOTAL MONEY: 8134
[22:04:03:677524 --7:00] [Thread 4780] PLAYER: ( 76561198077567121 ) R D4tification:1 (D4_Cador) REMOTE PURCHASED ITEM Exile_Magazine_10Rnd_762x54 FOR 20 POPTABS | PLAYER TOTAL MONEY: 8114
[22:04:04:139083 --7:00] [Thread 1956] PLAYER: ( 76561198077567121 ) R D4tification:1 (D4_Cador) REMOTE PURCHASED ITEM Exile_Magazine_10Rnd_762x54 FOR 20 POPTABS | PLAYER TOTAL MONEY: 8094
[22:04:04:622852 --7:00] [Thread 4780] PLAYER: ( 76561198077567121 ) R D4tification:1 (D4_Cador) REMOTE PURCHASED ITEM Exile_Magazine_10Rnd_762x54 FOR 20 POPTABS | PLAYER TOTAL MONEY: 8074
[22:04:05:074091 --7:00] [Thread 1956] PLAYER: ( 76561198077567121 ) R D4tification:1 (D4_Cador) REMOTE PURCHASED ITEM Exile_Magazine_10Rnd_762x54 FOR 20 POPTABS | PLAYER TOTAL MONEY: 8054
[22:04:16:974948 --7:00] [Thread 4780] PLAYER: ( 76561197966847701 ) R Alpha 1-3:1 (Lothaar) REMOTE PURCHASED ITEM 200Rnd_556x45_Box_F FOR 90 POPTABS | PLAYER TOTAL MONEY: 347
[22:04:18:455596 --7:00] [Thread 1956] PLAYER: ( 76561197966847701 ) R Alpha 1-3:1 (Lothaar) REMOTE PURCHASED ITEM 200Rnd_556x45_Box_F FOR 90 POPTABS | PLAYER TOTAL MONEY: 257
[22:06:08:252129 --7:00] [Thread 2436] PLAYER: ( 76561197966847701 ) R Alpha 1-3:1 (Lothaar) REMOTE PURCHASED ITEM 200Rnd_556x45_Box_F FOR 90 POPTABS | PLAYER TOTAL MONEY: 167
[22:06:09:279360 --7:00] [Thread 1956] PLAYER: ( 76561197966847701 ) R Alpha 1-3:1 (Lothaar) REMOTE PURCHASED ITEM 200Rnd_556x45_Box_F FOR 90 POPTABS | PLAYER TOTAL MONEY: 77
[22:06:28:487129 --7:00] [Thread 4780] PLAYER: ( 76561197966847701 ) R Alpha 1-3:1 (Lothaar) REMOTE PURCHASED ITEM 200Rnd_556x45_Box_F FOR 90 POPTABS | PLAYER TOTAL MONEY: 987
[22:06:29:618276 --7:00] [Thread 1956] PLAYER: ( 76561197966847701 ) R Alpha 1-3:1 (Lothaar) REMOTE PURCHASED ITEM 200Rnd_556x45_Box_F FOR 90 POPTABS | PLAYER TOTAL MONEY: 897
[22:06:30:677129 --7:00] [Thread 4780] PLAYER: ( 76561197966847701 ) R Alpha 1-3:1 (Lothaar) REMOTE PURCHASED ITEM 200Rnd_556x45_Box_F FOR 90 POPTABS | PLAYER TOTAL MONEY: 807
[22:12:23:601848 --7:00] [Thread 4780] PLAYER: ( 76561198077567121 ) R D4tification:1 (D4_Cador) REMOTE PURCHASED VEHICLE Exile_Car_Ifrit FOR 23000 POPTABS | PLAYER TOTAL MONEY: 34
[23:39:08:087139 --7:00] [Thread 4368] PLAYER: ( 76561197966847701 ) R Alpha 1-2:1 (Lothaar) REMOTE PURCHASED VEHICLE CUP_B_CH53E_VIV_GER FOR 60000 POPTABS | PLAYER TOTAL MONEY: 10000
[23:42:29:398722 --7:00] [Thread 3872] PLAYER: ( 76561197966847701 ) R Alpha 1-2:1 (Lothaar) REMOTE PURCHASED ITEM V_RebreatherIA FOR 250 POPTABS | PLAYER TOTAL MONEY: 9750
[23:42:32:224595 --7:00] [Thread 4368] PLAYER: ( 76561197966847701 ) R Alpha 1-2:1 (Lothaar) REMOTE PURCHASED ITEM U_I_Wetsuit FOR 80 POPTABS | PLAYER TOTAL MONEY: 9670
[23:42:34:258972 --7:00] [Thread 3872] PLAYER: ( 76561197966847701 ) R Alpha 1-2:1 (Lothaar) REMOTE PURCHASED ITEM G_I_Diving FOR 6 POPTABS | PLAYER TOTAL MONEY: 9664
[23:43:06:693763 --7:00] [Thread 4368] PLAYER: ( 76561197966847701 ) R Alpha 1-2:1 (Lothaar) REMOTE PURCHASED ITEM B_Bergen_dgtl_F FOR 400 POPTABS | PLAYER TOTAL MONEY: 9264
[23:43:41:078708 --7:00] [Thread 3872] PLAYER: ( 76561197966847701 ) R Alpha 1-2:1 (Lothaar) REMOTE PURCHASED ITEM Exile_Item_EMRE FOR 54 POPTABS | PLAYER TOTAL MONEY: 9210
[23:43:42:007370 --7:00] [Thread 4368] PLAYER: ( 76561197966847701 ) R Alpha 1-2:1 (Lothaar) REMOTE PURCHASED ITEM Exile_Item_EMRE FOR 54 POPTABS | PLAYER TOTAL MONEY: 9156
[23:43:42:907908 --7:00] [Thread 3872] PLAYER: ( 76561197966847701 ) R Alpha 1-2:1 (Lothaar) REMOTE PURCHASED ITEM Exile_Item_EMRE FOR 54 POPTABS | PLAYER TOTAL MONEY: 9102
[23:43:44:749164 --7:00] [Thread 4368] PLAYER: ( 76561197966847701 ) R Alpha 1-2:1 (Lothaar) REMOTE PURCHASED ITEM Exile_Item_PlasticBottleCoffee FOR 70 POPTABS | PLAYER TOTAL MONEY: 9032
[23:43:45:716855 --7:00] [Thread 3872] PLAYER: ( 76561197966847701 ) R Alpha 1-2:1 (Lothaar) REMOTE PURCHASED ITEM Exile_Item_PlasticBottleCoffee FOR 70 POPTABS | PLAYER TOTAL MONEY: 8962
[23:43:46:724531 --7:00] [Thread 4368] PLAYER: ( 76561197966847701 ) R Alpha 1-2:1 (Lothaar) REMOTE PURCHASED ITEM Exile_Item_PlasticBottleCoffee FOR 70 POPTABS | PLAYER TOTAL MONEY: 8892
[23:43:47:711151 --7:00] [Thread 3872] PLAYER: ( 76561197966847701 ) R Alpha 1-2:1 (Lothaar) REMOTE PURCHASED ITEM Exile_Item_PlasticBottleCoffee FOR 70 POPTABS | PLAYER TOTAL MONEY: 8822
[23:43:48:697821 --7:00] [Thread 4368] PLAYER: ( 76561197966847701 ) R Alpha 1-2:1 (Lothaar) REMOTE PURCHASED ITEM Exile_Item_PlasticBottleCoffee FOR 70 POPTABS | PLAYER TOTAL MONEY: 8752
[23:43:49:398295 --7:00] [Thread 3872] PLAYER: ( 76561197966847701 ) R Alpha 1-2:1 (Lothaar) REMOTE PURCHASED ITEM Exile_Item_PlasticBottleCoffee FOR 70 POPTABS | PLAYER TOTAL MONEY: 8682
[23:44:07:078478 --7:00] [Thread 4368] PLAYER: ( 76561197966847701 ) R Alpha 1-2:1 (Lothaar) REMOTE PURCHASED ITEM ItemGPS FOR 40 POPTABS | PLAYER TOTAL MONEY: 8642
[23:57:50:416713 --7:00] [Thread 2560] PLAYER: ( 76561197966847701 ) R Alpha 1-2:1 (Lothaar) REMOTE SOLD ITEM Exile_Magazine_30Rnd_762x39_AK FOR 10 POPTABS AND 1 RESPECT | PLAYER TOTAL MONEY: 8652
[23:57:52:129021 --7:00] [Thread 4368] PLAYER: ( 76561197966847701 ) R Alpha 1-2:1 (Lothaar) REMOTE SOLD ITEM 20Rnd_556x45_UW_mag FOR 10 POPTABS AND 1 RESPECT | PLAYER TOTAL MONEY: 8662
[23:57:53:151705 --7:00] [Thread 4368] PLAYER: ( 76561197966847701 ) R Alpha 1-2:1 (Lothaar) REMOTE SOLD ITEM 20Rnd_556x45_UW_mag FOR 10 POPTABS AND 1 RESPECT | PLAYER TOTAL MONEY: 8672
[23:57:53:900372 --7:00] [Thread 4368] PLAYER: ( 76561197966847701 ) R Alpha 1-2:1 (Lothaar) REMOTE SOLD ITEM SatchelCharge_Remote_Mag FOR 500 POPTABS AND 50 RESPECT | PLAYER TOTAL MONEY: 9172
[23:57:56:294223 --7:00] [Thread 4368] PLAYER: ( 76561197966847701 ) R Alpha 1-2:1 (Lothaar) REMOTE SOLD ITEM Exile_Item_Vishpirin FOR 150 POPTABS AND 15 RESPECT | PLAYER TOTAL MONEY: 9322
[23:58:01:259097 --7:00] [Thread 4368] PLAYER: ( 76561197966847701 ) R Alpha 1-2:1 (Lothaar) REMOTE SOLD ITEM Exile_Weapon_AKS_Gold FOR 275 POPTABS AND 27.5 RESPECT | PLAYER TOTAL MONEY: 9597
[23:58:02:225740 --7:00] [Thread 4368] PLAYER: ( 76561197966847701 ) R Alpha 1-2:1 (Lothaar) REMOTE SOLD ITEM Exile_Weapon_TaurusGold FOR 75 POPTABS AND 7.5 RESPECT | PLAYER TOTAL MONEY: 9672
[23:58:03:169276 --7:00] [Thread 4368] PLAYER: ( 76561197966847701 ) R Alpha 1-2:1 (Lothaar) REMOTE SOLD ITEM arifle_SDAR_F FOR 325 POPTABS AND 32.5 RESPECT | PLAYER TOTAL MONEY: 9997
[23:58:03:934371 --7:00] [Thread 4368] PLAYER: ( 76561197966847701 ) R Alpha 1-2:1 (Lothaar) REMOTE SOLD ITEM G_I_Diving FOR 3 POPTABS AND 0.3 RESPECT | PLAYER TOTAL MONEY: 10000
[23:58:05:934748 --7:00] [Thread 4368] PLAYER: ( 76561197966847701 ) R Alpha 1-2:1 (Lothaar) REMOTE SOLD ITEM NVGoggles FOR 50 POPTABS AND 5 RESPECT | PLAYER TOTAL MONEY: 10050
[23:58:06:901798 --7:00] [Thread 4368] PLAYER: ( 76561197966847701 ) R Alpha 1-2:1 (Lothaar) REMOTE SOLD ITEM V_RebreatherIA FOR 125 POPTABS AND 12.5 RESPECT | PLAYER TOTAL MONEY: 10175
[23:58:36:351109 --7:00] [Thread 4368] PLAYER: ( 76561197966847701 ) R Alpha 1-2:1 (Lothaar) REMOTE SOLD ITEM Exile_Magazine_30Rnd_762x39_AK FOR 10 POPTABS AND 1 RESPECT | PLAYER TOTAL MONEY: 22936
[23:58:37:272715 --7:00] [Thread 3872] PLAYER: ( 76561197966847701 ) R Alpha 1-2:1 (Lothaar) REMOTE SOLD ITEM Exile_Magazine_6Rnd_45ACP FOR 10 POPTABS AND 1 RESPECT | PLAYER TOTAL MONEY: 22946
[23:58:38:108480 --7:00] [Thread 3872] PLAYER: ( 76561197966847701 ) R Alpha 1-2:1 (Lothaar) REMOTE SOLD ITEM Exile_Magazine_6Rnd_45ACP FOR 10 POPTABS AND 1 RESPECT | PLAYER TOTAL MONEY: 22956
[23:58:39:063837 --7:00] [Thread 3872] PLAYER: ( 76561197966847701 ) R Alpha 1-2:1 (Lothaar) REMOTE SOLD ITEM Exile_Magazine_6Rnd_45ACP FOR 10 POPTABS AND 1 RESPECT | PLAYER TOTAL MONEY: 22966
[23:58:39:940222 --7:00] [Thread 3872] PLAYER: ( 76561197966847701 ) R Alpha 1-2:1 (Lothaar) REMOTE SOLD ITEM 20Rnd_556x45_UW_mag FOR 10 POPTABS AND 1 RESPECT | PLAYER TOTAL MONEY: 22976
[23:58:40:867943 --7:00] [Thread 3872] PLAYER: ( 76561197966847701 ) R Alpha 1-2:1 (Lothaar) REMOTE SOLD ITEM SatchelCharge_Remote_Mag FOR 500 POPTABS AND 50 RESPECT | PLAYER TOTAL MONEY: 23476
[23:58:41:724846 --7:00] [Thread 3872] PLAYER: ( 76561197966847701 ) R Alpha 1-2:1 (Lothaar) REMOTE SOLD ITEM SatchelCharge_Remote_Mag FOR 500 POPTABS AND 50 RESPECT | PLAYER TOTAL MONEY: 23976
[23:58:42:543439 --7:00] [Thread 3872] PLAYER: ( 76561197966847701 ) R Alpha 1-2:1 (Lothaar) REMOTE SOLD ITEM SatchelCharge_Remote_Mag FOR 500 POPTABS AND 50 RESPECT | PLAYER TOTAL MONEY: 24476
[23:58:44:821717 --7:00] [Thread 3872] PLAYER: ( 76561197966847701 ) R Alpha 1-2:1 (Lothaar) REMOTE SOLD ITEM Exile_Item_Vishpirin FOR 150 POPTABS AND 15 RESPECT | PLAYER TOTAL MONEY: 24626
[23:58:46:248249 --7:00] [Thread 3872] PLAYER: ( 76561197966847701 ) R Alpha 1-2:1 (Lothaar) REMOTE SOLD ITEM Exile_Item_Vishpirin FOR 150 POPTABS AND 15 RESPECT | PLAYER TOTAL MONEY: 24776
[23:58:47:259052 --7:00] [Thread 3872] PLAYER: ( 76561197966847701 ) R Alpha 1-2:1 (Lothaar) REMOTE SOLD ITEM Exile_Item_Vishpirin FOR 150 POPTABS AND 15 RESPECT | PLAYER TOTAL MONEY: 24926
[23:58:48:334039 --7:00] [Thread 3872] PLAYER: ( 76561197966847701 ) R Alpha 1-2:1 (Lothaar) REMOTE SOLD ITEM Exile_Item_Vishpirin FOR 150 POPTABS AND 15 RESPECT | PLAYER TOTAL MONEY: 25076
[23:58:49:167661 --7:00] [Thread 3872] PLAYER: ( 76561197966847701 ) R Alpha 1-2:1 (Lothaar) REMOTE SOLD ITEM Exile_Item_DuctTape FOR 150 POPTABS AND 15 RESPECT | PLAYER TOTAL MONEY: 25226
[23:58:53:758262 --7:00] [Thread 3872] PLAYER: ( 76561197966847701 ) R Alpha 1-2:1 (Lothaar) REMOTE SOLD ITEM Exile_Weapon_TaurusGold FOR 75 POPTABS AND 7.5 RESPECT | PLAYER TOTAL MONEY: 25301
[23:58:54:681191 --7:00] [Thread 3872] PLAYER: ( 76561197966847701 ) R Alpha 1-2:1 (Lothaar) REMOTE SOLD ITEM Exile_Weapon_TaurusGold FOR 75 POPTABS AND 7.5 RESPECT | PLAYER TOTAL MONEY: 25376
[23:58:55:537403 --7:00] [Thread 3872] PLAYER: ( 76561197966847701 ) R Alpha 1-2:1 (Lothaar) REMOTE SOLD ITEM G_O_Diving FOR 3 POPTABS AND 0.3 RESPECT | PLAYER TOTAL MONEY: 25379
[23:58:56:357717 --7:00] [Thread 3872] PLAYER: ( 76561197966847701 ) R Alpha 1-2:1 (Lothaar) REMOTE SOLD ITEM NVGoggles_OPFOR FOR 50 POPTABS AND 5 RESPECT | PLAYER TOTAL MONEY: 25429
[23:58:59:532258 --7:00] [Thread 3872] PLAYER: ( 76561197966847701 ) R Alpha 1-2:1 (Lothaar) REMOTE SOLD ITEM NVGoggles_OPFOR FOR 50 POPTABS AND 5 RESPECT | PLAYER TOTAL MONEY: 25479
[23:59:01:549472 --7:00] [Thread 3872] PLAYER: ( 76561197966847701 ) R Alpha 1-2:1 (Lothaar) REMOTE SOLD ITEM V_RebreatherIA FOR 125 POPTABS AND 12.5 RESPECT | PLAYER TOTAL MONEY: 25604
[23:59:04:271521 --7:00] [Thread 896] PLAYER: ( 76561198168186710 ) R les vieux:1 (demonjac) REMOTE SOLD ITEM: Exile_Container_SupplyBox (ID# 92) with Cargo ["CUP_MAAWS_HEAT_M","CUP_RPG18_M","CUP_launch_MAAWS","Exile_Melee_Axe","CUP_launch_RPG18"] FOR 5050 POPTABS AND 505 RESPECT | PLAYER TOTAL MONEY: 5050
[00:17:37:368188 --7:00] [Thread 2560] PLAYER: ( 76561197966847701 ) R Alpha 1-2:1 (Lothaar) REMOTE SOLD ITEM Exile_Item_SafeKit FOR 12500 POPTABS AND 1250 RESPECT | PLAYER TOTAL MONEY: 23233
[00:17:38:241211 --7:00] [Thread 4368] PLAYER: ( 76561197966847701 ) R Alpha 1-2:1 (Lothaar) REMOTE SOLD ITEM Exile_Magazine_6Rnd_45ACP FOR 10 POPTABS AND 1 RESPECT | PLAYER TOTAL MONEY: 23243
[00:17:39:352191 --7:00] [Thread 3872] PLAYER: ( 76561197966847701 ) R Alpha 1-2:1 (Lothaar) REMOTE SOLD ITEM Exile_Magazine_6Rnd_45ACP FOR 10 POPTABS AND 1 RESPECT | PLAYER TOTAL MONEY: 23253
[00:17:40:232889 --7:00] [Thread 3872] PLAYER: ( 76561197966847701 ) R Alpha 1-2:1 (Lothaar) REMOTE SOLD ITEM Exile_Magazine_6Rnd_45ACP FOR 10 POPTABS AND 1 RESPECT | PLAYER TOTAL MONEY: 23263
[00:17:41:173421 --7:00] [Thread 3872] PLAYER: ( 76561197966847701 ) R Alpha 1-2:1 (Lothaar) REMOTE SOLD ITEM 20Rnd_556x45_UW_mag FOR 10 POPTABS AND 1 RESPECT | PLAYER TOTAL MONEY: 23273
[00:17:42:158122 --7:00] [Thread 3872] PLAYER: ( 76561197966847701 ) R Alpha 1-2:1 (Lothaar) REMOTE SOLD ITEM SatchelCharge_Remote_Mag FOR 500 POPTABS AND 50 RESPECT | PLAYER TOTAL MONEY: 23773
[00:17:42:899656 --7:00] [Thread 3872] PLAYER: ( 76561197966847701 ) R Alpha 1-2:1 (Lothaar) REMOTE SOLD ITEM SatchelCharge_Remote_Mag FOR 500 POPTABS AND 50 RESPECT | PLAYER TOTAL MONEY: 24273
[00:17:45:429887 --7:00] [Thread 3872] PLAYER: ( 76561197966847701 ) R Alpha 1-2:1 (Lothaar) REMOTE SOLD ITEM Exile_Item_Vishpirin FOR 150 POPTABS AND 15 RESPECT | PLAYER TOTAL MONEY: 24423
[00:17:46:330742 --7:00] [Thread 3872] PLAYER: ( 76561197966847701 ) R Alpha 1-2:1 (Lothaar) REMOTE SOLD ITEM Exile_Item_Vishpirin FOR 150 POPTABS AND 15 RESPECT | PLAYER TOTAL MONEY: 24573
[00:17:47:206885 --7:00] [Thread 3872] PLAYER: ( 76561197966847701 ) R Alpha 1-2:1 (Lothaar) REMOTE SOLD ITEM Exile_Item_Vishpirin FOR 150 POPTABS AND 15 RESPECT | PLAYER TOTAL MONEY: 24723
[00:17:48:172051 --7:00] [Thread 3872] PLAYER: ( 76561197966847701 ) R Alpha 1-2:1 (Lothaar) REMOTE SOLD ITEM Exile_Item_Vishpirin FOR 150 POPTABS AND 15 RESPECT | PLAYER TOTAL MONEY: 24873
[00:17:49:007721 --7:00] [Thread 3872] PLAYER: ( 76561197966847701 ) R Alpha 1-2:1 (Lothaar) REMOTE SOLD ITEM Exile_Weapon_AKS_Gold FOR 275 POPTABS AND 27.5 RESPECT | PLAYER TOTAL MONEY: 25148
[00:17:49:953193 --7:00] [Thread 3872] PLAYER: ( 76561197966847701 ) R Alpha 1-2:1 (Lothaar) REMOTE SOLD ITEM Exile_Weapon_TaurusGold FOR 75 POPTABS AND 7.5 RESPECT | PLAYER TOTAL MONEY: 25223
[00:17:50:895045 --7:00] [Thread 3872] PLAYER: ( 76561197966847701 ) R Alpha 1-2:1 (Lothaar) REMOTE SOLD ITEM G_Diving FOR 3 POPTABS AND 0.3 RESPECT | PLAYER TOTAL MONEY: 25226
[00:17:51:797798 --7:00] [Thread 3872] PLAYER: ( 76561197966847701 ) R Alpha 1-2:1 (Lothaar) REMOTE SOLD ITEM G_Diving FOR 3 POPTABS AND 0.3 RESPECT | PLAYER TOTAL MONEY: 25229
[00:17:52:742535 --7:00] [Thread 3872] PLAYER: ( 76561197966847701 ) R Alpha 1-2:1 (Lothaar) REMOTE SOLD ITEM NVGoggles_INDEP FOR 50 POPTABS AND 5 RESPECT | PLAYER TOTAL MONEY: 25279
[00:17:53:666191 --7:00] [Thread 3872] PLAYER: ( 76561197966847701 ) R Alpha 1-2:1 (Lothaar) REMOTE SOLD ITEM V_RebreatherB FOR 125 POPTABS AND 12.5 RESPECT | PLAYER TOTAL MONEY: 25404
[00:17:54:390040 --7:00] [Thread 3872] PLAYER: ( 76561197966847701 ) R Alpha 1-2:1 (Lothaar) REMOTE SOLD ITEM V_RebreatherB FOR 125 POPTABS AND 12.5 RESPECT | PLAYER TOTAL MONEY: 25529
[00:18:04:853708 --7:00] [Thread 3872] PLAYER: ( 76561197966847701 ) R Alpha 1-2:1 (Lothaar) REMOTE SOLD ITEM Exile_Item_SafeKit FOR 12500 POPTABS AND 1250 RESPECT | PLAYER TOTAL MONEY: 38029
[00:18:05:753139 --7:00] [Thread 3872] PLAYER: ( 76561197966847701 ) R Alpha 1-2:1 (Lothaar) REMOTE SOLD ITEM Exile_Magazine_30Rnd_762x39_AK FOR 10 POPTABS AND 1 RESPECT | PLAYER TOTAL MONEY: 38039
[00:18:06:520842 --7:00] [Thread 3872] PLAYER: ( 76561197966847701 ) R Alpha 1-2:1 (Lothaar) REMOTE SOLD ITEM 20Rnd_556x45_UW_mag FOR 10 POPTABS AND 1 RESPECT | PLAYER TOTAL MONEY: 38049
[00:18:07:419473 --7:00] [Thread 3872] PLAYER: ( 76561197966847701 ) R Alpha 1-2:1 (Lothaar) REMOTE SOLD ITEM 20Rnd_556x45_UW_mag FOR 10 POPTABS AND 1 RESPECT | PLAYER TOTAL MONEY: 38059
[00:18:08:298847 --7:00] [Thread 3872] PLAYER: ( 76561197966847701 ) R Alpha 1-2:1 (Lothaar) REMOTE SOLD ITEM 20Rnd_556x45_UW_mag FOR 10 POPTABS AND 1 RESPECT | PLAYER TOTAL MONEY: 38069
[00:18:09:180903 --7:00] [Thread 3872] PLAYER: ( 76561197966847701 ) R Alpha 1-2:1 (Lothaar) REMOTE SOLD ITEM SatchelCharge_Remote_Mag FOR 500 POPTABS AND 50 RESPECT | PLAYER TOTAL MONEY: 38569
[00:18:09:796243 --7:00] [Thread 3872] PLAYER: ( 76561197966847701 ) R Alpha 1-2:1 (Lothaar) REMOTE SOLD ITEM SatchelCharge_Remote_Mag FOR 500 POPTABS AND 50 RESPECT | PLAYER TOTAL MONEY: 39069
[00:18:11:837166 --7:00] [Thread 3872] PLAYER: ( 76561197966847701 ) R Alpha 1-2:1 (Lothaar) REMOTE SOLD ITEM Exile_Item_Vishpirin FOR 150 POPTABS AND 15 RESPECT | PLAYER TOTAL MONEY: 39219
[00:18:12:713699 --7:00] [Thread 3872] PLAYER: ( 76561197966847701 ) R Alpha 1-2:1 (Lothaar) REMOTE SOLD ITEM Exile_Item_Vishpirin FOR 150 POPTABS AND 15 RESPECT | PLAYER TOTAL MONEY: 39369
[00:18:13:475187 --7:00] [Thread 3872] PLAYER: ( 76561197966847701 ) R Alpha 1-2:1 (Lothaar) REMOTE SOLD ITEM Exile_Item_DuctTape FOR 150 POPTABS AND 15 RESPECT | PLAYER TOTAL MONEY: 39519
[00:18:14:395635 --7:00] [Thread 3872] PLAYER: ( 76561197966847701 ) R Alpha 1-2:1 (Lothaar) REMOTE SOLD ITEM Exile_Item_DuctTape FOR 150 POPTABS AND 15 RESPECT | PLAYER TOTAL MONEY: 39669
[00:18:15:072250 --7:00] [Thread 3872] PLAYER: ( 76561197966847701 ) R Alpha 1-2:1 (Lothaar) REMOTE SOLD ITEM Exile_Weapon_TaurusGold FOR 75 POPTABS AND 7.5 RESPECT | PLAYER TOTAL MONEY: 39744
[00:18:15:981303 --7:00] [Thread 3872] PLAYER: ( 76561197966847701 ) R Alpha 1-2:1 (Lothaar) REMOTE SOLD ITEM Exile_Weapon_TaurusGold FOR 75 POPTABS AND 7.5 RESPECT | PLAYER TOTAL MONEY: 39819
[00:18:16:833394 --7:00] [Thread 3872] PLAYER: ( 76561197966847701 ) R Alpha 1-2:1 (Lothaar) REMOTE SOLD ITEM G_Diving FOR 3 POPTABS AND 0.3 RESPECT | PLAYER TOTAL MONEY: 39822
[00:18:17:684989 --7:00] [Thread 3872] PLAYER: ( 76561197966847701 ) R Alpha 1-2:1 (Lothaar) REMOTE SOLD ITEM G_Diving FOR 3 POPTABS AND 0.3 RESPECT | PLAYER TOTAL MONEY: 39825
[00:18:18:517463 --7:00] [Thread 3872] PLAYER: ( 76561197966847701 ) R Alpha 1-2:1 (Lothaar) REMOTE SOLD ITEM NVGoggles_OPFOR FOR 50 POPTABS AND 5 RESPECT | PLAYER TOTAL MONEY: 39875
[00:18:19:325101 --7:00] [Thread 3872] PLAYER: ( 76561197966847701 ) R Alpha 1-2:1 (Lothaar) REMOTE SOLD ITEM NVGoggles_OPFOR FOR 50 POPTABS AND 5 RESPECT | PLAYER TOTAL MONEY: 39925
[00:18:20:116942 --7:00] [Thread 3872] PLAYER: ( 76561197966847701 ) R Alpha 1-2:1 (Lothaar) REMOTE SOLD ITEM NVGoggles_OPFOR FOR 50 POPTABS AND 5 RESPECT | PLAYER TOTAL MONEY: 39975
[00:18:20:975017 --7:00] [Thread 3872] PLAYER: ( 76561197966847701 ) R Alpha 1-2:1 (Lothaar) REMOTE SOLD ITEM V_RebreatherB FOR 125 POPTABS AND 12.5 RESPECT | PLAYER TOTAL MONEY: 40100
[00:18:21:502076 --7:00] [Thread 3872] PLAYER: ( 76561197966847701 ) R Alpha 1-2:1 (Lothaar) REMOTE SOLD ITEM V_RebreatherB FOR 125 POPTABS AND 12.5 RESPECT | PLAYER TOTAL MONEY: 40225
[00:21:02:812647 --7:00] [Thread 4368] PLAYER: ( 76561197966847701 ) R Alpha 1-2:1 (Lothaar) REMOTE PURCHASED ITEM Exile_Uniform_Woodland FOR 150 POPTABS | PLAYER TOTAL MONEY: 10075
[00:21:25:755044 --7:00] [Thread 2560] PLAYER: ( 76561197966847701 ) R Alpha 1-2:1 (Lothaar) REMOTE PURCHASED ITEM H_HelmetSpecB FOR 80 POPTABS | PLAYER TOTAL MONEY: 9995
[00:21:38:951119 --7:00] [Thread 4368] PLAYER: ( 76561197966847701 ) R Alpha 1-2:1 (Lothaar) REMOTE PURCHASED ITEM V_PlateCarrierGL_blk FOR 500 POPTABS | PLAYER TOTAL MONEY: 9495
[00:22:11:840560 --7:00] [Thread 2560] PLAYER: ( 76561197966847701 ) R Alpha 1-2:1 (Lothaar) REMOTE PURCHASED ITEM B_ViperHarness_blk_F FOR 250 POPTABS | PLAYER TOTAL MONEY: 9245
[00:22:54:506880 --7:00] [Thread 2560] PLAYER: ( 76561197966847701 ) R Alpha 1-2:1 (Lothaar) REMOTE PURCHASED ITEM LMG_03_F FOR 300 POPTABS | PLAYER TOTAL MONEY: 8945
[00:23:10:370705 --7:00] [Thread 4368] PLAYER: ( 76561197966847701 ) R Alpha 1-2:1 (Lothaar) REMOTE PURCHASED ITEM muzzle_snds_M FOR 10 POPTABS | PLAYER TOTAL MONEY: 8935
[00:23:15:483458 --7:00] [Thread 2560] PLAYER: ( 76561197966847701 ) R Alpha 1-2:1 (Lothaar) REMOTE PURCHASED ITEM acc_pointer_IR FOR 10 POPTABS | PLAYER TOTAL MONEY: 8925
[00:23:22:294672 --7:00] [Thread 4368] PLAYER: ( 76561197966847701 ) R Alpha 1-2:1 (Lothaar) REMOTE PURCHASED ITEM optic_tws_mg FOR 1500 POPTABS | PLAYER TOTAL MONEY: 7425
[00:23:46:795856 --7:00] [Thread 2560] PLAYER: ( 76561197966847701 ) R Alpha 1-2:1 (Lothaar) REMOTE PURCHASED ITEM 200Rnd_556x45_Box_F FOR 90 POPTABS | PLAYER TOTAL MONEY: 7335
[00:23:47:998207 --7:00] [Thread 4368] PLAYER: ( 76561197966847701 ) R Alpha 1-2:1 (Lothaar) REMOTE PURCHASED ITEM 200Rnd_556x45_Box_F FOR 90 POPTABS | PLAYER TOTAL MONEY: 7245
[00:23:49:144261 --7:00] [Thread 2560] PLAYER: ( 76561197966847701 ) R Alpha 1-2:1 (Lothaar) REMOTE PURCHASED ITEM 200Rnd_556x45_Box_F FOR 90 POPTABS | PLAYER TOTAL MONEY: 7155
[00:23:50:376938 --7:00] [Thread 4368] PLAYER: ( 76561197966847701 ) R Alpha 1-2:1 (Lothaar) REMOTE PURCHASED ITEM 200Rnd_556x45_Box_F FOR 90 POPTABS | PLAYER TOTAL MONEY: 7065
[00:23:51:604570 --7:00] [Thread 2560] PLAYER: ( 76561197966847701 ) R Alpha 1-2:1 (Lothaar) REMOTE PURCHASED ITEM 200Rnd_556x45_Box_F FOR 90 POPTABS | PLAYER TOTAL MONEY: 6975
[00:23:52:816074 --7:00] [Thread 4368] PLAYER: ( 76561197966847701 ) R Alpha 1-2:1 (Lothaar) REMOTE PURCHASED ITEM 200Rnd_556x45_Box_F FOR 90 POPTABS | PLAYER TOTAL MONEY: 6885
[00:23:54:132971 --7:00] [Thread 2560] PLAYER: ( 76561197966847701 ) R Alpha 1-2:1 (Lothaar) REMOTE PURCHASED ITEM 200Rnd_556x45_Box_F FOR 90 POPTABS | PLAYER TOTAL MONEY: 6795
[00:23:55:357855 --7:00] [Thread 4368] PLAYER: ( 76561197966847701 ) R Alpha 1-2:1 (Lothaar) REMOTE PURCHASED ITEM 200Rnd_556x45_Box_F FOR 90 POPTABS | PLAYER TOTAL MONEY: 6705
[00:23:58:033144 --7:00] [Thread 2560] PLAYER: ( 76561197966847701 ) R Alpha 1-2:1 (Lothaar) REMOTE PURCHASED ITEM 200Rnd_556x45_Box_F FOR 90 POPTABS | PLAYER TOTAL MONEY: 6615
[00:23:59:504339 --7:00] [Thread 4368] PLAYER: ( 76561197966847701 ) R Alpha 1-2:1 (Lothaar) REMOTE PURCHASED ITEM 200Rnd_556x45_Box_F FOR 90 POPTABS | PLAYER TOTAL MONEY: 6525
[00:24:25:619697 --7:00] [Thread 2560] PLAYER: ( 76561197966847701 ) R Alpha 1-2:1 (Lothaar) REMOTE PURCHASED ITEM 200Rnd_556x45_Box_F FOR 90 POPTABS | PLAYER TOTAL MONEY: 6435
[00:24:26:738321 --7:00] [Thread 4368] PLAYER: ( 76561197966847701 ) R Alpha 1-2:1 (Lothaar) REMOTE PURCHASED ITEM 200Rnd_556x45_Box_F FOR 90 POPTABS | PLAYER TOTAL MONEY: 6345
[00:24:27:748258 --7:00] [Thread 2560] PLAYER: ( 76561197966847701 ) R Alpha 1-2:1 (Lothaar) REMOTE PURCHASED ITEM 200Rnd_556x45_Box_F FOR 90 POPTABS | PLAYER TOTAL MONEY: 6255
[00:25:24:553985 --7:00] [Thread 4368] PLAYER: ( 76561197966847701 ) R Alpha 1-2:1 (Lothaar) REMOTE PURCHASED ITEM Exile_Item_InstaDoc FOR 1250 POPTABS | PLAYER TOTAL MONEY: 5005
[00:25:31:484973 --7:00] [Thread 2560] PLAYER: ( 76561197966847701 ) R Alpha 1-2:1 (Lothaar) REMOTE PURCHASED ITEM Exile_Item_Vishpirin FOR 300 POPTABS | PLAYER TOTAL MONEY: 4705
[00:39:15:948138 --7:00] [Thread 5000] PLAYER: ( 76561197990813594 ) R Raven Core:1 (Saber One) REMOTE SOLD ITEM arifle_SPAR_01_khk_F FOR 265 POPTABS AND 26.5 RESPECT | PLAYER TOTAL MONEY: 2314
[00:39:20:324218 --7:00] [Thread 5096] PLAYER: ( 76561197990813594 ) R Raven Core:1 (Saber One) REMOTE PURCHASED ITEM SMG_05_F FOR 150 POPTABS | PLAYER TOTAL MONEY: 2164
[00:39:28:361923 --7:00] [Thread 396] PLAYER: ( 76561197990813594 ) R Raven Core:1 (Saber One) REMOTE PURCHASED ITEM acc_flashlight FOR 4 POPTABS | PLAYER TOTAL MONEY: 2160
[00:39:35:834243 --7:00] [Thread 5096] PLAYER: ( 76561197990813594 ) R Raven Core:1 (Saber One) REMOTE PURCHASED ITEM optic_Aco_smg FOR 70 POPTABS | PLAYER TOTAL MONEY: 2090
[00:39:39:798990 --7:00] [Thread 396] PLAYER: ( 76561197990813594 ) R Raven Core:1 (Saber One) REMOTE PURCHASED ITEM 30Rnd_9x21_Mag_SMG_02 FOR 10 POPTABS | PLAYER TOTAL MONEY: 2080
[00:39:40:150188 --7:00] [Thread 5096] PLAYER: ( 76561197990813594 ) R Raven Core:1 (Saber One) REMOTE PURCHASED ITEM 30Rnd_9x21_Mag_SMG_02 FOR 10 POPTABS | PLAYER TOTAL MONEY: 2070
[00:39:40:545427 --7:00] [Thread 396] PLAYER: ( 76561197990813594 ) R Raven Core:1 (Saber One) REMOTE PURCHASED ITEM 30Rnd_9x21_Mag_SMG_02 FOR 10 POPTABS | PLAYER TOTAL MONEY: 2060
[00:39:40:809842 --7:00] [Thread 5096] PLAYER: ( 76561197990813594 ) R Raven Core:1 (Saber One) REMOTE PURCHASED ITEM 30Rnd_9x21_Mag_SMG_02 FOR 10 POPTABS | PLAYER TOTAL MONEY: 2050
[00:39:41:117173 --7:00] [Thread 396] PLAYER: ( 76561197990813594 ) R Raven Core:1 (Saber One) REMOTE PURCHASED ITEM 30Rnd_9x21_Mag_SMG_02 FOR 10 POPTABS | PLAYER TOTAL MONEY: 2040
[00:39:41:378711 --7:00] [Thread 5096] PLAYER: ( 76561197990813594 ) R Raven Core:1 (Saber One) REMOTE PURCHASED ITEM 30Rnd_9x21_Mag_SMG_02 FOR 10 POPTABS | PLAYER TOTAL MONEY: 2030
[00:39:41:708955 --7:00] [Thread 396] PLAYER: ( 76561197990813594 ) R Raven Core:1 (Saber One) REMOTE PURCHASED ITEM 30Rnd_9x21_Mag_SMG_02 FOR 10 POPTABS | PLAYER TOTAL MONEY: 2020
[00:39:41:928030 --7:00] [Thread 5096] PLAYER: ( 76561197990813594 ) R Raven Core:1 (Saber One) REMOTE PURCHASED ITEM 30Rnd_9x21_Mag_SMG_02 FOR 10 POPTABS | PLAYER TOTAL MONEY: 2010
[00:39:42:234250 --7:00] [Thread 396] PLAYER: ( 76561197990813594 ) R Raven Core:1 (Saber One) REMOTE PURCHASED ITEM 30Rnd_9x21_Mag_SMG_02 FOR 10 POPTABS | PLAYER TOTAL MONEY: 2000
[00:39:42:454751 --7:00] [Thread 5096] PLAYER: ( 76561197990813594 ) R Raven Core:1 (Saber One) REMOTE PURCHASED ITEM 30Rnd_9x21_Mag_SMG_02 FOR 10 POPTABS | PLAYER TOTAL MONEY: 1990
[00:39:42:827067 --7:00] [Thread 396] PLAYER: ( 76561197990813594 ) R Raven Core:1 (Saber One) REMOTE PURCHASED ITEM 30Rnd_9x21_Mag_SMG_02 FOR 10 POPTABS | PLAYER TOTAL MONEY: 1980
[00:39:43:047025 --7:00] [Thread 5096] PLAYER: ( 76561197990813594 ) R Raven Core:1 (Saber One) REMOTE PURCHASED ITEM 30Rnd_9x21_Mag_SMG_02 FOR 10 POPTABS | PLAYER TOTAL MONEY: 1970
[00:39:43:353356 --7:00] [Thread 396] PLAYER: ( 76561197990813594 ) R Raven Core:1 (Saber One) REMOTE PURCHASED ITEM 30Rnd_9x21_Mag_SMG_02 FOR 10 POPTABS | PLAYER TOTAL MONEY: 1960
[00:39:45:460909 --7:00] [Thread 5096] PLAYER: ( 76561197990813594 ) R Raven Core:1 (Saber One) REMOTE PURCHASED ITEM 30Rnd_9x21_Mag_SMG_02_Tracer_Green FOR 15 POPTABS | PLAYER TOTAL MONEY: 1945
[00:39:45:740063 --7:00] [Thread 396] PLAYER: ( 76561197990813594 ) R Raven Core:1 (Saber One) REMOTE PURCHASED ITEM 30Rnd_9x21_Mag_SMG_02_Tracer_Green FOR 15 POPTABS | PLAYER TOTAL MONEY: 1930
[00:41:56:197262 --7:00] [Thread 5096] PLAYER: ( 76561197966847701 ) R Alpha 1-2:1 (Lothaar) REMOTE PURCHASED ITEM SmokeShell FOR 6 POPTABS | PLAYER TOTAL MONEY: 14699
[00:41:57:029100 --7:00] [Thread 396] PLAYER: ( 76561197966847701 ) R Alpha 1-2:1 (Lothaar) REMOTE PURCHASED ITEM SmokeShell FOR 6 POPTABS | PLAYER TOTAL MONEY: 14693
[00:41:57:859121 --7:00] [Thread 5096] PLAYER: ( 76561197966847701 ) R Alpha 1-2:1 (Lothaar) REMOTE PURCHASED ITEM SmokeShell FOR 6 POPTABS | PLAYER TOTAL MONEY: 14687
[00:41:58:606467 --7:00] [Thread 396] PLAYER: ( 76561197966847701 ) R Alpha 1-2:1 (Lothaar) REMOTE PURCHASED ITEM SmokeShell FOR 6 POPTABS | PLAYER TOTAL MONEY: 14681
[00:41:59:381071 --7:00] [Thread 5096] PLAYER: ( 76561197966847701 ) R Alpha 1-2:1 (Lothaar) REMOTE PURCHASED ITEM SmokeShell FOR 6 POPTABS | PLAYER TOTAL MONEY: 14675
[00:42:00:168167 --7:00] [Thread 5096] PLAYER: ( 76561197966847701 ) R Alpha 1-2:1 (Lothaar) REMOTE PURCHASED ITEM SmokeShell FOR 6 POPTABS | PLAYER TOTAL MONEY: 14669
[00:42:00:943397 --7:00] [Thread 396] PLAYER: ( 76561197966847701 ) R Alpha 1-2:1 (Lothaar) REMOTE PURCHASED ITEM SmokeShell FOR 6 POPTABS | PLAYER TOTAL MONEY: 14663
[00:42:01:825116 --7:00] [Thread 5096] PLAYER: ( 76561197966847701 ) R Alpha 1-2:1 (Lothaar) REMOTE PURCHASED ITEM SmokeShell FOR 6 POPTABS | PLAYER TOTAL MONEY: 14657
[00:42:02:665294 --7:00] [Thread 396] PLAYER: ( 76561197966847701 ) R Alpha 1-2:1 (Lothaar) REMOTE PURCHASED ITEM SmokeShell FOR 6 POPTABS | PLAYER TOTAL MONEY: 14651
[00:42:03:489782 --7:00] [Thread 5096] PLAYER: ( 76561197966847701 ) R Alpha 1-2:1 (Lothaar) REMOTE PURCHASED ITEM SmokeShell FOR 6 POPTABS | PLAYER TOTAL MONEY: 14645
[00:42:04:330284 --7:00] [Thread 396] PLAYER: ( 76561197966847701 ) R Alpha 1-2:1 (Lothaar) REMOTE PURCHASED ITEM SmokeShell FOR 6 POPTABS | PLAYER TOTAL MONEY: 14639
[00:42:13:501517 --7:00] [Thread 5096] PLAYER: ( 76561197966847701 ) R Alpha 1-2:1 (Lothaar) REMOTE PURCHASED ITEM HandGrenade FOR 40 POPTABS | PLAYER TOTAL MONEY: 14599
[00:42:14:472010 --7:00] [Thread 396] PLAYER: ( 76561197966847701 ) R Alpha 1-2:1 (Lothaar) REMOTE PURCHASED ITEM HandGrenade FOR 40 POPTABS | PLAYER TOTAL MONEY: 14559
[00:42:15:499840 --7:00] [Thread 5096] PLAYER: ( 76561197966847701 ) R Alpha 1-2:1 (Lothaar) REMOTE PURCHASED ITEM HandGrenade FOR 40 POPTABS | PLAYER TOTAL MONEY: 14519
[00:42:16:505126 --7:00] [Thread 396] PLAYER: ( 76561197966847701 ) R Alpha 1-2:1 (Lothaar) REMOTE PURCHASED ITEM HandGrenade FOR 40 POPTABS | PLAYER TOTAL MONEY: 14479
[00:42:17:509408 --7:00] [Thread 5096] PLAYER: ( 76561197966847701 ) R Alpha 1-2:1 (Lothaar) REMOTE PURCHASED ITEM HandGrenade FOR 40 POPTABS | PLAYER TOTAL MONEY: 14439
[00:42:18:581311 --7:00] [Thread 396] PLAYER: ( 76561197966847701 ) R Alpha 1-2:1 (Lothaar) REMOTE PURCHASED ITEM HandGrenade FOR 40 POPTABS | PLAYER TOTAL MONEY: 14399
[00:42:19:560289 --7:00] [Thread 5096] PLAYER: ( 76561197966847701 ) R Alpha 1-2:1 (Lothaar) REMOTE PURCHASED ITEM HandGrenade FOR 40 POPTABS | PLAYER TOTAL MONEY: 14359
[00:42:20:610126 --7:00] [Thread 396] PLAYER: ( 76561197966847701 ) R Alpha 1-2:1 (Lothaar) REMOTE PURCHASED ITEM HandGrenade FOR 40 POPTABS | PLAYER TOTAL MONEY: 14319
[00:42:21:932862 --7:00] [Thread 5096] PLAYER: ( 76561197966847701 ) R Alpha 1-2:1 (Lothaar) REMOTE PURCHASED ITEM HandGrenade FOR 40 POPTABS | PLAYER TOTAL MONEY: 14279
[00:42:22:793525 --7:00] [Thread 396] PLAYER: ( 76561197966847701 ) R Alpha 1-2:1 (Lothaar) REMOTE PURCHASED ITEM HandGrenade FOR 40 POPTABS | PLAYER TOTAL MONEY: 14239
[00:42:38:228644 --7:00] [Thread 5096] PLAYER: ( 76561197966847701 ) R Alpha 1-2:1 (Lothaar) REMOTE PURCHASED ITEM Exile_Headgear_GasMask FOR 500 POPTABS | PLAYER TOTAL MONEY: 13739
[00:44:22:883110 --7:00] [Thread 396] PLAYER: ( 76561197966847701 ) R Alpha 1-2:1 (Lothaar) REMOTE PURCHASED ITEM HandGrenade FOR 40 POPTABS | PLAYER TOTAL MONEY: 13699
[00:44:23:790843 --7:00] [Thread 5000] PLAYER: ( 76561197966847701 ) R Alpha 1-2:1 (Lothaar) REMOTE PURCHASED ITEM HandGrenade FOR 40 POPTABS | PLAYER TOTAL MONEY: 13659
[00:44:24:797400 --7:00] [Thread 396] PLAYER: ( 76561197966847701 ) R Alpha 1-2:1 (Lothaar) REMOTE PURCHASED ITEM HandGrenade FOR 40 POPTABS | PLAYER TOTAL MONEY: 13619
[00:44:25:909365 --7:00] [Thread 5000] PLAYER: ( 76561197966847701 ) R Alpha 1-2:1 (Lothaar) REMOTE PURCHASED ITEM HandGrenade FOR 40 POPTABS | PLAYER TOTAL MONEY: 13579
[00:44:26:916017 --7:00] [Thread 396] PLAYER: ( 76561197966847701 ) R Alpha 1-2:1 (Lothaar) REMOTE PURCHASED ITEM HandGrenade FOR 40 POPTABS | PLAYER TOTAL MONEY: 13539
[00:45:00:557560 --7:00] [Thread 5000] PLAYER: ( 76561197966847701 ) R Alpha 1-2:1 (Lothaar) REMOTE PURCHASED ITEM APERSBoundingMine_Range_Mag FOR 500 POPTABS | PLAYER TOTAL MONEY: 13039
[00:45:01:735393 --7:00] [Thread 5000] PLAYER: ( 76561197966847701 ) R Alpha 1-2:1 (Lothaar) REMOTE PURCHASED ITEM APERSBoundingMine_Range_Mag FOR 500 POPTABS | PLAYER TOTAL MONEY: 12539
[00:45:02:832289 --7:00] [Thread 396] PLAYER: ( 76561197966847701 ) R Alpha 1-2:1 (Lothaar) REMOTE PURCHASED ITEM APERSBoundingMine_Range_Mag FOR 500 POPTABS | PLAYER TOTAL MONEY: 12039
[00:45:03:884514 --7:00] [Thread 5000] PLAYER: ( 76561197966847701 ) R Alpha 1-2:1 (Lothaar) REMOTE PURCHASED ITEM APERSBoundingMine_Range_Mag FOR 500 POPTABS | PLAYER TOTAL MONEY: 11539
[00:45:04:998374 --7:00] [Thread 396] PLAYER: ( 76561197966847701 ) R Alpha 1-2:1 (Lothaar) REMOTE PURCHASED ITEM APERSBoundingMine_Range_Mag FOR 500 POPTABS | PLAYER TOTAL MONEY: 11039
[00:45:06:005879 --7:00] [Thread 5000] PLAYER: ( 76561197966847701 ) R Alpha 1-2:1 (Lothaar) REMOTE PURCHASED ITEM APERSBoundingMine_Range_Mag FOR 500 POPTABS | PLAYER TOTAL MONEY: 10539
[00:45:07:078260 --7:00] [Thread 396] PLAYER: ( 76561197966847701 ) R Alpha 1-2:1 (Lothaar) REMOTE PURCHASED ITEM APERSBoundingMine_Range_Mag FOR 500 POPTABS | PLAYER TOTAL MONEY: 10039
[00:45:08:106167 --7:00] [Thread 5000] PLAYER: ( 76561197966847701 ) R Alpha 1-2:1 (Lothaar) REMOTE PURCHASED ITEM APERSBoundingMine_Range_Mag FOR 500 POPTABS | PLAYER TOTAL MONEY: 9539
[00:46:21:669868 --7:00] [Thread 396] PLAYER: ( 76561197966847701 ) R Alpha 1-2:1 (Lothaar) REMOTE PURCHASED ITEM HandGrenade FOR 40 POPTABS | PLAYER TOTAL MONEY: 9499
[00:46:22:784015 --7:00] [Thread 5000] PLAYER: ( 76561197966847701 ) R Alpha 1-2:1 (Lothaar) REMOTE PURCHASED ITEM HandGrenade FOR 40 POPTABS | PLAYER TOTAL MONEY: 9459
[00:46:23:888849 --7:00] [Thread 396] PLAYER: ( 76561197966847701 ) R Alpha 1-2:1 (Lothaar) REMOTE PURCHASED ITEM HandGrenade FOR 40 POPTABS | PLAYER TOTAL MONEY: 9419
[00:46:24:961969 --7:00] [Thread 5000] PLAYER: ( 76561197966847701 ) R Alpha 1-2:1 (Lothaar) REMOTE PURCHASED ITEM HandGrenade FOR 40 POPTABS | PLAYER TOTAL MONEY: 9379
[00:46:25:780508 --7:00] [Thread 5000] PLAYER: ( 76561197966847701 ) R Alpha 1-2:1 (Lothaar) REMOTE PURCHASED ITEM HandGrenade FOR 40 POPTABS | PLAYER TOTAL MONEY: 9339
[00:46:32:231191 --7:00] [Thread 396] PLAYER: ( 76561197966847701 ) R Alpha 1-2:1 (Lothaar) REMOTE PURCHASED ITEM Exile_Headgear_GasMask FOR 500 POPTABS | PLAYER TOTAL MONEY: 8839
[00:47:54:717635 --7:00] [Thread 5000] PLAYER: ( 76561197966847701 ) R Alpha 1-2:1 (Lothaar) REMOTE PURCHASED ITEM CUP_launch_RPG18 FOR 5000 POPTABS | PLAYER TOTAL MONEY: 3839
[00:49:10:617055 --7:00] [Thread 5096] PLAYER: ( 76561197966847701 ) R Alpha 1-2:1 (Lothaar) REMOTE PURCHASED ITEM SmokeShell FOR 6 POPTABS | PLAYER TOTAL MONEY: 3833
[00:49:11:709214 --7:00] [Thread 5000] PLAYER: ( 76561197966847701 ) R Alpha 1-2:1 (Lothaar) REMOTE PURCHASED ITEM SmokeShell FOR 6 POPTABS | PLAYER TOTAL MONEY: 3827
[00:49:12:763774 --7:00] [Thread 5096] PLAYER: ( 76561197966847701 ) R Alpha 1-2:1 (Lothaar) REMOTE PURCHASED ITEM SmokeShell FOR 6 POPTABS | PLAYER TOTAL MONEY: 3821
[00:49:13:895055 --7:00] [Thread 5000] PLAYER: ( 76561197966847701 ) R Alpha 1-2:1 (Lothaar) REMOTE PURCHASED ITEM SmokeShell FOR 6 POPTABS | PLAYER TOTAL MONEY: 3815
[00:49:15:025451 --7:00] [Thread 5096] PLAYER: ( 76561197966847701 ) R Alpha 1-2:1 (Lothaar) REMOTE PURCHASED ITEM SmokeShell FOR 6 POPTABS | PLAYER TOTAL MONEY: 3809
[00:49:20:758502 --7:00] [Thread 5000] PLAYER: ( 76561197966847701 ) R Alpha 1-2:1 (Lothaar) REMOTE PURCHASED ITEM SmokeShellGreen FOR 6 POPTABS | PLAYER TOTAL MONEY: 3803
[00:49:23:584413 --7:00] [Thread 5096] PLAYER: ( 76561197966847701 ) R Alpha 1-2:1 (Lothaar) REMOTE PURCHASED ITEM SmokeShellRed FOR 6 POPTABS | PLAYER TOTAL MONEY: 3797
[00:49:28:147351 --7:00] [Thread 5000] PLAYER: ( 76561197966847701 ) R Alpha 1-2:1 (Lothaar) REMOTE PURCHASED ITEM SmokeShellGreen FOR 6 POPTABS | PLAYER TOTAL MONEY: 3791
[00:49:29:093079 --7:00] [Thread 5096] PLAYER: ( 76561197966847701 ) R Alpha 1-2:1 (Lothaar) REMOTE PURCHASED ITEM SmokeShellGreen FOR 6 POPTABS | PLAYER TOTAL MONEY: 3785
[00:49:29:958608 --7:00] [Thread 5000] PLAYER: ( 76561197966847701 ) R Alpha 1-2:1 (Lothaar) REMOTE PURCHASED ITEM SmokeShellGreen FOR 6 POPTABS | PLAYER TOTAL MONEY: 3779
[00:49:30:864174 --7:00] [Thread 5096] PLAYER: ( 76561197966847701 ) R Alpha 1-2:1 (Lothaar) REMOTE PURCHASED ITEM SmokeShellGreen FOR 6 POPTABS | PLAYER TOTAL MONEY: 3773
[00:49:32:833325 --7:00] [Thread 5000] PLAYER: ( 76561197966847701 ) R Alpha 1-2:1 (Lothaar) REMOTE PURCHASED ITEM SmokeShellRed FOR 6 POPTABS | PLAYER TOTAL MONEY: 3767
[00:49:33:926953 --7:00] [Thread 5096] PLAYER: ( 76561197966847701 ) R Alpha 1-2:1 (Lothaar) REMOTE PURCHASED ITEM SmokeShellRed FOR 6 POPTABS | PLAYER TOTAL MONEY: 3761
[00:49:34:900638 --7:00] [Thread 5000] PLAYER: ( 76561197966847701 ) R Alpha 1-2:1 (Lothaar) REMOTE PURCHASED ITEM SmokeShellRed FOR 6 POPTABS | PLAYER TOTAL MONEY: 3755
[00:49:35:845271 --7:00] [Thread 5096] PLAYER: ( 76561197966847701 ) R Alpha 1-2:1 (Lothaar) REMOTE PURCHASED ITEM SmokeShellRed FOR 6 POPTABS | PLAYER TOTAL MONEY: 3749
[00:51:05:718867 --7:00] [Thread 5072] PLAYER: ( 76561197966847701 ) R Alpha 1-2:1 (Lothaar) REMOTE PURCHASED ITEM ClaymoreDirectionalMine_Remote_Mag FOR 350 POPTABS | PLAYER TOTAL MONEY: 3399
[00:51:06:901290 --7:00] [Thread 396] PLAYER: ( 76561197966847701 ) R Alpha 1-2:1 (Lothaar) REMOTE PURCHASED ITEM ClaymoreDirectionalMine_Remote_Mag FOR 350 POPTABS | PLAYER TOTAL MONEY: 3049
[00:51:08:018473 --7:00] [Thread 5072] PLAYER: ( 76561197966847701 ) R Alpha 1-2:1 (Lothaar) REMOTE PURCHASED ITEM ClaymoreDirectionalMine_Remote_Mag FOR 350 POPTABS | PLAYER TOTAL MONEY: 2699
[00:52:27:374680 --7:00] [Thread 4372] PLAYER: ( 76561197966847701 ) R Alpha 1-2:1 (Lothaar) REMOTE PURCHASED ITEM ClaymoreDirectionalMine_Remote_Mag FOR 350 POPTABS | PLAYER TOTAL MONEY: 2349
[00:52:28:345004 --7:00] [Thread 396] PLAYER: ( 76561197966847701 ) R Alpha 1-2:1 (Lothaar) REMOTE PURCHASED ITEM ClaymoreDirectionalMine_Remote_Mag FOR 350 POPTABS | PLAYER TOTAL MONEY: 1999
[00:52:29:416868 --7:00] [Thread 4372] PLAYER: ( 76561197966847701 ) R Alpha 1-2:1 (Lothaar) REMOTE PURCHASED ITEM ClaymoreDirectionalMine_Remote_Mag FOR 350 POPTABS | PLAYER TOTAL MONEY: 1649
[01:58:08:129639 --7:00] [Thread 4068] PLAYER: ( 76561197966847701 ) R Lothaar's Party:3 (Lothaar) REMOTE PURCHASED ITEM 200Rnd_556x45_Box_F FOR 90 POPTABS | PLAYER TOTAL MONEY: 9910
[01:58:08:969577 --7:00] [Thread 5072] PLAYER: ( 76561197966847701 ) R Lothaar's Party:3 (Lothaar) REMOTE PURCHASED ITEM 200Rnd_556x45_Box_F FOR 90 POPTABS | PLAYER TOTAL MONEY: 9820
[01:58:10:166410 --7:00] [Thread 4068] PLAYER: ( 76561197966847701 ) R Lothaar's Party:3 (Lothaar) REMOTE PURCHASED ITEM 200Rnd_556x45_Box_F FOR 90 POPTABS | PLAYER TOTAL MONEY: 9730
[01:58:11:290446 --7:00] [Thread 5072] PLAYER: ( 76561197966847701 ) R Lothaar's Party:3 (Lothaar) REMOTE PURCHASED ITEM 200Rnd_556x45_Box_F FOR 90 POPTABS | PLAYER TOTAL MONEY: 9640
[01:58:24:035269 --7:00] [Thread 4068] PLAYER: ( 76561197966847701 ) R Lothaar's Party:3 (Lothaar) REMOTE PURCHASED ITEM optic_AMS FOR 300 POPTABS | PLAYER TOTAL MONEY: 9340
[01:59:30:736199 --7:00] [Thread 5072] PLAYER: ( 76561197966847701 ) R Lothaar's Party:3 (Lothaar) REMOTE PURCHASED ITEM HandGrenade FOR 40 POPTABS | PLAYER TOTAL MONEY: 9300
[01:59:31:982877 --7:00] [Thread 4372] PLAYER: ( 76561197966847701 ) R Lothaar's Party:3 (Lothaar) REMOTE PURCHASED ITEM HandGrenade FOR 40 POPTABS | PLAYER TOTAL MONEY: 9260
[01:59:33:185890 --7:00] [Thread 5072] PLAYER: ( 76561197966847701 ) R Lothaar's Party:3 (Lothaar) REMOTE PURCHASED ITEM HandGrenade FOR 40 POPTABS | PLAYER TOTAL MONEY: 9220
[01:59:34:325388 --7:00] [Thread 4372] PLAYER: ( 76561197966847701 ) R Lothaar's Party:3 (Lothaar) REMOTE PURCHASED ITEM HandGrenade FOR 40 POPTABS | PLAYER TOTAL MONEY: 9180
[01:59:35:175301 --7:00] [Thread 5072] PLAYER: ( 76561197966847701 ) R Lothaar's Party:3 (Lothaar) REMOTE PURCHASED ITEM HandGrenade FOR 40 POPTABS | PLAYER TOTAL MONEY: 9140
[01:59:51:712111 --7:00] [Thread 4372] PLAYER: ( 76561197990813594 ) R Lothaar's Party:4 (Saber One) REMOTE PURCHASED ITEM arifle_AKM_FL_F FOR 400 POPTABS | PLAYER TOTAL MONEY: 122263
[01:59:57:726408 --7:00] [Thread 4372] PLAYER: ( 76561197990813594 ) R Lothaar's Party:4 (Saber One) REMOTE PURCHASED ITEM 30Rnd_762x39_Mag_Green_F FOR 25 POPTABS | PLAYER TOTAL MONEY: 122238
[01:59:58:467196 --7:00] [Thread 5072] PLAYER: ( 76561197990813594 ) R Lothaar's Party:4 (Saber One) REMOTE PURCHASED ITEM 30Rnd_762x39_Mag_Green_F FOR 25 POPTABS | PLAYER TOTAL MONEY: 122213
[01:59:58:729538 --7:00] [Thread 4372] PLAYER: ( 76561197990813594 ) R Lothaar's Party:4 (Saber One) REMOTE PURCHASED ITEM 30Rnd_762x39_Mag_Green_F FOR 25 POPTABS | PLAYER TOTAL MONEY: 122188
[01:59:59:099522 --7:00] [Thread 5072] PLAYER: ( 76561197990813594 ) R Lothaar's Party:4 (Saber One) REMOTE PURCHASED ITEM 30Rnd_762x39_Mag_Green_F FOR 25 POPTABS | PLAYER TOTAL MONEY: 122163
[01:59:59:317456 --7:00] [Thread 4372] PLAYER: ( 76561197990813594 ) R Lothaar's Party:4 (Saber One) REMOTE PURCHASED ITEM 30Rnd_762x39_Mag_Green_F FOR 25 POPTABS | PLAYER TOTAL MONEY: 122138
[01:59:59:622474 --7:00] [Thread 5072] PLAYER: ( 76561197990813594 ) R Lothaar's Party:4 (Saber One) REMOTE PURCHASED ITEM 30Rnd_762x39_Mag_Green_F FOR 25 POPTABS | PLAYER TOTAL MONEY: 122113
[01:59:59:773366 --7:00] [Thread 4372] PLAYER: ( 76561197990813594 ) R Lothaar's Party:4 (Saber One) REMOTE PURCHASED ITEM 30Rnd_762x39_Mag_Green_F FOR 25 POPTABS | PLAYER TOTAL MONEY: 122088
[01:59:59:967585 --7:00] [Thread 5072] PLAYER: ( 76561197990813594 ) R Lothaar's Party:4 (Saber One) REMOTE PURCHASED ITEM 30Rnd_762x39_Mag_Green_F FOR 25 POPTABS | PLAYER TOTAL MONEY: 122063
[02:00:00:159275 --7:00] [Thread 4372] PLAYER: ( 76561197990813594 ) R Lothaar's Party:4 (Saber One) REMOTE PURCHASED ITEM 30Rnd_762x39_Mag_Green_F FOR 25 POPTABS | PLAYER TOTAL MONEY: 122038
[02:00:00:490985 --7:00] [Thread 5072] PLAYER: ( 76561197990813594 ) R Lothaar's Party:4 (Saber One) REMOTE PURCHASED ITEM 30Rnd_762x39_Mag_Green_F FOR 25 POPTABS | PLAYER TOTAL MONEY: 122013
[02:00:00:659415 --7:00] [Thread 4372] PLAYER: ( 76561197990813594 ) R Lothaar's Party:4 (Saber One) REMOTE PURCHASED ITEM 30Rnd_762x39_Mag_Green_F FOR 25 POPTABS | PLAYER TOTAL MONEY: 121988
[02:00:30:185077 --7:00] [Thread 5072] PLAYER: ( 76561197990813594 ) R Lothaar's Party:4 (Saber One) REMOTE PURCHASED ITEM MiniGrenade FOR 30 POPTABS | PLAYER TOTAL MONEY: 121958
[02:00:30:533407 --7:00] [Thread 4372] PLAYER: ( 76561197990813594 ) R Lothaar's Party:4 (Saber One) REMOTE PURCHASED ITEM MiniGrenade FOR 30 POPTABS | PLAYER TOTAL MONEY: 121928
[02:00:30:948636 --7:00] [Thread 5072] PLAYER: ( 76561197990813594 ) R Lothaar's Party:4 (Saber One) REMOTE PURCHASED ITEM MiniGrenade FOR 30 POPTABS | PLAYER TOTAL MONEY: 121898
[02:00:31:232886 --7:00] [Thread 4372] PLAYER: ( 76561197990813594 ) R Lothaar's Party:4 (Saber One) REMOTE PURCHASED ITEM MiniGrenade FOR 30 POPTABS | PLAYER TOTAL MONEY: 121868
[02:00:34:486789 --7:00] [Thread 5072] PLAYER: ( 76561197966847701 ) R Lothaar's Party:3 (Lothaar) REMOTE PURCHASED ITEM Exile_Item_InstaDoc FOR 1250 POPTABS | PLAYER TOTAL MONEY: 7890
[02:00:35:369680 --7:00] [Thread 4372] PLAYER: ( 76561197966847701 ) R Lothaar's Party:3 (Lothaar) REMOTE PURCHASED ITEM Exile_Item_InstaDoc FOR 1250 POPTABS | PLAYER TOTAL MONEY: 6640
[02:00:37:239604 --7:00] [Thread 5072] PLAYER: ( 76561197966847701 ) R Lothaar's Party:3 (Lothaar) REMOTE PURCHASED ITEM Exile_Item_Vishpirin FOR 300 POPTABS | PLAYER TOTAL MONEY: 6340
[02:00:40:284352 --7:00] [Thread 4372] PLAYER: ( 76561197990813594 ) R Lothaar's Party:4 (Saber One) REMOTE PURCHASED ITEM APERSBoundingMine_Range_Mag FOR 500 POPTABS | PLAYER TOTAL MONEY: 121368
[02:00:40:683767 --7:00] [Thread 5072] PLAYER: ( 76561197990813594 ) R Lothaar's Party:4 (Saber One) REMOTE PURCHASED ITEM APERSBoundingMine_Range_Mag FOR 500 POPTABS | PLAYER TOTAL MONEY: 120868
[02:01:18:225979 --7:00] [Thread 4068] PLAYER: ( 76561197990813594 ) R Lothaar's Party:4 (Saber One) REMOTE SOLD ITEM MiniGrenade FOR 15 POPTABS AND 1.5 RESPECT | PLAYER TOTAL MONEY: 120883
[02:01:19:738009 --7:00] [Thread 5072] PLAYER: ( 76561197990813594 ) R Lothaar's Party:4 (Saber One) REMOTE SOLD ITEM MiniGrenade FOR 15 POPTABS AND 1.5 RESPECT | PLAYER TOTAL MONEY: 120898
[02:01:20:956675 --7:00] [Thread 4372] PLAYER: ( 76561197990813594 ) R Lothaar's Party:4 (Saber One) REMOTE SOLD ITEM MiniGrenade FOR 15 POPTABS AND 1.5 RESPECT | PLAYER TOTAL MONEY: 120913
[02:01:21:710429 --7:00] [Thread 5072] PLAYER: ( 76561197990813594 ) R Lothaar's Party:4 (Saber One) REMOTE SOLD ITEM MiniGrenade FOR 15 POPTABS AND 1.5 RESPECT | PLAYER TOTAL MONEY: 120928
[02:01:22:800398 --7:00] [Thread 4372] PLAYER: ( 76561197990813594 ) R Lothaar's Party:4 (Saber One) REMOTE SOLD ITEM APERSBoundingMine_Range_Mag FOR 250 POPTABS AND 25 RESPECT | PLAYER TOTAL MONEY: 121178
[02:01:23:431370 --7:00] [Thread 4068] PLAYER: ( 76561197990813594 ) R Lothaar's Party:4 (Saber One) REMOTE SOLD ITEM APERSBoundingMine_Range_Mag FOR 250 POPTABS AND 25 RESPECT | PLAYER TOTAL MONEY: 121428
[02:01:24:651677 --7:00] [Thread 4372] PLAYER: ( 76561197990813594 ) R Lothaar's Party:4 (Saber One) REMOTE SOLD ITEM Exile_Headgear_GasMask FOR 250 POPTABS AND 25 RESPECT | PLAYER TOTAL MONEY: 121678
[02:01:29:390999 --7:00] [Thread 4068] PLAYER: ( 76561197990813594 ) R Lothaar's Party:4 (Saber One) REMOTE PURCHASED ITEM APERSMineDispenser_Mag FOR 10000 POPTABS | PLAYER TOTAL MONEY: 111678
[02:01:31:723665 --7:00] [Thread 4372] PLAYER: ( 76561197990813594 ) R Lothaar's Party:4 (Saber One) REMOTE PURCHASED ITEM MiniGrenade FOR 30 POPTABS | PLAYER TOTAL MONEY: 111648
[02:01:32:073405 --7:00] [Thread 4068] PLAYER: ( 76561197990813594 ) R Lothaar's Party:4 (Saber One) REMOTE PURCHASED ITEM MiniGrenade FOR 30 POPTABS | PLAYER TOTAL MONEY: 111618
[02:01:33:214592 --7:00] [Thread 4372] PLAYER: ( 76561197990813594 ) R Lothaar's Party:4 (Saber One) REMOTE PURCHASED ITEM 3Rnd_HE_Grenade_shell FOR 210 POPTABS | PLAYER TOTAL MONEY: 111408
[02:01:33:518456 --7:00] [Thread 4068] PLAYER: ( 76561197990813594 ) R Lothaar's Party:4 (Saber One) REMOTE PURCHASED ITEM 3Rnd_HE_Grenade_shell FOR 210 POPTABS | PLAYER TOTAL MONEY: 111198
[02:01:35:494509 --7:00] [Thread 4372] PLAYER: ( 76561197990813594 ) R Lothaar's Party:4 (Saber One) REMOTE PURCHASED ITEM HandGrenade FOR 40 POPTABS | PLAYER TOTAL MONEY: 111158
[02:01:35:808986 --7:00] [Thread 4068] PLAYER: ( 76561197990813594 ) R Lothaar's Party:4 (Saber One) REMOTE PURCHASED ITEM HandGrenade FOR 40 POPTABS | PLAYER TOTAL MONEY: 111118
[02:02:02:253635 --7:00] [Thread 4372] PLAYER: ( 76561197966847701 ) R Lothaar's Party:3 (Lothaar) REMOTE PURCHASED ITEM O_NVGoggles_ghex_F FOR 150 POPTABS | PLAYER TOTAL MONEY: 6190
[03:24:23:235894 --7:00] [Thread 4068] PLAYER: ( 76561197966847701 ) R Lothaar's Party:1 (Lothaar) REMOTE SOLD ITEM B_Bergen_blk FOR 100 POPTABS AND 10 RESPECT | PLAYER TOTAL MONEY: 450
[03:24:25:471095 --7:00] [Thread 4372] PLAYER: ( 76561197966847701 ) R Lothaar's Party:1 (Lothaar) REMOTE SOLD ITEM B_Bergen_blk FOR 100 POPTABS AND 10 RESPECT | PLAYER TOTAL MONEY: 550
[03:24:27:458550 --7:00] [Thread 4372] PLAYER: ( 76561197966847701 ) R Lothaar's Party:1 (Lothaar) REMOTE SOLD ITEM B_FieldPack_oucamo FOR 60 POPTABS AND 6 RESPECT | PLAYER TOTAL MONEY: 610
[03:24:29:337655 --7:00] [Thread 4068] PLAYER: ( 76561197966847701 ) R Lothaar's Party:1 (Lothaar) REMOTE SOLD ITEM B_Kitbag_mcamo FOR 100 POPTABS AND 10 RESPECT | PLAYER TOTAL MONEY: 710
[03:24:30:953553 --7:00] [Thread 4372] PLAYER: ( 76561197966847701 ) R Lothaar's Party:1 (Lothaar) REMOTE SOLD ITEM B_Carryall_oli FOR 150 POPTABS AND 15 RESPECT | PLAYER TOTAL MONEY: 860
[03:24:32:440316 --7:00] [Thread 4372] PLAYER: ( 76561197966847701 ) R Lothaar's Party:1 (Lothaar) REMOTE SOLD ITEM B_Kitbag_mcamo FOR 100 POPTABS AND 10 RESPECT | PLAYER TOTAL MONEY: 960
[03:24:33:665011 --7:00] [Thread 4372] PLAYER: ( 76561197966847701 ) R Lothaar's Party:1 (Lothaar) REMOTE SOLD ITEM B_FieldPack_oucamo FOR 60 POPTABS AND 6 RESPECT | PLAYER TOTAL MONEY: 1020
[03:24:34:887670 --7:00] [Thread 4372] PLAYER: ( 76561197966847701 ) R Lothaar's Party:1 (Lothaar) REMOTE SOLD ITEM B_Bergen_blk FOR 100 POPTABS AND 10 RESPECT | PLAYER TOTAL MONEY: 1120
[03:24:36:155549 --7:00] [Thread 4372] PLAYER: ( 76561197966847701 ) R Lothaar's Party:1 (Lothaar) REMOTE SOLD ITEM B_FieldPack_cbr FOR 60 POPTABS AND 6 RESPECT | PLAYER TOTAL MONEY: 1180
[03:24:37:285617 --7:00] [Thread 4372] PLAYER: ( 76561197966847701 ) R Lothaar's Party:1 (Lothaar) REMOTE SOLD ITEM B_Bergen_rgr FOR 100 POPTABS AND 10 RESPECT | PLAYER TOTAL MONEY: 1280
[03:24:38:364362 --7:00] [Thread 4372] PLAYER: ( 76561197966847701 ) R Lothaar's Party:1 (Lothaar) REMOTE SOLD ITEM B_Carryall_cbr FOR 150 POPTABS AND 15 RESPECT | PLAYER TOTAL MONEY: 1430
[03:24:39:395775 --7:00] [Thread 4372] PLAYER: ( 76561197966847701 ) R Lothaar's Party:1 (Lothaar) REMOTE SOLD ITEM B_Kitbag_mcamo FOR 100 POPTABS AND 10 RESPECT | PLAYER TOTAL MONEY: 1530
[03:24:40:502553 --7:00] [Thread 5096] PLAYER: ( 76561197966847701 ) R Lothaar's Party:1 (Lothaar) REMOTE SOLD ITEM B_Bergen_rgr FOR 100 POPTABS AND 10 RESPECT | PLAYER TOTAL MONEY: 1630
[03:24:41:493455 --7:00] [Thread 5096] PLAYER: ( 76561197966847701 ) R Lothaar's Party:1 (Lothaar) REMOTE SOLD ITEM B_Carryall_cbr FOR 150 POPTABS AND 15 RESPECT | PLAYER TOTAL MONEY: 1780
[03:24:42:270570 --7:00] [Thread 5096] PLAYER: ( 76561197966847701 ) R Lothaar's Party:1 (Lothaar) REMOTE SOLD ITEM B_Bergen_rgr FOR 100 POPTABS AND 10 RESPECT | PLAYER TOTAL MONEY: 1880
[03:28:35:684283 --7:00] [Thread 5096] PLAYER: ( 76561197966847701 ) R Lothaar's Party:1 (Lothaar) REMOTE SOLD ITEM: I_CargoNet_01_ammo_F (ID# <null>) with Cargo ["Exile_Magazine_45Rnd_545x39_RPK_Green","Exile_Magazine_45Rnd_545x39_RPK_Green","Exile_Magazine_45Rnd_545x39_RPK_Green","Exile_Magazine_45Rnd_545x39_RPK_Green","10Rnd_338_Mag","10Rnd_338_Mag","10Rnd_338_Mag","10Rnd_338_Mag","10Rnd_338_Mag","10Rnd_338_Mag","10Rnd_338_Mag","10Rnd_338_Mag","10Rnd_338_Mag","10Rnd_338_Mag","10Rnd_338_Mag","10Rnd_338_Mag","10Rnd_338_Mag","10Rnd_338_Mag","10Rnd_338_Mag","Exile_Magazine_10Rnd_762x54","Exile_Magazine_10Rnd_762x54","Exile_Magazine_10Rnd_762x54","Exile_Magazine_10Rnd_762x54","Exile_Magazine_10Rnd_762x54","Exile_Magazine_10Rnd_762x54","Exile_Magazine_10Rnd_762x54","Exile_Magazine_10Rnd_762x54","Exile_Magazine_10Rnd_762x54","Exile_Magazine_10Rnd_762x54","Exile_Magazine_10Rnd_762x54","Exile_Magazine_45Rnd_545x39_RPK_Green","Exile_Magazine_45Rnd_545x39_RPK_Green","Exile_Magazine_45Rnd_545x39_RPK_Green","Exile_Magazine_45Rnd_545x39_RPK_Green","Exile_Magazine_45Rnd_545x39_RPK_Green","Exile_Magazine_45Rnd_545x39_RPK_Green","150Rnd_762x54_Box","150Rnd_762x54_Box","150Rnd_762x54_Box","150Rnd_762x54_Box","150Rnd_762x54_Box","150Rnd_762x54_Box","150Rnd_762x54_Box","150Rnd_762x54_Box","150Rnd_762x54_Box","150Rnd_762x54_Box","150Rnd_762x54_Box","150Rnd_762x54_Box","150Rnd_762x54_Box","150Rnd_762x54_Box","150Rnd_762x54_Box","150Rnd_762x54_Box","150Rnd_762x54_Box","150Rnd_762x54_Box","150Rnd_762x54_Box","30Rnd_556x45_Stanag","30Rnd_556x45_Stanag","30Rnd_556x45_Stanag","30Rnd_556x45_Stanag","30Rnd_556x45_Stanag","30Rnd_556x45_Stanag","30Rnd_556x45_Stanag","30Rnd_556x45_Stanag","30Rnd_556x45_Stanag","30Rnd_556x45_Stanag","30Rnd_556x45_Stanag","30Rnd_556x45_Stanag","Exile_Magazine_10Rnd_9x39","Exile_Magazine_10Rnd_9x39","Exile_Magazine_10Rnd_9x39","Exile_Magazine_10Rnd_9x39","Exile_Magazine_10Rnd_9x39","Exile_Magazine_10Rnd_9x39","Exile_Magazine_10Rnd_9x39","Exile_Magazine_10Rnd_9x39","Exile_Magazine_10Rnd_9x39","Exile_Magazine_10Rnd_9x39","Exile_Magazine_10Rnd_9x39","Exile_Magazine_10Rnd_9x39","Exile_Magazine_10Rnd_9x39","Exile_Magazine_10Rnd_9x39","Exile_Magazine_10Rnd_9x39","Exile_Magazine_100Rnd_762x54_PK_Green","Exile_Magazine_100Rnd_762x54_PK_Green","Exile_Magazine_100Rnd_762x54_PK_Green","Exile_Magazine_100Rnd_762x54_PK_Green","Exile_Magazine_100Rnd_762x54_PK_Green","Exile_Magazine_100Rnd_762x54_PK_Green","Exile_Magazine_100Rnd_762x54_PK_Green","Exile_Magazine_100Rnd_762x54_PK_Green","Exile_Magazine_100Rnd_762x54_PK_Green","Exile_Magazine_100Rnd_762x54_PK_Green","Exile_Magazine_100Rnd_762x54_PK_Green","Exile_Magazine_100Rnd_762x54_PK_Green","30Rnd_556x45_Stanag","30Rnd_556x45_Stanag","30Rnd_556x45_Stanag","30Rnd_556x45_Stanag","30Rnd_556x45_Stanag","30Rnd_556x45_Stanag","30Rnd_556x45_Stanag","30Rnd_556x45_Stanag","30Rnd_556x45_Stanag","30Rnd_556x45_Stanag","30Rnd_556x45_Stanag","30Rnd_556x45_Stanag","30Rnd_556x45_Stanag","30Rnd_556x45_Stanag","30Rnd_556x45_Stanag","30Rnd_556x45_Stanag","30Rnd_556x45_Stanag","30Rnd_556x45_Stanag","20Rnd_762x51_Mag","20Rnd_762x51_Mag","20Rnd_762x51_Mag","20Rnd_762x51_Mag","20Rnd_762x51_Mag","20Rnd_762x51_Mag","20Rnd_762x51_Mag","20Rnd_762x51_Mag","20Rnd_762x51_Mag","20Rnd_762x51_Mag","20Rnd_762x51_Mag","20Rnd_762x51_Mag","20Rnd_762x51_Mag","20Rnd_762x51_Mag","20Rnd_762x51_Mag","20Rnd_762x51_Mag","20Rnd_762x51_Mag","Exile_Magazine_30Rnd_762x39_AK","Exile_Magazine_30Rnd_762x39_AK","Exile_Magazine_30Rnd_762x39_AK","Exile_Magazine_30Rnd_762x39_AK","Exile_Magazine_30Rnd_762x39_AK","Exile_Magazine_30Rnd_762x39_AK","Exile_Magazine_30Rnd_762x39_AK","Exile_Magazine_30Rnd_762x39_AK","Exile_Magazine_30Rnd_762x39_AK","Exile_Magazine_30Rnd_762x39_AK","Exile_Magazine_30Rnd_762x39_AK","Exile_Magazine_30Rnd_762x39_AK","Exile_Magazine_30Rnd_762x39_AK","Exile_Magazine_30Rnd_762x39_AK","Exile_Magazine_30Rnd_762x39_AK","Exile_Magazine_30Rnd_762x39_AK","Exile_Magazine_30Rnd_762x39_AK","Exile_Magazine_30Rnd_762x39_AK","30Rnd_65x39_caseless_green","30Rnd_65x39_caseless_green","30Rnd_65x39_caseless_green","30Rnd_65x39_caseless_green","30Rnd_65x39_caseless_green","30Rnd_65x39_caseless_green","30Rnd_65x39_caseless_green","30Rnd_65x39_caseless_green","30Rnd_65x39_caseless_green","30Rnd_65x39_caseless_green","30Rnd_65x39_caseless_green","30Rnd_65x39_caseless_green","30Rnd_65x39_caseless_green","30Rnd_65x39_caseless_green","30Rnd_65x39_caseless_green","30Rnd_65x39_caseless_green","30Rnd_65x39_caseless_green","30Rnd_65x39_caseless_green","30Rnd_65x39_caseless_green","30Rnd_65x39_caseless_green","30Rnd_65x39_caseless_green","30Rnd_65x39_caseless_green","30Rnd_65x39_caseless_green","30Rnd_65x39_caseless_green","30Rnd_65x39_caseless_green","30Rnd_65x39_caseless_green","30Rnd_65x39_caseless_green","Exile_Magazine_30Rnd_545x39_AK","Exile_Magazine_30Rnd_545x39_AK","Exile_Magazine_30Rnd_545x39_AK","Exile_Magazine_30Rnd_545x39_AK","Exile_Magazine_30Rnd_545x39_AK","Exile_Magazine_30Rnd_545x39_AK","Exile_Magazine_30Rnd_545x39_AK","Exile_Magazine_30Rnd_545x39_AK","Exile_Magazine_30Rnd_545x39_AK","Exile_Magazine_30Rnd_545x39_AK","30Rnd_65x39_caseless_mag","30Rnd_65x39_caseless_mag","30Rnd_65x39_caseless_mag","30Rnd_65x39_caseless_mag","30Rnd_65x39_caseless_mag","30Rnd_65x39_caseless_mag","30Rnd_65x39_caseless_mag","30Rnd_65x39_caseless_mag","30Rnd_65x39_caseless_mag","30Rnd_65x39_caseless_mag","150Rnd_762x54_Box","150Rnd_762x54_Box","150Rnd_762x54_Box","150Rnd_762x54_Box","150Rnd_762x54_Box","150Rnd_762x54_Box","150Rnd_762x54_Box","150Rnd_762x54_Box","150Rnd_762x54_Box","150Rnd_762x54_Box","150Rnd_762x54_Box","150Rnd_762x54_Box","150Rnd_762x54_Box","150Rnd_762x54_Box","Exile_Magazine_5Rnd_22LR","Exile_Magazine_5Rnd_22LR","Exile_Magazine_5Rnd_22LR","Exile_Magazine_5Rnd_22LR","Exile_Magazine_5Rnd_22LR","Exile_Magazine_5Rnd_22LR","20Rnd_762x51_Mag","20Rnd_762x51_Mag","20Rnd_762x51_Mag","20Rnd_762x51_Mag","20Rnd_762x51_Mag","20Rnd_762x51_Mag","20Rnd_762x51_Mag","20Rnd_762x51_Mag","20Rnd_762x51_Mag","20Rnd_762x51_Mag","30Rnd_65x39_caseless_mag","30Rnd_65x39_caseless_mag","30Rnd_65x39_caseless_mag","30Rnd_65x39_caseless_mag","30Rnd_65x39_caseless_mag","30Rnd_65x39_caseless_mag","30Rnd_65x39_caseless_mag","30Rnd_65x39_caseless_mag","30Rnd_65x39_caseless_mag","30Rnd_65x39_caseless_mag","30Rnd_65x39_caseless_mag","30Rnd_65x39_caseless_mag","30Rnd_65x39_caseless_mag","30Rnd_556x45_Stanag","30Rnd_556x45_Stanag","30Rnd_556x45_Stanag","30Rnd_556x45_Stanag","30Rnd_556x45_Stanag","30Rnd_556x45_Stanag","30Rnd_556x45_Stanag","30Rnd_556x45_Stanag","30Rnd_556x45_Stanag","30Rnd_556x45_Stanag","30Rnd_556x45_Stanag","30Rnd_556x45_Stanag","30Rnd_556x45_Stanag","30Rnd_556x45_Stanag","30Rnd_556x45_Stanag","30Rnd_556x45_Stanag","30Rnd_556x45_Stanag","Exile_Magazine_100Rnd_762x54_PK_Green","Exile_Magazine_100Rnd_762x54_PK_Green","Exile_Magazine_100Rnd_762x54_PK_Green","Exile_Magazine_100Rnd_762x54_PK_Green","Exile_Magazine_100Rnd_762x54_PK_Green","Exile_Magazine_100Rnd_762x54_PK_Green","Exile_Magazine_100Rnd_762x54_PK_Green","Exile_Magazine_100Rnd_762x54_PK_Green","Exile_Magazine_100Rnd_762x54_PK_Green","Exile_Magazine_100Rnd_762x54_PK_Green","Exile_Magazine_30Rnd_545x39_AK","Exile_Magazine_30Rnd_545x39_AK","Exile_Magazine_30Rnd_545x39_AK","Exile_Magazine_30Rnd_545x39_AK","Exile_Magazine_30Rnd_545x39_AK","Exile_Magazine_30Rnd_545x39_AK","Exile_Magazine_30Rnd_545x39_AK","Exile_Magazine_30Rnd_545x39_AK","Exile_Magazine_30Rnd_545x39_AK","Exile_Magazine_30Rnd_545x39_AK","Exile_Magazine_30Rnd_545x39_AK","Exile_Magazine_30Rnd_545x39_AK","Exile_Magazine_30Rnd_545x39_AK","30Rnd_556x45_Stanag","30Rnd_556x45_Stanag","30Rnd_556x45_Stanag","30Rnd_556x45_Stanag","30Rnd_556x45_Stanag","30Rnd_556x45_Stanag","30Rnd_556x45_Stanag","30Rnd_556x45_Stanag","30Rnd_556x45_Stanag","30Rnd_556x45_Stanag","30Rnd_556x45_Stanag","30Rnd_556x45_Stanag","30Rnd_556x45_Stanag","30Rnd_556x45_Stanag","30Rnd_556x45_Stanag","30Rnd_556x45_Stanag","30Rnd_65x39_caseless_green","30Rnd_65x39_caseless_green","30Rnd_65x39_caseless_green","30Rnd_65x39_caseless_green","30Rnd_65x39_caseless_green","30Rnd_65x39_caseless_green","30Rnd_65x39_caseless_green","30Rnd_65x39_caseless_green","30Rnd_65x39_caseless_green","30Rnd_65x39_caseless_green","30Rnd_65x39_casele
[07:08:45:693942 --7:00] [Thread 2852] PLAYER: ( 76561198168186710 ) R les vieux:1 (demonjac) REMOTE SOLD ITEM: Exile_Bike_QuadBike_Fia (ID# <null>) with Cargo ["CUP_launch_Metis","CUP_AT13_M"] FOR 2500 POPTABS AND 250 RESPECT | PLAYER TOTAL MONEY: 13801
[07:09:13:811214 --7:00] [Thread 2852] PLAYER: ( 76561198168186710 ) R les vieux:1 (demonjac) REMOTE SOLD ITEM CUP_launch_RPG18 FOR 2500 POPTABS AND 250 RESPECT | PLAYER TOTAL MONEY: 16301
[07:12:18:959424 --7:00] [Thread 4276] PLAYER: ( 76561198168186710 ) R les vieux:1 (demonjac) REMOTE PURCHASED VEHICLE CUP_B_HMMWV_Unarmed_USMC FOR 21000 POPTABS | PLAYER TOTAL MONEY: 301
[07:16:26:893768 --7:00] [Thread 616] PLAYER: ( 76561198168186710 ) R les vieux:1 (demonjac) REMOTE SOLD ITEM: CUP_B_HMMWV_Unarmed_USMC (ID# 526) with Cargo ["MMG_01_hex_F"] FOR 400 POPTABS AND 40 RESPECT | PLAYER TOTAL MONEY: 701
[07:16:39:063357 --7:00] [Thread 2852] PLAYER: ( 76561198168186710 ) R les vieux:1 (demonjac) REMOTE SOLD ITEM: Box_NATO_Wps_F (ID# <null>) with Cargo ["B_FieldPack_cbr","B_FieldPack_cbr","B_Bergen_rgr","30Rnd_556x45_Stanag","30Rnd_556x45_Stanag","30Rnd_556x45_Stanag","30Rnd_556x45_Stanag","30Rnd_556x45_Stanag","30Rnd_556x45_Stanag","30Rnd_556x45_Stanag","30Rnd_556x45_Stanag","30Rnd_556x45_Stanag","30Rnd_556x45_Stanag","20Rnd_762x51_Mag","20Rnd_762x51_Mag","20Rnd_762x51_Mag","20Rnd_762x51_Mag","20Rnd_762x51_Mag","20Rnd_762x51_Mag","20Rnd_762x51_Mag","20Rnd_762x51_Mag","20Rnd_762x51_Mag","Exile_Magazine_5Rnd_22LR","Exile_Magazine_5Rnd_22LR","Exile_Magazine_5Rnd_22LR","Exile_Magazine_5Rnd_22LR","Exile_Magazine_5Rnd_22LR","Exile_Magazine_5Rnd_22LR","Exile_Magazine_5Rnd_22LR","Exile_Magazine_5Rnd_22LR","Exile_Magazine_5Rnd_22LR","Exile_Magazine_5Rnd_22LR","Exile_Magazine_5Rnd_22LR","Exile_Magazine_5Rnd_22LR","7Rnd_408_Mag","7Rnd_408_Mag","7Rnd_408_Mag","7Rnd_408_Mag","7Rnd_408_Mag","7Rnd_408_Mag","7Rnd_408_Mag","7Rnd_408_Mag","7Rnd_408_Mag","7Rnd_408_Mag","7Rnd_408_Mag","7Rnd_408_Mag","7Rnd_408_Mag","30Rnd_556x45_Stanag","30Rnd_556x45_Stanag","30Rnd_556x45_Stanag","30Rnd_556x45_Stanag","30Rnd_556x45_Stanag","30Rnd_556x45_Stanag","30Rnd_556x45_Stanag","30Rnd_556x45_Stanag","30Rnd_556x45_Stanag","Exile_Magazine_10Rnd_762x54","Exile_Magazine_10Rnd_762x54","Exile_Magazine_10Rnd_762x54","Exile_Magazine_10Rnd_762x54","Exile_Magazine_10Rnd_762x54","Exile_Magazine_10Rnd_762x54","Exile_Magazine_10Rnd_762x54","Exile_Magazine_10Rnd_762x54","Exile_Magazine_10Rnd_762x54","Exile_Magazine_10Rnd_762x54","Exile_Magazine_10Rnd_762x54","Exile_Magazine_10Rnd_762x54","150Rnd_93x64_Mag","150Rnd_93x64_Mag","150Rnd_93x64_Mag","150Rnd_93x64_Mag","150Rnd_93x64_Mag","150Rnd_93x64_Mag","150Rnd_93x64_Mag","150Rnd_93x64_Mag","150Rnd_93x64_Mag","150Rnd_93x64_Mag","150Rnd_93x64_Mag","150Rnd_93x64_Mag","150Rnd_93x64_Mag","150Rnd_93x64_Mag","150Rnd_93x64_Mag","150Rnd_93x64_Mag","150Rnd_93x64_Mag","150Rnd_93x64_Mag","Exile_Item_Noodles","Exile_Item_PlasticBottleCoffee","arifle_SPAR_01_khk_F","srifle_DMR_06_olive_F","Exile_Weapon_CZ550","srifle_LRR_F","arifle_TRG21_GL_F","Exile_Weapon_SVD"] FOR 3072 POPTABS AND 307.2 RESPECT | PLAYER TOTAL MONEY: 3773
[07:17:08:082734 --7:00] [Thread 2852] PLAYER: ( 76561198168186710 ) R les vieux:1 (demonjac) REMOTE SOLD ITEM Exile_Item_InstaDoc FOR 625 POPTABS AND 62.5 RESPECT | PLAYER TOTAL MONEY: 625
[07:17:08:787107 --7:00] [Thread 4456] PLAYER: ( 76561198168186710 ) R les vieux:1 (demonjac) REMOTE SOLD ITEM Exile_Item_InstaDoc FOR 625 POPTABS AND 62.5 RESPECT | PLAYER TOTAL MONEY: 1250
[07:17:09:448155 --7:00] [Thread 4276] PLAYER: ( 76561198168186710 ) R les vieux:1 (demonjac) REMOTE SOLD ITEM Exile_Item_InstaDoc FOR 625 POPTABS AND 62.5 RESPECT | PLAYER TOTAL MONEY: 1875
[07:17:10:125673 --7:00] [Thread 4456] PLAYER: ( 76561198168186710 ) R les vieux:1 (demonjac) REMOTE SOLD ITEM Exile_Item_Bandage FOR 50 POPTABS AND 5 RESPECT | PLAYER TOTAL MONEY: 1925
[07:17:11:855990 --7:00] [Thread 4276] PLAYER: ( 76561198168186710 ) R les vieux:1 (demonjac) REMOTE SOLD ITEM Exile_Item_Bandage FOR 50 POPTABS AND 5 RESPECT | PLAYER TOTAL MONEY: 1975
[07:17:14:623323 --7:00] [Thread 4456] PLAYER: ( 76561198168186710 ) R les vieux:1 (demonjac) REMOTE SOLD ITEM Exile_Item_InstaDoc FOR 625 POPTABS AND 62.5 RESPECT | PLAYER TOTAL MONEY: 2600
[07:17:15:306350 --7:00] [Thread 2852] PLAYER: ( 76561198168186710 ) R les vieux:1 (demonjac) REMOTE SOLD ITEM Exile_Item_InstaDoc FOR 625 POPTABS AND 62.5 RESPECT | PLAYER TOTAL MONEY: 3225
[07:41:42:233765 --7:00] [Thread 616] PLAYER: ( 76561198168186710 ) R les vieux:1 (demonjac) REMOTE SOLD ITEM: CUP_B_HMMWV_Unarmed_USMC (ID# 526) with Cargo ["Exile_Item_InstaDoc","Exile_Item_InstaDoc","Exile_Item_CamoTentKit","Exile_Item_InstaDoc","Exile_Melee_SledgeHammer","Exile_Magazine_Swoosh","launch_RPG7_F","RPG7_F"] FOR 15000 POPTABS AND 1500 RESPECT | PLAYER TOTAL MONEY: 16170
[08:02:57:027441 --7:00] [Thread 4276] PLAYER: ( 76561198168186710 ) R les vieux:1 (demonjac) REMOTE SOLD ITEM: Exile_Container_SupplyBox (ID# <null>) with Cargo ["Exile_Item_GloriousKnakworst","Exile_Item_GloriousKnakworst","Exile_Item_GloriousKnakworst","Exile_Item_PlasticBottleFreshWater","Exile_Item_Beer","Exile_Item_Beer","Exile_Item_Beer","Exile_Item_Beer","Exile_Item_Beer","Exile_Item_BaseCameraKit","Exile_Item_InstaDoc","Exile_Item_InstaDoc","Exile_Item_Matches","Exile_Item_CookingPot","Exile_Item_MetalPole","Exile_Item_LightBulb","Exile_Item_FuelCanisterEmpty","Exile_Item_WoodFloorKit","Exile_Item_WoodWindowKit","Exile_Item_Codelock","Exile_Item_Cement","Exile_Item_Cement","Exile_Item_Cement","Exile_Item_Cement","Exile_Item_Cement","Exile_Item_Cement","Exile_Item_Cement","Exile_Item_Cement","Exile_Item_Cement","Exile_Item_Cement","Exile_Item_Sand","Exile_Item_Sand","Exile_Item_Sand","Exile_Item_Sand","Exile_Item_Sand","Exile_Item_Sand","Exile_Item_Sand","Exile_Item_Sand","Exile_Item_Sand","Exile_Item_Sand","Exile_Item_MetalWire","Exile_Item_MetalWire","Exile_Item_MetalWire","Exile_Item_MetalWire","Exile_Item_WaterCanisterEmpty","Exile_Item_MetalScrews","Exile_Melee_Axe"] FOR 12419 POPTABS AND 1241.9 RESPECT | PLAYER TOTAL MONEY: 29239
[11:57:46:166492 --7:00] [Thread 4480] PLAYER: ( 76561197994641119 ) R Moisturizers:1 (Zataralee) REMOTE SOLD ITEM: Exile_Container_SupplyBox (ID# 92) with Cargo [] FOR 0 POPTABS AND 0 RESPECT | PLAYER TOTAL MONEY: 1050
[11:57:57:625796 --7:00] [Thread 4480] PLAYER: ( 76561197994641119 ) R Moisturizers:1 (Zataralee) REMOTE SOLD ITEM: Exile_Container_SupplyBox (ID# 184) with Cargo [] FOR 0 POPTABS AND 0 RESPECT | PLAYER TOTAL MONEY: 1050
