[17:48:48:263013 --7:00] [Thread 4380] Jason commited suicide!
[17:59:38:724828 --7:00] [Thread 2536] D4_Cador commited suicide!
[21:45:05:928264 --7:00] [Thread 4896] D4_Cador died and nobody knows why.
[22:07:39:374587 --7:00] [Thread 4780] Saber One was killed by an NPC!
[22:13:58:670220 --7:00] [Thread 1956] Saber One was killed by an NPC!
[22:22:28:432723 --7:00] [Thread 1956] Saber One was killed by an NPC!
[22:30:31:674222 --7:00] [Thread 4780] Saber One was killed by an NPC!
[22:42:47:026617 --7:00] [Thread 2436] Saber One died because Saber One was very unlucky.
[23:31:26:969177 --7:00] [Thread 4368] Lothaar died because that's why.
[00:57:18:824652 --7:00] [Thread 4372] Saber One commited suicide!
[00:58:51:504527 --7:00] [Thread 5000] Zataralee was killed by Saber One! (First Blood)
[01:08:45:971585 --7:00] [Thread 5000] Saber One was team-killed by Saber One!
[01:34:15:772080 --7:00] [Thread 5096] Lothaar commited suicide!
[01:37:06:156556 --7:00] [Thread 4372] Lothaar died because... Arma.
[01:41:46:993386 --7:00] [Thread 5096] Saber One commited suicide!
[01:47:24:063972 --7:00] [Thread 5072] Lothaar commited suicide!
[01:57:17:532824 --7:00] [Thread 5072] GUTZ died a mysterious death.
[02:16:54:067771 --7:00] [Thread 4068] Saber One was killed by an NPC!
[02:20:59:701228 --7:00] [Thread 5096] Saber One was killed by an NPC!
[02:24:29:431700 --7:00] [Thread 5000] Lothaar was killed by an NPC!
[02:26:19:220289 --7:00] [Thread 4372] Saber One was killed by an NPC!
[02:27:06:998387 --7:00] [Thread 4068] Saber One was killed by an NPC!
[02:27:20:532014 --7:00] [Thread 5096] Saber One was killed by an NPC!
[02:27:26:574843 --7:00] [Thread 4372] Saber One was killed by an NPC!
[02:29:50:936218 --7:00] [Thread 4372] Saber One was killed by an NPC!
[02:32:32:782963 --7:00] [Thread 5072] Lothaar was killed by an NPC!
[03:05:39:970262 --7:00] [Thread 5072] Saber One commited suicide!
