[19:06:19:393305 --7:00] [Thread 4668] Scott commited suicide!
[19:16:10:182562 --7:00] [Thread 2336] Trent commited suicide!
[20:12:00:398022 --7:00] [Thread 3396] {BTK} EAST_TEX_SWAMPCAT commited suicide!
[20:44:29:427994 --7:00] [Thread 4172] Joe crashed to death!
[20:54:25:901908 --7:00] [Thread 4260] {BTK} EAST_TEX_SWAMPCAT commited suicide!
[20:59:39:257548 --7:00] [Thread 4172] D4_Cador was killed by an NPC!
[21:45:43:465597 --7:00] [Thread 2816] Saber One was killed by an NPC!
[21:45:43:654931 --7:00] [Thread 3096] Joe was killed by an NPC!
[21:57:58:126203 --7:00] [Thread 3220] Joe was killed by an NPC!
[21:57:58:288138 --7:00] [Thread 3096] Saber One was killed by an NPC!
[08:24:57:860165 --7:00] [Thread 4956] sellig berton commited suicide!
[11:56:34:410978 --7:00] [Thread 3948] Dizzy_B_Gaming was killed by an NPC!
[11:58:59:992398 --7:00] [Thread 3656] Aiden was killed by an NPC!
[11:59:46:717590 --7:00] [Thread 3948] Aiden commited suicide!
[12:01:05:362051 --7:00] [Thread 3948] Dizzy_B_Gaming commited suicide!
[12:01:46:781242 --7:00] [Thread 4752] Aiden commited suicide!
[12:02:45:556028 --7:00] [Thread 3948] Aiden commited suicide!
[12:12:59:624866 --7:00] [Thread 3948] Aiden died because Aiden was very unlucky.
[12:44:33:276670 --7:00] [Thread 2972] Dizzy_B_Gaming commited suicide!
[12:44:54:352963 --7:00] [Thread 3656] Aiden was killed by an NPC!
[12:45:51:426830 --7:00] [Thread 4984] Dizzy_B_Gaming commited suicide!
[12:46:13:893634 --7:00] [Thread 4984] Aiden commited suicide!
[13:05:53:882247 --7:00] [Thread 4984] Dizzy_B_Gaming commited suicide!
[13:05:59:623261 --7:00] [Thread 4984] Aiden crashed to death!
[13:09:23:533638 --7:00] [Thread 3656] Aiden commited suicide!
[13:11:54:664861 --7:00] [Thread 2972] Aiden commited suicide!
[13:17:12:719926 --7:00] [Thread 3656] Dizzy_B_Gaming commited suicide!
[14:22:37:436975 --7:00] [Thread 3948] D4_Cador was killed by an NPC!
[14:28:59:333434 --7:00] [Thread 4984] D4_Cador was killed by an NPC!
[14:50:54:336973 --7:00] [Thread 4984] D4_Cador commited suicide!
[17:15:16:598134 --7:00] [Thread 3132] Lothaar commited suicide!
[17:56:01:173808 --7:00] [Thread 4116] nschr was killed by an NPC!
[18:06:04:616391 --7:00] [Thread 3132] nschr was killed by an NPC!
[18:06:53:921654 --7:00] [Thread 2332] nschr commited suicide!
[18:52:23:610575 --7:00] [Thread 3560] Scott commited suicide!
[19:06:27:709574 --7:00] [Thread 3132] Joe was killed by an NPC!
[19:15:10:742240 --7:00] [Thread 3132] Joe was killed by an NPC!
[19:31:24:341275 --7:00] [Thread 4480] Joe was killed by an NPC!
[19:34:15:424037 --7:00] [Thread 4116] Joe was killed by an NPC!
[19:37:47:370793 --7:00] [Thread 4116] Joe was killed by an NPC!
