07.12.2017 03:42:36: Mike Hawk(76561198064338936) | is an admin again.
07.12.2017 03:44:01: Zataralee(76561197994641119) | is an admin again.
07.12.2017 03:47:12: Zataralee(76561197994641119) | Unban (opens a field to type in a UID)
07.12.2017 03:47:38: Zataralee(76561197994641119) | clear ingame HackLog
07.12.2017 04:28:29: DrunkinfoolGrim(76561198173627579) | is an admin again.
07.12.2017 04:29:12: AkToker(76561197963221112) | is an admin again.
07.12.2017 04:32:00: AkToker(76561197963221112) | God Mode (no stats change) - ON
07.12.2017 04:32:03: DrunkinfoolGrim(76561198173627579) | God Mode (no stats change) - ON
07.12.2017 04:33:26: AkToker(76561197963221112) | God Mode (no stats change) - OFF
07.12.2017 04:33:28: AkToker(76561197963221112) | God Mode (no stats change) - ON
07.12.2017 04:33:45: DrunkinfoolGrim(76561198173627579) | Vehicle God Mode - ON
07.12.2017 04:34:10: AkToker(76561197963221112) | Teleport In Facing Direction (10m steps) - ON
07.12.2017 04:34:18: DrunkinfoolGrim(76561198173627579) | Teleported DrunkinfoolGrim(76561198173627579) from [2269.3,8664.28,-0.187326](022086) to [8765.99,3507.08,0.3](087035)  (8295m)
07.12.2017 04:34:18: DrunkinfoolGrim(76561198173627579) | Teleport to [8765.99,3507.08,0](GPS: 087035)
07.12.2017 04:37:18: AkToker(76561197963221112) | locked - [Exile_Chopper_Orca_Black]
07.12.2017 04:37:23: AkToker(76561197963221112) | locked - [Exile_Chopper_Orca_Black]
07.12.2017 04:37:38: AkToker(76561197963221112) | Lightning @[8759.17,3903.02,0] 087039
07.12.2017 04:39:55: AkToker(76561197963221112) | spawning MQ-12 Falcon (B_T_UAV_03_dynamicLoadout_F) (NonPersistent)
07.12.2017 04:40:21: AkToker(76561197963221112) | Deleting B_T_UAV_03_dynamicLoadout_F @088042..
07.12.2017 04:41:26: AkToker(76561197963221112) | spawning Lada (Green) (CUP_C_Lada_GreenTK_CIV) (Persistent)
07.12.2017 04:41:34: AkToker(76561197963221112) | Deleting CUP_C_Lada_GreenTK_CIV @087039..
07.12.2017 04:42:17: DrunkinfoolGrim(76561198173627579) | Teleported DrunkinfoolGrim(76561198173627579) from [8704.56,3618.24,-0.597359](087036) to [809.045,7717.36,0.3](008077)  (8896m)
07.12.2017 04:42:17: DrunkinfoolGrim(76561198173627579) | Teleport to [809.045,7717.36,0](GPS: 008077)
07.12.2017 04:42:29: AkToker(76561197963221112) | spawning AH-99 Blackfoot (B_Heli_Attack_01_dynamicLoadout_F) (Persistent)
07.12.2017 04:45:12: AkToker(76561197963221112) | Deleting B_Heli_Attack_01_dynamicLoadout_F @087039..
07.12.2017 04:45:36: AkToker(76561197963221112) | is a normal player now.
07.12.2017 04:48:56: DrunkinfoolGrim(76561198173627579) | Teleport to [2264.11,8603.66,0](GPS: 022086)
07.12.2017 04:50:02: DrunkinfoolGrim(76561198173627579) | Added Money to player 500000 DrunkinfoolGrim(76561198173627579)
07.12.2017 04:52:11: DrunkinfoolGrim(76561198173627579) | God Mode (no stats change) - OFF
07.12.2017 04:52:12: DrunkinfoolGrim(76561198173627579) | God Mode - ON
07.12.2017 04:58:46: DrunkinfoolGrim(76561198173627579) | Teleported DrunkinfoolGrim(76561198173627579) from [2033.15,8797.32,0.981182](020087) to [5625.52,7224.97,0.3](056072)  (3921m)
07.12.2017 04:58:46: DrunkinfoolGrim(76561198173627579) | Teleport to [5625.52,7224.97,0](GPS: 056072)
07.12.2017 05:01:29: DrunkinfoolGrim(76561198173627579) | Teleported DrunkinfoolGrim(76561198173627579) from [5683.74,7204.7,0.840292](056072) to [5164.3,5807.25,0.3](051058)  (1491m)
07.12.2017 05:01:29: DrunkinfoolGrim(76561198173627579) | Teleport to [5164.3,5807.25,0](GPS: 051058)
07.12.2017 05:01:55: DrunkinfoolGrim(76561198173627579) | Teleported DrunkinfoolGrim(76561198173627579) from [5163.8,5806.81,-2.54075](051058) to [5120.98,5818.49,0.3](051058)  (44m)
07.12.2017 05:01:55: DrunkinfoolGrim(76561198173627579) | Teleport to [5120.98,5818.49,0](GPS: 051058)
07.12.2017 05:04:10: DrunkinfoolGrim(76561198173627579) | Teleported DrunkinfoolGrim(76561198173627579) from [4910.94,5810.86,-14.5305](049058) to [4242.5,5465.44,0.3](042054)  (752m)
07.12.2017 05:04:10: DrunkinfoolGrim(76561198173627579) | Teleport to [4242.5,5465.44,0](GPS: 042054)
07.12.2017 05:05:46: DrunkinfoolGrim(76561198173627579) | Teleport to [851.687,7659.74,0](GPS: 008076)
07.12.2017 05:06:14: DrunkinfoolGrim(76561198173627579) | Teleport to [4245.66,5465.09,0](GPS: 042054)
07.12.2017 05:06:59: DrunkinfoolGrim(76561198173627579) | Teleported DrunkinfoolGrim(76561198173627579) from [4231.29,5477.48,-2.20945](042054) to [856.686,7665.59,0.3](008076)  (4022m)
07.12.2017 05:06:59: DrunkinfoolGrim(76561198173627579) | Teleport to [856.686,7665.59,0](GPS: 008076)
07.12.2017 05:12:03: DrunkinfoolGrim(76561198173627579) | Deleting Exile_Container_SupplyBox @008076..
07.12.2017 05:12:04: DrunkinfoolGrim(76561198173627579) | Deleting Exile_Container_SupplyBox @008076..
07.12.2017 05:15:52: DrunkinfoolGrim(76561198173627579) | Teleport to [2265.77,8607.39,0](GPS: 022086)
07.12.2017 05:16:35: DrunkinfoolGrim(76561198173627579) | Stealth / Invisible - ON
07.12.2017 05:16:39: DrunkinfoolGrim(76561198173627579) | AI ESP - ON
07.12.2017 05:16:47: DrunkinfoolGrim(76561198173627579) | Teleport to [5840.05,2956.37,0](GPS: 058029)
07.12.2017 05:18:04: DrunkinfoolGrim(76561198173627579) | Teleport to [4394.24,3899.02,0](GPS: 043038)
07.12.2017 05:19:29: DrunkinfoolGrim(76561198173627579) | Teleport to [5273.23,4674.51,0](GPS: 052046)
07.12.2017 05:20:10: DrunkinfoolGrim(76561198173627579) | Teleport to [6654.07,4376.96,0](GPS: 066043)
07.12.2017 05:21:11: DrunkinfoolGrim(76561198173627579) | Teleport to [2814.84,6981.83,0](GPS: 028069)
07.12.2017 05:22:23: DrunkinfoolGrim(76561198173627579) | Teleport to [10507.9,6497.3,0](GPS: 105064)
07.12.2017 05:25:03: DrunkinfoolGrim(76561198173627579) | Teleport to [854.654,7662.96,0](GPS: 008076)
07.12.2017 05:26:40: DrunkinfoolGrim(76561198173627579) | is a normal player now.
