07.12.2017 03:39:50: Connected (UID?): __SERVER__() Owner: 2
07.12.2017 03:42:11: Connected: Mike Hawk(76561198064338936) Owner: 3
07.12.2017 03:42:13: Connected (CLIENT_PING): Mike Hawk(76561198064338936) Owner: 3, SteamName: Mike Hawk   [UpTime: 0h 2min 14s - ServerFPS: 45.8453]
07.12.2017 03:42:36: Disconnected: Mike Hawk(76561198064338936) Owner: 3, SteamName: Mike Hawk
07.12.2017 03:42:42: Connected: Zataralee(76561197994641119) Owner: 4
07.12.2017 03:42:44: Connected (CLIENT_PING): Zataralee(76561197994641119) Owner: 4, SteamName: zataralee   [UpTime: 0h 2min 35s - ServerFPS: 45.584]
07.12.2017 03:43:24: Connected: Mike Hawk(76561198064338936) Owner: 5
07.12.2017 03:43:27: Connected (CLIENT_PING): Mike Hawk(76561198064338936) Owner: 5, SteamName: Mike Hawk   [UpTime: 0h 3min 17s - ServerFPS: 45.4545]
07.12.2017 03:44:01: Disconnected: Zataralee(76561197994641119) Owner: 4, SteamName: zataralee
07.12.2017 03:44:06: Connected: AkToker(76561197963221112) Owner: 6
07.12.2017 03:44:09: Connected (CLIENT_PING): AkToker(76561197963221112) Owner: 6, SteamName: AkToker   [UpTime: 0h 3min 59s - ServerFPS: 45.4545]
07.12.2017 03:44:28: Connected: Zataralee(76561197994641119) Owner: 7
07.12.2017 03:44:29: Connected (CLIENT_PING): Zataralee(76561197994641119) Owner: 7, SteamName: zataralee   [UpTime: 0h 4min 20s - ServerFPS: 45.3258]
07.12.2017 03:48:13: Disconnected: Zataralee(76561197994641119) Owner: 7, SteamName: zataralee
07.12.2017 03:58:12: Connected: DrunkinfoolGrim(76561198173627579) Owner: 8
07.12.2017 03:58:15: Connected (CLIENT_PING): DrunkinfoolGrim(76561198173627579) Owner: 8, SteamName: Grim   [UpTime: 0h 18min 5s - ServerFPS: 45.3258]
07.12.2017 04:02:36: Connected: Lothaar(76561197966847701) Owner: 9
07.12.2017 04:02:38: Connected (CLIENT_PING): Lothaar(76561197966847701) Owner: 9, SteamName: lothaar   [UpTime: 0h 22min 28s - ServerFPS: 45.4545]
07.12.2017 04:22:00: Disconnected: Lothaar(76561197966847701) Owner: 9, SteamName: lothaar
07.12.2017 04:22:04: Disconnected: AkToker(76561197963221112) Owner: 6, SteamName: AkToker
07.12.2017 04:22:23: Disconnected: DrunkinfoolGrim(76561198173627579) Owner: 8, SteamName: Grim
07.12.2017 04:22:24: Disconnected: Mike Hawk(76561198064338936) Owner: 5, SteamName: Mike Hawk
07.12.2017 04:25:45: Connected (UID?): __SERVER__() Owner: 2
07.12.2017 04:27:59: Connected: DrunkinfoolGrim(76561198173627579) Owner: 3
07.12.2017 04:28:00: Connected (CLIENT_PING): DrunkinfoolGrim(76561198173627579) Owner: 3, SteamName: Grim   [UpTime: 0h 2min 9s - ServerFPS: 45.3258]
07.12.2017 04:28:30: Disconnected: DrunkinfoolGrim(76561198173627579) Owner: 3, SteamName: Grim
07.12.2017 04:28:48: Connected: AkToker(76561197963221112) Owner: 4
07.12.2017 04:28:51: Connected (CLIENT_PING): AkToker(76561197963221112) Owner: 4, SteamName: AkToker   [UpTime: 0h 2min 48s - ServerFPS: 45.4545]
07.12.2017 04:28:58: Connected: DrunkinfoolGrim(76561198173627579) Owner: 5
07.12.2017 04:28:59: Connected (CLIENT_PING): DrunkinfoolGrim(76561198173627579) Owner: 5, SteamName: Grim   [UpTime: 0h 2min 56s - ServerFPS: 45.7143]
07.12.2017 04:29:13: Disconnected: AkToker(76561197963221112) Owner: 4, SteamName: AkToker
07.12.2017 04:30:12: Connected: Mike Hawk(76561198064338936) Owner: 6
07.12.2017 04:30:15: Connected (CLIENT_PING): Mike Hawk(76561198064338936) Owner: 6, SteamName: Mike Hawk   [UpTime: 0h 4min 12s - ServerFPS: 45.4545]
07.12.2017 04:31:06: Connected: AkToker(76561197963221112) Owner: 7
07.12.2017 04:31:09: Connected (CLIENT_PING): AkToker(76561197963221112) Owner: 7, SteamName: AkToker   [UpTime: 0h 5min 6s - ServerFPS: 45.4545]
07.12.2017 04:38:13: Disconnected: Mike Hawk(76561198064338936) Owner: 6, SteamName: Mike Hawk
07.12.2017 04:45:36: Disconnected: AkToker(76561197963221112) Owner: 7, SteamName: AkToker
07.12.2017 05:26:40: Disconnected: DrunkinfoolGrim(76561198173627579) Owner: 5, SteamName: Grim
07.12.2017 06:19:23: Connected: Rog641(76561197974499499) Owner: 8
07.12.2017 06:19:27: Connected (CLIENT_PING): Rog641(76561197974499499) Owner: 8, SteamName: rog641   [UpTime: 1h 53min 21s - ServerFPS: 45.584]
07.12.2017 08:24:04: Disconnected: Rog641(76561197974499499) Owner: 8, SteamName: rog641
07.12.2017 08:25:57: Connected (UID?): __SERVER__() Owner: 2
07.12.2017 08:32:34: Connected: Rog641(76561197974499499) Owner: 3
07.12.2017 08:32:41: Connected (CLIENT_PING): Rog641(76561197974499499) Owner: 3, SteamName: rog641   [UpTime: 0h 6min 31s - ServerFPS: 45.4545]
07.12.2017 08:39:20: Disconnected: Rog641(76561197974499499) Owner: 3, SteamName: rog641
