07.12.2017 03:39:46: _fnc_server_handle_mpmessage: bsbres685lcp4i684mem6w3ga
07.12.2017 03:39:46: _fnc_AdminReqReal: z6dx7q4d62ab376van4h62f4aofgf
07.12.2017 03:39:46: _playerobj_check_loops1: q91nfsc71p5e1lcz6d6i2yfa3bbpava
07.12.2017 03:39:46: _playerobj_check_loops2: d38q3m5db7bwad1_amdv51ai6r1kb6a7376da
07.12.2017 03:39:46: _token_by_uid: xoao2z6e1_6lfg6b6xfefo841q5e3
07.12.2017 03:39:46: _uid_by_token: ck8pbcdobh1b1ia_axa64tclb
07.12.2017 03:39:46: _name_by_uid: af3_c1b164d7bocd6eabcmb2au67fubt6salc
07.12.2017 03:39:46: _owner_by_uid: e5f1294ce7605zcl575
07.12.2017 03:39:46: _uid_by_owner: pd6b3tad163iaidnf429f16napawa_a6ds1w3
07.12.2017 03:39:46: _fn_playerConnected: mxan4a1s5ob9517c2qc
07.12.2017 03:39:46: _server_setTokenR: s31jf9aa5cev6b5j6f6_bd8ta4816g1
07.12.2017 03:39:46: _FN_INJECT_ON_CLIENT: u46ga2aw5z725ucqc1698w298o7
07.12.2017 03:39:46: _fnc_l_on_c: kobbfgbi4dar6g6pawa
07.12.2017 03:39:46: _adminStartupCode: g61na_3p5aafex66bpchapdp3_6vad5
07.12.2017 03:39:46: _AHKickOFF: k93f4655c9dq3ydw6o687a6eauevfua9a86q1
07.12.2017 03:39:46: _AHKickLog: nz5tamb1cdc7cn59cw44dncwdsam6xcocpcta
07.12.2017 03:39:46: _AH_RunCheckENDVAR: ku6kdv1pcdbt4a1qau4s4kaj6v88584k3xalcy4
07.12.2017 03:39:46: _AH_RunCheck: zmfffjesam6vfo3hcm6d676k8wf06bcca
07.12.2017 03:39:46: _AH_HackLogArrayRND: eh5sda5b47ch4edf6864aj4kfl60b_2
07.12.2017 03:39:46: _AH_SurvLogArrayRND: qhan601_6dfpf64e4t3k5_386
07.12.2017 03:39:46: _AH_AdmiLogArrayRND: lx65caaycza6323hbiao6law8v643z8_aj15avck1s7
07.12.2017 03:39:46: _TMPBAN: wx4pct4mcdfo6pfbbra6awbya_a
07.12.2017 03:39:46: _fn_getTempBans: wyf815craw151ub71a5hc3687u3c67dval4z3x7x3t1vc
07.12.2017 03:39:46: _fnc_addTempBan: g8ab197n8jd1aj40ex6
07.12.2017 03:39:46: _fnc_removeTempBan: ug19di4xd940fv61c55r4b3k3rd08
07.12.2017 03:39:46: _AHpos: lkapem6a64bp6b4g1ofo5de3bi68a
07.12.2017 03:39:46: _adminsA: qtd8aj4j1pfu1c6wcy2ec66
07.12.2017 03:39:46: _vehicle_needs_check: bc6pa_6a4yaufgdt6c3l543eae3w5fb_7
07.12.2017 03:39:46: _fnc_infiSTAR_PlayerLog: pqbq5t3d3t6f6ndzcb5
07.12.2017 03:39:46: _antidupePVResVar: xwcq896r6ubgfrcucq6
07.12.2017 03:39:46: _runcheck_thread: bjau6vftbydtfycpf5at6t4_aba5bo6ma54
07.12.2017 03:39:46: _livestarted: meatcuaac_b8aacl2ycka65a7
07.12.2017 03:39:46: _fnc_check_type_allowed: cp6ybaafa416dxb94sa
07.12.2017 03:39:46: _fnc_remove_badvehicle: qs6vazcvecby55bn4cc
07.12.2017 03:39:46: _fnc_vehicle_check: ve69cp1_f0c2ava55x5vb7cx6t13bfdi1zb
07.12.2017 03:39:46: _rcheckclient: b54xfwaa18aze96a4wch6e1k3ddp4eag70at67c1181tc
07.12.2017 03:39:46: _rcheckserver: excw1uaqetd6ch6p493i18ded85z3deq8ue36o6fbwaj3
07.12.2017 03:39:46: _waste_btn_thread: dg6b16aeau4vaea3c51e696
07.12.2017 04:25:41: _fnc_server_handle_mpmessage: a83pa3cfbf3bea898h4m147d1
07.12.2017 04:25:41: _fnc_AdminReqReal: e02n1l625yeq4ld1edb
07.12.2017 04:25:41: _playerobj_check_loops1: coag6xav6b46fvfua56
07.12.2017 04:25:41: _playerobj_check_loops2: v7661x1m6z3j3m3i533v6k4v3jctafafb_4
07.12.2017 04:25:41: _token_by_uid: hbcp38451w6b61by1ca
07.12.2017 04:25:41: _uid_by_token: i9draabq3y7m64541uchfn1h3cajaic
07.12.2017 04:25:41: _name_by_uid: zx62b1b5c53144a34t4
07.12.2017 04:25:41: _owner_by_uid: bm1rao6789ca24338c433wche
07.12.2017 04:25:41: _uid_by_owner: f_30fx4ud0ew6r5t8fap6_6bbf4b1lbganbc1
07.12.2017 04:25:41: _fn_playerConnected: y0596f61cfd14p6q17ccb9a71
07.12.2017 04:25:41: _server_setTokenR: pb4b6maabqcnataf3af1bi4ff
07.12.2017 04:25:41: _FN_INJECT_ON_CLIENT: bdeiab4rdpbxby2r64avb9181zc
07.12.2017 04:25:41: _fnc_l_on_c: orcp48bvex8fd03w405
07.12.2017 04:25:41: _adminStartupCode: egccay6mck465y4racf
07.12.2017 04:25:41: _AHKickOFF: rheifef74u25d6835z3bfh40891_a6ama9ffauao4db
07.12.2017 04:25:41: _AHKickLog: ca2l42cx2rd54u6har73cffm5hacbib
07.12.2017 04:25:41: _AH_RunCheckENDVAR: t8fhdb6350eq4mfd1jf7aeafcva229f
07.12.2017 04:25:41: _AH_RunCheck: bw5i5r4_354z1u6wbmdc1t5af8bt48fx675
07.12.2017 04:25:41: _AH_HackLogArrayRND: xpaoc11928a_496u4g44av8e1vfy546rc_19fq5k1x4r3x1
07.12.2017 04:25:41: _AH_SurvLogArrayRND: maead02ia63x6e3xa76p1h4a2rbe1nb9d6bice1g4
07.12.2017 04:25:41: _AH_AdmiLogArrayRND: rt1_dt1tae1ldnbl1b4octchfub26n4x6
07.12.2017 04:25:41: _TMPBAN: fnfs5a5w2o6e6368av47dzd
07.12.2017 04:25:41: _fn_getTempBans: tmex1j6oal384c4y4kd
07.12.2017 04:25:41: _fnc_addTempBan: ey14fcfy623taxa04p1_ezd73
07.12.2017 04:25:41: _fnc_removeTempBan: jqbtd4f03s10al1gbx5_c46i3aah4m4w3jb
07.12.2017 04:25:41: _AHpos: s447ee64a_5udc1_cg6
07.12.2017 04:25:41: _adminsA: mk4w3s22dt476f1nff3qe
07.12.2017 04:25:41: _vehicle_needs_check: be1d4t8sbeaq3ofwbaaya8a3dnbn6jb_1j511cc
07.12.2017 04:25:41: _fnc_infiSTAR_PlayerLog: mda6a_1ga46m42dh6kea2n3_cm1i3bfn145kb4fk7re0b
07.12.2017 04:25:41: _antidupePVResVar: dt39646w7pbyd1616i47a85u3s7fa
07.12.2017 04:25:41: _runcheck_thread: x4ay1fb23u845kew48a8bt4b8vez1k5qaife4p4n6c6jbx4
07.12.2017 04:25:41: _livestarted: l5aca6623d62be4z46d
07.12.2017 04:25:41: _fnc_check_type_allowed: nxds672s693b3w5f47bndtai6kc_cla27qdn158r4
07.12.2017 04:25:41: _fnc_remove_badvehicle: jdbxavb_d7a3503z7d1gfp3n138
07.12.2017 04:25:41: _fnc_vehicle_check: wa1a1vczce3b1nfs3t5eb
07.12.2017 04:25:41: _rcheckclient: qu62b01b1n414f1tcz4p4o6feo636q6wbqdy1y3z4b4
07.12.2017 04:25:41: _rcheckserver: m91e10ar3_6k4e3wa6anc
07.12.2017 04:25:41: _waste_btn_thread: k5cx2y3iavad6k625z3
07.12.2017 08:25:53: _fnc_server_handle_mpmessage: z36o1b1fal8ydz4iava
07.12.2017 08:25:53: _fnc_AdminReqReal: ph2x6r6we180c86c344k3ia
07.12.2017 08:25:53: _playerobj_check_loops1: ii69fd5s3qb46sb8cra
07.12.2017 08:25:53: _playerobj_check_loops2: vfa2cfan1a1nf5f0ac4_ft5v4odl1_5
07.12.2017 08:25:53: _token_by_uid: iwc137b_6qbsfod3b7dx6maha9au2
07.12.2017 08:25:53: _uid_by_token: gucmaf6bb5282w6p4oay4ecs5ae
07.12.2017 08:25:53: _name_by_uid: k43ace21a9cpf26lc040ay511t6fcgem1a6_3s836
07.12.2017 08:25:53: _owner_by_uid: mb85df4r45466qcu4aciawaj1k4a4fby741
07.12.2017 08:25:53: _uid_by_owner: sk1hauab7zbbaddl4x1
07.12.2017 08:25:53: _fn_playerConnected: g4cd4q55dkbtaa5052adfybp3g11c41ba_6g2l6e78a
07.12.2017 08:25:53: _server_setTokenR: pt26ate1ae1ycvc66_5v6fe
07.12.2017 08:25:53: _FN_INJECT_ON_CLIENT: d65a3pcsc718ae1e62a2cs8kbfa6fo4m2mb2192z27c
07.12.2017 08:25:53: _fnc_l_on_c: q83c6j3zdyar764pbl6g5665fkba6814dg1lagd
07.12.2017 08:25:53: _adminStartupCode: st3d5wdiar4l4qaj1wf5blbaa1bbe46_b14eccc
07.12.2017 08:25:53: _AHKickOFF: ebbt1lbl3b7ocwanbm6
07.12.2017 08:25:53: _AHKickLog: lx6456c46xa_cqar6pd54ebjeq5
07.12.2017 08:25:53: _AH_RunCheckENDVAR: e03da4ana_bp4fbd6x566xaseqc74xebduc
07.12.2017 08:25:53: _AH_RunCheck: i8e6aoba6vaxb3fk6_4d454bbt6_2lak6j1789bba_dx4
07.12.2017 08:25:53: _AH_HackLogArrayRND: sh4hfe7iby2p23737va
07.12.2017 08:25:53: _AH_SurvLogArrayRND: v0dlarcle3fk1javdod
07.12.2017 08:25:53: _AH_AdmiLogArrayRND: dm41606n3k495d4zb11
07.12.2017 08:25:53: _TMPBAN: u73n3zf3683xd4b11g3l2c6r1_1
07.12.2017 08:25:53: _fn_getTempBans: gq4yc4a6dc1s3915c43a1maqcxfve03
07.12.2017 08:25:53: _fnc_addTempBan: u0b3ah1mbhap5765404u4zaye
07.12.2017 08:25:53: _fnc_removeTempBan: g8655xce6e3gai1dcw4
07.12.2017 08:25:53: _AHpos: u2azbd4bbqf45ba0cd6r17bofp221
07.12.2017 08:25:53: _adminsA: sre0bedj24fxayci5_aodyd2b62
07.12.2017 08:25:53: _vehicle_needs_check: yfee6vbkbjaado6s5k4kadc
07.12.2017 08:25:53: _fnc_infiSTAR_PlayerLog: adar1jcpaocm7zff6lc
07.12.2017 08:25:53: _antidupePVResVar: zbfq8o6vbibu1ea5b_c139bi6efh778n1yai8hdgfq5ad
07.12.2017 08:25:53: _runcheck_thread: z34u6b4d3a5g6s6s1p4lc
07.12.2017 08:25:53: _livestarted: yr458tcnfza04wb3csa
07.12.2017 08:25:53: _fnc_check_type_allowed: t51_6b41fr397j4kbg6fbt6s6v7ra2cs6_at15a
07.12.2017 08:25:53: _fnc_remove_badvehicle: cb6k5jbe6yanaj8_a7f31_3bdx3e5ta
07.12.2017 08:25:53: _fnc_vehicle_check: e7bz69aa4hfz6mft3w1
07.12.2017 08:25:53: _rcheckclient: ng3w6oaa5j4nf_3oebcnc
07.12.2017 08:25:53: _rcheckserver: y833drbkau6f4of7ah2qbdcade2id8a7e
07.12.2017 08:25:53: _waste_btn_thread: zi6ubobc1ta01oacdob
