[17:01:06:497027 --7:00] [Thread 4868] Avriality commited suicide!
[17:16:52:034877 --7:00] [Thread 4136] Pyrogenesis was killed by an NPC!
[17:34:23:828630 --7:00] [Thread 4868] Pyrogenesis was killed by an NPC!
[17:36:48:682378 --7:00] [Thread 540] Pyrogenesis commited suicide!
[17:37:13:074522 --7:00] [Thread 4136] log50071 died an awkward death.
[17:47:02:948052 --7:00] [Thread 4868] log50071 commited suicide!
[17:56:04:866320 --7:00] [Thread 784] Pyrogenesis was killed by an NPC!
[18:56:41:881421 --7:00] [Thread 4484] Pyrogenesis was killed by an NPC!
[18:58:26:001019 --7:00] [Thread 540] Pyrogenesis commited suicide!
[19:15:45:522969 --7:00] [Thread 4868] Pyrogenesis was killed by an NPC!
[19:20:33:862977 --7:00] [Thread 4484] Pyrogenesis was killed by an NPC!
[19:24:04:908082 --7:00] [Thread 540] Pyrogenesis was killed by an NPC!
[19:24:25:449835 --7:00] [Thread 4484] D4_Cador died and nobody knows why.
[19:26:52:430133 --7:00] [Thread 4868] D4_Cador was killed by an NPC!
[19:26:57:342336 --7:00] [Thread 4484] Avriality was killed by an NPC!
[19:27:06:415622 --7:00] [Thread 4868] Nutsnboltz was killed by an NPC!
[19:54:42:530810 --7:00] [Thread 4484] Joe commited suicide!
[20:01:42:650536 --7:00] [Thread 4484] Joe commited suicide!
[20:11:49:209509 --7:00] [Thread 4772] Avriality commited suicide!
[20:13:17:787713 --7:00] [Thread 784] Joe was killed by an NPC!
[20:19:46:265259 --7:00] [Thread 4136] Jason died because that's why.
[20:23:43:474564 --7:00] [Thread 4868] Avriality was killed by an NPC!
[20:39:09:027640 --7:00] [Thread 4868] D4_Cador commited suicide!
[20:46:01:206428 --7:00] [Thread 4484] D4_Cador commited suicide!
[21:00:52:627657 --7:00] [Thread 3956] Nutsnboltz commited suicide!
[21:03:22:116833 --7:00] [Thread 2988] Jack Hope commited suicide!
[21:04:33:373117 --7:00] [Thread 2216] Nutsnboltz commited suicide!
[21:12:05:485219 --7:00] [Thread 2988] D4_Cador was killed by an NPC!
[21:12:29:110657 --7:00] [Thread 3956] Avriality was killed by an NPC!
[21:17:59:292495 --7:00] [Thread 1460] D4_Cador commited suicide!
[21:33:29:252520 --7:00] [Thread 1460] D4_Cador died due to Arma bugs and is probably very salty right now.
[21:33:29:324318 --7:00] [Thread 2988] Nutsnboltz died because... Arma.
[21:33:29:562185 --7:00] [Thread 4828] Avriality died due to Arma bugs and is probably very salty right now.
[21:35:40:639897 --7:00] [Thread 4828] Avriality died because the universe hates him.
[21:36:35:661645 --7:00] [Thread 2988] Avriality commited suicide!
[21:43:52:574165 --7:00] [Thread 2988] D4_Cador died and nobody knows why.
[21:46:32:046556 --7:00] [Thread 2988] D4_Cador was killed by an NPC!
[21:48:22:809237 --7:00] [Thread 3956] D4_Cador was killed by an NPC!
[21:50:51:723041 --7:00] [Thread 2988] D4_Cador commited suicide!
[21:53:58:162320 --7:00] [Thread 1460] D4_Cador commited suicide!
[22:17:36:887596 --7:00] [Thread 2216] D4_Cador commited suicide!
[22:24:58:822796 --7:00] [Thread 1460] Nutsnboltz died because... Arma.
[22:24:59:119799 --7:00] [Thread 2216] Avriality died because the universe hates him.
[22:29:20:327194 --7:00] [Thread 5488] Nutsnboltz was killed by an NPC!
[22:46:16:426695 --7:00] [Thread 4828] Joe died due to Arma bugs and is probably very salty right now.
[23:03:45:900211 --7:00] [Thread 1460] D4_Cador was killed by Zataralee! (First Blood, Big Bird, 1350m Range)
[23:14:36:020758 --7:00] [Thread 3956] Nutsnboltz died because... Arma.
[23:27:15:224651 --7:00] [Thread 2988] Avriality died a mysterious death.
[23:28:42:648618 --7:00] [Thread 3956] Zataralee was team-killed by Zataralee!
[23:29:30:747848 --7:00] [Thread 1460] D4_Cador was team-killed by Nutsnboltz!
[23:33:53:194789 --7:00] [Thread 2216] Nutsnboltz was team-killed by D4_Cador!
[23:34:00:359493 --7:00] [Thread 3956] D4_Cador died because the universe hates him.
[23:35:13:835001 --7:00] [Thread 1460] Nutsnboltz commited suicide!
[23:35:56:051244 --7:00] [Thread 1460] D4_Cador commited suicide!
[23:43:35:396460 --7:00] [Thread 4828] D4_Cador died because that's why.
[23:43:35:564552 --7:00] [Thread 2988] Nutsnboltz died an awkward death.
[23:47:50:380668 --7:00] [Thread 2988] D4_Cador commited suicide!
[23:49:49:541182 --7:00] [Thread 4828] Nutsnboltz was killed by Zataralee! (Mad Passenger)
[00:01:04:589586 --7:00] [Thread 2216] Axe_au crashed to death!
[00:05:27:414788 --7:00] [Thread 2216] D4_Cador was killed by Zataralee! (Big Bird, 807m Range)
[00:16:01:123252 --7:00] [Thread 3956] log50071 commited suicide!
[00:41:03:915458 --7:00] [Thread 2216] Storm King commited suicide!
[01:06:15:392739 --7:00] [Thread 4836] Jason was killed by an NPC!
[01:33:06:605274 --7:00] [Thread 5804] D4_Cador commited suicide!
[01:43:22:445137 --7:00] [Thread 4660] log50071 commited suicide!
[01:46:44:501758 --7:00] [Thread 5408] Jason commited suicide!
[01:53:29:196081 --7:00] [Thread 5408] log50071 died an awkward death.
[01:54:34:799522 --7:00] [Thread 5804] Avriality commited suicide!
[02:09:56:959565 --7:00] [Thread 4660] D4_Cador commited suicide!
[02:29:11:063112 --7:00] [Thread 4836] log50071 died due to Arma bugs and is probably very salty right now.
[02:33:49:279850 --7:00] [Thread 4836] sellig berton was killed by Avriality! (First Blood)
[02:46:25:373896 --7:00] [Thread 5804] Avriality commited suicide!
[02:48:05:607368 --7:00] [Thread 4836] D4_Cador died because the universe hates him.
[05:33:28:048809 --7:00] [Thread 5936] sellig berton commited suicide!
[05:54:09:862889 --7:00] [Thread 5936] sellig berton commited suicide!
[06:14:26:523411 --7:00] [Thread 5268] sellig berton commited suicide!
[06:26:48:431634 --7:00] [Thread 5744] select was killed by an NPC!
[06:32:27:677763 --7:00] [Thread 5936] select was killed by an NPC!
[06:34:42:713292 --7:00] [Thread 5936] sellig berton commited suicide!
[07:10:09:437644 --7:00] [Thread 3412] sellig berton died due to Arma bugs and is probably very salty right now.
[07:16:06:670652 --7:00] [Thread 4924] sellig berton was killed by an NPC!
[08:40:51:618792 --7:00] [Thread 5744] sellig berton was killed by an NPC!
[10:23:23:356114 --7:00] [Thread 5732] Pyrogenesis was killed by an NPC!
[10:24:16:182632 --7:00] [Thread 6076] Jason was killed by an NPC!
[10:26:31:270431 --7:00] [Thread 4000] Jason commited suicide!
[10:57:57:065566 --7:00] [Thread 5472] Pyrogenesis was killed by an NPC!
[11:01:05:706629 --7:00] [Thread 4000] Pyrogenesis was killed by an NPC!
[11:24:31:649234 --7:00] [Thread 6076] Jason was killed by an NPC!
[11:26:53:901733 --7:00] [Thread 4000] Jason was killed by an NPC!
[11:28:09:439793 --7:00] [Thread 6076] Pyrogenesis was killed by an NPC!
[11:53:37:528821 --7:00] [Thread 5732] Pyrogenesis was killed by an NPC!
[11:57:26:048183 --7:00] [Thread 4716] Pyrogenesis commited suicide!
[12:05:46:640921 --7:00] [Thread 4000] D4_Cador commited suicide!
[12:06:58:250338 --7:00] [Thread 6076] D4_Cador commited suicide!
[12:38:30:068312 --7:00] [Thread 4000] D4_Cador was killed by an NPC!
[12:58:23:249598 --7:00] [Thread 5252] Storm King commited suicide!
[13:54:54:511138 --7:00] [Thread 4296] Pyrogenesis commited suicide!
[14:04:15:305856 --7:00] [Thread 5688] Storm King commited suicide!
[14:04:22:242711 --7:00] [Thread 5252] Pyrogenesis was killed by an NPC!
[14:07:17:912183 --7:00] [Thread 5128] Storm King commited suicide!
[14:12:41:725268 --7:00] [Thread 5128] Storm King was killed by an NPC!
[14:30:05:199190 --7:00] [Thread 5688] Storm King commited suicide!
[15:03:12:493037 --7:00] [Thread 5252] Joe was killed by an NPC!
[15:04:56:261358 --7:00] [Thread 4296] Storm King commited suicide!
[15:15:17:445123 --7:00] [Thread 5128] {BTK} EAST_TEX_SWAMPCAT commited suicide!
[15:21:18:919365 --7:00] [Thread 5688] Storm King commited suicide!
[15:24:22:254526 --7:00] [Thread 4296] Storm King commited suicide!
[15:47:54:573025 --7:00] [Thread 5252] Pyrogenesis was killed by an NPC!
[16:34:38:223438 --7:00] [Thread 5128] Pyrogenesis commited suicide!
