extDB2: Version: 70
extDB2: https://github.com/Torndeco/extDB2
extDB2: Windows Version
Message: All development for extDB2 is done on a Linux Dedicated Server
Message: If you would like to Donate to extDB2 Development
Message: https://www.paypal.com/cgi-bin/webscr?cmd=_s-xclick&hosted_button_id=2SUEFTGABTAM2
Message: Also leave a message if there is any particular feature you would like to see added.
Message: Thanks for all the people that have donated.
Message: Torndeco: 20/02/15


extDB2: Found extdb-conf.ini
extDB2: Detected 8 Cores, Setting up 6 Worker Threads


[22:35:28:736189 --7:00] [Thread 3120] extDB2: Database Type: MySQL
[22:35:28:737430 --7:00] [Thread 3120] extDB2: Database Session Pool Started
[22:35:28:738732 --7:00] [Thread 3120] extDB2: SQL_CUSTOM_V2: Loading Template Filename: C:\Spokane_Survivalists\Game_Servers\Arma\@exileserver\extDB\sql_custom_v2\exile.ini
[22:35:28:738873 --7:00] [Thread 3120] extDB2: SQL_CUSTOM_V2: Version 12 Detected, Latest Version 12 Available
[22:35:28:794574 --7:00] [Thread 3120] extDB2: LOG: Error: Failed opening file C:\Spokane_Survivalists\Game_Servers\Arma\@exileserver\extDB\logs\2017\12\20\Exile_TradingLog.log for writing
[22:35:28:794607 --7:00] [Thread 3120] extDB2: Failed to Load Protocol: LOG
[22:35:28:849694 --7:00] [Thread 3120] extDB2: LOG: Error: Failed opening file C:\Spokane_Survivalists\Game_Servers\Arma\@exileserver\extDB\logs\2017\12\20\Exile_DeathLog.log for writing
[22:35:28:849740 --7:00] [Thread 3120] extDB2: Failed to Load Protocol: LOG
[22:35:28:904681 --7:00] [Thread 3120] extDB2: LOG: Error: Failed opening file C:\Spokane_Survivalists\Game_Servers\Arma\@exileserver\extDB\logs\2017\12\20\Exile_TerritoryLog.log for writing
[22:35:28:904721 --7:00] [Thread 3120] extDB2: Failed to Load Protocol: LOG
[22:36:20:615936 --7:00] [Thread 3120] extDB2: Stopping ...
