[18:13:44:476194 --7:00] [Thread 2576] nschr was killed by Zataralee! (First Blood, 290m Range)
[18:19:59:825081 --7:00] [Thread 1972] nschr was killed by Zataralee! (Domination, 335m Range)
[18:25:58:606073 --7:00] [Thread 2576] nschr commited suicide!
[18:27:16:216371 --7:00] [Thread 932] Red The Hunter commited suicide!
[19:50:27:714662 --7:00] [Thread 1972] Joe died a mysterious death.
[19:53:09:276524 --7:00] [Thread 932] Scott was killed by an NPC!
[20:05:25:181952 --7:00] [Thread 932] Scott was killed by an NPC!
[20:09:47:281295 --7:00] [Thread 3604] nschr commited suicide!
[20:41:35:091190 --7:00] [Thread 4620] Joe was killed by an NPC!
[20:48:34:934135 --7:00] [Thread 4484] Joe was killed by an NPC!
[20:51:48:360757 --7:00] [Thread 4484] BATMAN commited suicide!
[21:17:53:200157 --7:00] [Thread 4484] Scott was killed by an NPC!
[21:18:03:543309 --7:00] [Thread 4620] Alisha was killed by an NPC!
[21:34:13:573957 --7:00] [Thread 612] Scott was killed by an NPC!
[21:34:42:825468 --7:00] [Thread 3992] D4_Cador commited suicide!
[21:36:09:908884 --7:00] [Thread 4620] Nutsnboltz died because Nutsnboltz was very unlucky.
[21:39:38:505327 --7:00] [Thread 4620] Scott was killed by an NPC!
[21:43:23:382613 --7:00] [Thread 1708] Nutsnboltz commited suicide!
[21:48:49:700509 --7:00] [Thread 612] BATMAN was killed by an NPC!
[22:09:25:115387 --7:00] [Thread 1708] D4_Cador was killed by an NPC!
[23:15:35:491998 --7:00] [Thread 1348] Nutsnboltz died and nobody knows why.
[23:29:01:404519 --7:00] [Thread 120] Pyro was killed by an NPC!
[23:39:45:731383 --7:00] [Thread 5048] Red The Hunter commited suicide!
[00:36:04:957720 --7:00] [Thread 4640] Saber One died. Yes, Saber One is dead. Like really dead-dead.
[00:55:49:584525 --7:00] [Thread 4640] Zataralee commited suicide!
[01:54:42:614065 --7:00] [Thread 4752] vincent commited suicide!
[05:34:09:939882 --7:00] [Thread 4472] vincent was killed by an NPC!
[06:08:21:676559 --7:00] [Thread 4536] vincent was killed by an NPC!
[07:58:15:451232 --7:00] [Thread 4432] vincent was killed by an NPC!
[07:59:21:287581 --7:00] [Thread 2336] sellig berton was killed by an NPC!
[08:04:18:497496 --7:00] [Thread 2336] sellig berton was killed by an NPC!
[08:17:31:458306 --7:00] [Thread 4824] sellig berton was killed by an NPC!
[08:39:23:553311 --7:00] [Thread 4432] sellig berton was killed by an NPC!
[11:45:04:205241 --7:00] [Thread 5024] Alisha was killed by an NPC!
[12:32:08:461461 --7:00] [Thread 4116] demonjac was killed by an NPC!
[16:51:52:161072 --7:00] [Thread 4344] D4_Cador commited suicide!
[16:53:51:970330 --7:00] [Thread 4316] D4_Cador died and nobody knows why.
