extDB2: Version: 70
extDB2: https://github.com/Torndeco/extDB2
extDB2: Windows Version
Message: All development for extDB2 is done on a Linux Dedicated Server
Message: If you would like to Donate to extDB2 Development
Message: https://www.paypal.com/cgi-bin/webscr?cmd=_s-xclick&hosted_button_id=2SUEFTGABTAM2
Message: Also leave a message if there is any particular feature you would like to see added.
Message: Thanks for all the people that have donated.
Message: Torndeco: 20/02/15


extDB2: Found extdb-conf.ini
extDB2: Detected 8 Cores, Setting up 6 Worker Threads


[23:28:53:663175 --7:00] [Thread 10588] extDB2: Database Type: MySQL
[23:28:53:714363 --7:00] [Thread 10588] extDB2: Database Session Pool Started
[23:28:53:716187 --7:00] [Thread 10588] extDB2: SQL_CUSTOM_V2: Loading Template Filename: C:\Spokane_Survivalists\Game_Servers\Arma\@exileserver\extDB\sql_custom_v2\exile.ini
[23:28:53:716335 --7:00] [Thread 10588] extDB2: SQL_CUSTOM_V2: Version 12 Detected, Latest Version 12 Available
[23:32:15:347610 --7:00] [Thread 10588] extDB2: SQL_CUSTOM_V2: Error StatementException: MySQL: [MySQL]: [Comment]: mysql_stmt_execute error	[mysql_stmt_error]: Cannot add or update a child row: a foreign key constraint fails (`exile`.`vehicle`, CONSTRAINT `vehicle_ibfk_1` FOREIGN KEY (`account_uid`) REFERENCES `account` (`uid`) ON DELETE CASCADE)	[mysql_stmt_errno]: 1452	[mysql_stmt_sqlstate]: 23000	[statemnt]: INSERT INTO vehicle SET class = ?, account_uid = ?, is_locked = ?, position_x = ?, position_y = ?, position_z = ?, direction_x = ?, direction_y = ?, direction_z = ?, up_x = ?, up_y = ?, up_z = ?, pin_code = ?
[23:32:15:347696 --7:00] [Thread 10588] extDB2: SQL_CUSTOM_V2: Wiping Statements + Session
[23:32:15:347711 --7:00] [Thread 10588] extDB2: SQL_CUSTOM_V2: Error: UniqueID: 1 Input String: insertVehicle:::-1:0:0:0:0:0:0:0:0:0:
[23:33:49:608503 --7:00] [Thread 10588] extDB2: SQL_CUSTOM_V2: Error StatementException: MySQL: [MySQL]: [Comment]: mysql_stmt_execute error	[mysql_stmt_error]: Cannot add or update a child row: a foreign key constraint fails (`exile`.`vehicle`, CONSTRAINT `vehicle_ibfk_1` FOREIGN KEY (`account_uid`) REFERENCES `account` (`uid`) ON DELETE CASCADE)	[mysql_stmt_errno]: 1452	[mysql_stmt_sqlstate]: 23000	[statemnt]: INSERT INTO vehicle SET class = ?, account_uid = ?, is_locked = ?, position_x = ?, position_y = ?, position_z = ?, direction_x = ?, direction_y = ?, direction_z = ?, up_x = ?, up_y = ?, up_z = ?, pin_code = ?
[23:33:49:608619 --7:00] [Thread 10588] extDB2: SQL_CUSTOM_V2: Wiping Statements + Session
[23:33:49:608649 --7:00] [Thread 10588] extDB2: SQL_CUSTOM_V2: Error: UniqueID: 1 Input String: insertVehicle:::-1:0:0:0:0:0:0:0:0:0:
[23:35:46:489300 --7:00] [Thread 10588] extDB2: Stopping ...
