[18:37:51:800572 --7:00] [Thread 9156] Joe commited suicide!
[19:20:27:500930 --7:00] [Thread 5940] Zataralee commited suicide!
[19:46:39:959323 --7:00] [Thread 8092] Zataralee was killed by an NPC!
[19:50:55:689156 --7:00] [Thread 2904] Oriayan commited suicide!
[20:22:47:280545 --7:00] [Thread 8092] Oriayan died. Yes, Oriayan is dead. Like really dead-dead.
[21:39:33:695338 --7:00] [Thread 8340] Oriayan commited suicide!
[21:48:29:047175 --7:00] [Thread 8300] Saber One was killed by an NPC!
[21:55:33:818352 --7:00] [Thread 9096] Joe died because that's why.
[22:20:40:418065 --7:00] [Thread 8340] Joe commited suicide!
[22:22:15:852199 --7:00] [Thread 6888] Joe commited suicide!
[22:30:48:076611 --7:00] [Thread 9096] Joe was killed by an NPC!
[22:40:08:588383 --7:00] [Thread 6888] Oriayan was killed by an NPC!
[22:48:28:042309 --7:00] [Thread 8300] Oriayan was killed by an NPC!
[23:07:12:037853 --7:00] [Thread 9840] Lothaar commited suicide!
[23:49:41:173976 --7:00] [Thread 9344] Saber One died because the universe hates him.
[23:51:27:511355 --7:00] [Thread 9084] DrunkinfoolGrim commited suicide!
[23:53:07:165960 --7:00] [Thread 9084] DrunkinfoolGrim commited suicide!
[00:04:24:537015 --7:00] [Thread 8936] DrunkinfoolGrim commited suicide!
[00:05:09:816122 --7:00] [Thread 5544] DrunkinfoolGrim commited suicide!
[00:14:29:924868 --7:00] [Thread 5544] Saber One was killed by an NPC!
[00:36:38:226873 --7:00] [Thread 9084] DrunkinfoolGrim commited suicide!
[01:40:04:462019 --7:00] [Thread 10276] Zataralee commited suicide!
[01:40:04:570743 --7:00] [Thread 9596] AkToker died an awkward death.
[01:40:04:624325 --7:00] [Thread 9548] Mike Hawk died due to Arma bugs and is probably very salty right now.
[01:40:44:718885 --7:00] [Thread 8660] DrunkinfoolGrim commited suicide!
[01:47:23:225995 --7:00] [Thread 8660] DrunkinfoolGrim was killed by an NPC!
[02:32:06:903901 --7:00] [Thread 10276] Lothaar commited suicide!
[02:38:44:547793 --7:00] [Thread 8448] DrunkinfoolGrim commited suicide!
[02:38:44:657714 --7:00] [Thread 8660] AkToker died because AkToker was very unlucky.
[02:38:44:768584 --7:00] [Thread 9548] Mike Hawk died a mysterious death.
[04:01:37:141547 --7:00] [Thread 10820] DrunkinfoolGrim was killed by an NPC!
[04:05:09:478696 --7:00] [Thread 8660] Mike Hawk was killed by an NPC!
[04:10:43:941846 --7:00] [Thread 10820] DrunkinfoolGrim died due to Arma bugs and is probably very salty right now.
[04:20:04:050955 --7:00] [Thread 8448] AkToker was killed by an NPC!
[04:41:19:295579 --7:00] [Thread 9596] AkToker was killed by an NPC!
[06:38:20:969594 --7:00] [Thread 8448] Rog641 was killed by an NPC!
[07:08:41:620906 --7:00] [Thread 9548] Rog641 commited suicide!
[08:35:37:548480 --7:00] [Thread 10276] Rog641 was killed by an NPC!
[08:36:45:878253 --7:00] [Thread 9596] Rog641 commited suicide!
[09:33:38:243108 --7:00] [Thread 10820] Rog641 was killed by an NPC!
[12:12:41:803787 --7:00] [Thread 9596] Renan died due to Arma bugs and is probably very salty right now.
[12:17:03:064606 --7:00] [Thread 10820] Pirocoptero  was killed by an NPC!
[12:17:33:730105 --7:00] [Thread 10276] Tioset commited suicide!
[12:19:26:581009 --7:00] [Thread 9596] Pirocoptero  commited suicide!
[12:20:05:374158 --7:00] [Thread 10276] [PELOPES] Lucas was killed by an NPC!
[12:20:58:177177 --7:00] [Thread 8448] Stivi was killed by an NPC!
[12:28:06:157170 --7:00] [Thread 10820] Tioset commited suicide!
[12:31:14:721806 --7:00] [Thread 9548] Stivi was killed by an NPC!
[12:41:23:445983 --7:00] [Thread 9596] Wolf was killed by an NPC!
[12:42:29:650602 --7:00] [Thread 8448] [PELOPES] Lucas was killed by an NPC!
[12:46:43:500134 --7:00] [Thread 10276] Oriayan was killed by an NPC!
[12:54:43:411842 --7:00] [Thread 9596] Wolf was killed by an NPC!
[12:59:34:866184 --7:00] [Thread 9596] Oriayan was killed by an NPC!
[13:20:18:134065 --7:00] [Thread 10820] buzek commited suicide!
[13:27:45:191057 --7:00] [Thread 10276] Rog641 commited suicide!
[13:30:06:859157 --7:00] [Thread 8448] Rog641 died due to Arma bugs and is probably very salty right now.
[13:31:40:417743 --7:00] [Thread 9548] Wolf was killed by an NPC!
[13:44:02:885755 --7:00] [Thread 9596] Oriayan crashed to death!
[13:46:19:116405 --7:00] [Thread 9548] Oriayan died because the universe hates him.
[14:01:54:782139 --7:00] [Thread 9596] Duscck commited suicide!
[14:02:55:970238 --7:00] [Thread 9596] Stivi died because Stivi was very unlucky.
[14:16:50:148283 --7:00] [Thread 9548] Pirocoptero  commited suicide!
[14:26:20:303047 --7:00] [Thread 8660] Stivi was killed by an NPC!
[14:37:20:652690 --7:00] [Thread 9548] Duscck was killed by an NPC!
[14:43:18:180314 --7:00] [Thread 9548] Tioset commited suicide!
[15:34:48:056790 --7:00] [Thread 8340] DrunkinfoolGrim died an awkward death.
[15:52:07:124150 --7:00] [Thread 10736] Mike Hawk was killed by an NPC!
[15:52:38:026486 --7:00] [Thread 10952] AkToker was killed by an NPC!
[15:56:46:993767 --7:00] [Thread 10736] DrunkinfoolGrim died an awkward death.
[15:57:12:062838 --7:00] [Thread 10652] Zataralee died due to Arma bugs and is probably very salty right now.
[16:00:14:896091 --7:00] [Thread 9380] DrunkinfoolGrim died a mysterious death.
[16:03:42:385573 --7:00] [Thread 10952] Mike Hawk was killed by an NPC!
[16:08:14:742878 --7:00] [Thread 8340] AkToker was killed by an NPC!
[16:40:04:924479 --7:00] [Thread 10952] AkToker was killed by an NPC!
[16:51:49:084186 --7:00] [Thread 8340] Mike Hawk was killed by an NPC!
[16:52:39:725129 --7:00] [Thread 10652] AkToker was killed by an NPC!
[17:00:13:836190 --7:00] [Thread 8340] Mike Hawk was killed by an NPC!
[17:00:21:157146 --7:00] [Thread 10736] Jason commited suicide!
[17:05:06:625262 --7:00] [Thread 8340] AkToker was killed by an NPC!
[17:11:41:752173 --7:00] [Thread 10952] Mike Hawk was killed by an NPC!
[17:14:26:292748 --7:00] [Thread 10736] AkToker was killed by an NPC!
[18:05:38:460188 --7:00] [Thread 10652] stoner was killed by an NPC!
[18:11:18:595264 --7:00] [Thread 10952] Mike Hawk was killed by an NPC!
[18:14:19:375542 --7:00] [Thread 9380] Mike Hawk commited suicide!
[18:19:09:315250 --7:00] [Thread 9380] Mike Hawk was killed by an NPC!
[18:26:38:607086 --7:00] [Thread 10952] Mike Hawk was killed by an NPC!
[18:30:34:569488 --7:00] [Thread 10736] Rog641 commited suicide!
[19:26:16:841240 --7:00] [Thread 10736] AkToker was killed by an NPC!
[19:27:25:192671 --7:00] [Thread 9380] Mike Hawk was killed by an NPC!
[20:29:28:998417 --7:00] [Thread 10652] Lothaar commited suicide!
[20:32:02:994531 --7:00] [Thread 10952] AkToker commited suicide!
[21:45:32:366536 --7:00] [Thread 10736] Saber One commited suicide!
[22:04:25:852945 --7:00] [Thread 11060] Rog641 commited suicide!
[22:07:05:400762 --7:00] [Thread 10652] Saber One was killed by an NPC!
[22:38:24:979362 --7:00] [Thread 8340] Saber One was killed by an NPC!
[22:48:19:478180 --7:00] [Thread 10652] DrunkinfoolGrim commited suicide!
[23:59:37:886667 --7:00] [Thread 9380] DrunkinfoolGrim commited suicide!
[00:47:27:728448 --7:00] [Thread 10736] Saber One was killed by an NPC!
[01:10:13:613541 --7:00] [Thread 10952] Saber One was killed by an NPC!
[01:15:54:817588 --7:00] [Thread 11060] Saber One was killed by an NPC!
