[16:13:32:472761 --7:00] [Thread 8932] DrunkinfoolGrim commited suicide!
[16:14:38:900535 --7:00] [Thread 4312] Zataralee was killed by an NPC!
[16:14:49:926132 --7:00] [Thread 10608] DrunkinfoolGrim commited suicide!
[16:15:17:225991 --7:00] [Thread 8932] Zataralee commited suicide!
[16:16:53:766406 --7:00] [Thread 10608] DrunkinfoolGrim commited suicide!
[18:09:26:063206 --7:00] [Thread 11208] Zataralee was team-killed by AkToker!
[18:10:12:854772 --7:00] [Thread 11208] Zataralee commited suicide!
[18:53:33:314107 --7:00] [Thread 5380] DrunkinfoolGrim died an awkward death.
[19:51:15:326441 --7:00] [Thread 5680] AkToker was killed by an NPC!
[19:54:14:659268 --7:00] [Thread 8796] AkToker commited suicide!
[19:57:37:845622 --7:00] [Thread 4840] AkToker commited suicide!
[20:19:35:248429 --7:00] [Thread 5680] Mike Hawk was team-killed by Zataralee!
[20:22:03:361719 --7:00] [Thread 7020] Mike Hawk died because... Arma.
[20:24:34:290476 --7:00] [Thread 4840] Mike Hawk was killed by DrunkinfoolGrim! (First Blood)
[20:25:24:161570 --7:00] [Thread 4456] Mike Hawk was team-killed by AkToker!
[20:47:20:257681 --7:00] [Thread 4456] Saber One was killed by an NPC!
[20:59:03:203052 --7:00] [Thread 4840] Saber One was killed by an NPC!
[21:14:27:701647 --7:00] [Thread 8796] Zelphino Nuestra commited suicide!
[21:34:51:690454 --7:00] [Thread 8796] Saber One died and nobody knows why.
[21:43:50:656735 --7:00] [Thread 10288] Joe commited suicide!
[21:44:15:934298 --7:00] [Thread 5680] rog46 was killed by an NPC!
[21:52:33:478599 --7:00] [Thread 7020] rog46 was killed by an NPC!
[21:56:08:870102 --7:00] [Thread 4456] Joe was killed by an NPC!
[22:02:14:241193 --7:00] [Thread 4840] Zelphino Nuestra was killed by an NPC!
[22:03:18:483572 --7:00] [Thread 10288] Tony Nuestra was killed by an NPC!
[22:06:45:440966 --7:00] [Thread 7020] Tony Nuestra commited suicide!
[22:08:37:843593 --7:00] [Thread 4456] Tony Nuestra died because that's why.
[22:10:24:848352 --7:00] [Thread 7020] Tony Nuestra was killed by an NPC!
[22:15:56:424138 --7:00] [Thread 5680] Pvt. Potato was killed by an NPC!
[22:39:17:942913 --7:00] [Thread 7020] rog46 was killed by an NPC!
[22:51:05:930336 --7:00] [Thread 4840] AHO died. Yes, AHO is dead. Like really dead-dead.
[22:58:41:685785 --7:00] [Thread 4456] Dr.Yang was killed by an NPC!
[23:21:19:205165 --7:00] [Thread 3124] Zelphino Nuestra died because... Arma.
[23:38:22:177279 --7:00] [Thread 8048] Tony Nuestra commited suicide!
[23:46:54:189667 --7:00] [Thread 3124] Red The Hunter commited suicide!
[23:52:33:203209 --7:00] [Thread 5280] Zelphino Nuestra commited suicide!
[00:14:12:250411 --7:00] [Thread 3124] Zelphino Nuestra was killed by an NPC!
[00:14:18:803566 --7:00] [Thread 8048] Tony Nuestra was killed by an NPC!
[00:17:43:078973 --7:00] [Thread 8224] Tony Nuestra commited suicide!
[00:19:40:730440 --7:00] [Thread 8260] Zelphino Nuestra was killed by an NPC!
[00:21:10:964552 --7:00] [Thread 8048] Tony Nuestra was killed by an NPC!
[00:23:07:999991 --7:00] [Thread 3124] Zelphino Nuestra was killed by an NPC!
[00:25:07:543923 --7:00] [Thread 8260] Zelphino Nuestra commited suicide!
[00:44:06:245241 --7:00] [Thread 5280] Red The Hunter was killed by an NPC!
[01:02:08:889196 --7:00] [Thread 8224] Red The Hunter commited suicide!
[01:14:58:848038 --7:00] [Thread 5280] Saber One was killed by an NPC!
[01:15:07:261343 --7:00] [Thread 3124] Red The Hunter was killed by an NPC!
[01:16:29:652137 --7:00] [Thread 8224] Mike Hawk commited suicide!
[01:22:13:527135 --7:00] [Thread 8048] Saber One commited suicide!
[01:22:23:367324 --7:00] [Thread 5280] Red The Hunter commited suicide!
[01:27:52:744300 --7:00] [Thread 8224] Red The Hunter commited suicide!
[01:42:38:928815 --7:00] [Thread 8260] Tony Nuestra commited suicide!
[01:54:56:630411 --7:00] [Thread 8048] Tony Nuestra commited suicide!
[01:58:34:143779 --7:00] [Thread 8224] Red The Hunter was killed by an NPC!
[02:24:22:172157 --7:00] [Thread 3124] Red The Hunter was killed by an NPC!
[02:24:52:217620 --7:00] [Thread 8048] Zelphino Nuestra commited suicide!
[02:27:32:888524 --7:00] [Thread 5280] Saber One commited suicide!
[02:28:59:496763 --7:00] [Thread 8260] Red The Hunter commited suicide!
[02:35:54:300054 --7:00] [Thread 5280] Saber One was killed by an NPC!
[02:54:51:846701 --7:00] [Thread 8048] Red The Hunter commited suicide!
[03:16:43:312791 --7:00] [Thread 4076] Red The Hunter commited suicide!
[03:40:49:656610 --7:00] [Thread 8180] AkToker was killed by an NPC!
[06:33:56:210682 --7:00] [Thread 7316] rog46 commited suicide!
[10:51:33:603453 --7:00] [Thread 8508] Jason was killed by an NPC!
[11:01:17:641443 --7:00] [Thread 2336] rog46 died due to Arma bugs and is probably very salty right now.
[11:02:08:098341 --7:00] [Thread 4424] rog46 commited suicide!
[12:43:06:856548 --7:00] [Thread 10288] rog46 commited suicide!
[13:19:41:794850 --7:00] [Thread 9836] rog46 died an awkward death.
[13:23:08:685184 --7:00] [Thread 7828] rog46 commited suicide!
[14:18:44:445830 --7:00] [Thread 10680] Cory commited suicide!
[14:34:17:570720 --7:00] [Thread 9740] rog46 died because the universe hates him.
[14:42:59:927936 --7:00] [Thread 10288] Darkonmaze was killed by an NPC!
[14:43:05:485158 --7:00] [Thread 10288] Jason was killed by an NPC!
[14:45:51:408367 --7:00] [Thread 9740] rog46 commited suicide!
[14:54:43:833401 --7:00] [Thread 10288] Jason was killed by an NPC!
[15:37:09:531393 --7:00] [Thread 10784] Darkonmaze commited suicide!
[16:37:06:725054 --7:00] [Thread 10120] CGH Rampage was killed by an NPC!
[16:40:58:211566 --7:00] [Thread 7428] rog46 was killed by CGH Rampage! (First Blood)
[16:42:10:202079 --7:00] [Thread 10120] rog46 commited suicide!
[16:48:40:553039 --7:00] [Thread 5628] rog46 commited suicide!
