[20:10:59:511041 --7:00] [Thread 11756] ARMYMEDIC died an awkward death.
[20:13:37:551312 --7:00] [Thread 11756] Nutsnboltz died because... Arma.
[20:14:43:366937 --7:00] [Thread 10352] D4_Cador commited suicide!
[20:21:25:536562 --7:00] [Thread 8560] Alisha died because the universe hates him.
[20:26:36:220824 --7:00] [Thread 10352] ARMYMEDIC commited suicide!
[20:33:25:743539 --7:00] [Thread 10352] Alisha was killed by an NPC!
[20:35:09:864288 --7:00] [Thread 5616] Scott was killed by an NPC!
[20:37:38:490239 --7:00] [Thread 11756] D4_Cador commited suicide!
[20:40:06:896803 --7:00] [Thread 10684] D4_Cador commited suicide!
[20:46:28:798097 --7:00] [Thread 10352] ARMYMEDIC commited suicide!
[20:50:03:718741 --7:00] [Thread 10352] casas commited suicide!
[20:50:53:776359 --7:00] [Thread 11756] D4_Cador died because... Arma.
[20:53:14:062476 --7:00] [Thread 8560] D4_Cador commited suicide!
[20:53:24:891735 --7:00] [Thread 5616] Nutsnboltz died due to Arma bugs and is probably very salty right now.
[20:55:40:971446 --7:00] [Thread 11756] joshua commited suicide!
[20:57:08:751416 --7:00] [Thread 5616] ARMYMEDIC commited suicide!
[21:02:41:282810 --7:00] [Thread 5616] casas was killed by an NPC!
[21:02:44:407874 --7:00] [Thread 5616] joshua was killed by an NPC!
[21:03:46:451953 --7:00] [Thread 10352] ARMYMEDIC commited suicide!
[21:03:53:728664 --7:00] [Thread 11756] joshua commited suicide!
[21:05:49:134819 --7:00] [Thread 11756] AkToker was killed by an NPC!
[21:06:21:941704 --7:00] [Thread 8560] Nutsnboltz was killed by an NPC!
[21:08:44:833452 --7:00] [Thread 11756] Mike Hawk was killed by an NPC!
[21:12:45:535128 --7:00] [Thread 11756] Mike Hawk was killed by an NPC!
[21:14:02:082500 --7:00] [Thread 10352] AkToker was killed by an NPC!
[21:27:36:611804 --7:00] [Thread 11756] AkToker was killed by an NPC!
[21:28:39:745532 --7:00] [Thread 10352] AkToker commited suicide!
[21:45:58:141393 --7:00] [Thread 10352] ARMYMEDIC was killed by Jason! (First Blood, Homie, 185m Range)
[21:50:43:662468 --7:00] [Thread 5280] ARMYMEDIC commited suicide!
[22:01:18:635124 --7:00] [Thread 8560] LnwDukZaza commited suicide!
[22:02:06:903183 --7:00] [Thread 10352] ChaoticRanger commited suicide!
[22:26:29:481319 --7:00] [Thread 10352] ARMYMEDIC was killed by ChaoticRanger!
[22:30:26:754659 --7:00] [Thread 5616] ChaoticRanger was killed by ARMYMEDIC!
[22:33:31:397555 --7:00] [Thread 8560] ARMYMEDIC commited suicide!
[22:57:07:126371 --7:00] [Thread 10352] ChaoticRanger was killed by an NPC!
[22:59:17:486815 --7:00] [Thread 10684] ChaoticRanger commited suicide!
[23:03:14:301702 --7:00] [Thread 10352] Joe was killed by an NPC!
[23:14:00:490745 --7:00] [Thread 8560] Charles Sprinkle died because the universe hates him.
[23:20:00:000163 --7:00] [Thread 5280] Charles Sprinkle commited suicide!
[00:42:25:339747 --7:00] [Thread 1900] Jason was killed by an NPC!
[04:36:08:514461 --7:00] [Thread 10592] Red The Hunter commited suicide!
[05:11:43:263669 --7:00] [Thread 10592] Red The Hunter commited suicide!
[05:26:27:413386 --7:00] [Thread 5280] Red The Hunter commited suicide!
[06:15:58:129962 --7:00] [Thread 4656] Red The Hunter commited suicide!
[06:31:15:516451 --7:00] [Thread 2044] Red The Hunter died because that's why.
[06:33:46:129857 --7:00] [Thread 10592] Red The Hunter commited suicide!
[07:11:45:580097 --7:00] [Thread 12024] Red The Hunter commited suicide!
[07:27:02:478164 --7:00] [Thread 12024] Red The Hunter commited suicide!
[08:02:51:730758 --7:00] [Thread 11404] Rog641 died because the universe hates him.
[08:32:16:542457 --7:00] [Thread 11048] ARMYMEDIC commited suicide!
[08:45:39:570265 --7:00] [Thread 11600] ARMYMEDIC commited suicide!
[09:17:28:709949 --7:00] [Thread 12024] ARMYMEDIC commited suicide!
[09:26:01:582915 --7:00] [Thread 11048] Jason was killed by an NPC!
[09:28:49:957238 --7:00] [Thread 11160] Jason was killed by an NPC!
[09:39:34:481873 --7:00] [Thread 11600] ARMYMEDIC commited suicide!
[09:48:44:057729 --7:00] [Thread 11600] ARMYMEDIC commited suicide!
[10:32:17:753202 --7:00] [Thread 11048] Jason was killed by an NPC!
[11:16:09:307878 --7:00] [Thread 11484] Jason was killed by an NPC!
[11:54:24:410922 --7:00] [Thread 11484] Jason was killed by an NPC!
[13:44:54:232955 --7:00] [Thread 4804] Jason commited suicide!
[14:40:06:001618 --7:00] [Thread 4824] alien commited suicide!
[15:08:19:540589 --7:00] [Thread 4804] ARMYMEDIC commited suicide!
[15:22:10:971212 --7:00] [Thread 4808] Saber One was killed by an NPC!
[15:41:43:803854 --7:00] [Thread 4820] ARMYMEDIC commited suicide!
[15:44:36:326496 --7:00] [Thread 4824] ARMYMEDIC commited suicide!
[16:00:43:243624 --7:00] [Thread 4824] Alisha commited suicide!
[16:00:49:545943 --7:00] [Thread 4820] Mike Hawk commited suicide!
[16:02:30:803514 --7:00] [Thread 4804] Joe was killed by an NPC!
[16:05:45:046784 --7:00] [Thread 4808] Joe commited suicide!
[16:08:03:744737 --7:00] [Thread 4824] Joe was killed by an NPC!
