[18:23:49:193999 --7:00] [Thread 4912] Jason commited suicide!
[18:48:36:338073 --7:00] [Thread 2188] {BTK} EAST_TEX_SWAMPCAT died because... Arma.
[19:04:50:298444 --7:00] [Thread 4232] Jason was killed by an NPC!
[19:10:22:076364 --7:00] [Thread 4912] Jason was killed by an NPC!
[19:15:32:495346 --7:00] [Thread 2188] {BTK} EAST_TEX_SWAMPCAT was killed by an NPC!
[19:15:36:488723 --7:00] [Thread 4492] Jason was killed by an NPC!
[19:38:52:464984 --7:00] [Thread 4912] Jason died because the universe hates him.
[19:47:09:996398 --7:00] [Thread 4912] Saber One was killed by an NPC!
[19:55:35:405250 --7:00] [Thread 3500] Saber One was killed by an NPC!
[20:14:31:234117 --7:00] [Thread 4232] Saber One was killed by an NPC!
[20:37:53:974074 --7:00] [Thread 4492] Scott was killed by an NPC!
[20:42:36:108771 --7:00] [Thread 2188] Scott was killed by an NPC!
[20:44:25:845747 --7:00] [Thread 3500] Scott was killed by an NPC!
[20:50:23:678494 --7:00] [Thread 4232] Scott was killed by an NPC!
[20:55:39:031919 --7:00] [Thread 4492] Scott commited suicide!
[20:56:10:673879 --7:00] [Thread 4912] Scott was killed by an NPC!
[21:06:47:946672 --7:00] [Thread 2188] Joe was killed by an NPC!
[22:09:50:986832 --7:00] [Thread 2476] Lothaar was killed by an NPC!
[22:31:26:974768 --7:00] [Thread 4700] Scott was killed by an NPC!
[00:16:34:265559 --7:00] [Thread 4740] Scott commited suicide!
[00:44:24:879263 --7:00] [Thread 4700] Scott commited suicide!
[01:06:41:109164 --7:00] [Thread 4740] Scott was killed by an NPC!
[01:10:44:150824 --7:00] [Thread 3412] user commited suicide!
[01:26:22:229057 --7:00] [Thread 472] Scott died because... Arma.
[02:13:42:536179 --7:00] [Thread 4256] user was killed by an NPC!
[02:30:51:034785 --7:00] [Thread 3132] user commited suicide!
[02:52:15:426801 --7:00] [Thread 2200] user was killed by an NPC!
[04:37:11:611138 --7:00] [Thread 4256] Avriality commited suicide!
[05:20:34:094782 --7:00] [Thread 3132] Avriality commited suicide!
[06:03:15:606458 --7:00] [Thread 1628] user was killed by an NPC!
[06:13:14:639165 --7:00] [Thread 3936] user was killed by an NPC!
[06:19:53:074558 --7:00] [Thread 1628] Avriality was killed by an NPC!
[08:00:12:093636 --7:00] [Thread 3936] sellig berton was killed by an NPC!
[08:39:52:088170 --7:00] [Thread 1396] sellig berton was killed by an NPC!
[09:06:30:692400 --7:00] [Thread 1628] sellig berton was killed by an NPC!
[09:13:52:397145 --7:00] [Thread 352] sellig berton was killed by an NPC!
[11:37:59:001600 --7:00] [Thread 2492] sellig berton was killed by an NPC!
[12:00:21:406963 --7:00] [Thread 2492] sellig berton was killed by an NPC!
[12:00:23:149611 --7:00] [Thread 288] demonjac was killed by an NPC!
[12:07:02:734170 --7:00] [Thread 872] demonjac was killed by an NPC!
[12:16:18:069682 --7:00] [Thread 288] demonjac was killed by an NPC!
[12:34:27:710350 --7:00] [Thread 288] sellig berton died. Yes, sellig berton is dead. Like really dead-dead.
[12:42:46:823906 --7:00] [Thread 2492] demonjac commited suicide!
