[16:24:50:371003 --7:00] [Thread 11060] Zataralee commited suicide!
[18:17:49:814456 --7:00] [Thread 10952] Rog641 died and nobody knows why.
[18:19:07:583838 --7:00] [Thread 7372] Rog641 commited suicide!
[18:22:44:081321 --7:00] [Thread 11060] Rog641 commited suicide!
[18:36:46:440468 --7:00] [Thread 8932] Jason was killed by an NPC!
[18:47:32:674476 --7:00] [Thread 10952] Rog641 died because that's why.
[18:57:14:999531 --7:00] [Thread 7372] Rog641 was killed by an NPC!
[19:49:16:768279 --7:00] [Thread 11060] Jason was killed by an NPC!
[19:53:25:323515 --7:00] [Thread 8932] Joe was killed by an NPC!
[20:01:57:680578 --7:00] [Thread 7372] Joe was killed by an NPC!
[21:01:06:080895 --7:00] [Thread 9168] Joe was killed by an NPC!
[22:32:18:450607 --7:00] [Thread 8364] Joe was killed by Jason! (First Blood, Homie, 331m Range)
[22:46:37:245297 --7:00] [Thread 8364] Lothaar was killed by an NPC!
[00:45:00:554698 --7:00] [Thread 10652] Jason commited suicide!
[00:48:31:884758 --7:00] [Thread 10620] Scott commited suicide!
[00:51:44:473412 --7:00] [Thread 7976] Lothaar commited suicide!
[00:55:24:051149 --7:00] [Thread 10620] Lothaar commited suicide!
[00:56:52:099572 --7:00] [Thread 10652] Lothaar commited suicide!
[01:06:47:941227 --7:00] [Thread 10620] Lothaar commited suicide!
[07:01:31:858818 --7:00] [Thread 10228] Rog641 died because that's why.
[07:46:55:037155 --7:00] [Thread 11124] Rog641 commited suicide!
[08:53:00:443340 --7:00] [Thread 10056] Jason was killed by an NPC!
[08:59:36:978237 --7:00] [Thread 10756] Jason was killed by an NPC!
[09:06:34:711137 --7:00] [Thread 9708] Jason was killed by an NPC!
[10:18:29:796722 --7:00] [Thread 10056] Jason was killed by an NPC!
[14:19:33:235459 --7:00] [Thread 6132] Jason was killed by an NPC!
[15:20:42:610600 --7:00] [Thread 10252] Sam was killed by an NPC!
[15:29:26:805029 --7:00] [Thread 6132] Scott commited suicide!
[15:42:51:296109 --7:00] [Thread 10672] Rog641 was killed by an NPC!
[15:46:19:309309 --7:00] [Thread 10672] Sam was killed by an NPC!
[15:55:10:452969 --7:00] [Thread 10788] Sam was killed by an NPC!
[16:06:34:264837 --7:00] [Thread 6132] Rog641 commited suicide!
[16:07:31:092502 --7:00] [Thread 10252] Rog641 commited suicide!
