[16:18:57:448356 --7:00] [Thread 5912] PLAYER: ( 76561197994641119 ) R Moisturizers:1 (Zataralee) REMOTE SOLD ITEM: Exile_Bike_QuadBike_Red (ID# <null>) with Cargo [] FOR 1250 POPTABS AND 125 RESPECT | PLAYER TOTAL MONEY: 6250
[16:21:43:008849 --7:00] [Thread 5732] PLAYER: ( 76561197994641119 ) R Moisturizers:1 (Zataralee) REMOTE PURCHASED ITEM B_AssaultPack_tna_F FOR 90 POPTABS | PLAYER TOTAL MONEY: 206160
[16:21:50:901727 --7:00] [Thread 5220] PLAYER: ( 76561197994641119 ) R Moisturizers:1 (Zataralee) REMOTE PURCHASED ITEM U_Rangemaster FOR 40 POPTABS | PLAYER TOTAL MONEY: 206120
[16:22:12:615696 --7:00] [Thread 5732] PLAYER: ( 76561197994641119 ) R Moisturizers:1 (Zataralee) REMOTE PURCHASED ITEM V_PlateCarrier1_rgr FOR 80 POPTABS | PLAYER TOTAL MONEY: 206040
[16:23:20:158425 --7:00] [Thread 5220] PLAYER: ( 76561197994641119 ) R Moisturizers:1 (Zataralee) REMOTE PURCHASED ITEM arifle_SPAR_01_GL_khk_F FOR 500 POPTABS | PLAYER TOTAL MONEY: 205540
[16:23:32:008736 --7:00] [Thread 5732] PLAYER: ( 76561197994641119 ) R Moisturizers:1 (Zataralee) REMOTE PURCHASED ITEM muzzle_snds_m_snd_F FOR 15 POPTABS | PLAYER TOTAL MONEY: 205525
[16:23:41:239178 --7:00] [Thread 5732] PLAYER: ( 76561197994641119 ) R Moisturizers:1 (Zataralee) REMOTE PURCHASED ITEM optic_ERCO_snd_F FOR 125 POPTABS | PLAYER TOTAL MONEY: 205400
[16:23:51:465892 --7:00] [Thread 5732] PLAYER: ( 76561197994641119 ) R Moisturizers:1 (Zataralee) REMOTE PURCHASED ITEM 30Rnd_556x45_Stanag FOR 20 POPTABS | PLAYER TOTAL MONEY: 205380
[16:23:52:434919 --7:00] [Thread 5732] PLAYER: ( 76561197994641119 ) R Moisturizers:1 (Zataralee) REMOTE PURCHASED ITEM 30Rnd_556x45_Stanag FOR 20 POPTABS | PLAYER TOTAL MONEY: 205360
[16:23:53:446538 --7:00] [Thread 5220] PLAYER: ( 76561197994641119 ) R Moisturizers:1 (Zataralee) REMOTE PURCHASED ITEM 30Rnd_556x45_Stanag FOR 20 POPTABS | PLAYER TOTAL MONEY: 205340
[16:23:54:414170 --7:00] [Thread 5732] PLAYER: ( 76561197994641119 ) R Moisturizers:1 (Zataralee) REMOTE PURCHASED ITEM 30Rnd_556x45_Stanag FOR 20 POPTABS | PLAYER TOTAL MONEY: 205320
[16:23:55:557250 --7:00] [Thread 5220] PLAYER: ( 76561197994641119 ) R Moisturizers:1 (Zataralee) REMOTE PURCHASED ITEM 30Rnd_556x45_Stanag FOR 20 POPTABS | PLAYER TOTAL MONEY: 205300
[16:25:09:655835 --7:00] [Thread 5732] PLAYER: ( 76561197994641119 ) R Moisturizers:1 (Zataralee) REMOTE PURCHASED ITEM Exile_Item_MountainDupe FOR 30 POPTABS | PLAYER TOTAL MONEY: 205270
[16:25:10:535488 --7:00] [Thread 5220] PLAYER: ( 76561197994641119 ) R Moisturizers:1 (Zataralee) REMOTE PURCHASED ITEM Exile_Item_MountainDupe FOR 30 POPTABS | PLAYER TOTAL MONEY: 205240
[16:25:11:327100 --7:00] [Thread 5732] PLAYER: ( 76561197994641119 ) R Moisturizers:1 (Zataralee) REMOTE PURCHASED ITEM Exile_Item_MountainDupe FOR 30 POPTABS | PLAYER TOTAL MONEY: 205210
[16:25:27:464771 --7:00] [Thread 5220] PLAYER: ( 76561197994641119 ) R Moisturizers:1 (Zataralee) REMOTE PURCHASED ITEM Exile_Item_Moobar FOR 8 POPTABS | PLAYER TOTAL MONEY: 205202
[16:25:33:207578 --7:00] [Thread 5220] PLAYER: ( 76561197994641119 ) R Moisturizers:1 (Zataralee) REMOTE PURCHASED ITEM Exile_Item_Moobar FOR 8 POPTABS | PLAYER TOTAL MONEY: 205194
[16:25:33:823129 --7:00] [Thread 5732] PLAYER: ( 76561197994641119 ) R Moisturizers:1 (Zataralee) REMOTE PURCHASED ITEM Exile_Item_Moobar FOR 8 POPTABS | PLAYER TOTAL MONEY: 205186
[16:25:34:461403 --7:00] [Thread 5220] PLAYER: ( 76561197994641119 ) R Moisturizers:1 (Zataralee) REMOTE PURCHASED ITEM Exile_Item_Moobar FOR 8 POPTABS | PLAYER TOTAL MONEY: 205178
[16:25:34:966753 --7:00] [Thread 5732] PLAYER: ( 76561197994641119 ) R Moisturizers:1 (Zataralee) REMOTE PURCHASED ITEM Exile_Item_Moobar FOR 8 POPTABS | PLAYER TOTAL MONEY: 205170
[16:25:35:472421 --7:00] [Thread 5220] PLAYER: ( 76561197994641119 ) R Moisturizers:1 (Zataralee) REMOTE PURCHASED ITEM Exile_Item_Moobar FOR 8 POPTABS | PLAYER TOTAL MONEY: 205162
[16:25:35:934628 --7:00] [Thread 5220] PLAYER: ( 76561197994641119 ) R Moisturizers:1 (Zataralee) REMOTE PURCHASED ITEM Exile_Item_Moobar FOR 8 POPTABS | PLAYER TOTAL MONEY: 205154
[16:25:36:374936 --7:00] [Thread 5732] PLAYER: ( 76561197994641119 ) R Moisturizers:1 (Zataralee) REMOTE PURCHASED ITEM Exile_Item_Moobar FOR 8 POPTABS | PLAYER TOTAL MONEY: 205146
[16:25:36:815197 --7:00] [Thread 5220] PLAYER: ( 76561197994641119 ) R Moisturizers:1 (Zataralee) REMOTE PURCHASED ITEM Exile_Item_Moobar FOR 8 POPTABS | PLAYER TOTAL MONEY: 205138
[16:27:10:613248 --7:00] [Thread 5912] PLAYER: ( 76561197994641119 ) R Moisturizers:1 (Zataralee) REMOTE PURCHASED VEHICLE Exile_Car_Golf_Red FOR 8000 POPTABS | PLAYER TOTAL MONEY: 197138
[16:37:22:901159 --7:00] [Thread 5220] PLAYER: ( 76561197994641119 ) R Moisturizers:1 (Zataralee) REMOTE PURCHASED ITEM Exile_Item_DuctTape FOR 300 POPTABS | PLAYER TOTAL MONEY: 196838
[16:37:24:213884 --7:00] [Thread 5732] PLAYER: ( 76561197994641119 ) R Moisturizers:1 (Zataralee) REMOTE PURCHASED ITEM Exile_Item_DuctTape FOR 300 POPTABS | PLAYER TOTAL MONEY: 196538
[16:37:25:266570 --7:00] [Thread 5732] PLAYER: ( 76561197994641119 ) R Moisturizers:1 (Zataralee) REMOTE PURCHASED ITEM Exile_Item_DuctTape FOR 300 POPTABS | PLAYER TOTAL MONEY: 196238
[16:37:26:210243 --7:00] [Thread 5220] PLAYER: ( 76561197994641119 ) R Moisturizers:1 (Zataralee) REMOTE PURCHASED ITEM Exile_Item_DuctTape FOR 300 POPTABS | PLAYER TOTAL MONEY: 195938
[20:59:12:924273 --7:00] [Thread 1892] PLAYER: ( 76561197994641119 ) R Moisturizers:1 (Zataralee) REMOTE PURCHASED ITEM B_OutdoorPack_tan FOR 80 POPTABS | PLAYER TOTAL MONEY: 4920
[21:02:17:045550 --7:00] [Thread 1892] PLAYER: ( 76561197994641119 ) R Moisturizers:1 (Zataralee) REMOTE PURCHASED ITEM U_Rangemaster FOR 40 POPTABS | PLAYER TOTAL MONEY: 99960
[21:04:39:566460 --7:00] [Thread 1892] PLAYER: ( 76561197994641119 ) R Moisturizers:1 (Zataralee) REMOTE PURCHASED ITEM B_AssaultPack_tna_F FOR 90 POPTABS | PLAYER TOTAL MONEY: 99870
[21:05:22:537909 --7:00] [Thread 5104] PLAYER: ( 76561197994641119 ) R Moisturizers:1 (Zataralee) REMOTE PURCHASED ITEM V_PlateCarrier1_rgr FOR 80 POPTABS | PLAYER TOTAL MONEY: 99790
[21:07:08:299794 --7:00] [Thread 5104] PLAYER: ( 76561197994641119 ) R Moisturizers:1 (Zataralee) REMOTE PURCHASED ITEM arifle_SPAR_01_GL_snd_F FOR 500 POPTABS | PLAYER TOTAL MONEY: 99290
[21:07:30:218688 --7:00] [Thread 1892] PLAYER: ( 76561197994641119 ) R Moisturizers:1 (Zataralee) REMOTE PURCHASED ITEM 30Rnd_556x45_Stanag FOR 20 POPTABS | PLAYER TOTAL MONEY: 99270
[21:07:31:067379 --7:00] [Thread 5104] PLAYER: ( 76561197994641119 ) R Moisturizers:1 (Zataralee) REMOTE PURCHASED ITEM 30Rnd_556x45_Stanag FOR 20 POPTABS | PLAYER TOTAL MONEY: 99250
[21:07:32:023866 --7:00] [Thread 5104] PLAYER: ( 76561197994641119 ) R Moisturizers:1 (Zataralee) REMOTE PURCHASED ITEM 30Rnd_556x45_Stanag FOR 20 POPTABS | PLAYER TOTAL MONEY: 99230
[21:07:33:022496 --7:00] [Thread 5104] PLAYER: ( 76561197994641119 ) R Moisturizers:1 (Zataralee) REMOTE PURCHASED ITEM 30Rnd_556x45_Stanag FOR 20 POPTABS | PLAYER TOTAL MONEY: 99210
[21:07:33:986174 --7:00] [Thread 1892] PLAYER: ( 76561197994641119 ) R Moisturizers:1 (Zataralee) REMOTE PURCHASED ITEM 30Rnd_556x45_Stanag FOR 20 POPTABS | PLAYER TOTAL MONEY: 99190
[21:07:34:944951 --7:00] [Thread 5104] PLAYER: ( 76561197994641119 ) R Moisturizers:1 (Zataralee) REMOTE PURCHASED ITEM 30Rnd_556x45_Stanag FOR 20 POPTABS | PLAYER TOTAL MONEY: 99170
[21:10:19:756895 --7:00] [Thread 5104] PLAYER: ( 76561197994641119 ) R Moisturizers:1 (Zataralee) REMOTE PURCHASED ITEM muzzle_snds_m_snd_F FOR 15 POPTABS | PLAYER TOTAL MONEY: 99155
[21:10:25:448923 --7:00] [Thread 1892] PLAYER: ( 76561197994641119 ) R Moisturizers:1 (Zataralee) REMOTE PURCHASED ITEM optic_ERCO_snd_F FOR 125 POPTABS | PLAYER TOTAL MONEY: 99030
[21:10:38:453018 --7:00] [Thread 5104] PLAYER: ( 76561198064338936 ) R Moisturizers:2 (Mike Hawk) REMOTE PURCHASED ITEM Exile_Item_CodeLock FOR 5000 POPTABS | PLAYER TOTAL MONEY: 96000
[23:13:16:936443 --7:00] [Thread 1892] PLAYER: ( 76561197963221112 ) R Moisturizers:2 (AkToker) REMOTE PURCHASED ITEM Exile_Item_MountainDupe FOR 30 POPTABS | PLAYER TOTAL MONEY: 968
[23:13:20:026125 --7:00] [Thread 1892] PLAYER: ( 76561197963221112 ) R Moisturizers:2 (AkToker) REMOTE PURCHASED ITEM Exile_Item_Noodles FOR 14 POPTABS | PLAYER TOTAL MONEY: 954
[23:13:21:487787 --7:00] [Thread 2448] PLAYER: ( 76561197963221112 ) R Moisturizers:2 (AkToker) REMOTE PURCHASED ITEM Exile_Item_Noodles FOR 14 POPTABS | PLAYER TOTAL MONEY: 940
[23:15:18:379452 --7:00] [Thread 2448] PLAYER: ( 76561198064338936 ) R Moisturizers:1 (Mike Hawk) REMOTE SOLD ITEM Exile_Item_PlasticBottleFreshWater FOR 4 POPTABS AND 0.4 RESPECT | PLAYER TOTAL MONEY: 100004
[23:15:19:277123 --7:00] [Thread 5620] PLAYER: ( 76561198064338936 ) R Moisturizers:1 (Mike Hawk) REMOTE SOLD ITEM 6Rnd_45ACP_Cylinder FOR 4 POPTABS AND 0.4 RESPECT | PLAYER TOTAL MONEY: 100008
[23:15:20:246282 --7:00] [Thread 5620] PLAYER: ( 76561198064338936 ) R Moisturizers:1 (Mike Hawk) REMOTE SOLD ITEM 6Rnd_45ACP_Cylinder FOR 4 POPTABS AND 0.4 RESPECT | PLAYER TOTAL MONEY: 100012
[23:15:20:884210 --7:00] [Thread 2448] PLAYER: ( 76561198064338936 ) R Moisturizers:1 (Mike Hawk) REMOTE SOLD ITEM Exile_Item_Bandage FOR 50 POPTABS AND 5 RESPECT | PLAYER TOTAL MONEY: 100062
[23:15:24:638892 --7:00] [Thread 5104] PLAYER: ( 76561198064338936 ) R Moisturizers:1 (Mike Hawk) REMOTE SOLD ITEM Exile_Uniform_BambiOverall FOR 1 POPTABS AND 0.1 RESPECT | PLAYER TOTAL MONEY: 100063
[23:15:26:831819 --7:00] [Thread 2448] PLAYER: ( 76561198064338936 ) R Moisturizers:1 (Mike Hawk) REMOTE SOLD ITEM Exile_Melee_Axe FOR 50 POPTABS AND 5 RESPECT | PLAYER TOTAL MONEY: 100113
[23:15:28:085229 --7:00] [Thread 5104] PLAYER: ( 76561198064338936 ) R Moisturizers:1 (Mike Hawk) REMOTE SOLD ITEM hgun_Pistol_heavy_02_F FOR 44 POPTABS AND 4.4 RESPECT | PLAYER TOTAL MONEY: 100157
[23:15:29:313504 --7:00] [Thread 2448] PLAYER: ( 76561198064338936 ) R Moisturizers:1 (Mike Hawk) REMOTE SOLD ITEM G_Balaclava_TI_G_blk_F FOR 7 POPTABS AND 0.7 RESPECT | PLAYER TOTAL MONEY: 100164
[23:16:24:403883 --7:00] [Thread 5104] PLAYER: ( 76561197963221112 ) R Moisturizers:2 (AkToker) REMOTE PURCHASED VEHICLE Exile_Car_Kart_Black FOR 1100 POPTABS | PLAYER TOTAL MONEY: 0
[23:18:06:713486 --7:00] [Thread 2448] PLAYER: ( 76561198064338936 ) R Moisturizers:1 (Mike Hawk) REMOTE PURCHASED ITEM arifle_SPAR_01_blk_F FOR 400 POPTABS | PLAYER TOTAL MONEY: 99764
[23:18:18:314359 --7:00] [Thread 2448] PLAYER: ( 76561198064338936 ) R Moisturizers:1 (Mike Hawk) REMOTE PURCHASED ITEM optic_ERCO_blk_F FOR 125 POPTABS | PLAYER TOTAL MONEY: 99639
[23:18:24:158188 --7:00] [Thread 5620] PLAYER: ( 76561198064338936 ) R Moisturizers:1 (Mike Hawk) REMOTE PURCHASED ITEM muzzle_snds_m_snd_F FOR 15 POPTABS | PLAYER TOTAL MONEY: 99624
[23:18:35:532468 --7:00] [Thread 5104] PLAYER: ( 76561198064338936 ) R Moisturizers:1 (Mike Hawk) REMOTE SOLD ITEM muzzle_snds_m_snd_F FOR 7 POPTABS AND 0.7 RESPECT | PLAYER TOTAL MONEY: 99631
[23:18:37:369163 --7:00] [Thread 2448] PLAYER: ( 76561198064338936 ) R Moisturizers:1 (Mike Hawk) REMOTE PURCHASED ITEM muzzle_snds_M FOR 10 POPTABS | PLAYER TOTAL MONEY: 99621
[23:19:20:969214 --7:00] [Thread 5104] PLAYER: ( 76561198064338936 ) R Moisturizers:1 (Mike Hawk) REMOTE PURCHASED ITEM B_OutdoorPack_blk FOR 80 POPTABS | PLAYER TOTAL MONEY: 99541
[23:19:40:280494 --7:00] [Thread 2448] PLAYER: ( 76561198064338936 ) R Moisturizers:1 (Mike Hawk) REMOTE PURCHASED ITEM H_Watchcap_blk FOR 6 POPTABS | PLAYER TOTAL MONEY: 99535
[23:19:47:882994 --7:00] [Thread 5104] PLAYER: ( 76561198064338936 ) R Moisturizers:1 (Mike Hawk) REMOTE PURCHASED ITEM V_PlateCarrier1_blk FOR 80 POPTABS | PLAYER TOTAL MONEY: 99455
[23:20:02:633027 --7:00] [Thread 5104] PLAYER: ( 76561198064338936 ) R Moisturizers:1 (Mike Hawk) REMOTE PURCHASED ITEM U_I_C_Soldier_Bandit_3_F FOR 15 POPTABS | PLAYER TOTAL MONEY: 99440
[23:21:00:011475 --7:00] [Thread 5104] PLAYER: ( 76561198064338936 ) R Moisturizers:1 (Mike Hawk) REMOTE PURCHASED ITEM 30Rnd_556x45_Stanag FOR 20 POPTABS | PLAYER TOTAL MONEY: 99420
[23:21:01:044175 --7:00] [Thread 2448] PLAYER: ( 76561198064338936 ) R Moisturizers:1 (Mike Hawk) REMOTE PURCHASED ITEM 30Rnd_556x45_Stanag FOR 20 POPTABS | PLAYER TOTAL MONEY: 99400
[23:21:02:055297 --7:00] [Thread 2448] PLAYER: ( 76561198064338936 ) R Moisturizers:1 (Mike Hawk) REMOTE PURCHASED ITEM 30Rnd_556x45_Stanag FOR 20 POPTABS | PLAYER TOTAL MONEY: 99380
[23:21:03:066717 --7:00] [Thread 5104] PLAYER: ( 76561198064338936 ) R Moisturizers:1 (Mike Hawk) REMOTE PURCHASED ITEM 30Rnd_556x45_Stanag FOR 20 POPTABS | PLAYER TOTAL MONEY: 99360
[23:21:04:076451 --7:00] [Thread 2448] PLAYER: ( 76561198064338936 ) R Moisturizers:1 (Mike Hawk) REMOTE PURCHASED ITEM 30Rnd_556x45_Stanag FOR 20 POPTABS | PLAYER TOTAL MONEY: 99340
[23:21:04:912171 --7:00] [Thread 5104] PLAYER: ( 76561198064338936 ) R Moisturizers:1 (Mike Hawk) REMOTE PURCHASED ITEM 30Rnd_556x45_Stanag FOR 20 POPTABS | PLAYER TOTAL MONEY: 99320
[17:03:09:228960 --7:00] [Thread 6188] PLAYER: ( 76561198005489005 ) R Alpha 1-6:1 (Jason) REMOTE SOLD ITEM: B_T_LSV_01_armed_F (ID# <null>) with Cargo [] FOR 0 POPTABS AND 0 RESPECT | PLAYER TOTAL MONEY: 0
