extDB2: Version: 70
extDB2: https://github.com/Torndeco/extDB2
extDB2: Windows Version
Message: All development for extDB2 is done on a Linux Dedicated Server
Message: If you would like to Donate to extDB2 Development
Message: https://www.paypal.com/cgi-bin/webscr?cmd=_s-xclick&hosted_button_id=2SUEFTGABTAM2
Message: Also leave a message if there is any particular feature you would like to see added.
Message: Thanks for all the people that have donated.
Message: Torndeco: 20/02/15


extDB2: Found extdb-conf.ini
extDB2: Detected 8 Cores, Setting up 6 Worker Threads


[20:48:32:949650 --7:00] [Thread 6544] extDB2: Database Type: MySQL
[20:48:32:997775 --7:00] [Thread 6544] extDB2: Database Session Pool Started
[20:48:32:999246 --7:00] [Thread 6544] extDB2: SQL_CUSTOM_V2: Loading Template Filename: C:\Spokane_Survivalists\Game_Servers\Arma\@exileserver\extDB\sql_custom_v2\exile.ini
[20:48:32:999388 --7:00] [Thread 6544] extDB2: SQL_CUSTOM_V2: Version 12 Detected, Latest Version 12 Available
[22:14:54:763490 --7:00] [Thread 6480] extDB2: SQL_CUSTOM_V2: Error No Custom Call Not Found: Input String setAccountMoneyAndRespect:57400:18042:76561198005489005
[22:14:54:763604 --7:00] [Thread 6480] extDB2: SQL_CUSTOM_V2: Error No Custom Call Not Found: Callname setAccountMoneyAndRespect
[22:15:33:513801 --7:00] [Thread 6480] extDB2: SQL_CUSTOM_V2: Error No Custom Call Not Found: Input String setAccountMoneyAndRespect:57450:18077:76561198005489005
[22:15:33:513863 --7:00] [Thread 6480] extDB2: SQL_CUSTOM_V2: Error No Custom Call Not Found: Callname setAccountMoneyAndRespect
[22:15:58:249292 --7:00] [Thread 6480] extDB2: SQL_CUSTOM_V2: Error No Custom Call Not Found: Input String setAccountMoneyAndRespect:57500:18112:76561198005489005
[22:15:58:249342 --7:00] [Thread 6480] extDB2: SQL_CUSTOM_V2: Error No Custom Call Not Found: Callname setAccountMoneyAndRespect
[22:16:04:103295 --7:00] [Thread 6480] extDB2: SQL_CUSTOM_V2: Error No Custom Call Not Found: Input String setAccountMoneyAndRespect:57550:18147:76561198005489005
[22:16:04:103337 --7:00] [Thread 6480] extDB2: SQL_CUSTOM_V2: Error No Custom Call Not Found: Callname setAccountMoneyAndRespect
[22:16:12:974886 --7:00] [Thread 6480] extDB2: SQL_CUSTOM_V2: Error No Custom Call Not Found: Input String setAccountMoneyAndRespect:57600:18182:76561198005489005
[22:16:12:974928 --7:00] [Thread 6480] extDB2: SQL_CUSTOM_V2: Error No Custom Call Not Found: Callname setAccountMoneyAndRespect
[22:16:15:548053 --7:00] [Thread 6480] extDB2: SQL_CUSTOM_V2: Error No Custom Call Not Found: Input String setAccountMoneyAndRespect:57650:18217:76561198005489005
[22:16:15:548092 --7:00] [Thread 6480] extDB2: SQL_CUSTOM_V2: Error No Custom Call Not Found: Callname setAccountMoneyAndRespect
[22:16:52:002176 --7:00] [Thread 6480] extDB2: SQL_CUSTOM_V2: Error No Custom Call Not Found: Input String setAccountMoneyAndRespect:57700:18252:76561198005489005
[22:16:52:002221 --7:00] [Thread 6480] extDB2: SQL_CUSTOM_V2: Error No Custom Call Not Found: Callname setAccountMoneyAndRespect
[22:19:53:042883 --7:00] [Thread 6480] extDB2: SQL_CUSTOM_V2: Error No Custom Call Not Found: Input String setAccountMoneyAndRespect:57750:18262:76561198005489005
[22:19:53:042922 --7:00] [Thread 6480] extDB2: SQL_CUSTOM_V2: Error No Custom Call Not Found: Callname setAccountMoneyAndRespect
[23:02:54:062410 --7:00] [Thread 6544] extDB2: Stopping ...
