extDB2: Version: 70
extDB2: https://github.com/Torndeco/extDB2
extDB2: Windows Version
Message: All development for extDB2 is done on a Linux Dedicated Server
Message: If you would like to Donate to extDB2 Development
Message: https://www.paypal.com/cgi-bin/webscr?cmd=_s-xclick&hosted_button_id=2SUEFTGABTAM2
Message: Also leave a message if there is any particular feature you would like to see added.
Message: Thanks for all the people that have donated.
Message: Torndeco: 20/02/15


extDB2: Found extdb-conf.ini
extDB2: Detected 8 Cores, Setting up 6 Worker Threads


[01:07:49:569761 --7:00] [Thread 2088] extDB2: Database Type: MySQL
[01:07:49:620686 --7:00] [Thread 2088] extDB2: Database Session Pool Started
[01:07:49:622501 --7:00] [Thread 2088] extDB2: SQL_CUSTOM_V2: Loading Template Filename: C:\Spokane_Survivalists\Game_Servers\Arma\@exileserver\extDB\sql_custom_v2\exile.ini
[01:07:49:622728 --7:00] [Thread 2088] extDB2: SQL_CUSTOM_V2: Version 12 Detected, Latest Version 12 Available
[01:18:21:196626 --7:00] [Thread 4684] extDB2: SQL_CUSTOM_V2: Error No Custom Call Not Found: Input String setAccountMoneyAndRespect:274991:53957:76561197994641119
[01:18:21:196668 --7:00] [Thread 4684] extDB2: SQL_CUSTOM_V2: Error No Custom Call Not Found: Callname setAccountMoneyAndRespect
[01:18:23:881372 --7:00] [Thread 4684] extDB2: SQL_CUSTOM_V2: Error No Custom Call Not Found: Input String setAccountMoneyAndRespect:275041:53967:76561197994641119
[01:18:23:881407 --7:00] [Thread 4684] extDB2: SQL_CUSTOM_V2: Error No Custom Call Not Found: Callname setAccountMoneyAndRespect
[01:18:27:753479 --7:00] [Thread 4684] extDB2: SQL_CUSTOM_V2: Error No Custom Call Not Found: Input String setAccountMoneyAndRespect:275091:53977:76561197994641119
[01:18:27:753528 --7:00] [Thread 4684] extDB2: SQL_CUSTOM_V2: Error No Custom Call Not Found: Callname setAccountMoneyAndRespect
[01:38:50:992708 --7:00] [Thread 2088] extDB2: Stopping ...
