extDB2: Version: 70
extDB2: https://github.com/Torndeco/extDB2
extDB2: Windows Version
Message: All development for extDB2 is done on a Linux Dedicated Server
Message: If you would like to Donate to extDB2 Development
Message: https://www.paypal.com/cgi-bin/webscr?cmd=_s-xclick&hosted_button_id=2SUEFTGABTAM2
Message: Also leave a message if there is any particular feature you would like to see added.
Message: Thanks for all the people that have donated.
Message: Torndeco: 20/02/15


extDB2: Found extdb-conf.ini
extDB2: Detected 8 Cores, Setting up 6 Worker Threads


[01:59:03:527306 --7:00] [Thread 9740] extDB2: Database Type: MySQL
[01:59:03:579849 --7:00] [Thread 9740] extDB2: Database Session Pool Started
[01:59:03:581310 --7:00] [Thread 9740] extDB2: SQL_CUSTOM_V2: Loading Template Filename: C:\Spokane_Survivalists\Game_Servers\Arma\@exileserver\extDB\sql_custom_v2\exile.ini
[01:59:03:581455 --7:00] [Thread 9740] extDB2: SQL_CUSTOM_V2: Version 12 Detected, Latest Version 12 Available
[02:18:32:794598 --7:00] [Thread 3148] extDB2: SQL_CUSTOM_V2: Error No Custom Call Not Found: Input String setAccountMoneyAndRespect:238991:53957:76561197994641119
[02:18:32:794710 --7:00] [Thread 3148] extDB2: SQL_CUSTOM_V2: Error No Custom Call Not Found: Callname setAccountMoneyAndRespect
[02:46:28:613262 --7:00] [Thread 8892] extDB2: SQL_CUSTOM_V2: Error No Custom Call Not Found: Input String setAccountMoneyAndRespect:14347:13105:76561198057838107
[02:46:28:613348 --7:00] [Thread 8892] extDB2: SQL_CUSTOM_V2: Error No Custom Call Not Found: Callname setAccountMoneyAndRespect
[02:46:32:695670 --7:00] [Thread 8892] extDB2: SQL_CUSTOM_V2: Error No Custom Call Not Found: Input String setAccountMoneyAndRespect:14447:13130:76561198057838107
[02:46:32:695727 --7:00] [Thread 8892] extDB2: SQL_CUSTOM_V2: Error No Custom Call Not Found: Callname setAccountMoneyAndRespect
[02:55:17:899652 --7:00] [Thread 7512] extDB2: SQL_CUSTOM_V2: Error No Custom Call Not Found: Input String setAccountMoneyAndRespect:0:10221:76561198145904431
[02:55:17:899695 --7:00] [Thread 7512] extDB2: SQL_CUSTOM_V2: Error No Custom Call Not Found: Callname setAccountMoneyAndRespect
[02:55:36:856992 --7:00] [Thread 7512] extDB2: SQL_CUSTOM_V2: Error No Custom Call Not Found: Input String setAccountMoneyAndRespect:0:10121:76561198145904431
[02:55:36:857034 --7:00] [Thread 7512] extDB2: SQL_CUSTOM_V2: Error No Custom Call Not Found: Callname setAccountMoneyAndRespect
[02:55:40:201452 --7:00] [Thread 7512] extDB2: SQL_CUSTOM_V2: Error No Custom Call Not Found: Input String setAccountMoneyAndRespect:37186:12936:76561198082074743
[02:55:40:201490 --7:00] [Thread 7512] extDB2: SQL_CUSTOM_V2: Error No Custom Call Not Found: Callname setAccountMoneyAndRespect
[02:56:00:172724 --7:00] [Thread 4680] extDB2: SQL_CUSTOM_V2: Error No Custom Call Not Found: Input String setAccountMoneyAndRespect:14347:13130:76561198057838107
[02:56:00:172766 --7:00] [Thread 4680] extDB2: SQL_CUSTOM_V2: Error No Custom Call Not Found: Callname setAccountMoneyAndRespect
[03:00:32:891799 --7:00] [Thread 4680] extDB2: SQL_CUSTOM_V2: Error No Custom Call Not Found: Input String setAccountMoneyAndRespect:14447:13355:76561198057838107
[03:00:32:891846 --7:00] [Thread 4680] extDB2: SQL_CUSTOM_V2: Error No Custom Call Not Found: Callname setAccountMoneyAndRespect
[03:00:34:352938 --7:00] [Thread 4680] extDB2: SQL_CUSTOM_V2: Error No Custom Call Not Found: Input String setAccountMoneyAndRespect:100:9741:76561198145904431
[03:00:34:353007 --7:00] [Thread 4680] extDB2: SQL_CUSTOM_V2: Error No Custom Call Not Found: Callname setAccountMoneyAndRespect
[03:07:43:302583 --7:00] [Thread 4680] extDB2: SQL_CUSTOM_V2: Error No Custom Call Not Found: Input String setAccountMoneyAndRespect:37286:12452:76561198082074743
[03:07:43:302628 --7:00] [Thread 4680] extDB2: SQL_CUSTOM_V2: Error No Custom Call Not Found: Callname setAccountMoneyAndRespect
[03:11:19:389377 --7:00] [Thread 7512] extDB2: SQL_CUSTOM_V2: Error No Custom Call Not Found: Input String setAccountMoneyAndRespect:37386:12477:76561198082074743
[03:11:19:389486 --7:00] [Thread 7512] extDB2: SQL_CUSTOM_V2: Error No Custom Call Not Found: Callname setAccountMoneyAndRespect
[03:11:30:678159 --7:00] [Thread 7512] extDB2: SQL_CUSTOM_V2: Error No Custom Call Not Found: Input String setAccountMoneyAndRespect:37486:12502:76561198082074743
[03:11:30:678199 --7:00] [Thread 7512] extDB2: SQL_CUSTOM_V2: Error No Custom Call Not Found: Callname setAccountMoneyAndRespect
[03:39:45:575427 --7:00] [Thread 3924] extDB2: SQL_CUSTOM_V2: Error No Custom Call Not Found: Input String setAccountMoneyAndRespect:100:9189:76561198145904431
[03:39:45:575521 --7:00] [Thread 3924] extDB2: SQL_CUSTOM_V2: Error No Custom Call Not Found: Callname setAccountMoneyAndRespect
[03:41:30:900361 --7:00] [Thread 3148] extDB2: SQL_CUSTOM_V2: Error No Custom Call Not Found: Input String setAccountMoneyAndRespect:15286:12551:76561198082074743
[03:41:30:900407 --7:00] [Thread 3148] extDB2: SQL_CUSTOM_V2: Error No Custom Call Not Found: Callname setAccountMoneyAndRespect
[03:42:45:532338 --7:00] [Thread 3148] extDB2: SQL_CUSTOM_V2: Error No Custom Call Not Found: Input String setAccountMoneyAndRespect:15386:12687:76561198082074743
[03:42:45:532391 --7:00] [Thread 3148] extDB2: SQL_CUSTOM_V2: Error No Custom Call Not Found: Callname setAccountMoneyAndRespect
[05:58:06:858190 --7:00] [Thread 3148] extDB2: SQL_CUSTOM_V2: Error No Custom Call Not Found: Input String setAccountMoneyAndRespect:1409:11834:76561198145904431
[05:58:06:858287 --7:00] [Thread 3148] extDB2: SQL_CUSTOM_V2: Error No Custom Call Not Found: Callname setAccountMoneyAndRespect
[05:58:08:710829 --7:00] [Thread 3148] extDB2: SQL_CUSTOM_V2: Error No Custom Call Not Found: Input String setAccountMoneyAndRespect:2252:12244:76561198082074743
[05:58:08:710869 --7:00] [Thread 3148] extDB2: SQL_CUSTOM_V2: Error No Custom Call Not Found: Callname setAccountMoneyAndRespect
[05:58:10:210923 --7:00] [Thread 3148] extDB2: SQL_CUSTOM_V2: Error No Custom Call Not Found: Input String setAccountMoneyAndRespect:1459:11854:76561198145904431
[05:58:10:210961 --7:00] [Thread 3148] extDB2: SQL_CUSTOM_V2: Error No Custom Call Not Found: Callname setAccountMoneyAndRespect
[05:58:15:831395 --7:00] [Thread 7512] extDB2: SQL_CUSTOM_V2: Error No Custom Call Not Found: Input String setAccountMoneyAndRespect:1509:11874:76561198145904431
[05:58:15:831436 --7:00] [Thread 7512] extDB2: SQL_CUSTOM_V2: Error No Custom Call Not Found: Callname setAccountMoneyAndRespect
[05:58:30:027584 --7:00] [Thread 7512] extDB2: SQL_CUSTOM_V2: Error No Custom Call Not Found: Input String setAccountMoneyAndRespect:1559:11894:76561198145904431
[05:58:30:027655 --7:00] [Thread 7512] extDB2: SQL_CUSTOM_V2: Error No Custom Call Not Found: Callname setAccountMoneyAndRespect
[05:58:35:058320 --7:00] [Thread 7512] extDB2: SQL_CUSTOM_V2: Error No Custom Call Not Found: Input String setAccountMoneyAndRespect:12350:12675:76561198057838107
[05:58:35:058361 --7:00] [Thread 7512] extDB2: SQL_CUSTOM_V2: Error No Custom Call Not Found: Callname setAccountMoneyAndRespect
[06:07:43:621335 --7:00] [Thread 3148] extDB2: SQL_CUSTOM_V2: Error No Custom Call Not Found: Input String setAccountMoneyAndRespect:1659:11937:76561198145904431
[06:07:43:621379 --7:00] [Thread 3148] extDB2: SQL_CUSTOM_V2: Error No Custom Call Not Found: Callname setAccountMoneyAndRespect
[06:36:49:002572 --7:00] [Thread 8892] extDB2: SQL_CUSTOM_V2: Error No Custom Call Not Found: Input String setAccountMoneyAndRespect:1709:11714:76561198145904431
[06:36:49:002660 --7:00] [Thread 8892] extDB2: SQL_CUSTOM_V2: Error No Custom Call Not Found: Callname setAccountMoneyAndRespect
[06:36:49:004371 --7:00] [Thread 8892] extDB2: SQL_CUSTOM_V2: Error No Custom Call Not Found: Input String setAccountMoneyAndRespect:1759:11730:76561198145904431
[06:36:49:004384 --7:00] [Thread 8892] extDB2: SQL_CUSTOM_V2: Error No Custom Call Not Found: Callname setAccountMoneyAndRespect
[06:36:51:081531 --7:00] [Thread 8892] extDB2: SQL_CUSTOM_V2: Error No Custom Call Not Found: Input String setAccountMoneyAndRespect:1809:11746:76561198145904431
[06:36:51:081621 --7:00] [Thread 8892] extDB2: SQL_CUSTOM_V2: Error No Custom Call Not Found: Callname setAccountMoneyAndRespect
[06:36:53:206327 --7:00] [Thread 8892] extDB2: SQL_CUSTOM_V2: Error No Custom Call Not Found: Input String setAccountMoneyAndRespect:1859:11762:76561198145904431
[06:36:53:206365 --7:00] [Thread 8892] extDB2: SQL_CUSTOM_V2: Error No Custom Call Not Found: Callname setAccountMoneyAndRespect
[06:36:58:567958 --7:00] [Thread 8892] extDB2: SQL_CUSTOM_V2: Error No Custom Call Not Found: Input String setAccountMoneyAndRespect:1909:11778:76561198145904431
[06:36:58:567996 --7:00] [Thread 8892] extDB2: SQL_CUSTOM_V2: Error No Custom Call Not Found: Callname setAccountMoneyAndRespect
[06:41:55:529632 --7:00] [Thread 7512] extDB2: SQL_CUSTOM_V2: Error No Custom Call Not Found: Input String setAccountMoneyAndRespect:1959:11788:76561198145904431
[06:41:55:529676 --7:00] [Thread 7512] extDB2: SQL_CUSTOM_V2: Error No Custom Call Not Found: Callname setAccountMoneyAndRespect
[06:59:00:128767 --7:00] [Thread 7512] extDB2: SQL_CUSTOM_V2: Error No Custom Call Not Found: Input String setAccountMoneyAndRespect:2009:11805:76561198145904431
[06:59:00:128810 --7:00] [Thread 7512] extDB2: SQL_CUSTOM_V2: Error No Custom Call Not Found: Callname setAccountMoneyAndRespect
[06:59:03:489354 --7:00] [Thread 7512] extDB2: SQL_CUSTOM_V2: Error No Custom Call Not Found: Input String setAccountMoneyAndRespect:2059:11822:76561198145904431
[06:59:03:489393 --7:00] [Thread 7512] extDB2: SQL_CUSTOM_V2: Error No Custom Call Not Found: Callname setAccountMoneyAndRespect
[07:35:36:466290 --7:00] [Thread 7512] extDB2: SQL_CUSTOM_V2: Error No Custom Call Not Found: Input String setAccountMoneyAndRespect:5226:737:76561197974499499
[07:35:36:466366 --7:00] [Thread 7512] extDB2: SQL_CUSTOM_V2: Error No Custom Call Not Found: Callname setAccountMoneyAndRespect
[07:38:51:546644 --7:00] [Thread 3148] extDB2: SQL_CUSTOM_V2: Error No Custom Call Not Found: Input String setAccountMoneyAndRespect:50:10:76561198089037756
[07:38:51:546691 --7:00] [Thread 3148] extDB2: SQL_CUSTOM_V2: Error No Custom Call Not Found: Callname setAccountMoneyAndRespect
[07:48:38:470584 --7:00] [Thread 7512] extDB2: SQL_CUSTOM_V2: Error No Custom Call Not Found: Input String setAccountMoneyAndRespect:0:-5:76561198089037756
[07:48:38:470629 --7:00] [Thread 7512] extDB2: SQL_CUSTOM_V2: Error No Custom Call Not Found: Callname setAccountMoneyAndRespect
[07:59:41:777427 --7:00] [Thread 8892] extDB2: SQL_CUSTOM_V2: Error No Custom Call Not Found: Input String setAccountMoneyAndRespect:2895:16889:76561198082074743
[07:59:41:777473 --7:00] [Thread 8892] extDB2: SQL_CUSTOM_V2: Error No Custom Call Not Found: Callname setAccountMoneyAndRespect
[08:28:12:836099 --7:00] [Thread 3148] extDB2: SQL_CUSTOM_V2: Error No Custom Call Not Found: Input String setAccountMoneyAndRespect:41165:13451:76561198057838107
[08:28:12:836180 --7:00] [Thread 3148] extDB2: SQL_CUSTOM_V2: Error No Custom Call Not Found: Callname setAccountMoneyAndRespect
[08:28:20:912808 --7:00] [Thread 3148] extDB2: SQL_CUSTOM_V2: Error No Custom Call Not Found: Input String setAccountMoneyAndRespect:12989:25551:76561198145904431
[08:28:20:912849 --7:00] [Thread 3148] extDB2: SQL_CUSTOM_V2: Error No Custom Call Not Found: Callname setAccountMoneyAndRespect
[08:29:23:494231 --7:00] [Thread 3148] extDB2: SQL_CUSTOM_V2: Error No Custom Call Not Found: Input String setAccountMoneyAndRespect:13039:25561:76561198145904431
[08:29:23:494276 --7:00] [Thread 3148] extDB2: SQL_CUSTOM_V2: Error No Custom Call Not Found: Callname setAccountMoneyAndRespect
[08:31:44:766148 --7:00] [Thread 3148] extDB2: SQL_CUSTOM_V2: Error No Custom Call Not Found: Input String setAccountMoneyAndRespect:100:2368:76561198121116083
[08:31:44:766193 --7:00] [Thread 3148] extDB2: SQL_CUSTOM_V2: Error No Custom Call Not Found: Callname setAccountMoneyAndRespect
[08:31:45:663628 --7:00] [Thread 3148] extDB2: SQL_CUSTOM_V2: Error No Custom Call Not Found: Input String setAccountMoneyAndRespect:200:2393:76561198121116083
[08:31:45:663667 --7:00] [Thread 3148] extDB2: SQL_CUSTOM_V2: Error No Custom Call Not Found: Callname setAccountMoneyAndRespect
[08:32:06:871153 --7:00] [Thread 3148] extDB2: SQL_CUSTOM_V2: Error No Custom Call Not Found: Input String setAccountMoneyAndRespect:300:2418:76561198121116083
[08:32:06:871195 --7:00] [Thread 3148] extDB2: SQL_CUSTOM_V2: Error No Custom Call Not Found: Callname setAccountMoneyAndRespect
[10:34:50:499199 --7:00] [Thread 9740] extDB2: Stopping ...
