[20:56:57:960256 --7:00] [Thread 7336] Oriayan was killed by Zataralee! (First Blood, 1x Kill Streak)
[21:57:15:821878 --7:00] [Thread 7336] Oriayan commited suicide!
[22:12:34:942640 --7:00] [Thread 7680] Sam was killed by an NPC!
[22:32:49:206817 --7:00] [Thread 9864] Sam commited suicide!
[23:52:42:732231 --7:00] [Thread 8748] Red The Hunter commited suicide!
[23:57:41:110795 --7:00] [Thread 8884] Zataralee commited suicide!
[00:18:23:826497 --7:00] [Thread 7216] Xartezerus was killed by an NPC!
[00:29:03:323322 --7:00] [Thread 8976] Red The Hunter commited suicide!
[00:44:21:580296 --7:00] [Thread 8976] Gin (Pockets) Fitzgerald was killed by an NPC!
[00:45:00:073920 --7:00] [Thread 9284] Red The Hunter was killed by an NPC!
[00:49:12:298723 --7:00] [Thread 9284] Gin (Pockets) Fitzgerald commited suicide!
[00:50:40:565050 --7:00] [Thread 8748] Xartezerus was killed by an NPC!
[00:55:39:928713 --7:00] [Thread 7216] Gin (Pockets) Fitzgerald commited suicide!
[00:58:49:652789 --7:00] [Thread 8748] Red The Hunter was killed by an NPC!
[02:16:21:395337 --7:00] [Thread 7512] Gin (Pockets) Fitzgerald commited suicide!
[02:20:38:916961 --7:00] [Thread 7372] Jason commited suicide!
[02:23:24:293047 --7:00] [Thread 3148] Red The Hunter commited suicide!
[02:41:52:872061 --7:00] [Thread 8892] Red The Hunter died. Yes, Red The Hunter is dead. Like really dead-dead.
[02:46:15:974364 --7:00] [Thread 7512] Red The Hunter was killed by an NPC!
[02:55:46:102979 --7:00] [Thread 3148] Gin (Pockets) Fitzgerald was killed by an NPC!
[02:55:52:861123 --7:00] [Thread 7512] Red The Hunter was killed by an NPC!
[03:22:24:530236 --7:00] [Thread 3148] Xartezerus was killed by an NPC!
[03:22:38:771782 --7:00] [Thread 8892] Red The Hunter was killed by an NPC!
[03:27:29:036991 --7:00] [Thread 3924] Red The Hunter commited suicide!
[03:27:48:665240 --7:00] [Thread 3148] Xartezerus commited suicide!
[03:39:46:038771 --7:00] [Thread 8892] Red The Hunter died because Red The Hunter was very unlucky.
[04:04:00:713043 --7:00] [Thread 3148] Gin (Pockets) Fitzgerald commited suicide!
[04:04:07:783463 --7:00] [Thread 3924] Red The Hunter commited suicide!
[04:09:16:987110 --7:00] [Thread 4680] Xartezerus commited suicide!
[04:22:30:493016 --7:00] [Thread 7512] Gin (Pockets) Fitzgerald commited suicide!
[04:35:03:265113 --7:00] [Thread 4680] Gin (Pockets) Fitzgerald died because that's why.
[05:07:55:442265 --7:00] [Thread 8892] Red The Hunter died a mysterious death.
[05:20:58:419888 --7:00] [Thread 3148] Xartezerus commited suicide!
[05:58:11:101065 --7:00] [Thread 3924] Gin (Pockets) Fitzgerald was killed by an NPC!
[06:17:14:415716 --7:00] [Thread 8892] Xartezerus died a mysterious death.
[06:17:17:050133 --7:00] [Thread 3148] Red The Hunter commited suicide!
[06:29:06:198325 --7:00] [Thread 3148] Xartezerus crashed to death!
[06:40:18:245945 --7:00] [Thread 3924] Gin (Pockets) Fitzgerald commited suicide!
[06:41:03:122425 --7:00] [Thread 3148] Xartezerus commited suicide!
[07:35:42:962308 --7:00] [Thread 7372] Rog641 was killed by an NPC!
[07:38:56:125503 --7:00] [Thread 4680] Mike Brouts was killed by an NPC!
[07:43:29:866495 --7:00] [Thread 7512] Mike Brouts commited suicide!
[07:48:48:191127 --7:00] [Thread 8892] Rog641 was killed by an NPC!
[07:53:23:793975 --7:00] [Thread 4680] Gin (Pockets) Fitzgerald was team-killed by Alex!
[07:55:56:584877 --7:00] [Thread 7372] Rog641 was killed by Red The Hunter! (First Blood)
[07:56:25:361715 --7:00] [Thread 4680] Mike Brouts was killed by Xartezerus!
[08:01:12:021834 --7:00] [Thread 4680] Alex died due to Arma bugs and is probably very salty right now.
[08:10:46:446218 --7:00] [Thread 3924] Alex commited suicide!
[08:41:20:279270 --7:00] [Thread 8892] Alex crashed to death!
[09:24:59:386057 --7:00] [Thread 4680] Gin (Pockets) Fitzgerald died a mysterious death.
[09:24:59:668824 --7:00] [Thread 7372] Alex died a mysterious death.
[09:25:00:102387 --7:00] [Thread 8892] Xartezerus died because the universe hates him.
[09:43:49:733714 --7:00] [Thread 3148] Xartezerus commited suicide!
[12:13:18:120227 --7:00] [Thread 8912] Oriayan was killed by an NPC!
[12:18:18:031102 --7:00] [Thread 2180] Oriayan crashed to death!
[12:51:03:050008 --7:00] [Thread 9184] Oriayan commited suicide!
[13:21:13:515228 --7:00] [Thread 8912] Oriayan commited suicide!
[16:52:11:880456 --7:00] [Thread 8504] Rog641 commited suicide!
[16:53:33:353181 --7:00] [Thread 8488] Rog641 commited suicide!
[16:54:28:396604 --7:00] [Thread 8912] Rog641 commited suicide!
[16:55:39:817792 --7:00] [Thread 2180] Rog641 commited suicide!
[18:12:35:356866 --7:00] [Thread 8488] Rog641 was killed by an NPC!
[19:03:24:692652 --7:00] [Thread 9184] Red The Hunter died because that's why.
[19:12:30:663699 --7:00] [Thread 8504] Rog641 died because Rog641 was very unlucky.
