extDB2: Version: 70
extDB2: https://github.com/Torndeco/extDB2
extDB2: Windows Version
Message: All development for extDB2 is done on a Linux Dedicated Server
Message: If you would like to Donate to extDB2 Development
Message: https://www.paypal.com/cgi-bin/webscr?cmd=_s-xclick&hosted_button_id=2SUEFTGABTAM2
Message: Also leave a message if there is any particular feature you would like to see added.
Message: Thanks for all the people that have donated.
Message: Torndeco: 20/02/15


extDB2: Found extdb-conf.ini
extDB2: Detected 8 Cores, Setting up 6 Worker Threads


[19:21:43:460613 --7:00] [Thread 9432] extDB2: Database Type: MySQL
[19:21:43:513751 --7:00] [Thread 9432] extDB2: Database Session Pool Started
[19:21:43:515231 --7:00] [Thread 9432] extDB2: SQL_CUSTOM_V2: Loading Template Filename: C:\Spokane_Survivalists\Game_Servers\Arma\@exileserver\extDB\sql_custom_v2\exile.ini
[19:21:43:515378 --7:00] [Thread 9432] extDB2: SQL_CUSTOM_V2: Version 12 Detected, Latest Version 12 Available
[20:08:22:204286 --7:00] [Thread 7932] extDB2: SQL_CUSTOM_V2: Error No Custom Call Not Found: Input String setAccountMoneyAndRespect:20564:5074:76561197990813594
[20:08:22:204394 --7:00] [Thread 7932] extDB2: SQL_CUSTOM_V2: Error No Custom Call Not Found: Callname setAccountMoneyAndRespect
[20:08:25:125112 --7:00] [Thread 7932] extDB2: SQL_CUSTOM_V2: Error No Custom Call Not Found: Input String setAccountMoneyAndRespect:20614:5084:76561197990813594
[20:08:25:125148 --7:00] [Thread 7932] extDB2: SQL_CUSTOM_V2: Error No Custom Call Not Found: Callname setAccountMoneyAndRespect
[20:08:37:433422 --7:00] [Thread 7932] extDB2: SQL_CUSTOM_V2: Error No Custom Call Not Found: Input String setAccountMoneyAndRespect:20664:5094:76561197990813594
[20:08:37:433470 --7:00] [Thread 7932] extDB2: SQL_CUSTOM_V2: Error No Custom Call Not Found: Callname setAccountMoneyAndRespect
