extDB2: Version: 70
extDB2: https://github.com/Torndeco/extDB2
extDB2: Windows Version
Message: All development for extDB2 is done on a Linux Dedicated Server
Message: If you would like to Donate to extDB2 Development
Message: https://www.paypal.com/cgi-bin/webscr?cmd=_s-xclick&hosted_button_id=2SUEFTGABTAM2
Message: Also leave a message if there is any particular feature you would like to see added.
Message: Thanks for all the people that have donated.
Message: Torndeco: 20/02/15


extDB2: Found extdb-conf.ini
extDB2: Detected 8 Cores, Setting up 6 Worker Threads


[21:05:10:877030 --7:00] [Thread 7196] extDB2: Database Type: MySQL
[21:05:10:935483 --7:00] [Thread 7196] extDB2: Database Session Pool Started
[21:05:10:936983 --7:00] [Thread 7196] extDB2: SQL_CUSTOM_V2: Loading Template Filename: C:\Spokane_Survivalists\Game_Servers\Arma\@exileserver\extDB\sql_custom_v2\exile.ini
[21:05:10:937126 --7:00] [Thread 7196] extDB2: SQL_CUSTOM_V2: Version 12 Detected, Latest Version 12 Available
[21:25:34:471510 --7:00] [Thread 8004] extDB2: SQL_CUSTOM_V2: Error No Custom Call Not Found: Input String setAccountMoneyAndRespect:1603:28382:76561198145904431
[21:25:34:471554 --7:00] [Thread 8004] extDB2: SQL_CUSTOM_V2: Error No Custom Call Not Found: Callname setAccountMoneyAndRespect
[21:25:38:159430 --7:00] [Thread 8004] extDB2: SQL_CUSTOM_V2: Error No Custom Call Not Found: Input String setAccountMoneyAndRespect:1653:28404:76561198145904431
[21:25:38:159469 --7:00] [Thread 8004] extDB2: SQL_CUSTOM_V2: Error No Custom Call Not Found: Callname setAccountMoneyAndRespect
[21:25:40:623434 --7:00] [Thread 8004] extDB2: SQL_CUSTOM_V2: Error No Custom Call Not Found: Input String setAccountMoneyAndRespect:1703:28426:76561198145904431
[21:25:40:623475 --7:00] [Thread 8004] extDB2: SQL_CUSTOM_V2: Error No Custom Call Not Found: Callname setAccountMoneyAndRespect
[21:25:43:100941 --7:00] [Thread 8004] extDB2: SQL_CUSTOM_V2: Error No Custom Call Not Found: Input String setAccountMoneyAndRespect:1753:28448:76561198145904431
[21:25:43:100981 --7:00] [Thread 8004] extDB2: SQL_CUSTOM_V2: Error No Custom Call Not Found: Callname setAccountMoneyAndRespect
[21:25:46:242610 --7:00] [Thread 8004] extDB2: SQL_CUSTOM_V2: Error No Custom Call Not Found: Input String setAccountMoneyAndRespect:1803:28470:76561198145904431
[21:25:46:242650 --7:00] [Thread 8004] extDB2: SQL_CUSTOM_V2: Error No Custom Call Not Found: Callname setAccountMoneyAndRespect
