extDB2: Version: 70
extDB2: https://github.com/Torndeco/extDB2
extDB2: Windows Version
Message: All development for extDB2 is done on a Linux Dedicated Server
Message: If you would like to Donate to extDB2 Development
Message: https://www.paypal.com/cgi-bin/webscr?cmd=_s-xclick&hosted_button_id=2SUEFTGABTAM2
Message: Also leave a message if there is any particular feature you would like to see added.
Message: Thanks for all the people that have donated.
Message: Torndeco: 20/02/15


extDB2: Found extdb-conf.ini
extDB2: Detected 8 Cores, Setting up 6 Worker Threads


[21:56:25:691033 --7:00] [Thread 3284] extDB2: Database Type: MySQL
[21:56:25:743072 --7:00] [Thread 3284] extDB2: Database Session Pool Started
[21:56:25:744590 --7:00] [Thread 3284] extDB2: SQL_CUSTOM_V2: Loading Template Filename: C:\Spokane_Survivalists\Game_Servers\Arma\@exileserver\extDB\sql_custom_v2\exile.ini
[21:56:25:744738 --7:00] [Thread 3284] extDB2: SQL_CUSTOM_V2: Version 12 Detected, Latest Version 12 Available
[22:02:38:784951 --7:00] [Thread 8552] extDB2: SQL_CUSTOM_V2: Error No Custom Call Not Found: Input String setAccountMoneyAndRespect:238931:53942:76561197994641119
[22:02:38:784993 --7:00] [Thread 8552] extDB2: SQL_CUSTOM_V2: Error No Custom Call Not Found: Callname setAccountMoneyAndRespect
[22:09:47:436889 --7:00] [Thread 8552] extDB2: SQL_CUSTOM_V2: Error No Custom Call Not Found: Input String setAccountMoneyAndRespect:238981:53952:76561197994641119
[22:09:47:436932 --7:00] [Thread 8552] extDB2: SQL_CUSTOM_V2: Error No Custom Call Not Found: Callname setAccountMoneyAndRespect
[22:10:05:083919 --7:00] [Thread 8552] extDB2: SQL_CUSTOM_V2: Error No Custom Call Not Found: Input String setAccountMoneyAndRespect:239031:53962:76561197994641119
[22:10:05:083966 --7:00] [Thread 8552] extDB2: SQL_CUSTOM_V2: Error No Custom Call Not Found: Callname setAccountMoneyAndRespect
[23:21:43:791766 --7:00] [Thread 3284] extDB2: Stopping ...
