[21:28:32:404641 --7:00] [Thread 7260] Red The Hunter crashed to death!
[21:29:48:440998 --7:00] [Thread 8004] Red The Hunter commited suicide!
[03:26:47:049033 --7:00] [Thread 2680] Zataralee was killed by an NPC!
[04:23:23:155666 --7:00] [Thread 6008] Lothaar was killed by an NPC!
[04:31:56:820046 --7:00] [Thread 8016] Josh commited suicide!
[04:47:44:207580 --7:00] [Thread 7192] Josh commited suicide!
[05:36:50:690244 --7:00] [Thread 2680] Rog641 was killed by an NPC!
[05:38:13:390685 --7:00] [Thread 8016] Rog641 commited suicide!
[05:59:50:049783 --7:00] [Thread 6008] Rog641 was killed by an NPC!
[06:33:26:806066 --7:00] [Thread 8016] Rog641 was killed by an NPC!
[06:59:12:183370 --7:00] [Thread 9548] Rog641 died an awkward death.
[09:17:21:535628 --7:00] [Thread 7192] Oriayan was killed by an NPC!
[10:16:00:051294 --7:00] [Thread 8016] Rog641 died because that's why.
[11:03:59:890700 --7:00] [Thread 7772] Saber One was killed by an NPC!
[11:22:25:702372 --7:00] [Thread 2680] Saber One was killed by an NPC!
[11:41:57:770670 --7:00] [Thread 2680] Saber One was killed by Zataralee! (First Blood)
[11:42:53:410695 --7:00] [Thread 9548] Saber One commited suicide!
[11:54:26:005709 --7:00] [Thread 7772] Rog641 was killed by an NPC!
[12:01:52:631239 --7:00] [Thread 2680] Saber One commited suicide!
[12:12:08:039538 --7:00] [Thread 9548] Rog641 was killed by an NPC!
[12:20:16:412759 --7:00] [Thread 2680] Saber One was killed by Zataralee! (Domination, 159m Range)
[12:25:02:650526 --7:00] [Thread 9548] Oriayan commited suicide!
[12:27:33:043340 --7:00] [Thread 8016] Oriayan commited suicide!
[12:34:05:440404 --7:00] [Thread 7192] Oriayan commited suicide!
[12:36:28:371784 --7:00] [Thread 7772] Oriayan commited suicide!
[12:39:39:234084 --7:00] [Thread 9548] Rog641 was killed by an NPC!
[13:40:43:161626 --7:00] [Thread 9452] Oriayan commited suicide!
[13:52:59:217157 --7:00] [Thread 9452] Saber One was killed by an NPC!
[14:29:42:672270 --7:00] [Thread 9600] Oriayan was killed by an NPC!
[14:51:18:088918 --7:00] [Thread 7848] Saber One commited suicide!
[15:04:11:107282 --7:00] [Thread 9556] Saber One commited suicide!
[15:51:12:281696 --7:00] [Thread 3148] Saber One was killed by an NPC!
[16:03:26:999534 --7:00] [Thread 9452] Saber One was killed by an NPC!
[16:23:06:054787 --7:00] [Thread 9600] Saber One was killed by an NPC!
[16:47:52:852568 --7:00] [Thread 3148] Oriayan was killed by an NPC!
[16:58:12:340515 --7:00] [Thread 9452] Oriayan commited suicide!
[17:37:17:150372 --7:00] [Thread 7848] Oriayan died because that's why.
