[21:01:24:318751 --7:00] [Thread 2248] Joe was killed by an NPC!
[21:22:51:144543 --7:00] [Thread 2248] Scott died. Yes, Scott is dead. Like really dead-dead.
[21:27:32:958599 --7:00] [Thread 792] Scott commited suicide!
[22:40:07:060667 --7:00] [Thread 1460] Martin commited suicide!
[00:31:42:418827 --7:00] [Thread 4908] log50071 was killed by an NPC!
[00:34:13:091456 --7:00] [Thread 1672] Dizzy_B_Gaming was killed by an NPC!
[00:34:43:168721 --7:00] [Thread 1588] log50071 commited suicide!
[00:38:52:799104 --7:00] [Thread 3540] Dizzy_B_Gaming was killed by Zataralee! (First Blood, Big Bird, 746m Range)
[00:41:17:094264 --7:00] [Thread 2852] log50071 died an awkward death.
[00:43:04:453832 --7:00] [Thread 2376] Scott was killed by an NPC!
[00:46:08:292399 --7:00] [Thread 4908] log50071 was killed by an NPC!
[00:48:12:211795 --7:00] [Thread 1588] Dizzy_B_Gaming was killed by an NPC!
[00:48:40:794665 --7:00] [Thread 4908] log50071 was killed by an NPC!
[00:54:58:420243 --7:00] [Thread 1588] Dizzy_B_Gaming was killed by Avriality!
[00:58:14:911177 --7:00] [Thread 4908] Scott was killed by an NPC!
[04:47:14:778654 --7:00] [Thread 4988] ninieberton commited suicide!
[05:08:08:010378 --7:00] [Thread 4368] ninieberton crashed to death!
[07:52:00:295470 --7:00] [Thread 5976] ninieberton commited suicide!
[08:12:31:951542 --7:00] [Thread 5976] Dizzy_B_Gaming was killed by an NPC!
[08:24:44:601321 --7:00] [Thread 4468] Dizzy_B_Gaming commited suicide!
[08:30:21:062374 --7:00] [Thread 5976] Dizzy_B_Gaming was killed by an NPC!
[08:31:25:288624 --7:00] [Thread 5336] Dizzy_B_Gaming commited suicide!
[08:32:24:048433 --7:00] [Thread 5336] Dizzy_B_Gaming commited suicide!
[08:34:57:700642 --7:00] [Thread 2832] Dizzy_B_Gaming died an awkward death.
[08:38:47:192773 --7:00] [Thread 5336] ninieberton died. Yes, ninieberton is dead. Like really dead-dead.
[08:40:14:262734 --7:00] [Thread 4468] ninieberton commited suicide!
[09:12:24:379956 --7:00] [Thread 1636] ninieberton commited suicide!
[09:47:40:716787 --7:00] [Thread 4468] ninieberton was killed by an NPC!
[10:22:58:317882 --7:00] [Thread 5336] Avriality commited suicide!
[10:34:21:303530 --7:00] [Thread 5976] sellig berton crashed to death!
[11:08:56:531981 --7:00] [Thread 4764] Avriality commited suicide!
[12:04:11:954082 --7:00] [Thread 5516] Avriality commited suicide!
[12:29:13:478566 --7:00] [Thread 5772] Avriality commited suicide!
[12:33:02:315711 --7:00] [Thread 4776] Avriality was killed by an NPC!
[12:36:27:103321 --7:00] [Thread 4908] Avriality commited suicide!
[12:38:47:498188 --7:00] [Thread 4908] Jason commited suicide!
[12:39:25:147025 --7:00] [Thread 5516] Avriality was killed by an NPC!
[13:07:00:924791 --7:00] [Thread 4144] sellig berton commited suicide!
[13:29:45:325033 --7:00] [Thread 5516] ninieberton was killed by an NPC!
[13:31:40:675884 --7:00] [Thread 5772] vincent commited suicide!
[13:37:59:007054 --7:00] [Thread 4144] sellig berton was killed by an NPC!
[13:55:14:746074 --7:00] [Thread 4908] ninieberton commited suicide!
[13:58:40:044960 --7:00] [Thread 4908] ninieberton commited suicide!
[14:04:42:921405 --7:00] [Thread 4144] sellig berton was killed by an NPC!
[14:18:12:898269 --7:00] [Thread 4776] sellig berton was killed by an NPC!
[14:32:06:829229 --7:00] [Thread 5516] ninieberton commited suicide!
[14:35:07:958400 --7:00] [Thread 4908] ninieberton was killed by an NPC!
[16:06:20:954995 --7:00] [Thread 612] log50071 commited suicide!
[16:22:56:576665 --7:00] [Thread 612] log50071 commited suicide!
[16:23:56:784335 --7:00] [Thread 612] log50071 commited suicide!
[17:31:34:066847 --7:00] [Thread 612] Greg commited suicide!
[18:04:29:934031 --7:00] [Thread 5920] log50071 commited suicide!
[18:14:39:316044 --7:00] [Thread 4256] D4_Cador was killed by an NPC!
[18:29:50:771259 --7:00] [Thread 4256] Dizzy_B_Gaming was killed by an NPC!
[18:33:06:288605 --7:00] [Thread 5752] Dizzy_B_Gaming was killed by an NPC!
[18:38:11:832539 --7:00] [Thread 4256] Dizzy_B_Gaming was killed by an NPC!
[18:42:16:292540 --7:00] [Thread 612] D4_Cador was killed by an NPC!
[19:17:10:426144 --7:00] [Thread 4256] Avriality was killed by an NPC!
