[20:24:23:136136 --7:00] [Thread 3424] PLAYER: ( 76561198016299112 ) R Moisturizers:1 (Scott) REMOTE SOLD ITEM Exile_Item_Vishpirin FOR 150 POPTABS AND 15 RESPECT | PLAYER TOTAL MONEY: 150
[20:24:32:740897 --7:00] [Thread 792] PLAYER: ( 76561198016299112 ) R Moisturizers:1 (Scott) REMOTE SOLD ITEM Exile_Item_InstaDoc FOR 625 POPTABS AND 62.5 RESPECT | PLAYER TOTAL MONEY: 775
[20:24:33:904548 --7:00] [Thread 3424] PLAYER: ( 76561198016299112 ) R Moisturizers:1 (Scott) REMOTE SOLD ITEM Exile_Item_InstaDoc FOR 625 POPTABS AND 62.5 RESPECT | PLAYER TOTAL MONEY: 1400
[20:24:34:716252 --7:00] [Thread 792] PLAYER: ( 76561198016299112 ) R Moisturizers:1 (Scott) REMOTE SOLD ITEM Exile_Item_InstaDoc FOR 625 POPTABS AND 62.5 RESPECT | PLAYER TOTAL MONEY: 2025
[20:24:35:572545 --7:00] [Thread 1460] PLAYER: ( 76561198016299112 ) R Moisturizers:1 (Scott) REMOTE SOLD ITEM Exile_Item_InstaDoc FOR 625 POPTABS AND 62.5 RESPECT | PLAYER TOTAL MONEY: 2650
[20:24:36:399231 --7:00] [Thread 792] PLAYER: ( 76561198016299112 ) R Moisturizers:1 (Scott) REMOTE SOLD ITEM Exile_Item_InstaDoc FOR 625 POPTABS AND 62.5 RESPECT | PLAYER TOTAL MONEY: 3275
[20:24:37:222678 --7:00] [Thread 1460] PLAYER: ( 76561198016299112 ) R Moisturizers:1 (Scott) REMOTE SOLD ITEM Exile_Item_InstaDoc FOR 625 POPTABS AND 62.5 RESPECT | PLAYER TOTAL MONEY: 3900
[20:24:38:102292 --7:00] [Thread 792] PLAYER: ( 76561198016299112 ) R Moisturizers:1 (Scott) REMOTE SOLD ITEM Exile_Item_InstaDoc FOR 625 POPTABS AND 62.5 RESPECT | PLAYER TOTAL MONEY: 4525
[20:24:39:264490 --7:00] [Thread 3424] PLAYER: ( 76561198016299112 ) R Moisturizers:1 (Scott) REMOTE SOLD ITEM Exile_Item_DuctTape FOR 150 POPTABS AND 15 RESPECT | PLAYER TOTAL MONEY: 4675
[20:24:40:602393 --7:00] [Thread 1460] PLAYER: ( 76561198016299112 ) R Moisturizers:1 (Scott) REMOTE SOLD ITEM optic_Nightstalker FOR 500 POPTABS AND 50 RESPECT | PLAYER TOTAL MONEY: 5175
[20:24:47:369660 --7:00] [Thread 792] PLAYER: ( 76561198016299112 ) R Moisturizers:1 (Scott) REMOTE SOLD ITEM Exile_Item_DuctTape FOR 150 POPTABS AND 15 RESPECT | PLAYER TOTAL MONEY: 5325
[20:24:51:340791 --7:00] [Thread 1460] PLAYER: ( 76561198016299112 ) R Moisturizers:1 (Scott) REMOTE SOLD ITEM Exile_Item_DuctTape FOR 150 POPTABS AND 15 RESPECT | PLAYER TOTAL MONEY: 5475
[20:24:54:238709 --7:00] [Thread 3424] PLAYER: ( 76561198016299112 ) R Moisturizers:1 (Scott) REMOTE PURCHASED ITEM 10Rnd_338_Mag FOR 30 POPTABS | PLAYER TOTAL MONEY: 5445
[20:24:55:292294 --7:00] [Thread 1460] PLAYER: ( 76561198016299112 ) R Moisturizers:1 (Scott) REMOTE PURCHASED ITEM 10Rnd_338_Mag FOR 30 POPTABS | PLAYER TOTAL MONEY: 5415
[20:29:49:908448 --7:00] [Thread 792] PLAYER: ( 76561198083826419 ) R Alpha 2-1:1 ({BTK}Garfield) REMOTE SOLD ITEM MMG_01_hex_F FOR 430 POPTABS AND 43 RESPECT | PLAYER TOTAL MONEY: 17230
[20:31:13:704841 --7:00] [Thread 1460] PLAYER: ( 76561198083826419 ) R Alpha 2-1:1 ({BTK}Garfield) REMOTE PURCHASED ITEM srifle_EBR_F FOR 700 POPTABS | PLAYER TOTAL MONEY: 16530
[20:31:26:402655 --7:00] [Thread 792] PLAYER: ( 76561198083826419 ) R Alpha 2-1:1 ({BTK}Garfield) REMOTE PURCHASED ITEM acc_pointer_IR FOR 10 POPTABS | PLAYER TOTAL MONEY: 16520
[20:31:29:279426 --7:00] [Thread 1460] PLAYER: ( 76561198083826419 ) R Alpha 2-1:1 ({BTK}Garfield) REMOTE PURCHASED ITEM bipod_02_F_blk FOR 10 POPTABS | PLAYER TOTAL MONEY: 16510
[20:31:35:149759 --7:00] [Thread 792] PLAYER: ( 76561198083826419 ) R Alpha 2-1:1 ({BTK}Garfield) REMOTE PURCHASED ITEM muzzle_snds_B FOR 20 POPTABS | PLAYER TOTAL MONEY: 16490
[20:31:41:157696 --7:00] [Thread 1460] PLAYER: ( 76561198083826419 ) R Alpha 2-1:1 ({BTK}Garfield) REMOTE PURCHASED ITEM optic_Hamr FOR 200 POPTABS | PLAYER TOTAL MONEY: 16290
[20:31:49:851589 --7:00] [Thread 792] PLAYER: ( 76561198083826419 ) R Alpha 2-1:1 ({BTK}Garfield) REMOTE PURCHASED ITEM 20Rnd_762x51_Mag FOR 20 POPTABS | PLAYER TOTAL MONEY: 16270
[20:31:50:444038 --7:00] [Thread 1460] PLAYER: ( 76561198083826419 ) R Alpha 2-1:1 ({BTK}Garfield) REMOTE PURCHASED ITEM 20Rnd_762x51_Mag FOR 20 POPTABS | PLAYER TOTAL MONEY: 16250
[20:31:50:985701 --7:00] [Thread 792] PLAYER: ( 76561198083826419 ) R Alpha 2-1:1 ({BTK}Garfield) REMOTE PURCHASED ITEM 20Rnd_762x51_Mag FOR 20 POPTABS | PLAYER TOTAL MONEY: 16230
[20:31:51:444014 --7:00] [Thread 1460] PLAYER: ( 76561198083826419 ) R Alpha 2-1:1 ({BTK}Garfield) REMOTE PURCHASED ITEM 20Rnd_762x51_Mag FOR 20 POPTABS | PLAYER TOTAL MONEY: 16210
[20:31:51:810416 --7:00] [Thread 792] PLAYER: ( 76561198083826419 ) R Alpha 2-1:1 ({BTK}Garfield) REMOTE PURCHASED ITEM 20Rnd_762x51_Mag FOR 20 POPTABS | PLAYER TOTAL MONEY: 16190
[20:31:52:308567 --7:00] [Thread 1460] PLAYER: ( 76561198083826419 ) R Alpha 2-1:1 ({BTK}Garfield) REMOTE PURCHASED ITEM 20Rnd_762x51_Mag FOR 20 POPTABS | PLAYER TOTAL MONEY: 16170
[20:31:52:856977 --7:00] [Thread 792] PLAYER: ( 76561198083826419 ) R Alpha 2-1:1 ({BTK}Garfield) REMOTE PURCHASED ITEM 20Rnd_762x51_Mag FOR 20 POPTABS | PLAYER TOTAL MONEY: 16150
[20:31:53:380276 --7:00] [Thread 1460] PLAYER: ( 76561198083826419 ) R Alpha 2-1:1 ({BTK}Garfield) REMOTE PURCHASED ITEM 20Rnd_762x51_Mag FOR 20 POPTABS | PLAYER TOTAL MONEY: 16130
[20:31:53:884672 --7:00] [Thread 792] PLAYER: ( 76561198083826419 ) R Alpha 2-1:1 ({BTK}Garfield) REMOTE PURCHASED ITEM 20Rnd_762x51_Mag FOR 20 POPTABS | PLAYER TOTAL MONEY: 16110
[20:31:54:384956 --7:00] [Thread 1460] PLAYER: ( 76561198083826419 ) R Alpha 2-1:1 ({BTK}Garfield) REMOTE PURCHASED ITEM 20Rnd_762x51_Mag FOR 20 POPTABS | PLAYER TOTAL MONEY: 16090
[20:31:54:868666 --7:00] [Thread 792] PLAYER: ( 76561198083826419 ) R Alpha 2-1:1 ({BTK}Garfield) REMOTE PURCHASED ITEM 20Rnd_762x51_Mag FOR 20 POPTABS | PLAYER TOTAL MONEY: 16070
[20:31:55:389943 --7:00] [Thread 1460] PLAYER: ( 76561198083826419 ) R Alpha 2-1:1 ({BTK}Garfield) REMOTE PURCHASED ITEM 20Rnd_762x51_Mag FOR 20 POPTABS | PLAYER TOTAL MONEY: 16050
[20:31:55:935297 --7:00] [Thread 792] PLAYER: ( 76561198083826419 ) R Alpha 2-1:1 ({BTK}Garfield) REMOTE PURCHASED ITEM 20Rnd_762x51_Mag FOR 20 POPTABS | PLAYER TOTAL MONEY: 16030
[20:31:56:464652 --7:00] [Thread 1460] PLAYER: ( 76561198083826419 ) R Alpha 2-1:1 ({BTK}Garfield) REMOTE PURCHASED ITEM 20Rnd_762x51_Mag FOR 20 POPTABS | PLAYER TOTAL MONEY: 16010
[20:31:57:179187 --7:00] [Thread 792] PLAYER: ( 76561198083826419 ) R Alpha 2-1:1 ({BTK}Garfield) REMOTE PURCHASED ITEM 20Rnd_762x51_Mag FOR 20 POPTABS | PLAYER TOTAL MONEY: 15990
[20:31:57:718518 --7:00] [Thread 792] PLAYER: ( 76561198083826419 ) R Alpha 2-1:1 ({BTK}Garfield) REMOTE PURCHASED ITEM 20Rnd_762x51_Mag FOR 20 POPTABS | PLAYER TOTAL MONEY: 15970
[20:31:58:250929 --7:00] [Thread 1460] PLAYER: ( 76561198083826419 ) R Alpha 2-1:1 ({BTK}Garfield) REMOTE PURCHASED ITEM 20Rnd_762x51_Mag FOR 20 POPTABS | PLAYER TOTAL MONEY: 15950
[20:31:58:763241 --7:00] [Thread 792] PLAYER: ( 76561198083826419 ) R Alpha 2-1:1 ({BTK}Garfield) REMOTE PURCHASED ITEM 20Rnd_762x51_Mag FOR 20 POPTABS | PLAYER TOTAL MONEY: 15930
[20:32:12:013586 --7:00] [Thread 1460] PLAYER: ( 76561198083826419 ) R Alpha 2-1:1 ({BTK}Garfield) REMOTE PURCHASED ITEM SmokeShell FOR 6 POPTABS | PLAYER TOTAL MONEY: 15924
[20:32:12:925239 --7:00] [Thread 792] PLAYER: ( 76561198083826419 ) R Alpha 2-1:1 ({BTK}Garfield) REMOTE PURCHASED ITEM SmokeShell FOR 6 POPTABS | PLAYER TOTAL MONEY: 15918
[20:32:13:633665 --7:00] [Thread 1460] PLAYER: ( 76561198083826419 ) R Alpha 2-1:1 ({BTK}Garfield) REMOTE PURCHASED ITEM SmokeShell FOR 6 POPTABS | PLAYER TOTAL MONEY: 15912
[20:32:14:362147 --7:00] [Thread 792] PLAYER: ( 76561198083826419 ) R Alpha 2-1:1 ({BTK}Garfield) REMOTE PURCHASED ITEM SmokeShell FOR 6 POPTABS | PLAYER TOTAL MONEY: 15906
[20:36:29:609673 --7:00] [Thread 3424] PLAYER: ( 76561198083826419 ) R Alpha 2-1:1 ({BTK}Garfield) REMOTE PURCHASED VEHICLE CUP_B_AH6X_USA FOR 25000 POPTABS | PLAYER TOTAL MONEY: 20906
[20:37:50:866920 --7:00] [Thread 1460] PLAYER: ( 76561198083826419 ) R Alpha 2-1:1 ({BTK}Garfield) REMOTE PURCHASED ITEM Exile_Item_FuelCanisterEmpty FOR 350 POPTABS | PLAYER TOTAL MONEY: 20556
[20:37:51:961611 --7:00] [Thread 792] PLAYER: ( 76561198083826419 ) R Alpha 2-1:1 ({BTK}Garfield) REMOTE PURCHASED ITEM Exile_Item_FuelCanisterEmpty FOR 350 POPTABS | PLAYER TOTAL MONEY: 20206
[20:46:48:248272 --7:00] [Thread 3424] PLAYER: ( 76561197971543211 ) R Raven Core:1 (Joe) REMOTE SOLD ITEM: Exile_Car_Volha_Blue (ID# <null>) with Cargo ["B_OutdoorPack_tan","Exile_Item_GloriousKnakworst","Exile_Item_PlasticBottleFreshWater","Exile_Item_PlasticBottleFreshWater","Exile_Item_PlasticBottleFreshWater","Exile_Item_Beer","Exile_Item_Beer","Exile_Item_Beer","Exile_Item_Beer","Exile_Item_Beer","Exile_Item_Beer","200Rnd_556x45_Box_F","200Rnd_556x45_Box_F","200Rnd_556x45_Box_F","200Rnd_556x45_Box_F","Exile_Item_BaseCameraKit","Exile_Item_InstaDoc","Exile_Item_BaseCameraKit","Exile_Item_InstaDoc","Exile_Item_Matches","Exile_Item_CookingPot","Exile_Item_MetalPole","Exile_Item_LightBulb","Exile_Item_FuelCanisterEmpty","Exile_Item_WoodPlank","Exile_Item_WoodPlank","Exile_Item_WoodPlank","Exile_Item_WoodPlank","Exile_Item_WoodPlank","Exile_Item_WoodFloorKit","Exile_Item_WoodFloorKit","Exile_Item_WoodWindowKit","Exile_Item_MetalWire","Exile_Item_MetalWire","Exile_Item_Cement","Exile_Item_WoodDoorwayKit","Exile_Item_WoodFloorPortKit","Exile_Item_WoodFloorPortKit","Exile_Item_Cement","arifle_MXC_khk_F","30Rnd_65x39_caseless_mag","hgun_Pistol_heavy_02_F","6Rnd_45ACP_Cylinder","hgun_Pistol_heavy_01_F","11Rnd_45ACP_Mag","arifle_SPAR_02_khk_F","150Rnd_556x45_Drum_Mag_F","U_I_C_Soldier_Camo_F","U_I_C_Soldier_Camo_F","V_BandollierB_oli","Exile_Item_XM8","Exile_Item_XM8","H_Shemag_olive_hs","ItemRadio","ItemRadio","ItemRadio","ItemWatch","ItemWatch","ItemCompass","ItemCompass","ItemCompass","ItemMap","ItemMap","ItemMap","H_Shemag_khk","V_BandollierB_blk"] FOR 7277 POPTABS AND 727.7 RESPECT | PLAYER TOTAL MONEY: 12382
[20:48:48:152231 --7:00] [Thread 3424] PLAYER: ( 76561197971543211 ) R Raven Core:1 (Joe) REMOTE PURCHASED VEHICLE CUP_B_LAV25_USMC FOR 275000 POPTABS | PLAYER TOTAL MONEY: 12382
[20:49:06:087257 --7:00] [Thread 1460] PLAYER: ( 76561197966847701 ) R Alpha 1-5:1 (Lothaar) REMOTE PURCHASED ITEM Exile_Item_PlasticBottleCoffee FOR 70 POPTABS | PLAYER TOTAL MONEY: 3286
[20:49:43:877758 --7:00] [Thread 792] PLAYER: ( 76561197966847701 ) R Alpha 1-5:1 (Lothaar) REMOTE PURCHASED ITEM Exile_Item_Noodles FOR 14 POPTABS | PLAYER TOTAL MONEY: 3272
[20:49:44:616226 --7:00] [Thread 1460] PLAYER: ( 76561197966847701 ) R Alpha 1-5:1 (Lothaar) REMOTE PURCHASED ITEM Exile_Item_Noodles FOR 14 POPTABS | PLAYER TOTAL MONEY: 3258
[20:53:54:763819 --7:00] [Thread 3424] PLAYER: ( 76561197966847701 ) R Alpha 1-5:1 (Lothaar) REMOTE PURCHASED VEHICLE I_APC_Wheeled_03_cannon_F FOR 325000 POPTABS | PLAYER TOTAL MONEY: 3258
[21:16:19:002192 --7:00] [Thread 2248] PLAYER: ( 76561198016299112 ) R Moisturizers:1 (Scott) REMOTE SOLD ITEM: Exile_Car_OldTractor_Red (ID# <null>) with Cargo [] FOR 600 POPTABS AND 60 RESPECT | PLAYER TOTAL MONEY: 1049
[21:17:45:955392 --7:00] [Thread 2248] PLAYER: ( 76561198016299112 ) R Moisturizers:1 (Scott) REMOTE PURCHASED VEHICLE Exile_Chopper_Taru_Transport_Black FOR 17000 POPTABS | PLAYER TOTAL MONEY: 201049
[21:18:50:319391 --7:00] [Thread 3424] PLAYER: ( 76561198016299112 ) R Moisturizers:1 (Scott) REMOTE PURCHASED ITEM Land_Castle_01_tower_F_Kit FOR 100000 POPTABS | PLAYER TOTAL MONEY: 101049
[21:20:04:283251 --7:00] [Thread 1460] PLAYER: ( 76561198016299112 ) R Moisturizers:1 (Scott) REMOTE PURCHASED ITEM EBM_Brickwall_floor_Kit FOR 1000 POPTABS | PLAYER TOTAL MONEY: 100049
[21:20:05:503050 --7:00] [Thread 1460] PLAYER: ( 76561198016299112 ) R Moisturizers:1 (Scott) REMOTE PURCHASED ITEM EBM_Brickwall_floor_Kit FOR 1000 POPTABS | PLAYER TOTAL MONEY: 99049
[21:20:06:647826 --7:00] [Thread 1460] PLAYER: ( 76561198016299112 ) R Moisturizers:1 (Scott) REMOTE PURCHASED ITEM EBM_Brickwall_floor_Kit FOR 1000 POPTABS | PLAYER TOTAL MONEY: 98049
[21:20:07:831619 --7:00] [Thread 1460] PLAYER: ( 76561198016299112 ) R Moisturizers:1 (Scott) REMOTE PURCHASED ITEM EBM_Brickwall_floor_Kit FOR 1000 POPTABS | PLAYER TOTAL MONEY: 97049
[21:20:08:962404 --7:00] [Thread 1460] PLAYER: ( 76561198016299112 ) R Moisturizers:1 (Scott) REMOTE PURCHASED ITEM EBM_Brickwall_floor_Kit FOR 1000 POPTABS | PLAYER TOTAL MONEY: 96049
[21:20:10:102192 --7:00] [Thread 1460] PLAYER: ( 76561198016299112 ) R Moisturizers:1 (Scott) REMOTE PURCHASED ITEM EBM_Brickwall_floor_Kit FOR 1000 POPTABS | PLAYER TOTAL MONEY: 95049
[21:20:11:329368 --7:00] [Thread 1460] PLAYER: ( 76561198016299112 ) R Moisturizers:1 (Scott) REMOTE PURCHASED ITEM EBM_Brickwall_floor_Kit FOR 1000 POPTABS | PLAYER TOTAL MONEY: 94049
[21:20:12:448126 --7:00] [Thread 1460] PLAYER: ( 76561198016299112 ) R Moisturizers:1 (Scott) REMOTE PURCHASED ITEM EBM_Brickwall_floor_Kit FOR 1000 POPTABS | PLAYER TOTAL MONEY: 93049
[21:20:13:561238 --7:00] [Thread 1460] PLAYER: ( 76561198016299112 ) R Moisturizers:1 (Scott) REMOTE PURCHASED ITEM EBM_Brickwall_floor_Kit FOR 1000 POPTABS | PLAYER TOTAL MONEY: 92049
[21:20:14:710913 --7:00] [Thread 1460] PLAYER: ( 76561198016299112 ) R Moisturizers:1 (Scott) REMOTE PURCHASED ITEM EBM_Brickwall_floor_Kit FOR 1000 POPTABS | PLAYER TOTAL MONEY: 91049
[21:20:15:844194 --7:00] [Thread 1460] PLAYER: ( 76561198016299112 ) R Moisturizers:1 (Scott) REMOTE PURCHASED ITEM EBM_Brickwall_floor_Kit FOR 1000 POPTABS | PLAYER TOTAL MONEY: 90049
[21:20:16:928369 --7:00] [Thread 1460] PLAYER: ( 76561198016299112 ) R Moisturizers:1 (Scott) REMOTE PURCHASED ITEM EBM_Brickwall_floor_Kit FOR 1000 POPTABS | PLAYER TOTAL MONEY: 89049
[21:22:56:792402 --7:00] [Thread 4368] PLAYER: ( 76561197971543211 ) R Raven Core:1 (Joe) REMOTE SOLD ITEM: B_T_LSV_01_armed_F (ID# <null>) with Cargo [] FOR 20000 POPTABS AND 2000 RESPECT | PLAYER TOTAL MONEY: 39835
[21:25:21:692654 --7:00] [Thread 3424] PLAYER: ( 76561197971543211 ) R Raven Core:1 (Joe) REMOTE SOLD ITEM: CUP_B_LAV25_USMC (ID# 620) with Cargo ["B_ViperHarness_hex_F","B_Kitbag_mcamo","B_Bergen_mcamo","B_Bergen_rgr","Exile_Item_PlasticBottleEmpty","arifle_SPAR_02_snd_F","150Rnd_556x45_Drum_Mag_F","hgun_Pistol_heavy_02_F","6Rnd_45ACP_Cylinder","arifle_CTAR_hex_F","30Rnd_580x42_Mag_F","hgun_Rook40_F","16Rnd_9x21_Mag","arifle_MX_F","30Rnd_65x39_caseless_mag","hgun_ACPC2_F","9Rnd_45ACP_Mag","V_DeckCrew_white_F","U_I_FullGhillie_lsh","U_I_FullGhillie_lsh","Exile_Item_XM8","V_PlateCarrierGL_blk","V_PlateCarrierSpec_blk","U_BG_leader","V_PlateCarrierSpec_mtp","U_IG_leader"] FOR 1963 POPTABS AND 196.3 RESPECT | PLAYER TOTAL MONEY: 41798
[22:56:52:503267 --7:00] [Thread 4908] PLAYER: ( 76561198077567121 ) R D4tification:1 (D4_Cador) REMOTE PURCHASED ITEM srifle_GM6_ghex_F FOR 900 POPTABS | PLAYER TOTAL MONEY: 21829
[22:56:59:510632 --7:00] [Thread 2852] PLAYER: ( 76561198077567121 ) R D4tification:1 (D4_Cador) REMOTE PURCHASED ITEM 5Rnd_127x108_APDS_Mag FOR 50 POPTABS | PLAYER TOTAL MONEY: 21779
[22:56:59:962524 --7:00] [Thread 4908] PLAYER: ( 76561198077567121 ) R D4tification:1 (D4_Cador) REMOTE PURCHASED ITEM 5Rnd_127x108_APDS_Mag FOR 50 POPTABS | PLAYER TOTAL MONEY: 21729
[22:57:00:405499 --7:00] [Thread 2852] PLAYER: ( 76561198077567121 ) R D4tification:1 (D4_Cador) REMOTE PURCHASED ITEM 5Rnd_127x108_APDS_Mag FOR 50 POPTABS | PLAYER TOTAL MONEY: 21679
[22:57:00:879489 --7:00] [Thread 4908] PLAYER: ( 76561198077567121 ) R D4tification:1 (D4_Cador) REMOTE PURCHASED ITEM 5Rnd_127x108_APDS_Mag FOR 50 POPTABS | PLAYER TOTAL MONEY: 21629
[22:57:20:464661 --7:00] [Thread 2852] PLAYER: ( 76561198077567121 ) R D4tification:1 (D4_Cador) REMOTE PURCHASED ITEM optic_tws_mg FOR 1500 POPTABS | PLAYER TOTAL MONEY: 20129
[22:59:32:530510 --7:00] [Thread 4908] PLAYER: ( 76561198077567121 ) R D4tification:1 (D4_Cador) REMOTE PURCHASED ITEM U_O_V_Soldier_Viper_F FOR 150 POPTABS | PLAYER TOTAL MONEY: 19979
[22:59:42:880888 --7:00] [Thread 4908] PLAYER: ( 76561198077567121 ) R D4tification:1 (D4_Cador) REMOTE PURCHASED ITEM B_Carryall_ghex_F FOR 300 POPTABS | PLAYER TOTAL MONEY: 19679
[22:59:53:263134 --7:00] [Thread 2376] PLAYER: ( 76561198077567121 ) R D4tification:1 (D4_Cador) REMOTE PURCHASED ITEM V_PlateCarrierIAGL_dgtl FOR 400 POPTABS | PLAYER TOTAL MONEY: 19279
[23:04:19:433578 --7:00] [Thread 4908] PLAYER: ( 76561198077567121 ) R D4tification:1 (D4_Cador) REMOTE PURCHASED ITEM H_HelmetB_TI_tna_F FOR 100 POPTABS | PLAYER TOTAL MONEY: 19179
[23:12:17:345035 --7:00] [Thread 2376] PLAYER: ( 76561198077567121 ) R D4tification:1 (D4_Cador) REMOTE PURCHASED ITEM 6Rnd_45ACP_Cylinder FOR 8 POPTABS | PLAYER TOTAL MONEY: 19171
[23:12:17:782279 --7:00] [Thread 4908] PLAYER: ( 76561198077567121 ) R D4tification:1 (D4_Cador) REMOTE PURCHASED ITEM 6Rnd_45ACP_Cylinder FOR 8 POPTABS | PLAYER TOTAL MONEY: 19163
[23:12:18:215116 --7:00] [Thread 2376] PLAYER: ( 76561198077567121 ) R D4tification:1 (D4_Cador) REMOTE PURCHASED ITEM 6Rnd_45ACP_Cylinder FOR 8 POPTABS | PLAYER TOTAL MONEY: 19155
[23:12:18:646374 --7:00] [Thread 4908] PLAYER: ( 76561198077567121 ) R D4tification:1 (D4_Cador) REMOTE PURCHASED ITEM 6Rnd_45ACP_Cylinder FOR 8 POPTABS | PLAYER TOTAL MONEY: 19147
[23:12:19:118252 --7:00] [Thread 2376] PLAYER: ( 76561198077567121 ) R D4tification:1 (D4_Cador) REMOTE PURCHASED ITEM 6Rnd_45ACP_Cylinder FOR 8 POPTABS | PLAYER TOTAL MONEY: 19139
[23:12:19:579420 --7:00] [Thread 4908] PLAYER: ( 76561198077567121 ) R D4tification:1 (D4_Cador) REMOTE PURCHASED ITEM 6Rnd_45ACP_Cylinder FOR 8 POPTABS | PLAYER TOTAL MONEY: 19131
[23:12:24:125399 --7:00] [Thread 2376] PLAYER: ( 76561198077567121 ) R D4tification:1 (D4_Cador) REMOTE PURCHASED ITEM 5Rnd_127x108_APDS_Mag FOR 50 POPTABS | PLAYER TOTAL MONEY: 19081
[23:12:25:000676 --7:00] [Thread 4908] PLAYER: ( 76561198077567121 ) R D4tification:1 (D4_Cador) REMOTE PURCHASED ITEM 5Rnd_127x108_APDS_Mag FOR 50 POPTABS | PLAYER TOTAL MONEY: 19031
[23:12:25:589053 --7:00] [Thread 2376] PLAYER: ( 76561198077567121 ) R D4tification:1 (D4_Cador) REMOTE PURCHASED ITEM 5Rnd_127x108_APDS_Mag FOR 50 POPTABS | PLAYER TOTAL MONEY: 18981
[23:12:26:094028 --7:00] [Thread 4908] PLAYER: ( 76561198077567121 ) R D4tification:1 (D4_Cador) REMOTE PURCHASED ITEM 5Rnd_127x108_APDS_Mag FOR 50 POPTABS | PLAYER TOTAL MONEY: 18931
[23:12:26:556424 --7:00] [Thread 2376] PLAYER: ( 76561198077567121 ) R D4tification:1 (D4_Cador) REMOTE PURCHASED ITEM 5Rnd_127x108_APDS_Mag FOR 50 POPTABS | PLAYER TOTAL MONEY: 18881
[23:12:27:039801 --7:00] [Thread 4908] PLAYER: ( 76561198077567121 ) R D4tification:1 (D4_Cador) REMOTE PURCHASED ITEM 5Rnd_127x108_APDS_Mag FOR 50 POPTABS | PLAYER TOTAL MONEY: 18831
[23:12:27:503464 --7:00] [Thread 2376] PLAYER: ( 76561198077567121 ) R D4tification:1 (D4_Cador) REMOTE PURCHASED ITEM 5Rnd_127x108_APDS_Mag FOR 50 POPTABS | PLAYER TOTAL MONEY: 18781
[23:12:27:972477 --7:00] [Thread 4908] PLAYER: ( 76561198077567121 ) R D4tification:1 (D4_Cador) REMOTE PURCHASED ITEM 5Rnd_127x108_APDS_Mag FOR 50 POPTABS | PLAYER TOTAL MONEY: 18731
[23:12:28:433363 --7:00] [Thread 2376] PLAYER: ( 76561198077567121 ) R D4tification:1 (D4_Cador) REMOTE PURCHASED ITEM 5Rnd_127x108_APDS_Mag FOR 50 POPTABS | PLAYER TOTAL MONEY: 18681
[23:12:28:894637 --7:00] [Thread 4908] PLAYER: ( 76561198077567121 ) R D4tification:1 (D4_Cador) REMOTE PURCHASED ITEM 5Rnd_127x108_APDS_Mag FOR 50 POPTABS | PLAYER TOTAL MONEY: 18631
[23:48:38:558233 --7:00] [Thread 1672] PLAYER: ( 76561198077567121 ) R D4tification:1 (D4_Cador) REMOTE PURCHASED ITEM Exile_Item_CodeLock FOR 5000 POPTABS | PLAYER TOTAL MONEY: 13716
[23:49:07:787709 --7:00] [Thread 4908] PLAYER: ( 76561198021846681 ) R D4tification:2 (Avriality) REMOTE SOLD ITEM: I_Truck_02_medical_F (ID# <null>) with Cargo [] FOR 21500 POPTABS AND 2150 RESPECT | PLAYER TOTAL MONEY: 21774
[23:51:05:950756 --7:00] [Thread 4908] PLAYER: ( 76561198021846681 ) R D4tification:2 (Avriality) REMOTE SOLD ITEM: Exile_Container_SupplyBox (ID# <null>) with Cargo ["Exile_Item_GloriousKnakworst","Exile_Item_GloriousKnakworst","Exile_Item_Beer","Exile_Item_Beer","Exile_Item_Beer","Exile_Item_Beer","Exile_Item_Beer","Exile_Item_Beer","Exile_Item_InstaDoc","Exile_Item_Matches","Exile_Item_CookingPot","Exile_Item_MetalPole","Exile_Item_LightBulb","Exile_Item_FuelCanisterEmpty","Exile_Item_WoodPlank","Exile_Item_WoodDoorwayKit","Exile_Item_WoodFloorPortKit","Exile_Item_WoodFloorPortKit","Exile_Item_Cement","Exile_Item_Cement","Exile_Item_Sand","Exile_Item_Sand","Exile_Item_Sand","Exile_Item_Sand","Exile_Item_Sand","Exile_Item_Sand","Exile_Item_Sand","Exile_Item_Sand","Exile_Item_Sand","Exile_Item_Sand","Exile_Item_MetalWire","Exile_Item_MetalWire","Exile_Item_MetalWire","Exile_Item_WaterCanisterEmpty","Exile_Item_WaterCanisterEmpty","Exile_Item_MetalScrews","Exile_Item_MetalScrews","Exile_Item_MetalScrews","Exile_Melee_Axe"] FOR 5395 POPTABS AND 539.5 RESPECT | PLAYER TOTAL MONEY: 6395
[00:06:12:046189 --7:00] [Thread 2376] PLAYER: ( 76561198016299112 ) R Moisturizers:2 (Scott) REMOTE PURCHASED ITEM B_Bergen_tna_F FOR 400 POPTABS | PLAYER TOTAL MONEY: 299600
[00:06:20:946374 --7:00] [Thread 1672] PLAYER: ( 76561198016299112 ) R Moisturizers:2 (Scott) REMOTE PURCHASED ITEM V_PlateCarrierGL_mtp FOR 500 POPTABS | PLAYER TOTAL MONEY: 299100
[00:06:23:188501 --7:00] [Thread 4908] PLAYER: ( 76561198016299112 ) R Moisturizers:2 (Scott) REMOTE SOLD ITEM Exile_Melee_Axe FOR 50 POPTABS AND 5 RESPECT | PLAYER TOTAL MONEY: 299150
[00:06:24:310270 --7:00] [Thread 2376] PLAYER: ( 76561198016299112 ) R Moisturizers:2 (Scott) REMOTE SOLD ITEM hgun_Pistol_heavy_02_F FOR 44 POPTABS AND 4.4 RESPECT | PLAYER TOTAL MONEY: 299194
[00:06:28:764370 --7:00] [Thread 1672] PLAYER: ( 76561198016299112 ) R Moisturizers:2 (Scott) REMOTE SOLD ITEM 6Rnd_45ACP_Cylinder FOR 4 POPTABS AND 0.4 RESPECT | PLAYER TOTAL MONEY: 299198
[00:06:29:532077 --7:00] [Thread 4908] PLAYER: ( 76561198016299112 ) R Moisturizers:2 (Scott) REMOTE SOLD ITEM Exile_Item_DuctTape FOR 150 POPTABS AND 15 RESPECT | PLAYER TOTAL MONEY: 299348
[00:06:33:148574 --7:00] [Thread 1672] PLAYER: ( 76561198016299112 ) R Moisturizers:2 (Scott) REMOTE SOLD ITEM Exile_Uniform_BambiOverall FOR 1 POPTABS AND 0.1 RESPECT | PLAYER TOTAL MONEY: 299349
[00:06:39:234258 --7:00] [Thread 2376] PLAYER: ( 76561198016299112 ) R Moisturizers:2 (Scott) REMOTE PURCHASED ITEM H_HelmetLeaderO_ghex_F FOR 175 POPTABS | PLAYER TOTAL MONEY: 299174
[00:06:50:468024 --7:00] [Thread 1672] PLAYER: ( 76561198016299112 ) R Moisturizers:2 (Scott) REMOTE PURCHASED ITEM U_O_FullGhillie_lsh FOR 150 POPTABS | PLAYER TOTAL MONEY: 299024
[00:07:01:017279 --7:00] [Thread 2376] PLAYER: ( 76561198016299112 ) R Moisturizers:2 (Scott) REMOTE PURCHASED ITEM Exile_Item_Vishpirin FOR 300 POPTABS | PLAYER TOTAL MONEY: 298724
[00:07:02:005389 --7:00] [Thread 1672] PLAYER: ( 76561198016299112 ) R Moisturizers:2 (Scott) REMOTE PURCHASED ITEM Exile_Item_Vishpirin FOR 300 POPTABS | PLAYER TOTAL MONEY: 298424
[00:07:14:316381 --7:00] [Thread 2376] PLAYER: ( 76561198016299112 ) R Moisturizers:2 (Scott) REMOTE PURCHASED ITEM srifle_DMR_02_F FOR 800 POPTABS | PLAYER TOTAL MONEY: 297624
[00:07:19:114327 --7:00] [Thread 1672] PLAYER: ( 76561198016299112 ) R Moisturizers:2 (Scott) REMOTE PURCHASED ITEM acc_flashlight FOR 4 POPTABS | PLAYER TOTAL MONEY: 297620
[00:07:22:602663 --7:00] [Thread 2376] PLAYER: ( 76561198016299112 ) R Moisturizers:2 (Scott) REMOTE PURCHASED ITEM bipod_02_F_blk FOR 10 POPTABS | PLAYER TOTAL MONEY: 297610
[00:07:27:516463 --7:00] [Thread 1672] PLAYER: ( 76561198016299112 ) R Moisturizers:2 (Scott) REMOTE PURCHASED ITEM muzzle_snds_338_black FOR 50 POPTABS | PLAYER TOTAL MONEY: 297560
[00:07:31:608152 --7:00] [Thread 2376] PLAYER: ( 76561198016299112 ) R Moisturizers:2 (Scott) REMOTE PURCHASED ITEM optic_tws FOR 1500 POPTABS | PLAYER TOTAL MONEY: 296060
[00:07:38:035350 --7:00] [Thread 1672] PLAYER: ( 76561198016299112 ) R Moisturizers:2 (Scott) REMOTE PURCHASED ITEM hgun_Pistol_heavy_01_F FOR 80 POPTABS | PLAYER TOTAL MONEY: 295980
[00:07:41:768695 --7:00] [Thread 2376] PLAYER: ( 76561198016299112 ) R Moisturizers:2 (Scott) REMOTE PURCHASED ITEM 10Rnd_338_Mag FOR 30 POPTABS | PLAYER TOTAL MONEY: 295950
[00:07:42:736164 --7:00] [Thread 1672] PLAYER: ( 76561198016299112 ) R Moisturizers:2 (Scott) REMOTE PURCHASED ITEM 10Rnd_338_Mag FOR 30 POPTABS | PLAYER TOTAL MONEY: 295920
[00:07:43:683469 --7:00] [Thread 2376] PLAYER: ( 76561198016299112 ) R Moisturizers:2 (Scott) REMOTE PURCHASED ITEM 10Rnd_338_Mag FOR 30 POPTABS | PLAYER TOTAL MONEY: 295890
[00:07:44:574319 --7:00] [Thread 1672] PLAYER: ( 76561198016299112 ) R Moisturizers:2 (Scott) REMOTE PURCHASED ITEM 10Rnd_338_Mag FOR 30 POPTABS | PLAYER TOTAL MONEY: 295860
[00:07:45:465437 --7:00] [Thread 2376] PLAYER: ( 76561198016299112 ) R Moisturizers:2 (Scott) REMOTE PURCHASED ITEM 10Rnd_338_Mag FOR 30 POPTABS | PLAYER TOTAL MONEY: 295830
[00:07:46:352385 --7:00] [Thread 1672] PLAYER: ( 76561198016299112 ) R Moisturizers:2 (Scott) REMOTE PURCHASED ITEM 10Rnd_338_Mag FOR 30 POPTABS | PLAYER TOTAL MONEY: 295800
[00:07:47:231444 --7:00] [Thread 2376] PLAYER: ( 76561198016299112 ) R Moisturizers:2 (Scott) REMOTE PURCHASED ITEM 10Rnd_338_Mag FOR 30 POPTABS | PLAYER TOTAL MONEY: 295770
[00:07:48:078371 --7:00] [Thread 1672] PLAYER: ( 76561198016299112 ) R Moisturizers:2 (Scott) REMOTE PURCHASED ITEM 10Rnd_338_Mag FOR 30 POPTABS | PLAYER TOTAL MONEY: 295740
[00:07:48:992572 --7:00] [Thread 2376] PLAYER: ( 76561198016299112 ) R Moisturizers:2 (Scott) REMOTE PURCHASED ITEM 10Rnd_338_Mag FOR 30 POPTABS | PLAYER TOTAL MONEY: 295710
[00:07:49:833489 --7:00] [Thread 1672] PLAYER: ( 76561198016299112 ) R Moisturizers:2 (Scott) REMOTE PURCHASED ITEM 10Rnd_338_Mag FOR 30 POPTABS | PLAYER TOTAL MONEY: 295680
[00:07:50:643503 --7:00] [Thread 2376] PLAYER: ( 76561198016299112 ) R Moisturizers:2 (Scott) REMOTE PURCHASED ITEM 10Rnd_338_Mag FOR 30 POPTABS | PLAYER TOTAL MONEY: 295650
[00:07:53:792425 --7:00] [Thread 1672] PLAYER: ( 76561198016299112 ) R Moisturizers:2 (Scott) REMOTE PURCHASED ITEM 11Rnd_45ACP_Mag FOR 8 POPTABS | PLAYER TOTAL MONEY: 295642
[00:07:54:579358 --7:00] [Thread 2376] PLAYER: ( 76561198016299112 ) R Moisturizers:2 (Scott) REMOTE PURCHASED ITEM 11Rnd_45ACP_Mag FOR 8 POPTABS | PLAYER TOTAL MONEY: 295634
[00:07:55:589400 --7:00] [Thread 1672] PLAYER: ( 76561198016299112 ) R Moisturizers:2 (Scott) REMOTE PURCHASED ITEM 11Rnd_45ACP_Mag FOR 8 POPTABS | PLAYER TOTAL MONEY: 295626
[00:07:56:398507 --7:00] [Thread 2376] PLAYER: ( 76561198016299112 ) R Moisturizers:2 (Scott) REMOTE PURCHASED ITEM 11Rnd_45ACP_Mag FOR 8 POPTABS | PLAYER TOTAL MONEY: 295618
[00:07:57:291339 --7:00] [Thread 1672] PLAYER: ( 76561198016299112 ) R Moisturizers:2 (Scott) REMOTE PURCHASED ITEM 11Rnd_45ACP_Mag FOR 8 POPTABS | PLAYER TOTAL MONEY: 295610
[00:07:58:162214 --7:00] [Thread 2376] PLAYER: ( 76561198016299112 ) R Moisturizers:2 (Scott) REMOTE PURCHASED ITEM 11Rnd_45ACP_Mag FOR 8 POPTABS | PLAYER TOTAL MONEY: 295602
[00:08:25:282275 --7:00] [Thread 1672] PLAYER: ( 76561198016299112 ) R Moisturizers:2 (Scott) REMOTE PURCHASED ITEM Exile_Item_DuctTape FOR 300 POPTABS | PLAYER TOTAL MONEY: 295302
[00:08:26:686339 --7:00] [Thread 2376] PLAYER: ( 76561198016299112 ) R Moisturizers:2 (Scott) REMOTE PURCHASED ITEM Exile_Item_DuctTape FOR 300 POPTABS | PLAYER TOTAL MONEY: 295002
[00:08:27:800072 --7:00] [Thread 1672] PLAYER: ( 76561198016299112 ) R Moisturizers:2 (Scott) REMOTE PURCHASED ITEM Exile_Item_DuctTape FOR 300 POPTABS | PLAYER TOTAL MONEY: 294702
[00:08:28:667245 --7:00] [Thread 2376] PLAYER: ( 76561198016299112 ) R Moisturizers:2 (Scott) REMOTE PURCHASED ITEM Exile_Item_DuctTape FOR 300 POPTABS | PLAYER TOTAL MONEY: 294402
[00:08:53:723941 --7:00] [Thread 1672] PLAYER: ( 76561198016299112 ) R Moisturizers:2 (Scott) REMOTE PURCHASED ITEM Exile_Item_EnergyDrink FOR 40 POPTABS | PLAYER TOTAL MONEY: 294362
[00:08:54:511412 --7:00] [Thread 2376] PLAYER: ( 76561198016299112 ) R Moisturizers:2 (Scott) REMOTE PURCHASED ITEM Exile_Item_EnergyDrink FOR 40 POPTABS | PLAYER TOTAL MONEY: 294322
[00:08:57:087503 --7:00] [Thread 1672] PLAYER: ( 76561198016299112 ) R Moisturizers:2 (Scott) REMOTE PURCHASED ITEM Exile_Item_EMRE FOR 54 POPTABS | PLAYER TOTAL MONEY: 294268
[00:08:57:703575 --7:00] [Thread 2376] PLAYER: ( 76561198016299112 ) R Moisturizers:2 (Scott) REMOTE PURCHASED ITEM Exile_Item_EMRE FOR 54 POPTABS | PLAYER TOTAL MONEY: 294214
[00:09:03:023625 --7:00] [Thread 1672] PLAYER: ( 76561198016299112 ) R Moisturizers:2 (Scott) REMOTE PURCHASED ITEM Exile_Item_EnergyDrink FOR 40 POPTABS | PLAYER TOTAL MONEY: 294174
[00:15:05:962517 --7:00] [Thread 1672] PLAYER: ( 76561198226951376 ) R RoyalDarkness:1 (Dizzy_B_Gaming) REMOTE PURCHASED ITEM B_AssaultPack_tna_F FOR 90 POPTABS | PLAYER TOTAL MONEY: 110
[00:16:58:451821 --7:00] [Thread 2376] PLAYER: ( 76561198226951376 ) R RoyalDarkness:1 (Dizzy_B_Gaming) REMOTE PURCHASED ITEM arifle_SPAR_01_blk_F FOR 400 POPTABS | PLAYER TOTAL MONEY: 1210
[00:17:23:154197 --7:00] [Thread 4908] PLAYER: ( 76561197994641119 ) R Moisturizers:1 (Zataralee) REMOTE PURCHASED ITEM G_O_Diving FOR 6 POPTABS | PLAYER TOTAL MONEY: 9945
[00:17:23:405579 --7:00] [Thread 2376] PLAYER: ( 76561198226951376 ) R RoyalDarkness:1 (Dizzy_B_Gaming) REMOTE PURCHASED ITEM acc_pointer_IR FOR 10 POPTABS | PLAYER TOTAL MONEY: 1200
[00:17:23:891411 --7:00] [Thread 4908] PLAYER: ( 76561197994641119 ) R Moisturizers:1 (Zataralee) REMOTE PURCHASED ITEM G_O_Diving FOR 6 POPTABS | PLAYER TOTAL MONEY: 9939
[00:17:24:690056 --7:00] [Thread 2376] PLAYER: ( 76561197994641119 ) R Moisturizers:1 (Zataralee) REMOTE PURCHASED ITEM G_O_Diving FOR 6 POPTABS | PLAYER TOTAL MONEY: 9933
[00:17:25:898104 --7:00] [Thread 4908] PLAYER: ( 76561198226951376 ) R RoyalDarkness:1 (Dizzy_B_Gaming) REMOTE PURCHASED ITEM muzzle_snds_M FOR 10 POPTABS | PLAYER TOTAL MONEY: 1190
[00:17:28:415472 --7:00] [Thread 2376] PLAYER: ( 76561197994641119 ) R Moisturizers:1 (Zataralee) REMOTE PURCHASED ITEM V_RebreatherIR FOR 250 POPTABS | PLAYER TOTAL MONEY: 9683
[00:17:40:979596 --7:00] [Thread 4908] PLAYER: ( 76561198226951376 ) R RoyalDarkness:1 (Dizzy_B_Gaming) REMOTE PURCHASED ITEM optic_Arco_blk_F FOR 100 POPTABS | PLAYER TOTAL MONEY: 1090
[00:18:45:816369 --7:00] [Thread 2376] PLAYER: ( 76561198226951376 ) R RoyalDarkness:1 (Dizzy_B_Gaming) REMOTE PURCHASED ITEM Exile_Item_CanOpener FOR 80 POPTABS | PLAYER TOTAL MONEY: 1010
[00:21:12:451368 --7:00] [Thread 2376] PLAYER: ( 76561198226951376 ) R RoyalDarkness:1 (Dizzy_B_Gaming) REMOTE PURCHASED ITEM 30Rnd_556x45_Stanag FOR 20 POPTABS | PLAYER TOTAL MONEY: 990
[00:21:13:321452 --7:00] [Thread 4908] PLAYER: ( 76561198226951376 ) R RoyalDarkness:1 (Dizzy_B_Gaming) REMOTE PURCHASED ITEM 30Rnd_556x45_Stanag FOR 20 POPTABS | PLAYER TOTAL MONEY: 970
[00:21:14:492457 --7:00] [Thread 2376] PLAYER: ( 76561198226951376 ) R RoyalDarkness:1 (Dizzy_B_Gaming) REMOTE PURCHASED ITEM 30Rnd_556x45_Stanag FOR 20 POPTABS | PLAYER TOTAL MONEY: 950
[00:21:15:295298 --7:00] [Thread 4908] PLAYER: ( 76561198226951376 ) R RoyalDarkness:1 (Dizzy_B_Gaming) REMOTE PURCHASED ITEM 30Rnd_556x45_Stanag FOR 20 POPTABS | PLAYER TOTAL MONEY: 930
[00:21:40:107912 --7:00] [Thread 1672] PLAYER: ( 76561198226951376 ) R RoyalDarkness:1 (Dizzy_B_Gaming) REMOTE PURCHASED ITEM 30Rnd_556x45_Stanag FOR 20 POPTABS | PLAYER TOTAL MONEY: 910
[00:21:53:590668 --7:00] [Thread 1672] PLAYER: ( 76561198226951376 ) R RoyalDarkness:1 (Dizzy_B_Gaming) REMOTE PURCHASED ITEM acc_flashlight FOR 4 POPTABS | PLAYER TOTAL MONEY: 906
[00:22:44:050402 --7:00] [Thread 4908] PLAYER: ( 76561198226951376 ) R RoyalDarkness:1 (Dizzy_B_Gaming) REMOTE PURCHASED ITEM U_OrestesBody FOR 40 POPTABS | PLAYER TOTAL MONEY: 866
[00:23:09:317289 --7:00] [Thread 1672] PLAYER: ( 76561198327541641 ) R RoyalDarkness:2 (log50071) REMOTE PURCHASED ITEM H_Bandanna_khk_hs FOR 4 POPTABS | PLAYER TOTAL MONEY: 4996
[00:23:41:873442 --7:00] [Thread 4908] PLAYER: ( 76561198327541641 ) R RoyalDarkness:2 (log50071) REMOTE PURCHASED ITEM V_Rangemaster_belt FOR 6 POPTABS | PLAYER TOTAL MONEY: 4990
[00:23:55:047513 --7:00] [Thread 1672] PLAYER: ( 76561198327541641 ) R RoyalDarkness:2 (log50071) REMOTE PURCHASED ITEM B_AssaultPack_tna_F FOR 90 POPTABS | PLAYER TOTAL MONEY: 4900
[00:24:17:317250 --7:00] [Thread 1672] PLAYER: ( 76561198226951376 ) R RoyalDarkness:1 (Dizzy_B_Gaming) REMOTE PURCHASED ITEM muzzle_snds_L FOR 10 POPTABS | PLAYER TOTAL MONEY: 856
[00:24:19:232458 --7:00] [Thread 1672] PLAYER: ( 76561198327541641 ) R RoyalDarkness:2 (log50071) REMOTE PURCHASED ITEM U_NikosAgedBody FOR 40 POPTABS | PLAYER TOTAL MONEY: 4860
[00:24:50:978178 --7:00] [Thread 2376] PLAYER: ( 76561198226951376 ) R RoyalDarkness:1 (Dizzy_B_Gaming) REMOTE PURCHASED ITEM G_Bandanna_aviator FOR 6 POPTABS | PLAYER TOTAL MONEY: 850
[00:25:01:289229 --7:00] [Thread 1672] PLAYER: ( 76561198226951376 ) R RoyalDarkness:1 (Dizzy_B_Gaming) REMOTE PURCHASED ITEM H_Watchcap_sgg FOR 6 POPTABS | PLAYER TOTAL MONEY: 844
[00:25:09:466580 --7:00] [Thread 2376] PLAYER: ( 76561198327541641 ) R RoyalDarkness:2 (log50071) REMOTE PURCHASED ITEM arifle_SPAR_01_blk_F FOR 400 POPTABS | PLAYER TOTAL MONEY: 4460
[00:25:37:955620 --7:00] [Thread 1672] PLAYER: ( 76561198327541641 ) R RoyalDarkness:2 (log50071) REMOTE PURCHASED ITEM muzzle_snds_m_khk_F FOR 15 POPTABS | PLAYER TOTAL MONEY: 4445
[00:25:51:752155 --7:00] [Thread 2376] PLAYER: ( 76561198327541641 ) R RoyalDarkness:2 (log50071) REMOTE PURCHASED ITEM 30Rnd_556x45_Stanag FOR 20 POPTABS | PLAYER TOTAL MONEY: 4425
[00:26:27:231220 --7:00] [Thread 1672] PLAYER: ( 76561198327541641 ) R RoyalDarkness:2 (log50071) REMOTE PURCHASED ITEM 30Rnd_556x45_Stanag FOR 20 POPTABS | PLAYER TOTAL MONEY: 4405
[00:26:29:703168 --7:00] [Thread 1672] PLAYER: ( 76561198327541641 ) R RoyalDarkness:2 (log50071) REMOTE PURCHASED ITEM 30Rnd_556x45_Stanag FOR 20 POPTABS | PLAYER TOTAL MONEY: 4385
[00:26:30:740149 --7:00] [Thread 2376] PLAYER: ( 76561198327541641 ) R RoyalDarkness:2 (log50071) REMOTE PURCHASED ITEM 30Rnd_556x45_Stanag FOR 20 POPTABS | PLAYER TOTAL MONEY: 4365
[00:26:32:174001 --7:00] [Thread 1672] PLAYER: ( 76561198327541641 ) R RoyalDarkness:2 (log50071) REMOTE PURCHASED ITEM 30Rnd_556x45_Stanag FOR 20 POPTABS | PLAYER TOTAL MONEY: 4345
[00:26:33:601140 --7:00] [Thread 2376] PLAYER: ( 76561198327541641 ) R RoyalDarkness:2 (log50071) REMOTE PURCHASED ITEM 30Rnd_556x45_Stanag FOR 20 POPTABS | PLAYER TOTAL MONEY: 4325
[00:27:19:716669 --7:00] [Thread 1672] PLAYER: ( 76561198327541641 ) R RoyalDarkness:2 (log50071) REMOTE PURCHASED ITEM optic_Arco_ghex_F FOR 100 POPTABS | PLAYER TOTAL MONEY: 4225
[00:28:03:999945 --7:00] [Thread 4908] PLAYER: ( 76561198226951376 ) R RoyalDarkness:1 (Dizzy_B_Gaming) REMOTE PURCHASED VEHICLE Exile_Chopper_Hummingbird_Civillian_ION FOR 17000 POPTABS | PLAYER TOTAL MONEY: 844
[00:29:23:072078 --7:00] [Thread 4908] PLAYER: ( 76561198327541641 ) R RoyalDarkness:2 (log50071) REMOTE PURCHASED VEHICLE Exile_Chopper_Hummingbird_Civillian_Wave FOR 17000 POPTABS | PLAYER TOTAL MONEY: 4225
[00:49:00:102757 --7:00] [Thread 2852] PLAYER: ( 76561198016299112 ) R Moisturizers:1 (Scott) REMOTE SOLD ITEM: B_T_Truck_01_covered_F (ID# <null>) with Cargo [] FOR 24000 POPTABS AND 2400 RESPECT | PLAYER TOTAL MONEY: 24000
[00:49:33:170576 --7:00] [Thread 2376] PLAYER: ( 76561198016299112 ) R Moisturizers:1 (Scott) REMOTE PURCHASED ITEM B_Bergen_tna_F FOR 400 POPTABS | PLAYER TOTAL MONEY: 23600
[00:49:36:171546 --7:00] [Thread 2852] PLAYER: ( 76561198016299112 ) R Moisturizers:1 (Scott) REMOTE SOLD ITEM Exile_Melee_Axe FOR 50 POPTABS AND 5 RESPECT | PLAYER TOTAL MONEY: 23650
[00:49:37:014445 --7:00] [Thread 2376] PLAYER: ( 76561198016299112 ) R Moisturizers:1 (Scott) REMOTE SOLD ITEM hgun_Pistol_heavy_02_F FOR 44 POPTABS AND 4.4 RESPECT | PLAYER TOTAL MONEY: 23694
[00:49:41:019587 --7:00] [Thread 3540] PLAYER: ( 76561198016299112 ) R Moisturizers:1 (Scott) REMOTE SOLD ITEM 6Rnd_45ACP_Cylinder FOR 4 POPTABS AND 0.4 RESPECT | PLAYER TOTAL MONEY: 23698
[00:49:41:838631 --7:00] [Thread 2852] PLAYER: ( 76561198016299112 ) R Moisturizers:1 (Scott) REMOTE SOLD ITEM Exile_Item_Bandage FOR 50 POPTABS AND 5 RESPECT | PLAYER TOTAL MONEY: 23748
[00:49:42:451006 --7:00] [Thread 3540] PLAYER: ( 76561198016299112 ) R Moisturizers:1 (Scott) REMOTE SOLD ITEM Exile_Item_DuctTape FOR 150 POPTABS AND 15 RESPECT | PLAYER TOTAL MONEY: 23898
[00:49:46:077633 --7:00] [Thread 2852] PLAYER: ( 76561198016299112 ) R Moisturizers:1 (Scott) REMOTE SOLD ITEM Exile_Uniform_BambiOverall FOR 1 POPTABS AND 0.1 RESPECT | PLAYER TOTAL MONEY: 23899
[00:49:53:008949 --7:00] [Thread 2376] PLAYER: ( 76561198016299112 ) R Moisturizers:1 (Scott) REMOTE PURCHASED ITEM V_PlateCarrierGL_mtp FOR 500 POPTABS | PLAYER TOTAL MONEY: 23399
[00:50:01:074524 --7:00] [Thread 2852] PLAYER: ( 76561198016299112 ) R Moisturizers:1 (Scott) REMOTE PURCHASED ITEM H_HelmetLeaderO_ghex_F FOR 175 POPTABS | PLAYER TOTAL MONEY: 23224
[00:50:09:605332 --7:00] [Thread 2376] PLAYER: ( 76561198016299112 ) R Moisturizers:1 (Scott) REMOTE PURCHASED ITEM U_O_FullGhillie_sard FOR 150 POPTABS | PLAYER TOTAL MONEY: 23074
[00:50:16:838468 --7:00] [Thread 2852] PLAYER: ( 76561198016299112 ) R Moisturizers:1 (Scott) REMOTE PURCHASED ITEM Exile_Item_Vishpirin FOR 300 POPTABS | PLAYER TOTAL MONEY: 22774
[00:50:17:723493 --7:00] [Thread 2376] PLAYER: ( 76561198016299112 ) R Moisturizers:1 (Scott) REMOTE PURCHASED ITEM Exile_Item_Vishpirin FOR 300 POPTABS | PLAYER TOTAL MONEY: 22474
[00:50:25:560935 --7:00] [Thread 2852] PLAYER: ( 76561198016299112 ) R Moisturizers:1 (Scott) REMOTE PURCHASED ITEM Exile_Item_DuctTape FOR 300 POPTABS | PLAYER TOTAL MONEY: 22174
[00:50:26:817256 --7:00] [Thread 2376] PLAYER: ( 76561198016299112 ) R Moisturizers:1 (Scott) REMOTE PURCHASED ITEM Exile_Item_DuctTape FOR 300 POPTABS | PLAYER TOTAL MONEY: 21874
[00:50:28:143966 --7:00] [Thread 2852] PLAYER: ( 76561198016299112 ) R Moisturizers:1 (Scott) REMOTE PURCHASED ITEM Exile_Item_DuctTape FOR 300 POPTABS | PLAYER TOTAL MONEY: 21574
[00:50:29:240815 --7:00] [Thread 2376] PLAYER: ( 76561198016299112 ) R Moisturizers:1 (Scott) REMOTE PURCHASED ITEM Exile_Item_DuctTape FOR 300 POPTABS | PLAYER TOTAL MONEY: 21274
[00:50:35:947077 --7:00] [Thread 2852] PLAYER: ( 76561198016299112 ) R Moisturizers:1 (Scott) REMOTE PURCHASED ITEM acc_flashlight FOR 4 POPTABS | PLAYER TOTAL MONEY: 21270
[00:50:40:569171 --7:00] [Thread 2376] PLAYER: ( 76561198016299112 ) R Moisturizers:1 (Scott) REMOTE PURCHASED ITEM bipod_02_F_blk FOR 10 POPTABS | PLAYER TOTAL MONEY: 21260
[00:50:46:330859 --7:00] [Thread 2852] PLAYER: ( 76561198016299112 ) R Moisturizers:1 (Scott) REMOTE PURCHASED ITEM muzzle_snds_338_black FOR 50 POPTABS | PLAYER TOTAL MONEY: 21210
[00:50:50:479035 --7:00] [Thread 2376] PLAYER: ( 76561198016299112 ) R Moisturizers:1 (Scott) REMOTE PURCHASED ITEM optic_tws FOR 1500 POPTABS | PLAYER TOTAL MONEY: 19710
[00:51:00:458615 --7:00] [Thread 3540] PLAYER: ( 76561198016299112 ) R Moisturizers:1 (Scott) REMOTE PURCHASED ITEM hgun_Pistol_heavy_01_F FOR 80 POPTABS | PLAYER TOTAL MONEY: 19630
[00:51:08:686432 --7:00] [Thread 2376] PLAYER: ( 76561198016299112 ) R Moisturizers:1 (Scott) REMOTE PURCHASED ITEM srifle_DMR_02_F FOR 800 POPTABS | PLAYER TOTAL MONEY: 18830
[00:51:13:498793 --7:00] [Thread 3540] PLAYER: ( 76561198016299112 ) R Moisturizers:1 (Scott) REMOTE PURCHASED ITEM 10Rnd_338_Mag FOR 30 POPTABS | PLAYER TOTAL MONEY: 18800
[00:51:14:422478 --7:00] [Thread 2376] PLAYER: ( 76561198016299112 ) R Moisturizers:1 (Scott) REMOTE PURCHASED ITEM 10Rnd_338_Mag FOR 30 POPTABS | PLAYER TOTAL MONEY: 18770
[00:51:15:387461 --7:00] [Thread 3540] PLAYER: ( 76561198016299112 ) R Moisturizers:1 (Scott) REMOTE PURCHASED ITEM 10Rnd_338_Mag FOR 30 POPTABS | PLAYER TOTAL MONEY: 18740
[00:51:16:378355 --7:00] [Thread 2376] PLAYER: ( 76561198016299112 ) R Moisturizers:1 (Scott) REMOTE PURCHASED ITEM 10Rnd_338_Mag FOR 30 POPTABS | PLAYER TOTAL MONEY: 18710
[00:51:17:723258 --7:00] [Thread 3540] PLAYER: ( 76561198016299112 ) R Moisturizers:1 (Scott) REMOTE PURCHASED ITEM 10Rnd_338_Mag FOR 30 POPTABS | PLAYER TOTAL MONEY: 18680
[00:51:18:671334 --7:00] [Thread 2376] PLAYER: ( 76561198016299112 ) R Moisturizers:1 (Scott) REMOTE PURCHASED ITEM 10Rnd_338_Mag FOR 30 POPTABS | PLAYER TOTAL MONEY: 18650
[00:51:19:573445 --7:00] [Thread 3540] PLAYER: ( 76561198016299112 ) R Moisturizers:1 (Scott) REMOTE PURCHASED ITEM 10Rnd_338_Mag FOR 30 POPTABS | PLAYER TOTAL MONEY: 18620
[00:51:20:477158 --7:00] [Thread 2376] PLAYER: ( 76561198016299112 ) R Moisturizers:1 (Scott) REMOTE PURCHASED ITEM 10Rnd_338_Mag FOR 30 POPTABS | PLAYER TOTAL MONEY: 18590
[00:51:21:027463 --7:00] [Thread 3540] PLAYER: ( 76561198016299112 ) R Moisturizers:1 (Scott) REMOTE PURCHASED ITEM 10Rnd_338_Mag FOR 30 POPTABS | PLAYER TOTAL MONEY: 18560
[00:51:24:210326 --7:00] [Thread 2376] PLAYER: ( 76561198016299112 ) R Moisturizers:1 (Scott) REMOTE PURCHASED ITEM 11Rnd_45ACP_Mag FOR 8 POPTABS | PLAYER TOTAL MONEY: 18552
[00:51:25:480354 --7:00] [Thread 3540] PLAYER: ( 76561198016299112 ) R Moisturizers:1 (Scott) REMOTE PURCHASED ITEM 11Rnd_45ACP_Mag FOR 8 POPTABS | PLAYER TOTAL MONEY: 18544
[00:51:26:367632 --7:00] [Thread 2376] PLAYER: ( 76561198016299112 ) R Moisturizers:1 (Scott) REMOTE PURCHASED ITEM 11Rnd_45ACP_Mag FOR 8 POPTABS | PLAYER TOTAL MONEY: 18536
[00:51:27:191964 --7:00] [Thread 3540] PLAYER: ( 76561198016299112 ) R Moisturizers:1 (Scott) REMOTE PURCHASED ITEM 11Rnd_45ACP_Mag FOR 8 POPTABS | PLAYER TOTAL MONEY: 18528
[00:51:28:057863 --7:00] [Thread 2376] PLAYER: ( 76561198016299112 ) R Moisturizers:1 (Scott) REMOTE PURCHASED ITEM 11Rnd_45ACP_Mag FOR 8 POPTABS | PLAYER TOTAL MONEY: 18520
[00:51:28:861088 --7:00] [Thread 3540] PLAYER: ( 76561198016299112 ) R Moisturizers:1 (Scott) REMOTE PURCHASED ITEM 11Rnd_45ACP_Mag FOR 8 POPTABS | PLAYER TOTAL MONEY: 18512
[00:51:52:445527 --7:00] [Thread 2376] PLAYER: ( 76561198016299112 ) R Moisturizers:1 (Scott) REMOTE PURCHASED ITEM 10Rnd_338_Mag FOR 30 POPTABS | PLAYER TOTAL MONEY: 18482
[00:51:53:414792 --7:00] [Thread 3540] PLAYER: ( 76561198016299112 ) R Moisturizers:1 (Scott) REMOTE PURCHASED ITEM 10Rnd_338_Mag FOR 30 POPTABS | PLAYER TOTAL MONEY: 18452
[01:04:04:802488 --7:00] [Thread 1588] PLAYER: ( 76561198021846681 ) R D4tification:3 (Avriality) REMOTE SOLD ITEM Exile_Melee_Axe FOR 50 POPTABS AND 5 RESPECT | PLAYER TOTAL MONEY: 55
[01:04:06:528911 --7:00] [Thread 3540] PLAYER: ( 76561198077567121 ) R D4tification:1 (D4_Cador) REMOTE PURCHASED ITEM 5Rnd_127x108_APDS_Mag FOR 50 POPTABS | PLAYER TOTAL MONEY: 13666
[01:04:07:621487 --7:00] [Thread 1588] PLAYER: ( 76561198077567121 ) R D4tification:1 (D4_Cador) REMOTE PURCHASED ITEM 5Rnd_127x108_APDS_Mag FOR 50 POPTABS | PLAYER TOTAL MONEY: 13616
[01:04:08:235212 --7:00] [Thread 3540] PLAYER: ( 76561198077567121 ) R D4tification:1 (D4_Cador) REMOTE PURCHASED ITEM 5Rnd_127x108_APDS_Mag FOR 50 POPTABS | PLAYER TOTAL MONEY: 13566
[01:04:09:266084 --7:00] [Thread 1588] PLAYER: ( 76561198077567121 ) R D4tification:1 (D4_Cador) REMOTE PURCHASED ITEM 5Rnd_127x108_APDS_Mag FOR 50 POPTABS | PLAYER TOTAL MONEY: 13516
[01:04:12:838515 --7:00] [Thread 2852] PLAYER: ( 76561198021846681 ) R D4tification:3 (Avriality) REMOTE SOLD ITEM G_Bandanna_beast FOR 3 POPTABS AND 0.3 RESPECT | PLAYER TOTAL MONEY: 58
[01:04:31:174138 --7:00] [Thread 3540] PLAYER: ( 76561198021846681 ) R D4tification:3 (Avriality) REMOTE SOLD ITEM arifle_AK12_F FOR 325 POPTABS AND 32.5 RESPECT | PLAYER TOTAL MONEY: 383
[01:04:35:819309 --7:00] [Thread 2852] PLAYER: ( 76561198021846681 ) R D4tification:3 (Avriality) REMOTE SOLD ITEM 30Rnd_762x39_Mag_F FOR 12 POPTABS AND 1.2 RESPECT | PLAYER TOTAL MONEY: 395
[01:04:38:954315 --7:00] [Thread 1588] PLAYER: ( 76561198021846681 ) R D4tification:3 (Avriality) REMOTE SOLD ITEM optic_DMS FOR 75 POPTABS AND 7.5 RESPECT | PLAYER TOTAL MONEY: 470
[01:09:03:921874 --7:00] [Thread 3540] PLAYER: ( 76561198226951376 ) R RoyalDarkness:1 (Dizzy_B_Gaming) REMOTE SOLD ITEM Exile_Item_InstaDoc FOR 625 POPTABS AND 62.5 RESPECT | PLAYER TOTAL MONEY: 630
[01:09:05:436443 --7:00] [Thread 2852] PLAYER: ( 76561198226951376 ) R RoyalDarkness:1 (Dizzy_B_Gaming) REMOTE SOLD ITEM Exile_Item_InstaDoc FOR 625 POPTABS AND 62.5 RESPECT | PLAYER TOTAL MONEY: 1255
[01:09:09:187144 --7:00] [Thread 3540] PLAYER: ( 76561198226951376 ) R RoyalDarkness:1 (Dizzy_B_Gaming) REMOTE SOLD ITEM Exile_Item_EMRE FOR 27 POPTABS AND 2.7 RESPECT | PLAYER TOTAL MONEY: 1282
[01:09:46:404924 --7:00] [Thread 2852] PLAYER: ( 76561198226951376 ) R RoyalDarkness:1 (Dizzy_B_Gaming) REMOTE SOLD ITEM U_O_FullGhillie_sard FOR 75 POPTABS AND 7.5 RESPECT | PLAYER TOTAL MONEY: 1357
[01:10:14:847324 --7:00] [Thread 2852] PLAYER: ( 76561198226951376 ) R RoyalDarkness:1 (Dizzy_B_Gaming) REMOTE PURCHASED ITEM U_I_C_Soldier_Bandit_3_F FOR 15 POPTABS | PLAYER TOTAL MONEY: 1342
[01:10:18:150817 --7:00] [Thread 3540] PLAYER: ( 76561198327541641 ) R RoyalDarkness:5 (log50071) REMOTE PURCHASED VEHICLE Exile_Chopper_Hummingbird_Civillian_Shadow FOR 17000 POPTABS | PLAYER TOTAL MONEY: 200
[01:10:36:001537 --7:00] [Thread 2852] PLAYER: ( 76561198226951376 ) R RoyalDarkness:1 (Dizzy_B_Gaming) REMOTE PURCHASED ITEM U_C_Scientist FOR 20 POPTABS | PLAYER TOTAL MONEY: 1322
[01:11:01:793646 --7:00] [Thread 3540] PLAYER: ( 76561198016299112 ) R Moisturizers:1 (Scott) REMOTE SOLD ITEM: Exile_Chopper_Taru_CSAT (ID# <null>) with Cargo [] FOR 16500 POPTABS AND 1650 RESPECT | PLAYER TOTAL MONEY: 16500
[01:12:48:251661 --7:00] [Thread 3540] PLAYER: ( 76561198016299112 ) R Moisturizers:1 (Scott) REMOTE SOLD ITEM Exile_Melee_Axe FOR 50 POPTABS AND 5 RESPECT | PLAYER TOTAL MONEY: 316550
[01:12:49:580470 --7:00] [Thread 1588] PLAYER: ( 76561198016299112 ) R Moisturizers:1 (Scott) REMOTE SOLD ITEM hgun_Pistol_heavy_02_F FOR 44 POPTABS AND 4.4 RESPECT | PLAYER TOTAL MONEY: 316594
[01:13:31:899390 --7:00] [Thread 2852] PLAYER: ( 76561198016299112 ) R Moisturizers:1 (Scott) REMOTE PURCHASED ITEM B_Bergen_tna_F FOR 400 POPTABS | PLAYER TOTAL MONEY: 316194
[01:13:38:268454 --7:00] [Thread 1588] PLAYER: ( 76561198016299112 ) R Moisturizers:1 (Scott) REMOTE PURCHASED ITEM V_PlateCarrierGL_mtp FOR 500 POPTABS | PLAYER TOTAL MONEY: 315694
[01:13:48:404685 --7:00] [Thread 3540] PLAYER: ( 76561198016299112 ) R Moisturizers:1 (Scott) REMOTE SOLD ITEM Exile_Item_Bandage FOR 50 POPTABS AND 5 RESPECT | PLAYER TOTAL MONEY: 315744
[01:13:49:120275 --7:00] [Thread 2852] PLAYER: ( 76561198016299112 ) R Moisturizers:1 (Scott) REMOTE SOLD ITEM Exile_Item_DuctTape FOR 150 POPTABS AND 15 RESPECT | PLAYER TOTAL MONEY: 315894
[01:14:05:119111 --7:00] [Thread 3540] PLAYER: ( 76561198016299112 ) R Moisturizers:1 (Scott) REMOTE PURCHASED ITEM U_O_FullGhillie_ard FOR 150 POPTABS | PLAYER TOTAL MONEY: 315744
[01:14:12:101658 --7:00] [Thread 3540] PLAYER: ( 76561198016299112 ) R Moisturizers:1 (Scott) REMOTE PURCHASED ITEM H_HelmetLeaderO_ghex_F FOR 175 POPTABS | PLAYER TOTAL MONEY: 315569
[01:14:17:035115 --7:00] [Thread 2852] PLAYER: ( 76561198016299112 ) R Moisturizers:1 (Scott) REMOTE PURCHASED ITEM Exile_Item_Vishpirin FOR 300 POPTABS | PLAYER TOTAL MONEY: 315269
[01:14:18:068058 --7:00] [Thread 3540] PLAYER: ( 76561198016299112 ) R Moisturizers:1 (Scott) REMOTE PURCHASED ITEM Exile_Item_Vishpirin FOR 300 POPTABS | PLAYER TOTAL MONEY: 314969
[01:14:58:622858 --7:00] [Thread 1588] PLAYER: ( 76561198016299112 ) R Moisturizers:1 (Scott) REMOTE SOLD ITEM U_O_FullGhillie_ard FOR 75 POPTABS AND 7.5 RESPECT | PLAYER TOTAL MONEY: 315044
[01:15:12:899230 --7:00] [Thread 3540] PLAYER: ( 76561198016299112 ) R Moisturizers:1 (Scott) REMOTE PURCHASED ITEM U_B_T_FullGhillie_tna_F FOR 150 POPTABS | PLAYER TOTAL MONEY: 314894
[01:15:33:974370 --7:00] [Thread 1588] PLAYER: ( 76561198016299112 ) R Moisturizers:1 (Scott) REMOTE PURCHASED ITEM acc_flashlight FOR 4 POPTABS | PLAYER TOTAL MONEY: 314890
[01:15:38:650637 --7:00] [Thread 3540] PLAYER: ( 76561198016299112 ) R Moisturizers:1 (Scott) REMOTE PURCHASED ITEM bipod_02_F_blk FOR 10 POPTABS | PLAYER TOTAL MONEY: 314880
[01:15:45:044076 --7:00] [Thread 1588] PLAYER: ( 76561198016299112 ) R Moisturizers:1 (Scott) REMOTE PURCHASED ITEM muzzle_snds_338_black FOR 50 POPTABS | PLAYER TOTAL MONEY: 314830
[01:15:49:820474 --7:00] [Thread 3540] PLAYER: ( 76561198016299112 ) R Moisturizers:1 (Scott) REMOTE PURCHASED ITEM optic_tws FOR 1500 POPTABS | PLAYER TOTAL MONEY: 313330
[01:15:50:598498 --7:00] [Thread 2852] PLAYER: ( 76561198021846681 ) R D4tification:3 (Avriality) REMOTE SOLD ITEM: Exile_Container_SupplyBox (ID# <null>) with Cargo ["Exile_Item_BBQSandwich","Exile_Item_BBQSandwich","Exile_Item_BBQSandwich","Exile_Item_BBQSandwich","Exile_Item_BBQSandwich","Exile_Item_CatFood","Exile_Item_CatFood","Exile_Item_CatFood","Exile_Item_CatFood","Exile_Item_CatFood","Exile_Item_ChristmasTinner","Exile_Item_ChristmasTinner","Exile_Item_ChristmasTinner","Exile_Item_ChristmasTinner","Exile_Item_GloriousKnakworst","Exile_Item_GloriousKnakworst","Exile_Item_GloriousKnakworst","Exile_Item_GloriousKnakworst","Exile_Item_GloriousKnakworst","Exile_Item_SausageGravy","Exile_Item_SausageGravy","Exile_Item_SausageGravy","Exile_Item_SausageGravy","Exile_Item_SausageGravy","Exile_Item_Surstromming","Exile_Item_Surstromming","Exile_Item_Surstromming","Exile_Item_Surstromming","Exile_Item_Surstromming","Exile_Item_CookingPot","Exile_Item_Matches"] FOR 480 POPTABS AND 48 RESPECT | PLAYER TOTAL MONEY: 480
[01:16:02:970466 --7:00] [Thread 3540] PLAYER: ( 76561198016299112 ) R Moisturizers:1 (Scott) REMOTE PURCHASED ITEM srifle_DMR_02_F FOR 800 POPTABS | PLAYER TOTAL MONEY: 312530
[01:16:12:174266 --7:00] [Thread 1588] PLAYER: ( 76561198016299112 ) R Moisturizers:1 (Scott) REMOTE PURCHASED ITEM 10Rnd_338_Mag FOR 30 POPTABS | PLAYER TOTAL MONEY: 312500
[01:16:13:144640 --7:00] [Thread 3540] PLAYER: ( 76561198016299112 ) R Moisturizers:1 (Scott) REMOTE PURCHASED ITEM 10Rnd_338_Mag FOR 30 POPTABS | PLAYER TOTAL MONEY: 312470
[01:16:14:195359 --7:00] [Thread 1588] PLAYER: ( 76561198016299112 ) R Moisturizers:1 (Scott) REMOTE PURCHASED ITEM 10Rnd_338_Mag FOR 30 POPTABS | PLAYER TOTAL MONEY: 312440
[01:16:15:139166 --7:00] [Thread 3540] PLAYER: ( 76561198016299112 ) R Moisturizers:1 (Scott) REMOTE PURCHASED ITEM 10Rnd_338_Mag FOR 30 POPTABS | PLAYER TOTAL MONEY: 312410
[01:16:16:112487 --7:00] [Thread 1588] PLAYER: ( 76561198016299112 ) R Moisturizers:1 (Scott) REMOTE PURCHASED ITEM 10Rnd_338_Mag FOR 30 POPTABS | PLAYER TOTAL MONEY: 312380
[01:16:17:081438 --7:00] [Thread 3540] PLAYER: ( 76561198016299112 ) R Moisturizers:1 (Scott) REMOTE PURCHASED ITEM 10Rnd_338_Mag FOR 30 POPTABS | PLAYER TOTAL MONEY: 312350
[01:16:18:006087 --7:00] [Thread 3540] PLAYER: ( 76561198016299112 ) R Moisturizers:1 (Scott) REMOTE PURCHASED ITEM 10Rnd_338_Mag FOR 30 POPTABS | PLAYER TOTAL MONEY: 312320
[01:16:19:055446 --7:00] [Thread 1588] PLAYER: ( 76561198016299112 ) R Moisturizers:1 (Scott) REMOTE PURCHASED ITEM 10Rnd_338_Mag FOR 30 POPTABS | PLAYER TOTAL MONEY: 312290
[01:16:19:979446 --7:00] [Thread 3540] PLAYER: ( 76561198016299112 ) R Moisturizers:1 (Scott) REMOTE PURCHASED ITEM 10Rnd_338_Mag FOR 30 POPTABS | PLAYER TOTAL MONEY: 312260
[01:16:20:924538 --7:00] [Thread 1588] PLAYER: ( 76561198016299112 ) R Moisturizers:1 (Scott) REMOTE PURCHASED ITEM 10Rnd_338_Mag FOR 30 POPTABS | PLAYER TOTAL MONEY: 312230
[01:16:21:766215 --7:00] [Thread 3540] PLAYER: ( 76561198016299112 ) R Moisturizers:1 (Scott) REMOTE PURCHASED ITEM 10Rnd_338_Mag FOR 30 POPTABS | PLAYER TOTAL MONEY: 312200
[01:16:28:970148 --7:00] [Thread 1588] PLAYER: ( 76561198016299112 ) R Moisturizers:1 (Scott) REMOTE PURCHASED ITEM hgun_Pistol_heavy_01_F FOR 80 POPTABS | PLAYER TOTAL MONEY: 312120
[01:16:33:644002 --7:00] [Thread 3540] PLAYER: ( 76561198016299112 ) R Moisturizers:1 (Scott) REMOTE PURCHASED ITEM 11Rnd_45ACP_Mag FOR 8 POPTABS | PLAYER TOTAL MONEY: 312112
[01:16:34:651552 --7:00] [Thread 1588] PLAYER: ( 76561198016299112 ) R Moisturizers:1 (Scott) REMOTE PURCHASED ITEM 11Rnd_45ACP_Mag FOR 8 POPTABS | PLAYER TOTAL MONEY: 312104
[01:16:35:620286 --7:00] [Thread 3540] PLAYER: ( 76561198016299112 ) R Moisturizers:1 (Scott) REMOTE PURCHASED ITEM 11Rnd_45ACP_Mag FOR 8 POPTABS | PLAYER TOTAL MONEY: 312096
[01:16:36:504379 --7:00] [Thread 1588] PLAYER: ( 76561198016299112 ) R Moisturizers:1 (Scott) REMOTE PURCHASED ITEM 11Rnd_45ACP_Mag FOR 8 POPTABS | PLAYER TOTAL MONEY: 312088
[01:16:37:343408 --7:00] [Thread 3540] PLAYER: ( 76561198016299112 ) R Moisturizers:1 (Scott) REMOTE PURCHASED ITEM 11Rnd_45ACP_Mag FOR 8 POPTABS | PLAYER TOTAL MONEY: 312080
[01:16:38:313353 --7:00] [Thread 1588] PLAYER: ( 76561198016299112 ) R Moisturizers:1 (Scott) REMOTE PURCHASED ITEM 11Rnd_45ACP_Mag FOR 8 POPTABS | PLAYER TOTAL MONEY: 312072
[01:17:28:515651 --7:00] [Thread 3540] PLAYER: ( 76561198016299112 ) R Moisturizers:1 (Scott) REMOTE PURCHASED ITEM Exile_Item_EnergyDrink FOR 40 POPTABS | PLAYER TOTAL MONEY: 312032
[01:17:29:334746 --7:00] [Thread 1588] PLAYER: ( 76561198016299112 ) R Moisturizers:1 (Scott) REMOTE PURCHASED ITEM Exile_Item_EnergyDrink FOR 40 POPTABS | PLAYER TOTAL MONEY: 311992
[01:17:30:326452 --7:00] [Thread 3540] PLAYER: ( 76561198016299112 ) R Moisturizers:1 (Scott) REMOTE PURCHASED ITEM Exile_Item_EnergyDrink FOR 40 POPTABS | PLAYER TOTAL MONEY: 311952
[01:17:35:569423 --7:00] [Thread 1588] PLAYER: ( 76561198016299112 ) R Moisturizers:1 (Scott) REMOTE PURCHASED ITEM Exile_Item_EMRE FOR 54 POPTABS | PLAYER TOTAL MONEY: 311898
[01:17:36:660180 --7:00] [Thread 3540] PLAYER: ( 76561198016299112 ) R Moisturizers:1 (Scott) REMOTE PURCHASED ITEM Exile_Item_EMRE FOR 54 POPTABS | PLAYER TOTAL MONEY: 311844
[01:18:29:104605 --7:00] [Thread 1588] PLAYER: ( 76561198016299112 ) R Moisturizers:1 (Scott) REMOTE PURCHASED ITEM Exile_Item_DuctTape FOR 300 POPTABS | PLAYER TOTAL MONEY: 900
[01:18:29:929614 --7:00] [Thread 3540] PLAYER: ( 76561198016299112 ) R Moisturizers:1 (Scott) REMOTE PURCHASED ITEM Exile_Item_DuctTape FOR 300 POPTABS | PLAYER TOTAL MONEY: 600
[01:18:30:861539 --7:00] [Thread 1588] PLAYER: ( 76561198016299112 ) R Moisturizers:1 (Scott) REMOTE PURCHASED ITEM Exile_Item_DuctTape FOR 300 POPTABS | PLAYER TOTAL MONEY: 300
[01:18:32:037219 --7:00] [Thread 3540] PLAYER: ( 76561198016299112 ) R Moisturizers:1 (Scott) REMOTE PURCHASED ITEM Exile_Item_DuctTape FOR 300 POPTABS | PLAYER TOTAL MONEY: 0
[07:27:14:420211 --7:00] [Thread 1636] PLAYER: ( 76561198400525486 ) R Alpha 1-3:1 (ninieberton) REMOTE SOLD ITEM Exile_Melee_Axe FOR 50 POPTABS AND 5 RESPECT | PLAYER TOTAL MONEY: 50
[07:27:25:942939 --7:00] [Thread 5976] PLAYER: ( 76561198400525486 ) R Alpha 1-3:1 (ninieberton) REMOTE SOLD ITEM 6Rnd_45ACP_Cylinder FOR 4 POPTABS AND 0.4 RESPECT | PLAYER TOTAL MONEY: 54
[07:27:31:004874 --7:00] [Thread 4468] PLAYER: ( 76561198400525486 ) R Alpha 1-3:1 (ninieberton) REMOTE SOLD ITEM H_Cap_blu FOR 3 POPTABS AND 0.3 RESPECT | PLAYER TOTAL MONEY: 57
[07:27:34:452525 --7:00] [Thread 1636] PLAYER: ( 76561198400525486 ) R Alpha 1-3:1 (ninieberton) REMOTE SOLD ITEM ItemRadio FOR 20 POPTABS AND 2 RESPECT | PLAYER TOTAL MONEY: 77
[07:27:41:022028 --7:00] [Thread 5976] PLAYER: ( 76561198400525486 ) R Alpha 1-3:1 (ninieberton) REMOTE SOLD ITEM 6Rnd_45ACP_Cylinder FOR 4 POPTABS AND 0.4 RESPECT | PLAYER TOTAL MONEY: 81
[07:27:47:426213 --7:00] [Thread 4468] PLAYER: ( 76561198400525486 ) R Alpha 1-3:1 (ninieberton) REMOTE SOLD ITEM hgun_Pistol_heavy_02_F FOR 40 POPTABS AND 4 RESPECT | PLAYER TOTAL MONEY: 121
[07:28:40:420729 --7:00] [Thread 1636] PLAYER: ( 76561198400525486 ) R Alpha 1-3:1 (ninieberton) REMOTE SOLD ITEM Exile_Item_XM8 FOR 10 POPTABS AND 1 RESPECT | PLAYER TOTAL MONEY: 131
[07:31:26:533216 --7:00] [Thread 5976] PLAYER: ( 76561198400525486 ) R Alpha 1-3:1 (ninieberton) REMOTE PURCHASED ITEM U_I_CombatUniform_shortsleeve FOR 40 POPTABS | PLAYER TOTAL MONEY: 91
[08:17:30:104581 --7:00] [Thread 4468] PLAYER: ( 76561198226951376 ) R Alpha 1-4:1 (Dizzy_B_Gaming) REMOTE PURCHASED VEHICLE Exile_Chopper_Hummingbird_Civillian_ION FOR 17000 POPTABS | PLAYER TOTAL MONEY: 0
[08:50:19:741725 --7:00] [Thread 1636] PLAYER: ( 76561198400525486 ) R Alpha 1-3:1 (ninieberton) REMOTE SOLD ITEM: B_T_Truck_01_covered_F (ID# <null>) with Cargo [] FOR 24000 POPTABS AND 2400 RESPECT | PLAYER TOTAL MONEY: 24000
[09:41:38:534761 --7:00] [Thread 4468] PLAYER: ( 76561198329726178 ) R ninieberton':2 (sellig berton) REMOTE SOLD ITEM: B_T_Truck_01_covered_F (ID# <null>) with Cargo [] FOR 24000 POPTABS AND 2400 RESPECT | PLAYER TOTAL MONEY: 24000
[09:42:44:772085 --7:00] [Thread 5336] PLAYER: ( 76561198329726178 ) R ninieberton':2 (sellig berton) REMOTE PURCHASED ITEM Exile_Item_DuctTape FOR 300 POPTABS | PLAYER TOTAL MONEY: 23700
[10:14:50:165347 --7:00] [Thread 5336] PLAYER: ( 76561198400525486 ) R ninieberton':3 (ninieberton) REMOTE SOLD ITEM: B_T_LSV_01_armed_F (ID# <null>) with Cargo [] FOR 20000 POPTABS AND 2000 RESPECT | PLAYER TOTAL MONEY: 20000
[10:27:15:588501 --7:00] [Thread 1636] PLAYER: ( 76561198021846681 ) R Alpha 1-3:1 (Avriality) REMOTE SOLD ITEM: B_T_Truck_01_covered_F (ID# <null>) with Cargo [] FOR 24000 POPTABS AND 2400 RESPECT | PLAYER TOTAL MONEY: 24000
[10:29:31:331108 --7:00] [Thread 5976] PLAYER: ( 76561198329726178 ) R ninieberton':2 (sellig berton) REMOTE SOLD ITEM: Exile_Car_Hatchback_Black (ID# 617) with Cargo [] FOR 3500 POPTABS AND 350 RESPECT | PLAYER TOTAL MONEY: 33673
[10:29:42:272037 --7:00] [Thread 1636] PLAYER: ( 76561198329726178 ) R ninieberton':2 (sellig berton) REMOTE SOLD ITEM: O_T_LSV_02_armed_F (ID# <null>) with Cargo ["B_Bergen_blk","B_FieldPack_cbr","30Rnd_580x42_Mag_F","30Rnd_580x42_Mag_F","30Rnd_580x42_Mag_F","30Rnd_580x42_Mag_F","30Rnd_580x42_Mag_F","30Rnd_580x42_Mag_F","30Rnd_580x42_Mag_F","30Rnd_580x42_Mag_F","30Rnd_580x42_Mag_F","30Rnd_580x42_Mag_F","30Rnd_580x42_Mag_F","30Rnd_580x42_Mag_F","30Rnd_580x42_Mag_F","30Rnd_580x42_Mag_F","30Rnd_580x42_Mag_F","30Rnd_580x42_Mag_F","100Rnd_580x42_Mag_F","100Rnd_580x42_Mag_F","100Rnd_580x42_Mag_F","100Rnd_580x42_Mag_F","HandGrenade","HandGrenade","HandGrenade","HandGrenade","HandGrenade","HandGrenade","HandGrenade","HandGrenade","SmokeShell","SmokeShell","SmokeShell","SmokeShell","SmokeShellRed","SmokeShellRed","SmokeShellRed","SmokeShellRed","SmokeShellYellow","SmokeShellYellow","SmokeShellYellow","SmokeShellYellow","SmokeShellOrange","SmokeShellOrange","SmokeShellOrange","SmokeShellOrange","1Rnd_HE_Grenade_shell","1Rnd_HE_Grenade_shell","1Rnd_HE_Grenade_shell","1Rnd_HE_Grenade_shell","1Rnd_HE_Grenade_shell","1Rnd_HE_Grenade_shell","1Rnd_HE_Grenade_shell","1Rnd_HE_Grenade_shell","1Rnd_HE_Grenade_shell","1Rnd_HE_Grenade_shell","1Rnd_Smoke_Grenade_shell","1Rnd_Smoke_Grenade_shell","1Rnd_Smoke_Grenade_shell","1Rnd_Smoke_Grenade_shell","1Rnd_SmokeYellow_Grenade_shell","1Rnd_SmokeYellow_Grenade_shell","1Rnd_SmokeYellow_Grenade_shell","1Rnd_SmokeYellow_Grenade_shell","1Rnd_SmokeOrange_Grenade_shell","1Rnd_SmokeOrange_Grenade_shell","1Rnd_SmokeOrange_Grenade_shell","1Rnd_SmokeOrange_Grenade_shell","1Rnd_SmokeRed_Grenade_shell","1Rnd_SmokeRed_Grenade_shell","1Rnd_SmokeRed_Grenade_shell","1Rnd_SmokeRed_Grenade_shell","16Rnd_9x21_Mag","16Rnd_9x21_Mag","16Rnd_9x21_Mag","16Rnd_9x21_Mag","16Rnd_9x21_Mag","16Rnd_9x21_Mag","16Rnd_9x21_Mag","16Rnd_9x21_Mag","16Rnd_9x21_Mag","16Rnd_9x21_Mag","16Rnd_9x21_Mag","16Rnd_9x21_Mag","RPG32_F","RPG32_F","Exile_Item_InstaDoc","Exile_Item_Bandage","Exile_Item_InstaDoc","Exile_Item_InstaDoc","Exile_Item_DuctTape","Exile_Magazine_10Rnd_762x54","Exile_Magazine_10Rnd_762x54","Exile_Magazine_10Rnd_762x54","Exile_Magazine_10Rnd_762x54","Exile_Magazine_10Rnd_762x54","Exile_Magazine_10Rnd_762x54","Exile_Magazine_10Rnd_762x54","30Rnd_65x39_caseless_mag","30Rnd_65x39_caseless_mag","30Rnd_65x39_caseless_mag","30Rnd_65x39_caseless_mag","30Rnd_65x39_caseless_mag","30Rnd_65x39_caseless_mag","30Rnd_65x39_caseless_mag","30Rnd_65x39_caseless_mag","30Rnd_65x39_caseless_mag","Exile_Magazine_20Rnd_762x51_DMR","Exile_Magazine_20Rnd_762x51_DMR","Exile_Magazine_20Rnd_762x51_DMR","Exile_Magazine_20Rnd_762x51_DMR","Exile_Magazine_20Rnd_762x51_DMR","Exile_Magazine_20Rnd_762x51_DMR","Exile_Magazine_20Rnd_762x51_DMR","Exile_Magazine_20Rnd_762x51_DMR","100Rnd_65x39_caseless_mag","100Rnd_65x39_caseless_mag","100Rnd_65x39_caseless_mag","30Rnd_556x45_Stanag","Exile_Item_Raisins","100Rnd_65x39_caseless_mag","100Rnd_65x39_caseless_mag","100Rnd_65x39_caseless_mag","100Rnd_65x39_caseless_mag","100Rnd_65x39_caseless_mag","30Rnd_556x45_Stanag","Exile_Item_ChocolateMilk","30Rnd_556x45_Stanag","30Rnd_556x45_Stanag","30Rnd_556x45_Stanag","30Rnd_556x45_Stanag","30Rnd_556x45_Stanag","30Rnd_556x45_Stanag","Exile_Item_Sand","Exile_Item_CatFood_Cooked","Exile_Item_ConcreteFloorKit","Exile_Item_WoodFloorPortKit","Exile_Item_ConcreteFloorPortKit","Exile_Item_Cement","Exile_Item_CookingPot","Exile_Item_WoodDoorKit","Exile_Weapon_SVDCamo","Exile_Magazine_10Rnd_762x54","Exile_Weapon_DMR","arifle_MX_SW_Black_F","arifle_SPAR_01_khk_F","arifle_MXM_Black_F","hgun_Pistol_heavy_02_F","6Rnd_45ACP_Cylinder","CUP_launch_Metis","CUP_AT13_M","optic_LRPS_tna_F"] FOR 32168 POPTABS AND 3216.8 RESPECT | PLAYER TOTAL MONEY: 65841
[10:42:28:716488 --7:00] [Thread 1636] PLAYER: ( 76561198329726178 ) R les vieux:1 (sellig berton) REMOTE SOLD ITEM: Exile_Car_Volha_White (ID# <null>) with Cargo [] FOR 3000 POPTABS AND 300 RESPECT | PLAYER TOTAL MONEY: 3000
[10:42:33:616703 --7:00] [Thread 1636] PLAYER: ( 76561198329726178 ) R les vieux:1 (sellig berton) REMOTE SOLD ITEM: I_Truck_02_medical_F (ID# <null>) with Cargo [] FOR 21500 POPTABS AND 2150 RESPECT | PLAYER TOTAL MONEY: 24500
[11:04:47:051300 --7:00] [Thread 4144] PLAYER: ( 76561198021846681 ) R Alpha 1-3:1 (Avriality) REMOTE SOLD ITEM: I_Truck_02_medical_F (ID# <null>) with Cargo [] FOR 21500 POPTABS AND 2150 RESPECT | PLAYER TOTAL MONEY: 44001
[11:05:52:431190 --7:00] [Thread 5772] PLAYER: ( 76561198021846681 ) R Alpha 1-3:1 (Avriality) REMOTE PURCHASED ITEM Exile_Item_CodeLock FOR 5000 POPTABS | PLAYER TOTAL MONEY: 38901
[11:11:08:713233 --7:00] [Thread 4908] PLAYER: ( 76561198021846681 ) R Alpha 1-3:1 (Avriality) REMOTE SOLD ITEM: B_T_LSV_01_unarmed_sand_F (ID# <null>) with Cargo [] FOR 0 POPTABS AND 0 RESPECT | PLAYER TOTAL MONEY: 0
[11:31:13:116715 --7:00] [Thread 4908] PLAYER: ( 76561198021846681 ) R Alpha 1-3:1 (Avriality) REMOTE SOLD ITEM Exile_Melee_Axe FOR 50 POPTABS AND 5 RESPECT | PLAYER TOTAL MONEY: 1062
[11:31:17:716102 --7:00] [Thread 4776] PLAYER: ( 76561198021846681 ) R Alpha 1-3:1 (Avriality) REMOTE SOLD ITEM hgun_Pistol_heavy_02_F FOR 44 POPTABS AND 4.4 RESPECT | PLAYER TOTAL MONEY: 1106
[11:32:29:072570 --7:00] [Thread 5516] PLAYER: ( 76561198021846681 ) R Alpha 1-3:1 (Avriality) REMOTE PURCHASED ITEM B_ViperLightHarness_ghex_F FOR 200 POPTABS | PLAYER TOTAL MONEY: 906
[11:33:04:409296 --7:00] [Thread 5516] PLAYER: ( 76561198021846681 ) R Alpha 1-3:1 (Avriality) REMOTE PURCHASED ITEM H_MilCap_dgtl FOR 8 POPTABS | PLAYER TOTAL MONEY: 898
[11:34:22:693772 --7:00] [Thread 4776] PLAYER: ( 76561198021846681 ) R Alpha 1-3:1 (Avriality) REMOTE PURCHASED ITEM Exile_Weapon_Colt1911 FOR 100 POPTABS | PLAYER TOTAL MONEY: 798
[11:34:31:984671 --7:00] [Thread 5516] PLAYER: ( 76561198021846681 ) R Alpha 1-3:1 (Avriality) REMOTE PURCHASED ITEM Exile_Magazine_7Rnd_45ACP FOR 20 POPTABS | PLAYER TOTAL MONEY: 778
[11:34:42:714995 --7:00] [Thread 4776] PLAYER: ( 76561198021846681 ) R Alpha 1-3:1 (Avriality) REMOTE PURCHASED ITEM 100Rnd_65x39_caseless_mag FOR 30 POPTABS | PLAYER TOTAL MONEY: 748
[11:34:43:925801 --7:00] [Thread 5516] PLAYER: ( 76561198021846681 ) R Alpha 1-3:1 (Avriality) REMOTE PURCHASED ITEM 100Rnd_65x39_caseless_mag FOR 30 POPTABS | PLAYER TOTAL MONEY: 718
[11:35:23:345890 --7:00] [Thread 4908] PLAYER: ( 76561198021846681 ) R Alpha 1-3:1 (Avriality) REMOTE SOLD ITEM 5Rnd_127x108_APDS_Mag FOR 25 POPTABS AND 2.5 RESPECT | PLAYER TOTAL MONEY: 743
[11:35:27:953021 --7:00] [Thread 4776] PLAYER: ( 76561198021846681 ) R Alpha 1-3:1 (Avriality) REMOTE SOLD ITEM 5Rnd_127x108_APDS_Mag FOR 25 POPTABS AND 2.5 RESPECT | PLAYER TOTAL MONEY: 768
[11:35:30:150562 --7:00] [Thread 5516] PLAYER: ( 76561198021846681 ) R Alpha 1-3:1 (Avriality) REMOTE SOLD ITEM 5Rnd_127x108_APDS_Mag FOR 25 POPTABS AND 2.5 RESPECT | PLAYER TOTAL MONEY: 793
[11:35:31:190399 --7:00] [Thread 4908] PLAYER: ( 76561198021846681 ) R Alpha 1-3:1 (Avriality) REMOTE SOLD ITEM 5Rnd_127x108_APDS_Mag FOR 25 POPTABS AND 2.5 RESPECT | PLAYER TOTAL MONEY: 818
[11:35:32:283093 --7:00] [Thread 4776] PLAYER: ( 76561198021846681 ) R Alpha 1-3:1 (Avriality) REMOTE SOLD ITEM 5Rnd_127x108_APDS_Mag FOR 25 POPTABS AND 2.5 RESPECT | PLAYER TOTAL MONEY: 843
[11:42:58:214156 --7:00] [Thread 5516] PLAYER: ( 76561198021846681 ) R Alpha 1-3:1 (Avriality) REMOTE SOLD ITEM: Exile_Car_LandRover_Ambulance_Desert (ID# <null>) with Cargo [] FOR 6000 POPTABS AND 600 RESPECT | PLAYER TOTAL MONEY: 6843
[11:54:25:972064 --7:00] [Thread 5516] PLAYER: ( 76561198021846681 ) R Alpha 1-3:1 (Avriality) REMOTE SOLD ITEM: B_T_Truck_01_covered_F (ID# <null>) with Cargo [] FOR 24000 POPTABS AND 2400 RESPECT | PLAYER TOTAL MONEY: 30843
[12:20:56:430892 --7:00] [Thread 4908] PLAYER: ( 76561198021846681 ) R Alpha 1-3:1 (Avriality) REMOTE SOLD ITEM 200Rnd_65x39_cased_Box FOR 15 POPTABS AND 1.5 RESPECT | PLAYER TOTAL MONEY: 3094
[12:21:01:505943 --7:00] [Thread 5772] PLAYER: ( 76561198021846681 ) R Alpha 1-3:1 (Avriality) REMOTE SOLD ITEM 30Rnd_65x39_caseless_green_mag_Tracer FOR 15 POPTABS AND 1.5 RESPECT | PLAYER TOTAL MONEY: 3109
[12:21:02:774712 --7:00] [Thread 4144] PLAYER: ( 76561198021846681 ) R Alpha 1-3:1 (Avriality) REMOTE SOLD ITEM 30Rnd_65x39_caseless_green_mag_Tracer FOR 15 POPTABS AND 1.5 RESPECT | PLAYER TOTAL MONEY: 3124
[12:21:03:779379 --7:00] [Thread 4908] PLAYER: ( 76561198021846681 ) R Alpha 1-3:1 (Avriality) REMOTE SOLD ITEM 6Rnd_GreenSignal_F FOR 15 POPTABS AND 1.5 RESPECT | PLAYER TOTAL MONEY: 3139
[12:21:07:247855 --7:00] [Thread 4144] PLAYER: ( 76561198021846681 ) R Alpha 1-3:1 (Avriality) REMOTE SOLD ITEM 30Rnd_556x45_Stanag_Tracer_Yellow FOR 10 POPTABS AND 1 RESPECT | PLAYER TOTAL MONEY: 3149
[12:21:09:354203 --7:00] [Thread 5772] PLAYER: ( 76561198021846681 ) R Alpha 1-3:1 (Avriality) REMOTE SOLD ITEM 200Rnd_65x39_cased_Box_Tracer FOR 15 POPTABS AND 1.5 RESPECT | PLAYER TOTAL MONEY: 3164
[12:21:11:614674 --7:00] [Thread 4908] PLAYER: ( 76561198021846681 ) R Alpha 1-3:1 (Avriality) REMOTE SOLD ITEM 10Rnd_762x54_Mag FOR 15 POPTABS AND 1.5 RESPECT | PLAYER TOTAL MONEY: 3179
[12:21:12:710552 --7:00] [Thread 4144] PLAYER: ( 76561198021846681 ) R Alpha 1-3:1 (Avriality) REMOTE SOLD ITEM V_Rangemaster_belt FOR 3 POPTABS AND 0.3 RESPECT | PLAYER TOTAL MONEY: 3182
[12:21:15:485758 --7:00] [Thread 4908] PLAYER: ( 76561198021846681 ) R Alpha 1-3:1 (Avriality) REMOTE SOLD ITEM 150Rnd_93x64_Mag FOR 25 POPTABS AND 2.5 RESPECT | PLAYER TOTAL MONEY: 3207
[12:21:18:321558 --7:00] [Thread 5772] PLAYER: ( 76561198021846681 ) R Alpha 1-3:1 (Avriality) REMOTE SOLD ITEM Exile_Item_InstaDoc FOR 625 POPTABS AND 62.5 RESPECT | PLAYER TOTAL MONEY: 3832
[12:21:19:480341 --7:00] [Thread 4144] PLAYER: ( 76561198021846681 ) R Alpha 1-3:1 (Avriality) REMOTE SOLD ITEM Exile_Item_InstaDoc FOR 625 POPTABS AND 62.5 RESPECT | PLAYER TOTAL MONEY: 4457
[12:22:06:133081 --7:00] [Thread 5772] PLAYER: ( 76561198021846681 ) R Alpha 1-3:1 (Avriality) REMOTE SOLD ITEM 30Rnd_65x39_caseless_mag FOR 10 POPTABS AND 1 RESPECT | PLAYER TOTAL MONEY: 4477
[12:22:08:880013 --7:00] [Thread 4908] PLAYER: ( 76561198021846681 ) R Alpha 1-3:1 (Avriality) REMOTE SOLD ITEM 10Rnd_762x54_Mag FOR 15 POPTABS AND 1.5 RESPECT | PLAYER TOTAL MONEY: 4492
[12:39:10:872486 --7:00] [Thread 4144] PLAYER: ( 76561198329726178 ) R les vieux:1 (sellig berton) REMOTE PURCHASED ITEM B_Bergen_tna_F FOR 400 POPTABS | PLAYER TOTAL MONEY: 24100
[12:39:19:202812 --7:00] [Thread 4776] PLAYER: ( 76561198329726178 ) R les vieux:1 (sellig berton) REMOTE PURCHASED ITEM V_PlateCarrierGL_mtp FOR 500 POPTABS | PLAYER TOTAL MONEY: 23600
[12:39:37:872394 --7:00] [Thread 4776] PLAYER: ( 76561198329726178 ) R les vieux:1 (sellig berton) REMOTE PURCHASED ITEM U_O_V_Soldier_Viper_F FOR 150 POPTABS | PLAYER TOTAL MONEY: 23450
[12:40:07:511913 --7:00] [Thread 4908] PLAYER: ( 76561198329726178 ) R les vieux:1 (sellig berton) REMOTE PURCHASED ITEM Exile_Item_InstaDoc FOR 1250 POPTABS | PLAYER TOTAL MONEY: 22200
[12:40:09:197050 --7:00] [Thread 4776] PLAYER: ( 76561198329726178 ) R les vieux:1 (sellig berton) REMOTE PURCHASED ITEM Exile_Item_Vishpirin FOR 300 POPTABS | PLAYER TOTAL MONEY: 21900
[12:40:38:694891 --7:00] [Thread 4908] PLAYER: ( 76561198329726178 ) R les vieux:1 (sellig berton) REMOTE PURCHASED ITEM Exile_Item_PlasticBottleCoffee FOR 70 POPTABS | PLAYER TOTAL MONEY: 21830
[12:40:39:996701 --7:00] [Thread 4776] PLAYER: ( 76561198329726178 ) R les vieux:1 (sellig berton) REMOTE PURCHASED ITEM Exile_Item_PlasticBottleCoffee FOR 70 POPTABS | PLAYER TOTAL MONEY: 21760
[12:40:40:985325 --7:00] [Thread 4908] PLAYER: ( 76561198329726178 ) R les vieux:1 (sellig berton) REMOTE PURCHASED ITEM Exile_Item_PlasticBottleCoffee FOR 70 POPTABS | PLAYER TOTAL MONEY: 21690
[12:40:42:328368 --7:00] [Thread 4776] PLAYER: ( 76561198329726178 ) R les vieux:1 (sellig berton) REMOTE PURCHASED ITEM Exile_Item_PlasticBottleCoffee FOR 70 POPTABS | PLAYER TOTAL MONEY: 21620
[12:40:44:772894 --7:00] [Thread 4908] PLAYER: ( 76561198329726178 ) R les vieux:1 (sellig berton) REMOTE PURCHASED ITEM Exile_Item_EMRE FOR 54 POPTABS | PLAYER TOTAL MONEY: 21566
[12:40:45:841617 --7:00] [Thread 4776] PLAYER: ( 76561198329726178 ) R les vieux:1 (sellig berton) REMOTE PURCHASED ITEM Exile_Item_EMRE FOR 54 POPTABS | PLAYER TOTAL MONEY: 21512
[12:40:47:053422 --7:00] [Thread 4908] PLAYER: ( 76561198329726178 ) R les vieux:1 (sellig berton) REMOTE PURCHASED ITEM Exile_Item_EMRE FOR 54 POPTABS | PLAYER TOTAL MONEY: 21458
[12:40:48:332275 --7:00] [Thread 4776] PLAYER: ( 76561198329726178 ) R les vieux:1 (sellig berton) REMOTE PURCHASED ITEM Exile_Item_EMRE FOR 54 POPTABS | PLAYER TOTAL MONEY: 21404
[12:41:19:641125 --7:00] [Thread 4908] PLAYER: ( 76561198329726178 ) R les vieux:1 (sellig berton) REMOTE PURCHASED ITEM Exile_Weapon_ksvk FOR 850 POPTABS | PLAYER TOTAL MONEY: 20554
[12:41:27:643734 --7:00] [Thread 4776] PLAYER: ( 76561198329726178 ) R les vieux:1 (sellig berton) REMOTE PURCHASED ITEM optic_Nightstalker FOR 1000 POPTABS | PLAYER TOTAL MONEY: 19554
[12:41:29:454448 --7:00] [Thread 4908] PLAYER: ( 76561198329726178 ) R les vieux:1 (sellig berton) REMOTE PURCHASED ITEM optic_tws_mg FOR 1500 POPTABS | PLAYER TOTAL MONEY: 18054
[12:41:33:528251 --7:00] [Thread 4776] PLAYER: ( 76561198329726178 ) R les vieux:1 (sellig berton) REMOTE PURCHASED ITEM optic_LRPS_tna_F FOR 300 POPTABS | PLAYER TOTAL MONEY: 17754
[12:41:40:395049 --7:00] [Thread 4776] PLAYER: ( 76561198329726178 ) R les vieux:1 (sellig berton) REMOTE PURCHASED ITEM Exile_Magazine_5Rnd_127x108_APDS_KSVK_Bullet_Cam_Mag FOR 140 POPTABS | PLAYER TOTAL MONEY: 17614
[12:41:40:856250 --7:00] [Thread 4908] PLAYER: ( 76561198329726178 ) R les vieux:1 (sellig berton) REMOTE PURCHASED ITEM Exile_Magazine_5Rnd_127x108_APDS_KSVK_Bullet_Cam_Mag FOR 140 POPTABS | PLAYER TOTAL MONEY: 17474
[12:41:41:423634 --7:00] [Thread 4776] PLAYER: ( 76561198329726178 ) R les vieux:1 (sellig berton) REMOTE PURCHASED ITEM Exile_Magazine_5Rnd_127x108_APDS_KSVK_Bullet_Cam_Mag FOR 140 POPTABS | PLAYER TOTAL MONEY: 17334
[12:41:42:914625 --7:00] [Thread 4908] PLAYER: ( 76561198329726178 ) R les vieux:1 (sellig berton) REMOTE PURCHASED ITEM Exile_Magazine_5Rnd_127x108_APDS_KSVK_Bullet_Cam_Mag FOR 140 POPTABS | PLAYER TOTAL MONEY: 17194
[12:41:43:880270 --7:00] [Thread 4776] PLAYER: ( 76561198329726178 ) R les vieux:1 (sellig berton) REMOTE PURCHASED ITEM Exile_Magazine_5Rnd_127x108_APDS_KSVK_Bullet_Cam_Mag FOR 140 POPTABS | PLAYER TOTAL MONEY: 17054
[12:41:44:679920 --7:00] [Thread 4776] PLAYER: ( 76561198329726178 ) R les vieux:1 (sellig berton) REMOTE PURCHASED ITEM Exile_Magazine_5Rnd_127x108_APDS_KSVK_Bullet_Cam_Mag FOR 140 POPTABS | PLAYER TOTAL MONEY: 16914
[12:41:45:467474 --7:00] [Thread 4908] PLAYER: ( 76561198329726178 ) R les vieux:1 (sellig berton) REMOTE PURCHASED ITEM Exile_Magazine_5Rnd_127x108_APDS_KSVK_Bullet_Cam_Mag FOR 140 POPTABS | PLAYER TOTAL MONEY: 16774
[12:41:46:916440 --7:00] [Thread 4776] PLAYER: ( 76561198329726178 ) R les vieux:1 (sellig berton) REMOTE PURCHASED ITEM Exile_Magazine_5Rnd_127x108_APDS_KSVK_Bullet_Cam_Mag FOR 140 POPTABS | PLAYER TOTAL MONEY: 16634
[12:41:48:233322 --7:00] [Thread 4908] PLAYER: ( 76561198329726178 ) R les vieux:1 (sellig berton) REMOTE PURCHASED ITEM Exile_Magazine_5Rnd_127x108_APDS_KSVK_Bullet_Cam_Mag FOR 140 POPTABS | PLAYER TOTAL MONEY: 16494
[12:41:49:285240 --7:00] [Thread 4776] PLAYER: ( 76561198329726178 ) R les vieux:1 (sellig berton) REMOTE PURCHASED ITEM Exile_Magazine_5Rnd_127x108_APDS_KSVK_Bullet_Cam_Mag FOR 140 POPTABS | PLAYER TOTAL MONEY: 16354
[12:41:51:894369 --7:00] [Thread 4908] PLAYER: ( 76561198329726178 ) R les vieux:1 (sellig berton) REMOTE PURCHASED ITEM Exile_Magazine_5Rnd_127x108_APDS_KSVK_Bullet_Cam_Mag FOR 140 POPTABS | PLAYER TOTAL MONEY: 16214
[12:41:52:985694 --7:00] [Thread 4776] PLAYER: ( 76561198329726178 ) R les vieux:1 (sellig berton) REMOTE PURCHASED ITEM Exile_Magazine_5Rnd_127x108_APDS_KSVK_Bullet_Cam_Mag FOR 140 POPTABS | PLAYER TOTAL MONEY: 16074
[12:41:55:749644 --7:00] [Thread 4908] PLAYER: ( 76561198329726178 ) R les vieux:1 (sellig berton) REMOTE PURCHASED ITEM Exile_Magazine_5Rnd_127x108_APDS_KSVK_Bullet_Cam_Mag FOR 140 POPTABS | PLAYER TOTAL MONEY: 15934
[12:41:56:588076 --7:00] [Thread 4776] PLAYER: ( 76561198329726178 ) R les vieux:1 (sellig berton) REMOTE PURCHASED ITEM Exile_Magazine_5Rnd_127x108_APDS_KSVK_Bullet_Cam_Mag FOR 140 POPTABS | PLAYER TOTAL MONEY: 15794
[12:41:57:638772 --7:00] [Thread 4908] PLAYER: ( 76561198329726178 ) R les vieux:1 (sellig berton) REMOTE PURCHASED ITEM Exile_Magazine_5Rnd_127x108_APDS_KSVK_Bullet_Cam_Mag FOR 140 POPTABS | PLAYER TOTAL MONEY: 15654
[12:42:02:065247 --7:00] [Thread 4776] PLAYER: ( 76561198329726178 ) R les vieux:1 (sellig berton) REMOTE PURCHASED ITEM Exile_Magazine_5Rnd_127x108_APDS_KSVK_Bullet_Cam_Mag FOR 140 POPTABS | PLAYER TOTAL MONEY: 15514
[12:42:02:940700 --7:00] [Thread 4908] PLAYER: ( 76561198329726178 ) R les vieux:1 (sellig berton) REMOTE PURCHASED ITEM Exile_Magazine_5Rnd_127x108_APDS_KSVK_Bullet_Cam_Mag FOR 140 POPTABS | PLAYER TOTAL MONEY: 15374
[12:42:03:686180 --7:00] [Thread 4776] PLAYER: ( 76561198329726178 ) R les vieux:1 (sellig berton) REMOTE PURCHASED ITEM Exile_Magazine_5Rnd_127x108_APDS_KSVK_Bullet_Cam_Mag FOR 140 POPTABS | PLAYER TOTAL MONEY: 15234
[12:42:05:175224 --7:00] [Thread 4908] PLAYER: ( 76561198329726178 ) R les vieux:1 (sellig berton) REMOTE PURCHASED ITEM Exile_Magazine_5Rnd_127x108_APDS_KSVK_Bullet_Cam_Mag FOR 140 POPTABS | PLAYER TOTAL MONEY: 15094
[12:42:06:622152 --7:00] [Thread 4776] PLAYER: ( 76561198329726178 ) R les vieux:1 (sellig berton) REMOTE PURCHASED ITEM Exile_Magazine_5Rnd_127x108_APDS_KSVK_Bullet_Cam_Mag FOR 140 POPTABS | PLAYER TOTAL MONEY: 14954
[12:42:07:477196 --7:00] [Thread 4908] PLAYER: ( 76561198329726178 ) R les vieux:1 (sellig berton) REMOTE PURCHASED ITEM Exile_Magazine_5Rnd_127x108_APDS_KSVK_Bullet_Cam_Mag FOR 140 POPTABS | PLAYER TOTAL MONEY: 14814
[12:42:08:310749 --7:00] [Thread 4776] PLAYER: ( 76561198329726178 ) R les vieux:1 (sellig berton) REMOTE PURCHASED ITEM Exile_Magazine_5Rnd_127x108_APDS_KSVK_Bullet_Cam_Mag FOR 140 POPTABS | PLAYER TOTAL MONEY: 14674
[12:42:09:050245 --7:00] [Thread 4908] PLAYER: ( 76561198329726178 ) R les vieux:1 (sellig berton) REMOTE PURCHASED ITEM Exile_Magazine_5Rnd_127x108_APDS_KSVK_Bullet_Cam_Mag FOR 140 POPTABS | PLAYER TOTAL MONEY: 14534
[12:42:41:095565 --7:00] [Thread 4776] PLAYER: ( 76561198329726178 ) R les vieux:1 (sellig berton) REMOTE PURCHASED ITEM H_HelmetLeaderO_ocamo FOR 200 POPTABS | PLAYER TOTAL MONEY: 14334
[12:42:49:230810 --7:00] [Thread 4908] PLAYER: ( 76561198021846681 ) R Alpha 1-3:1 (Avriality) REMOTE PURCHASED ITEM H_CrewHelmetHeli_I FOR 150 POPTABS | PLAYER TOTAL MONEY: 850
[12:44:18:606831 --7:00] [Thread 4776] PLAYER: ( 76561198021846681 ) R Alpha 1-3:1 (Avriality) REMOTE PURCHASED ITEM B_ViperHarness_blk_F FOR 250 POPTABS | PLAYER TOTAL MONEY: 600
[12:44:36:884772 --7:00] [Thread 4908] PLAYER: ( 76561198021846681 ) R Alpha 1-3:1 (Avriality) REMOTE PURCHASED ITEM V_PlateCarrierIAGL_dgtl FOR 400 POPTABS | PLAYER TOTAL MONEY: 200
[12:44:44:552436 --7:00] [Thread 4776] PLAYER: ( 76561198021846681 ) R Alpha 1-3:1 (Avriality) REMOTE PURCHASED ITEM Exile_Uniform_Woodland FOR 150 POPTABS | PLAYER TOTAL MONEY: 50
[12:45:44:579900 --7:00] [Thread 4144] PLAYER: ( 76561198021846681 ) R Alpha 1-3:1 (Avriality) REMOTE SOLD ITEM Exile_Melee_Axe FOR 50 POPTABS AND 5 RESPECT | PLAYER TOTAL MONEY: 100
[12:48:11:005780 --7:00] [Thread 4144] PLAYER: ( 76561198021846681 ) R Alpha 1-3:1 (Avriality) REMOTE PURCHASED ITEM srifle_DMR_02_camo_F FOR 800 POPTABS | PLAYER TOTAL MONEY: 300
[12:48:29:727700 --7:00] [Thread 4776] PLAYER: ( 76561198021846681 ) R Alpha 1-3:1 (Avriality) REMOTE PURCHASED ITEM 10Rnd_338_Mag FOR 30 POPTABS | PLAYER TOTAL MONEY: 270
[12:48:30:884425 --7:00] [Thread 4144] PLAYER: ( 76561198021846681 ) R Alpha 1-3:1 (Avriality) REMOTE PURCHASED ITEM 10Rnd_338_Mag FOR 30 POPTABS | PLAYER TOTAL MONEY: 240
[12:48:31:977283 --7:00] [Thread 4776] PLAYER: ( 76561198021846681 ) R Alpha 1-3:1 (Avriality) REMOTE PURCHASED ITEM 10Rnd_338_Mag FOR 30 POPTABS | PLAYER TOTAL MONEY: 210
[12:48:35:595739 --7:00] [Thread 4144] PLAYER: ( 76561198021846681 ) R Alpha 1-3:1 (Avriality) REMOTE PURCHASED ITEM 10Rnd_338_Mag FOR 30 POPTABS | PLAYER TOTAL MONEY: 180
[12:48:59:487124 --7:00] [Thread 4908] PLAYER: ( 76561198021846681 ) R Alpha 1-3:1 (Avriality) REMOTE SOLD ITEM V_PlateCarrierGL_rgr FOR 250 POPTABS AND 25 RESPECT | PLAYER TOTAL MONEY: 430
[12:49:31:795153 --7:00] [Thread 4908] PLAYER: ( 76561198021846681 ) R Alpha 1-3:1 (Avriality) REMOTE PURCHASED ITEM optic_DMS_ghex_F FOR 150 POPTABS | PLAYER TOTAL MONEY: 280
[12:50:00:677011 --7:00] [Thread 4776] PLAYER: ( 76561198021846681 ) R Alpha 1-3:1 (Avriality) REMOTE SOLD ITEM optic_DMS_ghex_F FOR 75 POPTABS AND 7.5 RESPECT | PLAYER TOTAL MONEY: 355
[13:15:50:546088 --7:00] [Thread 5772] PLAYER: ( 76561198021846681 ) R Alpha 1-3:1 (Avriality) REMOTE SOLD ITEM: Exile_Bike_QuadBike_Guerilla01 (ID# <null>) with Cargo [] FOR 150 POPTABS AND 15 RESPECT | PLAYER TOTAL MONEY: 560
[13:19:09:867858 --7:00] [Thread 4776] PLAYER: ( 76561198021846681 ) R Alpha 1-3:1 (Avriality) REMOTE SOLD ITEM Exile_Item_LightBulb FOR 10 POPTABS AND 1 RESPECT | PLAYER TOTAL MONEY: 570
[13:19:11:996265 --7:00] [Thread 5516] PLAYER: ( 76561198021846681 ) R Alpha 1-3:1 (Avriality) REMOTE SOLD ITEM Exile_Item_Vishpirin FOR 150 POPTABS AND 15 RESPECT | PLAYER TOTAL MONEY: 720
[13:19:31:370757 --7:00] [Thread 4776] PLAYER: ( 76561198021846681 ) R Alpha 1-3:1 (Avriality) REMOTE SOLD ITEM Exile_Item_Cheathas FOR 9 POPTABS AND 0.9 RESPECT | PLAYER TOTAL MONEY: 729
[13:19:34:632942 --7:00] [Thread 5772] PLAYER: ( 76561198021846681 ) R Alpha 1-3:1 (Avriality) REMOTE SOLD ITEM Exile_Item_InstaDoc FOR 625 POPTABS AND 62.5 RESPECT | PLAYER TOTAL MONEY: 1354
[13:19:36:017819 --7:00] [Thread 4776] PLAYER: ( 76561198021846681 ) R Alpha 1-3:1 (Avriality) REMOTE SOLD ITEM Exile_Item_InstaDoc FOR 625 POPTABS AND 62.5 RESPECT | PLAYER TOTAL MONEY: 1979
[13:19:37:421852 --7:00] [Thread 5516] PLAYER: ( 76561198021846681 ) R Alpha 1-3:1 (Avriality) REMOTE SOLD ITEM Exile_Item_Matches FOR 30 POPTABS AND 3 RESPECT | PLAYER TOTAL MONEY: 2009
[13:19:38:592713 --7:00] [Thread 4776] PLAYER: ( 76561198021846681 ) R Alpha 1-3:1 (Avriality) REMOTE SOLD ITEM Exile_Item_GloriousKnakworst FOR 20 POPTABS AND 2 RESPECT | PLAYER TOTAL MONEY: 2029
[13:19:42:455832 --7:00] [Thread 5516] PLAYER: ( 76561198021846681 ) R Alpha 1-3:1 (Avriality) REMOTE SOLD ITEM Exile_Item_Beer FOR 25 POPTABS AND 2.5 RESPECT | PLAYER TOTAL MONEY: 2054
[13:19:43:590817 --7:00] [Thread 5772] PLAYER: ( 76561198021846681 ) R Alpha 1-3:1 (Avriality) REMOTE SOLD ITEM Exile_Item_Beer FOR 25 POPTABS AND 2.5 RESPECT | PLAYER TOTAL MONEY: 2079
[13:20:01:912170 --7:00] [Thread 4776] PLAYER: ( 76561198021846681 ) R Alpha 1-3:1 (Avriality) REMOTE SOLD ITEM Exile_Item_CookingPot FOR 40 POPTABS AND 4 RESPECT | PLAYER TOTAL MONEY: 2119
[13:20:06:848429 --7:00] [Thread 5772] PLAYER: ( 76561198021846681 ) R Alpha 1-3:1 (Avriality) REMOTE SOLD ITEM Exile_Item_MetalScrews FOR 50 POPTABS AND 5 RESPECT | PLAYER TOTAL MONEY: 2169
[13:20:08:006592 --7:00] [Thread 4776] PLAYER: ( 76561198021846681 ) R Alpha 1-3:1 (Avriality) REMOTE SOLD ITEM Exile_Item_MetalScrews FOR 50 POPTABS AND 5 RESPECT | PLAYER TOTAL MONEY: 2219
[13:28:29:980055 --7:00] [Thread 5516] PLAYER: ( 76561198329726178 ) R les vieux:1 (sellig berton) REMOTE SOLD ITEM: O_T_LSV_02_armed_F (ID# <null>) with Cargo ["B_Bergen_blk","30Rnd_580x42_Mag_F","30Rnd_580x42_Mag_F","30Rnd_580x42_Mag_F","30Rnd_580x42_Mag_F","30Rnd_580x42_Mag_F","30Rnd_580x42_Mag_F","30Rnd_580x42_Mag_F","30Rnd_580x42_Mag_F","30Rnd_580x42_Mag_F","30Rnd_580x42_Mag_F","30Rnd_580x42_Mag_F","30Rnd_580x42_Mag_F","30Rnd_580x42_Mag_F","30Rnd_580x42_Mag_F","30Rnd_580x42_Mag_F","30Rnd_580x42_Mag_F","100Rnd_580x42_Mag_F","100Rnd_580x42_Mag_F","100Rnd_580x42_Mag_F","100Rnd_580x42_Mag_F","HandGrenade","HandGrenade","HandGrenade","HandGrenade","HandGrenade","HandGrenade","HandGrenade","HandGrenade","HandGrenade","SmokeShell","SmokeShell","SmokeShell","SmokeShell","SmokeShellRed","SmokeShellRed","SmokeShellRed","SmokeShellRed","SmokeShellYellow","SmokeShellYellow","SmokeShellYellow","SmokeShellYellow","SmokeShellOrange","SmokeShellOrange","SmokeShellOrange","SmokeShellOrange","1Rnd_HE_Grenade_shell","1Rnd_HE_Grenade_shell","1Rnd_HE_Grenade_shell","1Rnd_HE_Grenade_shell","1Rnd_HE_Grenade_shell","1Rnd_HE_Grenade_shell","1Rnd_HE_Grenade_shell","1Rnd_HE_Grenade_shell","1Rnd_HE_Grenade_shell","1Rnd_HE_Grenade_shell","1Rnd_Smoke_Grenade_shell","1Rnd_Smoke_Grenade_shell","1Rnd_Smoke_Grenade_shell","1Rnd_Smoke_Grenade_shell","1Rnd_SmokeYellow_Grenade_shell","1Rnd_SmokeYellow_Grenade_shell","1Rnd_SmokeYellow_Grenade_shell","1Rnd_SmokeYellow_Grenade_shell","1Rnd_SmokeOrange_Grenade_shell","1Rnd_SmokeOrange_Grenade_shell","1Rnd_SmokeOrange_Grenade_shell","1Rnd_SmokeOrange_Grenade_shell","1Rnd_SmokeRed_Grenade_shell","1Rnd_SmokeRed_Grenade_shell","1Rnd_SmokeRed_Grenade_shell","1Rnd_SmokeRed_Grenade_shell","16Rnd_9x21_Mag","16Rnd_9x21_Mag","16Rnd_9x21_Mag","16Rnd_9x21_Mag","16Rnd_9x21_Mag","16Rnd_9x21_Mag","16Rnd_9x21_Mag","16Rnd_9x21_Mag","16Rnd_9x21_Mag","16Rnd_9x21_Mag","16Rnd_9x21_Mag","16Rnd_9x21_Mag","RPG32_F","RPG32_F","Exile_Item_Vishpirin","30Rnd_556x45_Stanag","30Rnd_556x45_Stanag","30Rnd_556x45_Stanag","30Rnd_556x45_Stanag","30Rnd_556x45_Stanag","30Rnd_556x45_Stanag","30Rnd_556x45_Stanag","Exile_Magazine_30Rnd_762x39_AK","Exile_Magazine_30Rnd_762x39_AK","Exile_Magazine_30Rnd_762x39_AK","Exile_Magazine_30Rnd_762x39_AK","20Rnd_762x51_Mag","Exile_Magazine_30Rnd_762x39_AK","Exile_Magazine_30Rnd_762x39_AK","Exile_Magazine_30Rnd_762x39_AK","Exile_Magazine_30Rnd_762x39_AK","Exile_Magazine_30Rnd_762x39_AK","20Rnd_762x51_Mag","Exile_Item_Sand","20Rnd_762x51_Mag","Exile_Magazine_30Rnd_762x39_AK","Exile_Magazine_30Rnd_762x39_AK","Exile_Magazine_30Rnd_762x39_AK","Exile_Magazine_30Rnd_762x39_AK","Exile_Magazine_30Rnd_762x39_AK","Exile_Magazine_30Rnd_762x39_AK","20Rnd_762x51_Mag","20Rnd_762x51_Mag","20Rnd_762x51_Mag","20Rnd_762x51_Mag","20Rnd_762x51_Mag","20Rnd_762x51_Mag","20Rnd_762x51_Mag","20Rnd_762x51_Mag","20Rnd_762x51_Mag","Exile_Item_WaterCanisterDirtyWater","150Rnd_762x54_Box","150Rnd_762x54_Box","Exile_Item_JunkMetal","Exile_Item_InstaDoc","150Rnd_762x54_Box","150Rnd_762x54_Box","150Rnd_762x54_Box","150Rnd_762x54_Box","150Rnd_762x54_Box","150Rnd_762x54_Box","150Rnd_762x54_Box","150Rnd_762x54_Box","150Rnd_762x54_Box","Exile_Item_WoodPlank","150Rnd_762x54_Box","150Rnd_762x54_Box","150Rnd_762x54_Box","150Rnd_762x54_Box","150Rnd_762x54_Box","150Rnd_762x54_Box","150Rnd_762x54_Box","150Rnd_762x54_Box","150Rnd_762x54_Box","150Rnd_762x54_Box","150Rnd_762x54_Box","Exile_Item_InstaDoc","Exile_Item_FortificationUpgrade","Exile_Item_InstaDoc","Exile_Item_HBarrier5Kit","Exile_Item_DuctTape","Exile_Item_WoodFloorPortKit","Exile_Item_ConcreteWindowKit","hgun_Pistol_heavy_02_F","6Rnd_45ACP_Cylinder","arifle_TRG21_F","30Rnd_556x45_Stanag","Exile_Weapon_AKS_Gold","srifle_DMR_06_olive_F","LMG_Zafir_F","150Rnd_762x54_Box","optic_Arco"] FOR 28276 POPTABS AND 2827.6 RESPECT | PLAYER TOTAL MONEY: 48648
[14:43:02:027219 --7:00] [Thread 4908] PLAYER: ( 76561198329726178 ) R les vieux:2 (sellig berton) REMOTE SOLD ITEM: B_T_Truck_01_covered_F (ID# <null>) with Cargo ["B_FieldPack_oucamo","Exile_Item_Vishpirin","Exile_Item_InstaDoc","Exile_Item_EnergyDrink","Exile_Melee_Axe","hgun_Pistol_heavy_02_F","6Rnd_45ACP_Cylinder","U_I_C_Soldier_Bandit_2_F","V_TacChestrig_grn_F"] FOR 24963 POPTABS AND 2496.3 RESPECT | PLAYER TOTAL MONEY: 26495
[14:43:15:417249 --7:00] [Thread 4908] PLAYER: ( 76561198329726178 ) R les vieux:2 (sellig berton) REMOTE SOLD ITEM optic_Aco FOR 35 POPTABS AND 3.5 RESPECT | PLAYER TOTAL MONEY: 26530
[14:43:17:055605 --7:00] [Thread 4776] PLAYER: ( 76561198329726178 ) R les vieux:2 (sellig berton) REMOTE SOLD ITEM 30Rnd_556x45_Stanag FOR 10 POPTABS AND 1 RESPECT | PLAYER TOTAL MONEY: 26540
[14:43:19:013508 --7:00] [Thread 4908] PLAYER: ( 76561198329726178 ) R les vieux:2 (sellig berton) REMOTE SOLD ITEM arifle_TRG21_GL_F FOR 175 POPTABS AND 17.5 RESPECT | PLAYER TOTAL MONEY: 26715
[14:43:58:288231 --7:00] [Thread 4908] PLAYER: ( 76561198329726178 ) R les vieux:2 (sellig berton) REMOTE PURCHASED ITEM Exile_Weapon_ksvk FOR 850 POPTABS | PLAYER TOTAL MONEY: 25865
[14:44:09:691135 --7:00] [Thread 5772] PLAYER: ( 76561198329726178 ) R les vieux:2 (sellig berton) REMOTE PURCHASED ITEM optic_Nightstalker FOR 1000 POPTABS | PLAYER TOTAL MONEY: 24865
[15:29:35:804011 --7:00] [Thread 5920] PLAYER: ( 76561197994641119 ) R Moisturizers:1 (Zataralee) REMOTE PURCHASED ITEM CUP_launch_RPG7V FOR 1000 POPTABS | PLAYER TOTAL MONEY: 10508
[17:44:02:171845 --7:00] [Thread 6056] PLAYER: ( 76561198147541727 ) R Alpha 1-3:1 (Greg) REMOTE SOLD ITEM: I_Truck_02_medical_F (ID# <null>) with Cargo [] FOR 21500 POPTABS AND 2150 RESPECT | PLAYER TOTAL MONEY: 21500
[17:45:27:446811 --7:00] [Thread 6056] PLAYER: ( 76561198147541727 ) R Alpha 1-3:1 (Greg) REMOTE SOLD ITEM Exile_Uniform_BambiOverall FOR 1 POPTABS AND 0.1 RESPECT | PLAYER TOTAL MONEY: 21501
[17:45:34:650480 --7:00] [Thread 5920] PLAYER: ( 76561198147541727 ) R Alpha 1-3:1 (Greg) REMOTE PURCHASED ITEM U_Competitor FOR 40 POPTABS | PLAYER TOTAL MONEY: 21461
[17:45:48:608979 --7:00] [Thread 6056] PLAYER: ( 76561198147541727 ) R Alpha 1-3:1 (Greg) REMOTE PURCHASED ITEM V_HarnessOSpec_brn FOR 40 POPTABS | PLAYER TOTAL MONEY: 21421
[17:46:14:049621 --7:00] [Thread 5752] PLAYER: ( 76561198147541727 ) R Alpha 1-3:1 (Greg) REMOTE SOLD ITEM B_OutdoorPack_blk FOR 40 POPTABS AND 4 RESPECT | PLAYER TOTAL MONEY: 21461
[17:46:17:177725 --7:00] [Thread 6056] PLAYER: ( 76561198147541727 ) R Alpha 1-3:1 (Greg) REMOTE PURCHASED ITEM B_AssaultPack_mcamo FOR 90 POPTABS | PLAYER TOTAL MONEY: 21371
[17:47:11:471501 --7:00] [Thread 6056] PLAYER: ( 76561198327541641 ) R Alpha 1-6:1 (log50071) REMOTE PURCHASED ITEM Exile_Item_CodeLock FOR 5000 POPTABS | PLAYER TOTAL MONEY: 15000
[17:50:57:708094 --7:00] [Thread 5920] PLAYER: ( 76561198327541641 ) R Alpha 1-6:1 (log50071) REMOTE PURCHASED VEHICLE Exile_Chopper_Hummingbird_Civillian_Jeans FOR 17000 POPTABS | PLAYER TOTAL MONEY: 0
[17:51:58:996610 --7:00] [Thread 5752] PLAYER: ( 76561198226951376 ) R Alpha 1-5:1 (Dizzy_B_Gaming) REMOTE PURCHASED ITEM Exile_Item_Wrench FOR 250 POPTABS | PLAYER TOTAL MONEY: 19750
[17:52:05:142606 --7:00] [Thread 6056] PLAYER: ( 76561198226951376 ) R Alpha 1-5:1 (Dizzy_B_Gaming) REMOTE PURCHASED ITEM Exile_Item_CodeLock FOR 5000 POPTABS | PLAYER TOTAL MONEY: 14750
[17:57:31:271756 --7:00] [Thread 5920] PLAYER: ( 76561198226951376 ) R Alpha 1-5:1 (Dizzy_B_Gaming) REMOTE PURCHASED VEHICLE Exile_Car_MB4WDOpen FOR 8000 POPTABS | PLAYER TOTAL MONEY: 6750
[18:17:38:792870 --7:00] [Thread 4256] PLAYER: ( 76561198077567121 ) R D4tification:1 (D4_Cador) REMOTE SOLD ITEM: B_T_Truck_01_covered_F (ID# <null>) with Cargo [] FOR 24000 POPTABS AND 2400 RESPECT | PLAYER TOTAL MONEY: 24000
[18:18:07:579769 --7:00] [Thread 4256] PLAYER: ( 76561198077567121 ) R D4tification:1 (D4_Cador) REMOTE SOLD ITEM: C_Van_01_fuel_white_v2_F (ID# <null>) with Cargo [] FOR 0 POPTABS AND 0 RESPECT | PLAYER TOTAL MONEY: 24000
[18:18:39:228788 --7:00] [Thread 5752] PLAYER: ( 76561198077567121 ) R D4tification:1 (D4_Cador) REMOTE PURCHASED ITEM U_O_V_Soldier_Viper_F FOR 150 POPTABS | PLAYER TOTAL MONEY: 23850
[18:18:49:904948 --7:00] [Thread 5920] PLAYER: ( 76561198077567121 ) R D4tification:1 (D4_Cador) REMOTE PURCHASED ITEM V_PlateCarrierGL_tna_F FOR 500 POPTABS | PLAYER TOTAL MONEY: 23350
[18:19:03:991919 --7:00] [Thread 5752] PLAYER: ( 76561198077567121 ) R D4tification:1 (D4_Cador) REMOTE PURCHASED ITEM B_ViperHarness_ghex_F FOR 250 POPTABS | PLAYER TOTAL MONEY: 23100
[18:19:37:738674 --7:00] [Thread 5920] PLAYER: ( 76561198077567121 ) R D4tification:1 (D4_Cador) REMOTE PURCHASED ITEM H_MilCap_ghex_F FOR 8 POPTABS | PLAYER TOTAL MONEY: 23092
[18:19:50:376127 --7:00] [Thread 5752] PLAYER: ( 76561198077567121 ) R D4tification:1 (D4_Cador) REMOTE PURCHASED ITEM srifle_GM6_ghex_F FOR 900 POPTABS | PLAYER TOTAL MONEY: 22192
[18:19:56:043952 --7:00] [Thread 5920] PLAYER: ( 76561198077567121 ) R D4tification:1 (D4_Cador) REMOTE PURCHASED ITEM 5Rnd_127x108_APDS_Mag FOR 50 POPTABS | PLAYER TOTAL MONEY: 22142
[18:19:56:737423 --7:00] [Thread 5752] PLAYER: ( 76561198077567121 ) R D4tification:1 (D4_Cador) REMOTE PURCHASED ITEM 5Rnd_127x108_APDS_Mag FOR 50 POPTABS | PLAYER TOTAL MONEY: 22092
[18:19:57:998278 --7:00] [Thread 5920] PLAYER: ( 76561198077567121 ) R D4tification:1 (D4_Cador) REMOTE PURCHASED ITEM 5Rnd_127x108_APDS_Mag FOR 50 POPTABS | PLAYER TOTAL MONEY: 22042
[18:19:59:209237 --7:00] [Thread 5752] PLAYER: ( 76561198077567121 ) R D4tification:1 (D4_Cador) REMOTE PURCHASED ITEM 5Rnd_127x108_APDS_Mag FOR 50 POPTABS | PLAYER TOTAL MONEY: 21992
[18:20:00:006620 --7:00] [Thread 5920] PLAYER: ( 76561198077567121 ) R D4tification:1 (D4_Cador) REMOTE PURCHASED ITEM 5Rnd_127x108_APDS_Mag FOR 50 POPTABS | PLAYER TOTAL MONEY: 21942
[18:20:01:057297 --7:00] [Thread 5752] PLAYER: ( 76561198077567121 ) R D4tification:1 (D4_Cador) REMOTE PURCHASED ITEM 5Rnd_127x108_APDS_Mag FOR 50 POPTABS | PLAYER TOTAL MONEY: 21892
[18:20:10:992351 --7:00] [Thread 5920] PLAYER: ( 76561198077567121 ) R D4tification:1 (D4_Cador) REMOTE PURCHASED ITEM optic_tws_mg FOR 1500 POPTABS | PLAYER TOTAL MONEY: 20392
[18:25:02:337428 --7:00] [Thread 5752] PLAYER: ( 76561198077567121 ) R D4tification:1 (D4_Cador) REMOTE PURCHASED ITEM 5Rnd_127x108_APDS_Mag FOR 50 POPTABS | PLAYER TOTAL MONEY: 20342
[18:25:03:011868 --7:00] [Thread 5920] PLAYER: ( 76561198077567121 ) R D4tification:1 (D4_Cador) REMOTE PURCHASED ITEM 5Rnd_127x108_APDS_Mag FOR 50 POPTABS | PLAYER TOTAL MONEY: 20292
[18:25:03:985829 --7:00] [Thread 5752] PLAYER: ( 76561198077567121 ) R D4tification:1 (D4_Cador) REMOTE PURCHASED ITEM 5Rnd_127x108_APDS_Mag FOR 50 POPTABS | PLAYER TOTAL MONEY: 20242
[18:25:04:333801 --7:00] [Thread 5920] PLAYER: ( 76561198077567121 ) R D4tification:1 (D4_Cador) REMOTE PURCHASED ITEM 5Rnd_127x108_APDS_Mag FOR 50 POPTABS | PLAYER TOTAL MONEY: 20192
[18:25:05:029405 --7:00] [Thread 5752] PLAYER: ( 76561198077567121 ) R D4tification:1 (D4_Cador) REMOTE PURCHASED ITEM 5Rnd_127x108_APDS_Mag FOR 50 POPTABS | PLAYER TOTAL MONEY: 20142
[18:25:07:351835 --7:00] [Thread 5920] PLAYER: ( 76561198077567121 ) R D4tification:1 (D4_Cador) REMOTE PURCHASED ITEM 5Rnd_127x108_APDS_Mag FOR 50 POPTABS | PLAYER TOTAL MONEY: 20092
[18:45:05:057917 --7:00] [Thread 5752] PLAYER: ( 76561198077567121 ) R D4tification:1 (D4_Cador) REMOTE SOLD ITEM: B_T_LSV_01_unarmed_sand_F (ID# <null>) with Cargo [] FOR 0 POPTABS AND 0 RESPECT | PLAYER TOTAL MONEY: 0
[18:46:13:314975 --7:00] [Thread 6056] PLAYER: ( 76561198077567121 ) R D4tification:1 (D4_Cador) REMOTE PURCHASED ITEM U_O_V_Soldier_Viper_F FOR 150 POPTABS | PLAYER TOTAL MONEY: 9850
[18:46:25:928171 --7:00] [Thread 4256] PLAYER: ( 76561198077567121 ) R D4tification:1 (D4_Cador) REMOTE PURCHASED ITEM V_PlateCarrierGL_tna_F FOR 500 POPTABS | PLAYER TOTAL MONEY: 9350
[18:46:33:141204 --7:00] [Thread 6056] PLAYER: ( 76561198077567121 ) R D4tification:1 (D4_Cador) REMOTE PURCHASED ITEM B_Carryall_ghex_F FOR 300 POPTABS | PLAYER TOTAL MONEY: 9050
[18:46:47:337908 --7:00] [Thread 4256] PLAYER: ( 76561198077567121 ) R D4tification:1 (D4_Cador) REMOTE PURCHASED ITEM G_Balaclava_TI_G_tna_F FOR 15 POPTABS | PLAYER TOTAL MONEY: 9035
[18:46:55:825150 --7:00] [Thread 6056] PLAYER: ( 76561198077567121 ) R D4tification:1 (D4_Cador) REMOTE PURCHASED ITEM H_Watchcap_blk FOR 6 POPTABS | PLAYER TOTAL MONEY: 9029
[18:47:02:949552 --7:00] [Thread 5752] PLAYER: ( 76561198077567121 ) R D4tification:1 (D4_Cador) REMOTE SOLD ITEM arifle_SPAR_01_GL_blk_F FOR 260 POPTABS AND 26 RESPECT | PLAYER TOTAL MONEY: 9289
[18:47:29:679540 --7:00] [Thread 4256] PLAYER: ( 76561198077567121 ) R D4tification:1 (D4_Cador) REMOTE PURCHASED ITEM Exile_Weapon_ksvk FOR 850 POPTABS | PLAYER TOTAL MONEY: 8439
[18:47:43:258159 --7:00] [Thread 5752] PLAYER: ( 76561198077567121 ) R D4tification:1 (D4_Cador) REMOTE PURCHASED ITEM optic_LRPS_ghex_F FOR 300 POPTABS | PLAYER TOTAL MONEY: 8139
[18:47:57:193032 --7:00] [Thread 5752] PLAYER: ( 76561198077567121 ) R D4tification:1 (D4_Cador) REMOTE PURCHASED ITEM Exile_Magazine_5Rnd_127x108_APDS_KSVK FOR 40 POPTABS | PLAYER TOTAL MONEY: 8099
[18:47:58:137548 --7:00] [Thread 4256] PLAYER: ( 76561198077567121 ) R D4tification:1 (D4_Cador) REMOTE PURCHASED ITEM Exile_Magazine_5Rnd_127x108_APDS_KSVK FOR 40 POPTABS | PLAYER TOTAL MONEY: 8059
[18:47:58:850040 --7:00] [Thread 5752] PLAYER: ( 76561198077567121 ) R D4tification:1 (D4_Cador) REMOTE PURCHASED ITEM Exile_Magazine_5Rnd_127x108_APDS_KSVK FOR 40 POPTABS | PLAYER TOTAL MONEY: 8019
[18:47:59:333365 --7:00] [Thread 4256] PLAYER: ( 76561198077567121 ) R D4tification:1 (D4_Cador) REMOTE PURCHASED ITEM Exile_Magazine_5Rnd_127x108_APDS_KSVK FOR 40 POPTABS | PLAYER TOTAL MONEY: 7979
[18:47:59:774854 --7:00] [Thread 5752] PLAYER: ( 76561198077567121 ) R D4tification:1 (D4_Cador) REMOTE PURCHASED ITEM Exile_Magazine_5Rnd_127x108_APDS_KSVK FOR 40 POPTABS | PLAYER TOTAL MONEY: 7939
[18:48:00:446249 --7:00] [Thread 4256] PLAYER: ( 76561198077567121 ) R D4tification:1 (D4_Cador) REMOTE PURCHASED ITEM Exile_Magazine_5Rnd_127x108_APDS_KSVK FOR 40 POPTABS | PLAYER TOTAL MONEY: 7899
[18:48:04:833210 --7:00] [Thread 5752] PLAYER: ( 76561198077567121 ) R D4tification:1 (D4_Cador) REMOTE PURCHASED ITEM 6Rnd_45ACP_Cylinder FOR 8 POPTABS | PLAYER TOTAL MONEY: 7891
[18:48:05:564725 --7:00] [Thread 4256] PLAYER: ( 76561198077567121 ) R D4tification:1 (D4_Cador) REMOTE PURCHASED ITEM 6Rnd_45ACP_Cylinder FOR 8 POPTABS | PLAYER TOTAL MONEY: 7883
[18:48:06:128148 --7:00] [Thread 5752] PLAYER: ( 76561198077567121 ) R D4tification:1 (D4_Cador) REMOTE PURCHASED ITEM 6Rnd_45ACP_Cylinder FOR 8 POPTABS | PLAYER TOTAL MONEY: 7875
[19:02:36:068142 --7:00] [Thread 6056] PLAYER: ( 76561198021846681 ) R Alpha 1-5:1 (Avriality) REMOTE PURCHASED VEHICLE Exile_Bike_QuadBike_Red FOR 300 POPTABS | PLAYER TOTAL MONEY: 1919
[19:11:46:452361 --7:00] [Thread 4256] PLAYER: ( 76561198021846681 ) R D4tification:2 (Avriality) REMOTE SOLD ITEM: Exile_Car_LandRover_Ambulance_Desert (ID# <null>) with Cargo [] FOR 6000 POPTABS AND 600 RESPECT | PLAYER TOTAL MONEY: 7619
[19:13:26:533506 --7:00] [Thread 6056] PLAYER: ( 76561198021846681 ) R D4tification:2 (Avriality) REMOTE PURCHASED ITEM optic_DMS_ghex_F FOR 150 POPTABS | PLAYER TOTAL MONEY: 7469
