[16:58:33:793678 --7:00] [Thread 11328] CGH Rampage was killed by an NPC!
[18:44:57:899963 --7:00] [Thread 12168] Red The Hunter commited suicide!
[19:49:08:345970 --7:00] [Thread 5132] Red The Hunter died because that's why.
[20:25:09:720539 --7:00] [Thread 8512] Joe was killed by an NPC!
[20:28:15:454426 --7:00] [Thread 8512] Red The Hunter was killed by an NPC!
[20:37:37:233881 --7:00] [Thread 12168] Joe commited suicide!
[20:37:52:736431 --7:00] [Thread 9176] Red The Hunter commited suicide!
[20:49:15:152805 --7:00] [Thread 12168] Joe commited suicide!
[20:49:34:335795 --7:00] [Thread 8796] AkToker commited suicide!
[20:49:34:525553 --7:00] [Thread 5132] Mike Hawk died an awkward death.
[20:59:05:181697 --7:00] [Thread 9176] Char commited suicide!
[20:59:45:915657 --7:00] [Thread 5132] Char commited suicide!
[21:00:19:571290 --7:00] [Thread 9176] Char commited suicide!
[21:02:27:500710 --7:00] [Thread 9176] Char commited suicide!
[21:08:41:679505 --7:00] [Thread 12168] Scott was killed by an NPC!
[21:09:51:136051 --7:00] [Thread 12168] Rog641 died because... Arma.
[21:12:45:970991 --7:00] [Thread 2008] Joe was killed by an NPC!
[21:18:23:513667 --7:00] [Thread 9176] Char commited suicide!
[21:28:07:755651 --7:00] [Thread 8512] Red The Hunter died and nobody knows why.
[22:55:42:497250 --7:00] [Thread 11296] Red The Hunter was killed by an NPC!
[23:40:22:979130 --7:00] [Thread 11296] Lothaar was killed by an NPC!
[00:17:55:437360 --7:00] [Thread 11628] Saber One was killed by an NPC!
[02:47:49:021369 --7:00] [Thread 4456] Saber One was killed by an NPC!
[02:49:51:672731 --7:00] [Thread 11260] Saber One commited suicide!
[09:34:10:070665 --7:00] [Thread 11824] Rog641 was killed by an NPC!
[10:07:50:669030 --7:00] [Thread 11888] Alisha was killed by an NPC!
[10:09:38:450884 --7:00] [Thread 11888] Alisha commited suicide!
[10:16:32:310312 --7:00] [Thread 11888] Alisha was killed by an NPC!
[10:18:00:245598 --7:00] [Thread 7984] Alisha commited suicide!
[11:43:55:051300 --7:00] [Thread 11888] Alisha was killed by an NPC!
[11:57:59:803272 --7:00] [Thread 11792] Rog641 commited suicide!
[11:59:01:600949 --7:00] [Thread 9740] Rog641 commited suicide!
[12:14:08:017185 --7:00] [Thread 10676] Zataralee commited suicide!
[12:14:38:295916 --7:00] [Thread 10676] Mike Hawk commited suicide!
[12:33:14:653507 --7:00] [Thread 8168] Zataralee commited suicide!
[12:38:16:701955 --7:00] [Thread 8168] Rog641 commited suicide!
[12:47:34:424015 --7:00] [Thread 8644] Rog641 was killed by an NPC!
[12:48:26:811635 --7:00] [Thread 11672] Rog641 was killed by an NPC!
[12:49:40:172923 --7:00] [Thread 12056] Rog641 commited suicide!
[14:41:08:157802 --7:00] [Thread 11672] Rog641 commited suicide!
[14:42:31:835619 --7:00] [Thread 12056] Zataralee commited suicide!
[14:44:04:257694 --7:00] [Thread 8168] Zataralee commited suicide!
[14:52:47:157601 --7:00] [Thread 11672] Scott was killed by an NPC!
[14:53:50:556269 --7:00] [Thread 8168] AkToker commited suicide!
[14:55:19:976087 --7:00] [Thread 8644] Mike Hawk was killed by an NPC!
[14:55:20:545466 --7:00] [Thread 8644] Scott was killed by an NPC!
[15:19:39:346439 --7:00] [Thread 12056] Zataralee commited suicide!
[15:27:05:297075 --7:00] [Thread 11672] AkToker commited suicide!
[15:30:42:972064 --7:00] [Thread 8168] Alisha commited suicide!
[15:31:03:504270 --7:00] [Thread 11672] Scott was killed by an NPC!
[15:36:40:703665 --7:00] [Thread 8168] Mike Hawk was killed by an NPC!
[15:38:26:309279 --7:00] [Thread 11672] AkToker was killed by an NPC!
[16:16:22:098979 --7:00] [Thread 11672] Mike Hawk commited suicide!
