extDB2: Version: 70
extDB2: https://github.com/Torndeco/extDB2
extDB2: Windows Version
Message: All development for extDB2 is done on a Linux Dedicated Server
Message: If you would like to Donate to extDB2 Development
Message: https://www.paypal.com/cgi-bin/webscr?cmd=_s-xclick&hosted_button_id=2SUEFTGABTAM2
Message: Also leave a message if there is any particular feature you would like to see added.
Message: Thanks for all the people that have donated.
Message: Torndeco: 20/02/15


extDB2: Found extdb-conf.ini
extDB2: Detected 8 Cores, Setting up 6 Worker Threads


[17:59:06:372160 --7:00] [Thread 6720] extDB2: Database Type: MySQL
[17:59:06:423651 --7:00] [Thread 6720] extDB2: Database Session Pool Started
[17:59:06:425238 --7:00] [Thread 6720] extDB2: SQL_CUSTOM_V2: Loading Template Filename: C:\Spokane_Survivalists\Game_Servers\Arma\@exileserver\extDB\sql_custom_v2\exile.ini
[17:59:06:425382 --7:00] [Thread 6720] extDB2: SQL_CUSTOM_V2: Version 12 Detected, Latest Version 12 Available
[18:08:37:666857 --7:00] [Thread 5768] extDB2: SQL_CUSTOM_V2: Error No Custom Call Not Found: Input String setAccountMoneyAndRespect:4250:4542:76561197994641119
[18:08:37:666913 --7:00] [Thread 5768] extDB2: SQL_CUSTOM_V2: Error No Custom Call Not Found: Callname setAccountMoneyAndRespect
[18:09:06:039453 --7:00] [Thread 5768] extDB2: SQL_CUSTOM_V2: Error No Custom Call Not Found: Input String setAccountMoneyAndRespect:4300:4552:76561197994641119
[18:09:06:039505 --7:00] [Thread 5768] extDB2: SQL_CUSTOM_V2: Error No Custom Call Not Found: Callname setAccountMoneyAndRespect
[18:09:08:388407 --7:00] [Thread 5768] extDB2: SQL_CUSTOM_V2: Error No Custom Call Not Found: Input String setAccountMoneyAndRespect:4350:4562:76561197994641119
[18:09:08:388456 --7:00] [Thread 5768] extDB2: SQL_CUSTOM_V2: Error No Custom Call Not Found: Callname setAccountMoneyAndRespect
[18:09:10:984236 --7:00] [Thread 5768] extDB2: SQL_CUSTOM_V2: Error No Custom Call Not Found: Input String setAccountMoneyAndRespect:4400:4572:76561197994641119
[18:09:10:984275 --7:00] [Thread 5768] extDB2: SQL_CUSTOM_V2: Error No Custom Call Not Found: Callname setAccountMoneyAndRespect
[18:09:15:366652 --7:00] [Thread 5768] extDB2: SQL_CUSTOM_V2: Error No Custom Call Not Found: Input String setAccountMoneyAndRespect:4450:4582:76561197994641119
[18:09:15:366684 --7:00] [Thread 5768] extDB2: SQL_CUSTOM_V2: Error No Custom Call Not Found: Callname setAccountMoneyAndRespect
[18:33:38:493615 --7:00] [Thread 6720] extDB2: Stopping ...
