extDB2: Version: 70
extDB2: https://github.com/Torndeco/extDB2
extDB2: Windows Version
Message: All development for extDB2 is done on a Linux Dedicated Server
Message: If you would like to Donate to extDB2 Development
Message: https://www.paypal.com/cgi-bin/webscr?cmd=_s-xclick&hosted_button_id=2SUEFTGABTAM2
Message: Also leave a message if there is any particular feature you would like to see added.
Message: Thanks for all the people that have donated.
Message: Torndeco: 20/02/15


extDB2: Found extdb-conf.ini
extDB2: Detected 8 Cores, Setting up 6 Worker Threads


[02:00:50:330185 --7:00] [Thread 7404] extDB2: Database Type: MySQL
[02:00:50:383487 --7:00] [Thread 7404] extDB2: Database Session Pool Started
[02:00:50:384948 --7:00] [Thread 7404] extDB2: SQL_CUSTOM_V2: Loading Template Filename: C:\Spokane_Survivalists\Game_Servers\Arma\@exileserver\extDB\sql_custom_v2\exile.ini
[02:00:50:385091 --7:00] [Thread 7404] extDB2: SQL_CUSTOM_V2: Version 12 Detected, Latest Version 12 Available
[02:11:52:272908 --7:00] [Thread 8092] extDB2: SQL_CUSTOM_V2: Error No Custom Call Not Found: Input String setAccountMoneyAndRespect:50:55846:76561197994641119
[02:11:52:272954 --7:00] [Thread 8092] extDB2: SQL_CUSTOM_V2: Error No Custom Call Not Found: Callname setAccountMoneyAndRespect
[02:12:07:576077 --7:00] [Thread 8092] extDB2: SQL_CUSTOM_V2: Error No Custom Call Not Found: Input String setAccountMoneyAndRespect:100:55856:76561197994641119
[02:12:07:576128 --7:00] [Thread 8092] extDB2: SQL_CUSTOM_V2: Error No Custom Call Not Found: Callname setAccountMoneyAndRespect
[02:12:25:623944 --7:00] [Thread 8092] extDB2: SQL_CUSTOM_V2: Error No Custom Call Not Found: Input String setAccountMoneyAndRespect:150:55866:76561197994641119
[02:12:25:623986 --7:00] [Thread 8092] extDB2: SQL_CUSTOM_V2: Error No Custom Call Not Found: Callname setAccountMoneyAndRespect
[02:12:38:783675 --7:00] [Thread 8092] extDB2: SQL_CUSTOM_V2: Error No Custom Call Not Found: Input String setAccountMoneyAndRespect:200:55876:76561197994641119
[02:12:38:783723 --7:00] [Thread 8092] extDB2: SQL_CUSTOM_V2: Error No Custom Call Not Found: Callname setAccountMoneyAndRespect
[02:12:43:141780 --7:00] [Thread 8092] extDB2: SQL_CUSTOM_V2: Error No Custom Call Not Found: Input String setAccountMoneyAndRespect:250:55886:76561197994641119
[02:12:43:141816 --7:00] [Thread 8092] extDB2: SQL_CUSTOM_V2: Error No Custom Call Not Found: Callname setAccountMoneyAndRespect
[02:22:16:296317 --7:00] [Thread 7404] extDB2: Stopping ...
