extDB2: Version: 70
extDB2: https://github.com/Torndeco/extDB2
extDB2: Windows Version
Message: All development for extDB2 is done on a Linux Dedicated Server
Message: If you would like to Donate to extDB2 Development
Message: https://www.paypal.com/cgi-bin/webscr?cmd=_s-xclick&hosted_button_id=2SUEFTGABTAM2
Message: Also leave a message if there is any particular feature you would like to see added.
Message: Thanks for all the people that have donated.
Message: Torndeco: 20/02/15


extDB2: Found extdb-conf.ini
extDB2: Detected 8 Cores, Setting up 6 Worker Threads


[03:23:01:912474 --7:00] [Thread 3472] extDB2: Database Type: MySQL
[03:23:01:964812 --7:00] [Thread 3472] extDB2: Database Session Pool Started
[03:23:01:966401 --7:00] [Thread 3472] extDB2: SQL_CUSTOM_V2: Loading Template Filename: C:\Spokane_Survivalists\Game_Servers\Arma\@exileserver\extDB\sql_custom_v2\exile.ini
[03:23:01:966541 --7:00] [Thread 3472] extDB2: SQL_CUSTOM_V2: Version 12 Detected, Latest Version 12 Available
[04:32:24:215000 --7:00] [Thread 7428] extDB2: SQL_CUSTOM_V2: Error No Custom Call Not Found: Input String setAccountMoneyAndRespect:19096:2834:76561197963221112
[04:32:24:215119 --7:00] [Thread 7428] extDB2: SQL_CUSTOM_V2: Error No Custom Call Not Found: Callname setAccountMoneyAndRespect
[04:38:26:494147 --7:00] [Thread 6272] extDB2: SQL_CUSTOM_V2: Error No Custom Call Not Found: Input String setAccountMoneyAndRespect:378010:55846:76561197994641119
[04:38:26:494189 --7:00] [Thread 6272] extDB2: SQL_CUSTOM_V2: Error No Custom Call Not Found: Callname setAccountMoneyAndRespect
[04:38:27:129122 --7:00] [Thread 6272] extDB2: SQL_CUSTOM_V2: Error No Custom Call Not Found: Input String setAccountMoneyAndRespect:378060:55856:76561197994641119
[04:38:27:129158 --7:00] [Thread 6272] extDB2: SQL_CUSTOM_V2: Error No Custom Call Not Found: Callname setAccountMoneyAndRespect
[04:38:30:565221 --7:00] [Thread 6272] extDB2: SQL_CUSTOM_V2: Error No Custom Call Not Found: Input String setAccountMoneyAndRespect:378110:55866:76561197994641119
[04:38:30:565252 --7:00] [Thread 6272] extDB2: SQL_CUSTOM_V2: Error No Custom Call Not Found: Callname setAccountMoneyAndRespect
[05:05:38:808313 --7:00] [Thread 4556] extDB2: SQL_CUSTOM_V2: Error No Custom Call Not Found: Input String setAccountMoneyAndRespect:50:48:76561197977973760
[05:05:38:808399 --7:00] [Thread 4556] extDB2: SQL_CUSTOM_V2: Error No Custom Call Not Found: Callname setAccountMoneyAndRespect
[05:06:11:231293 --7:00] [Thread 4556] extDB2: SQL_CUSTOM_V2: Error No Custom Call Not Found: Input String setAccountMoneyAndRespect:100:83:76561197977973760
[05:06:11:231338 --7:00] [Thread 4556] extDB2: SQL_CUSTOM_V2: Error No Custom Call Not Found: Callname setAccountMoneyAndRespect
[05:07:38:789764 --7:00] [Thread 4556] extDB2: SQL_CUSTOM_V2: Error No Custom Call Not Found: Input String setAccountMoneyAndRespect:150:104:76561197977973760
[05:07:38:789808 --7:00] [Thread 4556] extDB2: SQL_CUSTOM_V2: Error No Custom Call Not Found: Callname setAccountMoneyAndRespect
[05:07:39:816668 --7:00] [Thread 4556] extDB2: SQL_CUSTOM_V2: Error No Custom Call Not Found: Input String setAccountMoneyAndRespect:200:125:76561197977973760
[05:07:39:816716 --7:00] [Thread 4556] extDB2: SQL_CUSTOM_V2: Error No Custom Call Not Found: Callname setAccountMoneyAndRespect
[05:11:15:793943 --7:00] [Thread 4556] extDB2: SQL_CUSTOM_V2: Error No Custom Call Not Found: Input String setAccountMoneyAndRespect:250:146:76561197977973760
[05:11:15:793987 --7:00] [Thread 4556] extDB2: SQL_CUSTOM_V2: Error No Custom Call Not Found: Callname setAccountMoneyAndRespect
[05:12:04:148967 --7:00] [Thread 4556] extDB2: SQL_CUSTOM_V2: Error No Custom Call Not Found: Input String setAccountMoneyAndRespect:300:166:76561197977973760
[05:12:04:149011 --7:00] [Thread 4556] extDB2: SQL_CUSTOM_V2: Error No Custom Call Not Found: Callname setAccountMoneyAndRespect
[05:12:45:403409 --7:00] [Thread 4556] extDB2: SQL_CUSTOM_V2: Error No Custom Call Not Found: Input String setAccountMoneyAndRespect:350:176:76561197977973760
[05:12:45:403511 --7:00] [Thread 4556] extDB2: SQL_CUSTOM_V2: Error No Custom Call Not Found: Callname setAccountMoneyAndRespect
[06:01:51:012536 --7:00] [Thread 4556] extDB2: SQL_CUSTOM_V2: Error No Custom Call Not Found: Input String setAccountMoneyAndRespect:364:63:76561197989485092
[06:01:51:012622 --7:00] [Thread 4556] extDB2: SQL_CUSTOM_V2: Error No Custom Call Not Found: Callname setAccountMoneyAndRespect
[08:19:33:998483 --7:00] [Thread 7428] extDB2: SQL_CUSTOM_V2: Error No Custom Call Not Found: Input String setAccountMoneyAndRespect:50:858:76561198005489005
[08:19:33:998577 --7:00] [Thread 7428] extDB2: SQL_CUSTOM_V2: Error No Custom Call Not Found: Callname setAccountMoneyAndRespect
[08:19:36:925640 --7:00] [Thread 7428] extDB2: SQL_CUSTOM_V2: Error No Custom Call Not Found: Input String setAccountMoneyAndRespect:100:883:76561198005489005
[08:19:36:925680 --7:00] [Thread 7428] extDB2: SQL_CUSTOM_V2: Error No Custom Call Not Found: Callname setAccountMoneyAndRespect
[08:19:40:864978 --7:00] [Thread 7428] extDB2: SQL_CUSTOM_V2: Error No Custom Call Not Found: Input String setAccountMoneyAndRespect:150:908:76561198005489005
[08:19:40:865014 --7:00] [Thread 7428] extDB2: SQL_CUSTOM_V2: Error No Custom Call Not Found: Callname setAccountMoneyAndRespect
[08:19:43:153797 --7:00] [Thread 7428] extDB2: SQL_CUSTOM_V2: Error No Custom Call Not Found: Input String setAccountMoneyAndRespect:200:933:76561198005489005
[08:19:43:153836 --7:00] [Thread 7428] extDB2: SQL_CUSTOM_V2: Error No Custom Call Not Found: Callname setAccountMoneyAndRespect
[08:19:43:748240 --7:00] [Thread 3300] extDB2: SQL_CUSTOM_V2: Error No Custom Call Not Found: Input String setAccountMoneyAndRespect:250:921:76561198005489005
[08:19:43:748268 --7:00] [Thread 3300] extDB2: SQL_CUSTOM_V2: Error No Custom Call Not Found: Callname setAccountMoneyAndRespect
[08:30:49:862971 --7:00] [Thread 4556] extDB2: SQL_CUSTOM_V2: Error No Custom Call Not Found: Input String setAccountMoneyAndRespect:50:905:76561198005489005
[08:30:49:863016 --7:00] [Thread 4556] extDB2: SQL_CUSTOM_V2: Error No Custom Call Not Found: Callname setAccountMoneyAndRespect
[08:30:52:968680 --7:00] [Thread 4556] extDB2: SQL_CUSTOM_V2: Error No Custom Call Not Found: Input String setAccountMoneyAndRespect:100:932:76561198005489005
[08:30:52:968720 --7:00] [Thread 4556] extDB2: SQL_CUSTOM_V2: Error No Custom Call Not Found: Callname setAccountMoneyAndRespect
[09:03:11:141463 --7:00] [Thread 4556] extDB2: SQL_CUSTOM_V2: Error No Custom Call Not Found: Input String setAccountMoneyAndRespect:50:84:76561197989485092
[09:03:11:141549 --7:00] [Thread 4556] extDB2: SQL_CUSTOM_V2: Error No Custom Call Not Found: Callname setAccountMoneyAndRespect
[10:46:37:346590 --7:00] [Thread 7428] extDB2: SQL_CUSTOM_V2: Error No Custom Call Not Found: Input String setAccountMoneyAndRespect:75:304:76561197989485092
[10:46:37:346683 --7:00] [Thread 7428] extDB2: SQL_CUSTOM_V2: Error No Custom Call Not Found: Callname setAccountMoneyAndRespect
[12:04:07:947848 --7:00] [Thread 4556] extDB2: SQL_CUSTOM_V2: Error No Custom Call Not Found: Input String setAccountMoneyAndRespect:50:7196:76561197989485092
[12:04:07:947947 --7:00] [Thread 4556] extDB2: SQL_CUSTOM_V2: Error No Custom Call Not Found: Callname setAccountMoneyAndRespect
[17:03:57:684828 --7:00] [Thread 3472] extDB2: Stopping ...
