[21:42:07:724736 --7:00] [Thread 5436] PLAYER: ( 76561198057838107 ) R Alpha 1-2:1 (Tedward Fitzgerald) REMOTE SOLD ITEM hgun_Pistol_heavy_02_F FOR 44 POPTABS AND 4.4 RESPECT | PLAYER TOTAL MONEY: 1005044
[21:43:13:601117 --7:00] [Thread 6660] PLAYER: ( 76561198082074743 ) R Alpha 1-5:1 (Gin (Pockets) Fitzgerald) REMOTE PURCHASED VEHICLE Exile_Car_Ikarus_Blue FOR 17000 POPTABS | PLAYER TOTAL MONEY: 988000
[21:43:58:780996 --7:00] [Thread 5436] PLAYER: ( 76561198082074743 ) R Alpha 1-5:1 (Gin (Pockets) Fitzgerald) REMOTE PURCHASED ITEM B_AssaultPack_tna_F FOR 90 POPTABS | PLAYER TOTAL MONEY: 987910
[21:44:07:497129 --7:00] [Thread 3944] PLAYER: ( 76561198057838107 ) R Alpha 1-2:1 (Tedward Fitzgerald) REMOTE PURCHASED ITEM B_AssaultPack_tna_F FOR 90 POPTABS | PLAYER TOTAL MONEY: 1.00495e+006
[21:44:11:984967 --7:00] [Thread 5436] PLAYER: ( 76561198082074743 ) R Alpha 1-5:1 (Gin (Pockets) Fitzgerald) REMOTE PURCHASED ITEM V_PlateCarrier1_rgr FOR 80 POPTABS | PLAYER TOTAL MONEY: 987830
[21:44:20:038178 --7:00] [Thread 3944] PLAYER: ( 76561198082074743 ) R Alpha 1-5:1 (Gin (Pockets) Fitzgerald) REMOTE PURCHASED ITEM U_NikosAgedBody FOR 40 POPTABS | PLAYER TOTAL MONEY: 987790
[21:44:28:698099 --7:00] [Thread 5436] PLAYER: ( 76561198057838107 ) R Alpha 1-2:1 (Tedward Fitzgerald) REMOTE PURCHASED ITEM B_AssaultPack_tna_F FOR 90 POPTABS | PLAYER TOTAL MONEY: 1.00486e+006
[21:44:43:388781 --7:00] [Thread 3944] PLAYER: ( 76561198082074743 ) R Alpha 1-5:1 (Gin (Pockets) Fitzgerald) REMOTE PURCHASED ITEM G_Bandanna_oli FOR 6 POPTABS | PLAYER TOTAL MONEY: 987784
[21:44:46:997194 --7:00] [Thread 3944] PLAYER: ( 76561198082074743 ) R Alpha 1-5:1 (Gin (Pockets) Fitzgerald) REMOTE PURCHASED ITEM H_Watchcap_sgg FOR 6 POPTABS | PLAYER TOTAL MONEY: 987778
[21:45:23:295856 --7:00] [Thread 5436] PLAYER: ( 76561198082074743 ) R Alpha 1-5:1 (Gin (Pockets) Fitzgerald) REMOTE PURCHASED ITEM SMG_01_F FOR 150 POPTABS | PLAYER TOTAL MONEY: 987628
[21:45:29:497066 --7:00] [Thread 3944] PLAYER: ( 76561198082074743 ) R Alpha 1-5:1 (Gin (Pockets) Fitzgerald) REMOTE PURCHASED ITEM Exile_Weapon_LeeEnfield FOR 250 POPTABS | PLAYER TOTAL MONEY: 987378
[21:45:37:640607 --7:00] [Thread 5436] PLAYER: ( 76561198082074743 ) R Alpha 1-5:1 (Gin (Pockets) Fitzgerald) REMOTE PURCHASED ITEM optic_ERCO_khk_F FOR 125 POPTABS | PLAYER TOTAL MONEY: 987253
[21:45:56:262471 --7:00] [Thread 3944] PLAYER: ( 76561198057838107 ) R Alpha 1-2:1 (Tedward Fitzgerald) REMOTE PURCHASED ITEM V_PlateCarrier1_blk FOR 80 POPTABS | PLAYER TOTAL MONEY: 1.00478e+006
[21:46:07:102079 --7:00] [Thread 5436] PLAYER: ( 76561198082074743 ) R Alpha 1-5:1 (Gin (Pockets) Fitzgerald) REMOTE PURCHASED ITEM 30Rnd_45ACP_Mag_SMG_01 FOR 10 POPTABS | PLAYER TOTAL MONEY: 987243
[21:46:08:003729 --7:00] [Thread 5436] PLAYER: ( 76561198082074743 ) R Alpha 1-5:1 (Gin (Pockets) Fitzgerald) REMOTE PURCHASED ITEM 30Rnd_45ACP_Mag_SMG_01 FOR 10 POPTABS | PLAYER TOTAL MONEY: 987233
[21:46:14:974370 --7:00] [Thread 3944] PLAYER: ( 76561198057838107 ) R Alpha 1-2:1 (Tedward Fitzgerald) REMOTE PURCHASED ITEM U_I_C_Soldier_Bandit_2_F FOR 15 POPTABS | PLAYER TOTAL MONEY: 1.00477e+006
[21:47:05:454000 --7:00] [Thread 5436] PLAYER: ( 76561198057838107 ) R Alpha 1-2:1 (Tedward Fitzgerald) REMOTE PURCHASED ITEM 30Rnd_9x21_Mag_SMG_02 FOR 10 POPTABS | PLAYER TOTAL MONEY: 1.00476e+006
[21:47:06:685922 --7:00] [Thread 3944] PLAYER: ( 76561198057838107 ) R Alpha 1-2:1 (Tedward Fitzgerald) REMOTE PURCHASED ITEM 30Rnd_9x21_Mag_SMG_02 FOR 10 POPTABS | PLAYER TOTAL MONEY: 1.00475e+006
[21:47:07:829578 --7:00] [Thread 5436] PLAYER: ( 76561198057838107 ) R Alpha 1-2:1 (Tedward Fitzgerald) REMOTE PURCHASED ITEM 30Rnd_9x21_Mag_SMG_02 FOR 10 POPTABS | PLAYER TOTAL MONEY: 1.00474e+006
[21:47:08:929686 --7:00] [Thread 5436] PLAYER: ( 76561198057838107 ) R Alpha 1-2:1 (Tedward Fitzgerald) REMOTE PURCHASED ITEM 30Rnd_9x21_Mag_SMG_02 FOR 10 POPTABS | PLAYER TOTAL MONEY: 1.00473e+006
[21:47:10:138490 --7:00] [Thread 3944] PLAYER: ( 76561198057838107 ) R Alpha 1-2:1 (Tedward Fitzgerald) REMOTE PURCHASED ITEM 30Rnd_9x21_Mag_SMG_02 FOR 10 POPTABS | PLAYER TOTAL MONEY: 1.00472e+006
[21:47:40:615091 --7:00] [Thread 3944] PLAYER: ( 76561198057838107 ) R Alpha 1-2:1 (Tedward Fitzgerald) REMOTE PURCHASED ITEM Exile_Weapon_TaurusGold FOR 150 POPTABS | PLAYER TOTAL MONEY: 1.00457e+006
[21:47:45:944641 --7:00] [Thread 5436] PLAYER: ( 76561198082074743 ) R Alpha 1-5:1 (Gin (Pockets) Fitzgerald) REMOTE PURCHASED ITEM acc_flashlight FOR 4 POPTABS | PLAYER TOTAL MONEY: 987229
[21:47:50:606993 --7:00] [Thread 6660] PLAYER: ( 76561198057838107 ) R Alpha 1-2:1 (Tedward Fitzgerald) REMOTE SOLD ITEM SMG_05_F FOR 85 POPTABS AND 8.5 RESPECT | PLAYER TOTAL MONEY: 1004654
[21:48:09:508587 --7:00] [Thread 5436] PLAYER: ( 76561198082074743 ) R Alpha 1-5:1 (Gin (Pockets) Fitzgerald) REMOTE PURCHASED ITEM muzzle_snds_acp FOR 10 POPTABS | PLAYER TOTAL MONEY: 987219
[21:48:33:643273 --7:00] [Thread 6660] PLAYER: ( 76561198082074743 ) R Alpha 1-5:1 (Gin (Pockets) Fitzgerald) REMOTE PURCHASED ITEM Exile_Magazine_10Rnd_303 FOR 20 POPTABS | PLAYER TOTAL MONEY: 987199
[21:48:35:272468 --7:00] [Thread 5436] PLAYER: ( 76561198082074743 ) R Alpha 1-5:1 (Gin (Pockets) Fitzgerald) REMOTE PURCHASED ITEM Exile_Magazine_10Rnd_303 FOR 20 POPTABS | PLAYER TOTAL MONEY: 987179
[21:48:36:151898 --7:00] [Thread 6660] PLAYER: ( 76561198082074743 ) R Alpha 1-5:1 (Gin (Pockets) Fitzgerald) REMOTE PURCHASED ITEM Exile_Magazine_10Rnd_303 FOR 20 POPTABS | PLAYER TOTAL MONEY: 987159
[21:48:37:472845 --7:00] [Thread 5436] PLAYER: ( 76561198082074743 ) R Alpha 1-5:1 (Gin (Pockets) Fitzgerald) REMOTE PURCHASED ITEM Exile_Magazine_10Rnd_303 FOR 20 POPTABS | PLAYER TOTAL MONEY: 987139
[21:48:38:726611 --7:00] [Thread 5436] PLAYER: ( 76561198082074743 ) R Alpha 1-5:1 (Gin (Pockets) Fitzgerald) REMOTE PURCHASED ITEM Exile_Magazine_10Rnd_303 FOR 20 POPTABS | PLAYER TOTAL MONEY: 987119
[21:48:43:766028 --7:00] [Thread 5436] PLAYER: ( 76561198057838107 ) R Alpha 1-2:1 (Tedward Fitzgerald) REMOTE PURCHASED ITEM 6Rnd_45ACP_Cylinder FOR 8 POPTABS | PLAYER TOTAL MONEY: 1.00465e+006
[21:48:45:017783 --7:00] [Thread 6660] PLAYER: ( 76561198057838107 ) R Alpha 1-2:1 (Tedward Fitzgerald) REMOTE PURCHASED ITEM 6Rnd_45ACP_Cylinder FOR 8 POPTABS | PLAYER TOTAL MONEY: 1.00464e+006
[21:48:46:156479 --7:00] [Thread 5436] PLAYER: ( 76561198057838107 ) R Alpha 1-2:1 (Tedward Fitzgerald) REMOTE PURCHASED ITEM 6Rnd_45ACP_Cylinder FOR 8 POPTABS | PLAYER TOTAL MONEY: 1.00463e+006
[21:48:47:320901 --7:00] [Thread 5436] PLAYER: ( 76561198057838107 ) R Alpha 1-2:1 (Tedward Fitzgerald) REMOTE PURCHASED ITEM 6Rnd_45ACP_Cylinder FOR 8 POPTABS | PLAYER TOTAL MONEY: 1.00462e+006
[21:48:48:287900 --7:00] [Thread 5436] PLAYER: ( 76561198057838107 ) R Alpha 1-2:1 (Tedward Fitzgerald) REMOTE PURCHASED ITEM 6Rnd_45ACP_Cylinder FOR 8 POPTABS | PLAYER TOTAL MONEY: 1.00461e+006
[21:48:49:388438 --7:00] [Thread 6660] PLAYER: ( 76561198057838107 ) R Alpha 1-2:1 (Tedward Fitzgerald) REMOTE PURCHASED ITEM 6Rnd_45ACP_Cylinder FOR 8 POPTABS | PLAYER TOTAL MONEY: 1.00461e+006
[21:48:50:489374 --7:00] [Thread 5436] PLAYER: ( 76561198057838107 ) R Alpha 1-2:1 (Tedward Fitzgerald) REMOTE PURCHASED ITEM 6Rnd_45ACP_Cylinder FOR 8 POPTABS | PLAYER TOTAL MONEY: 1.0046e+006
[21:48:50:621219 --7:00] [Thread 6660] PLAYER: ( 76561198082074743 ) R Alpha 1-5:1 (Gin (Pockets) Fitzgerald) REMOTE PURCHASED ITEM 30Rnd_45ACP_Mag_SMG_01 FOR 10 POPTABS | PLAYER TOTAL MONEY: 987109
[21:48:52:360376 --7:00] [Thread 5436] PLAYER: ( 76561198082074743 ) R Alpha 1-5:1 (Gin (Pockets) Fitzgerald) REMOTE PURCHASED ITEM 30Rnd_45ACP_Mag_SMG_01 FOR 10 POPTABS | PLAYER TOTAL MONEY: 987099
[21:48:53:681299 --7:00] [Thread 6660] PLAYER: ( 76561198082074743 ) R Alpha 1-5:1 (Gin (Pockets) Fitzgerald) REMOTE PURCHASED ITEM 30Rnd_45ACP_Mag_SMG_01 FOR 10 POPTABS | PLAYER TOTAL MONEY: 987089
[21:49:29:719425 --7:00] [Thread 6660] PLAYER: ( 76561198057838107 ) R Alpha 1-2:1 (Tedward Fitzgerald) REMOTE PURCHASED ITEM arifle_SPAR_01_blk_F FOR 400 POPTABS | PLAYER TOTAL MONEY: 1.0042e+006
[21:49:47:964541 --7:00] [Thread 5436] PLAYER: ( 76561198057838107 ) R Alpha 1-2:1 (Tedward Fitzgerald) REMOTE PURCHASED ITEM optic_Aco FOR 70 POPTABS | PLAYER TOTAL MONEY: 1.00413e+006
[21:50:05:104018 --7:00] [Thread 6660] PLAYER: ( 76561198057838107 ) R Alpha 1-2:1 (Tedward Fitzgerald) REMOTE PURCHASED ITEM 30Rnd_556x45_Stanag_Tracer_Red FOR 20 POPTABS | PLAYER TOTAL MONEY: 1.00411e+006
[21:50:25:506660 --7:00] [Thread 5436] PLAYER: ( 76561198057838107 ) R Alpha 1-2:1 (Tedward Fitzgerald) REMOTE PURCHASED ITEM muzzle_snds_M FOR 10 POPTABS | PLAYER TOTAL MONEY: 1.0041e+006
[21:50:39:103707 --7:00] [Thread 6660] PLAYER: ( 76561198057838107 ) R Alpha 1-2:1 (Tedward Fitzgerald) REMOTE PURCHASED ITEM 30Rnd_556x45_Stanag_Tracer_Red FOR 20 POPTABS | PLAYER TOTAL MONEY: 1.00408e+006
[21:50:39:697515 --7:00] [Thread 3944] PLAYER: ( 76561198082074743 ) R Alpha 1-5:1 (Gin (Pockets) Fitzgerald) REMOTE PURCHASED VEHICLE SKIN ["Exile_psycho_Ikarus\Data\bus_exterior_eciv_co.paa"] (Exile_Car_Ikarus_Abstract) FOR 200 POPTABS | PLAYER TOTAL MONEY: 66889
[21:50:40:313600 --7:00] [Thread 5436] PLAYER: ( 76561198057838107 ) R Alpha 1-2:1 (Tedward Fitzgerald) REMOTE PURCHASED ITEM 30Rnd_556x45_Stanag_Tracer_Red FOR 20 POPTABS | PLAYER TOTAL MONEY: 1.00406e+006
[21:50:41:414247 --7:00] [Thread 6660] PLAYER: ( 76561198057838107 ) R Alpha 1-2:1 (Tedward Fitzgerald) REMOTE PURCHASED ITEM 30Rnd_556x45_Stanag_Tracer_Red FOR 20 POPTABS | PLAYER TOTAL MONEY: 1.00404e+006
[21:50:42:502932 --7:00] [Thread 5436] PLAYER: ( 76561198057838107 ) R Alpha 1-2:1 (Tedward Fitzgerald) REMOTE PURCHASED ITEM 30Rnd_556x45_Stanag_Tracer_Red FOR 20 POPTABS | PLAYER TOTAL MONEY: 1.00402e+006
[21:50:43:571198 --7:00] [Thread 6660] PLAYER: ( 76561198057838107 ) R Alpha 1-2:1 (Tedward Fitzgerald) REMOTE PURCHASED ITEM 30Rnd_556x45_Stanag_Tracer_Red FOR 20 POPTABS | PLAYER TOTAL MONEY: 1.004e+006
[21:50:44:529514 --7:00] [Thread 5436] PLAYER: ( 76561198057838107 ) R Alpha 1-2:1 (Tedward Fitzgerald) REMOTE PURCHASED ITEM 30Rnd_556x45_Stanag_Tracer_Red FOR 20 POPTABS | PLAYER TOTAL MONEY: 1.00398e+006
[21:50:45:650120 --7:00] [Thread 6660] PLAYER: ( 76561198057838107 ) R Alpha 1-2:1 (Tedward Fitzgerald) REMOTE PURCHASED ITEM 30Rnd_556x45_Stanag_Tracer_Red FOR 20 POPTABS | PLAYER TOTAL MONEY: 1.00396e+006
[21:50:46:705758 --7:00] [Thread 5436] PLAYER: ( 76561198057838107 ) R Alpha 1-2:1 (Tedward Fitzgerald) REMOTE PURCHASED ITEM 30Rnd_556x45_Stanag_Tracer_Red FOR 20 POPTABS | PLAYER TOTAL MONEY: 1.00394e+006
[21:50:47:740500 --7:00] [Thread 6660] PLAYER: ( 76561198057838107 ) R Alpha 1-2:1 (Tedward Fitzgerald) REMOTE PURCHASED ITEM 30Rnd_556x45_Stanag_Tracer_Red FOR 20 POPTABS | PLAYER TOTAL MONEY: 1.00392e+006
[21:50:47:894676 --7:00] [Thread 5436] PLAYER: ( 76561197994641119 ) R Moisturizers:1 (Zataralee) REMOTE PURCHASED ITEM arifle_MXM_F FOR 550 POPTABS | PLAYER TOTAL MONEY: 3650
[21:50:48:706286 --7:00] [Thread 6660] PLAYER: ( 76561198057838107 ) R Alpha 1-2:1 (Tedward Fitzgerald) REMOTE PURCHASED ITEM 30Rnd_556x45_Stanag_Tracer_Red FOR 20 POPTABS | PLAYER TOTAL MONEY: 1.0039e+006
[21:50:52:500169 --7:00] [Thread 5436] PLAYER: ( 76561198057838107 ) R Alpha 1-2:1 (Tedward Fitzgerald) REMOTE PURCHASED ITEM 30Rnd_556x45_Stanag_Tracer_Red FOR 20 POPTABS | PLAYER TOTAL MONEY: 1.00388e+006
[21:50:54:079169 --7:00] [Thread 5436] PLAYER: ( 76561198057838107 ) R Alpha 1-2:1 (Tedward Fitzgerald) REMOTE PURCHASED ITEM 30Rnd_556x45_Stanag_Tracer_Red FOR 20 POPTABS | PLAYER TOTAL MONEY: 1.00386e+006
[21:50:55:063846 --7:00] [Thread 6660] PLAYER: ( 76561198057838107 ) R Alpha 1-2:1 (Tedward Fitzgerald) REMOTE PURCHASED ITEM 30Rnd_556x45_Stanag_Tracer_Red FOR 20 POPTABS | PLAYER TOTAL MONEY: 1.00384e+006
[21:50:56:026808 --7:00] [Thread 5436] PLAYER: ( 76561198057838107 ) R Alpha 1-2:1 (Tedward Fitzgerald) REMOTE PURCHASED ITEM 30Rnd_556x45_Stanag_Tracer_Red FOR 20 POPTABS | PLAYER TOTAL MONEY: 1.00382e+006
[21:50:56:945012 --7:00] [Thread 6660] PLAYER: ( 76561198057838107 ) R Alpha 1-2:1 (Tedward Fitzgerald) REMOTE PURCHASED ITEM 30Rnd_556x45_Stanag_Tracer_Red FOR 20 POPTABS | PLAYER TOTAL MONEY: 1.0038e+006
[21:50:57:843087 --7:00] [Thread 5436] PLAYER: ( 76561198057838107 ) R Alpha 1-2:1 (Tedward Fitzgerald) REMOTE PURCHASED ITEM 30Rnd_556x45_Stanag_Tracer_Red FOR 20 POPTABS | PLAYER TOTAL MONEY: 1.00378e+006
[21:51:12:032679 --7:00] [Thread 6660] PLAYER: ( 76561197994641119 ) R Moisturizers:1 (Zataralee) REMOTE PURCHASED ITEM optic_Nightstalker FOR 1000 POPTABS | PLAYER TOTAL MONEY: 2650
[21:52:17:041221 --7:00] [Thread 5436] PLAYER: ( 76561198057838107 ) R Alpha 1-2:1 (Tedward Fitzgerald) REMOTE PURCHASED ITEM G_Bandanna_sport FOR 6 POPTABS | PLAYER TOTAL MONEY: 1.00377e+006
[21:52:24:635123 --7:00] [Thread 5436] PLAYER: ( 76561198057838107 ) R Alpha 1-2:1 (Tedward Fitzgerald) REMOTE PURCHASED ITEM H_Booniehat_dgtl FOR 6 POPTABS | PLAYER TOTAL MONEY: 1.00377e+006
[21:53:37:150564 --7:00] [Thread 6660] PLAYER: ( 76561197994641119 ) R Moisturizers:1 (Zataralee) REMOTE PURCHASED ITEM 30Rnd_65x39_caseless_mag FOR 20 POPTABS | PLAYER TOTAL MONEY: 2630
[21:53:38:201236 --7:00] [Thread 5436] PLAYER: ( 76561197994641119 ) R Moisturizers:1 (Zataralee) REMOTE PURCHASED ITEM 30Rnd_65x39_caseless_mag FOR 20 POPTABS | PLAYER TOTAL MONEY: 2610
[21:53:39:165839 --7:00] [Thread 6660] PLAYER: ( 76561197994641119 ) R Moisturizers:1 (Zataralee) REMOTE PURCHASED ITEM 30Rnd_65x39_caseless_mag FOR 20 POPTABS | PLAYER TOTAL MONEY: 2590
[21:53:40:262084 --7:00] [Thread 5436] PLAYER: ( 76561197994641119 ) R Moisturizers:1 (Zataralee) REMOTE PURCHASED ITEM 30Rnd_65x39_caseless_mag FOR 20 POPTABS | PLAYER TOTAL MONEY: 2570
[21:53:41:536110 --7:00] [Thread 6660] PLAYER: ( 76561197994641119 ) R Moisturizers:1 (Zataralee) REMOTE PURCHASED ITEM 30Rnd_65x39_caseless_mag FOR 20 POPTABS | PLAYER TOTAL MONEY: 2550
[21:53:42:523485 --7:00] [Thread 6660] PLAYER: ( 76561197994641119 ) R Moisturizers:1 (Zataralee) REMOTE PURCHASED ITEM 30Rnd_65x39_caseless_mag FOR 20 POPTABS | PLAYER TOTAL MONEY: 2530
[21:53:43:578168 --7:00] [Thread 5436] PLAYER: ( 76561197994641119 ) R Moisturizers:1 (Zataralee) REMOTE PURCHASED ITEM 30Rnd_65x39_caseless_mag FOR 20 POPTABS | PLAYER TOTAL MONEY: 2510
[21:54:04:636228 --7:00] [Thread 5436] PLAYER: ( 76561197994641119 ) R Moisturizers:1 (Zataralee) REMOTE PURCHASED ITEM muzzle_snds_H_MG FOR 20 POPTABS | PLAYER TOTAL MONEY: 2490
[21:54:12:062852 --7:00] [Thread 6660] PLAYER: ( 76561197994641119 ) R Moisturizers:1 (Zataralee) REMOTE PURCHASED ITEM bipod_01_F_snd FOR 10 POPTABS | PLAYER TOTAL MONEY: 2480
[21:55:06:609631 --7:00] [Thread 3944] PLAYER: ( 76561198082074743 ) R Alpha 1-5:1 (Gin (Pockets) Fitzgerald) REMOTE PURCHASED VEHICLE Exile_Car_Golf_Red FOR 8000 POPTABS | PLAYER TOTAL MONEY: 58889
[22:03:07:136038 --7:00] [Thread 3944] PLAYER: ( 76561197994641119 ) R Moisturizers:1 (Zataralee) REMOTE PURCHASED VEHICLE Exile_Chopper_Orca_BlackCustom FOR 28000 POPTABS | PLAYER TOTAL MONEY: 974480
[22:06:07:530706 --7:00] [Thread 3944] PLAYER: ( 76561198082074743 ) R Alpha 1-5:1 (Gin (Pockets) Fitzgerald) REMOTE PURCHASED VEHICLE Exile_Bike_QuadBike_Black FOR 2500 POPTABS | PLAYER TOTAL MONEY: 56389
[22:39:56:074325 --7:00] [Thread 3232] PLAYER: ( 76561197994641119 ) R Moisturizers:1 (Zataralee) REMOTE PURCHASED ITEM O_NVGoggles_urb_F FOR 150 POPTABS | PLAYER TOTAL MONEY: 974530
[22:39:57:173861 --7:00] [Thread 6300] PLAYER: ( 76561197994641119 ) R Moisturizers:1 (Zataralee) REMOTE PURCHASED ITEM O_NVGoggles_urb_F FOR 150 POPTABS | PLAYER TOTAL MONEY: 974380
[22:39:59:820623 --7:00] [Thread 3232] PLAYER: ( 76561197994641119 ) R Moisturizers:1 (Zataralee) REMOTE PURCHASED ITEM O_NVGoggles_urb_F FOR 150 POPTABS | PLAYER TOTAL MONEY: 974230
[22:41:08:470440 --7:00] [Thread 3232] PLAYER: ( 76561197994641119 ) R Moisturizers:1 (Zataralee) REMOTE PURCHASED ITEM O_NVGoggles_urb_F FOR 150 POPTABS | PLAYER TOTAL MONEY: 974080
[00:51:53:488434 --7:00] [Thread 7756] PLAYER: ( 76561197994641119 ) R Moisturizers:1 (Zataralee) REMOTE SOLD ITEM: Exile_Car_Volha_White (ID# <null>) with Cargo [] FOR 3000 POPTABS AND 300 RESPECT | PLAYER TOTAL MONEY: 977280
[00:54:39:630620 --7:00] [Thread 7756] PLAYER: ( 76561197994641119 ) R Moisturizers:1 (Zataralee) REMOTE PURCHASED VEHICLE Exile_Boat_SDV_CSAT FOR 11000 POPTABS | PLAYER TOTAL MONEY: 966280
[01:00:11:847796 --7:00] [Thread 4384] PLAYER: ( 76561197994641119 ) R Moisturizers:2 (Zataralee) REMOTE PURCHASED ITEM G_B_Diving FOR 6 POPTABS | PLAYER TOTAL MONEY: 999994
[01:00:27:109170 --7:00] [Thread 7448] PLAYER: ( 76561197994641119 ) R Moisturizers:2 (Zataralee) REMOTE PURCHASED ITEM U_B_Wetsuit FOR 80 POPTABS | PLAYER TOTAL MONEY: 999914
[01:00:35:817972 --7:00] [Thread 4384] PLAYER: ( 76561197994641119 ) R Moisturizers:2 (Zataralee) REMOTE PURCHASED ITEM V_RebreatherB FOR 250 POPTABS | PLAYER TOTAL MONEY: 999664
[03:56:20:831513 --7:00] [Thread 7428] PLAYER: ( 76561197994641119 ) R Moisturizers:1 (Zataralee) REMOTE PURCHASED ITEM B_Bergen_mcamo_F FOR 400 POPTABS | PLAYER TOTAL MONEY: 404600
[03:56:37:529964 --7:00] [Thread 6272] PLAYER: ( 76561197994641119 ) R Moisturizers:1 (Zataralee) REMOTE PURCHASED ITEM V_PlateCarrierGL_rgr FOR 500 POPTABS | PLAYER TOTAL MONEY: 404100
[03:58:06:037261 --7:00] [Thread 6272] PLAYER: ( 76561197994641119 ) R Moisturizers:1 (Zataralee) REMOTE PURCHASED ITEM H_PilotHelmetHeli_I FOR 100 POPTABS | PLAYER TOTAL MONEY: 404000
[03:59:22:561475 --7:00] [Thread 7428] PLAYER: ( 76561197994641119 ) R Moisturizers:1 (Zataralee) REMOTE PURCHASED ITEM LMG_03_F FOR 300 POPTABS | PLAYER TOTAL MONEY: 403700
[03:59:34:626481 --7:00] [Thread 6272] PLAYER: ( 76561197994641119 ) R Moisturizers:1 (Zataralee) REMOTE PURCHASED ITEM muzzle_snds_m_snd_F FOR 15 POPTABS | PLAYER TOTAL MONEY: 403685
[03:59:38:863409 --7:00] [Thread 7428] PLAYER: ( 76561197994641119 ) R Moisturizers:1 (Zataralee) REMOTE PURCHASED ITEM 200Rnd_556x45_Box_Red_F FOR 90 POPTABS | PLAYER TOTAL MONEY: 403595
[03:59:39:821330 --7:00] [Thread 6272] PLAYER: ( 76561197994641119 ) R Moisturizers:1 (Zataralee) REMOTE PURCHASED ITEM 200Rnd_556x45_Box_Red_F FOR 90 POPTABS | PLAYER TOTAL MONEY: 403505
[03:59:40:765704 --7:00] [Thread 7428] PLAYER: ( 76561197994641119 ) R Moisturizers:1 (Zataralee) REMOTE PURCHASED ITEM 200Rnd_556x45_Box_Red_F FOR 90 POPTABS | PLAYER TOTAL MONEY: 403415
[03:59:41:666334 --7:00] [Thread 7428] PLAYER: ( 76561197994641119 ) R Moisturizers:1 (Zataralee) REMOTE PURCHASED ITEM 200Rnd_556x45_Box_Red_F FOR 90 POPTABS | PLAYER TOTAL MONEY: 403325
[03:59:42:590889 --7:00] [Thread 7428] PLAYER: ( 76561197994641119 ) R Moisturizers:1 (Zataralee) REMOTE PURCHASED ITEM 200Rnd_556x45_Box_Red_F FOR 90 POPTABS | PLAYER TOTAL MONEY: 403235
[03:59:43:514583 --7:00] [Thread 7428] PLAYER: ( 76561197994641119 ) R Moisturizers:1 (Zataralee) REMOTE PURCHASED ITEM 200Rnd_556x45_Box_Red_F FOR 90 POPTABS | PLAYER TOTAL MONEY: 403145
[03:59:44:371127 --7:00] [Thread 7428] PLAYER: ( 76561197994641119 ) R Moisturizers:1 (Zataralee) REMOTE PURCHASED ITEM 200Rnd_556x45_Box_Red_F FOR 90 POPTABS | PLAYER TOTAL MONEY: 403055
[03:59:45:183637 --7:00] [Thread 6272] PLAYER: ( 76561197994641119 ) R Moisturizers:1 (Zataralee) REMOTE PURCHASED ITEM 200Rnd_556x45_Box_Red_F FOR 90 POPTABS | PLAYER TOTAL MONEY: 402965
[03:59:45:884111 --7:00] [Thread 7428] PLAYER: ( 76561197994641119 ) R Moisturizers:1 (Zataralee) REMOTE PURCHASED ITEM 200Rnd_556x45_Box_Red_F FOR 90 POPTABS | PLAYER TOTAL MONEY: 402875
[03:59:46:565638 --7:00] [Thread 6272] PLAYER: ( 76561197994641119 ) R Moisturizers:1 (Zataralee) REMOTE PURCHASED ITEM 200Rnd_556x45_Box_Red_F FOR 90 POPTABS | PLAYER TOTAL MONEY: 402785
[04:00:01:178991 --7:00] [Thread 7428] PLAYER: ( 76561197994641119 ) R Moisturizers:1 (Zataralee) REMOTE PURCHASED ITEM optic_Nightstalker FOR 1000 POPTABS | PLAYER TOTAL MONEY: 401785
[04:02:15:512383 --7:00] [Thread 3300] PLAYER: ( 76561197994641119 ) R Moisturizers:1 (Zataralee) REMOTE PURCHASED VEHICLE Exile_Chopper_Hummingbird_Green FOR 23000 POPTABS | PLAYER TOTAL MONEY: 378785
[04:29:53:574516 --7:00] [Thread 6272] PLAYER: ( 76561197963221112 ) R Moisturizers:3 (AkToker) REMOTE PURCHASED ITEM U_Rangemaster FOR 40 POPTABS | PLAYER TOTAL MONEY: 19960
[04:29:59:727625 --7:00] [Thread 6272] PLAYER: ( 76561197963221112 ) R Moisturizers:3 (AkToker) REMOTE PURCHASED ITEM V_PlateCarrier1_rgr FOR 80 POPTABS | PLAYER TOTAL MONEY: 19880
[04:30:04:388579 --7:00] [Thread 7428] PLAYER: ( 76561197963221112 ) R Moisturizers:3 (AkToker) REMOTE PURCHASED ITEM B_AssaultPack_tna_F FOR 90 POPTABS | PLAYER TOTAL MONEY: 19790
[04:30:11:946402 --7:00] [Thread 6272] PLAYER: ( 76561197994641119 ) R Moisturizers:1 (Zataralee) REMOTE PURCHASED ITEM O_NVGoggles_ghex_F FOR 150 POPTABS | PLAYER TOTAL MONEY: 377960
[04:30:20:753339 --7:00] [Thread 7428] PLAYER: ( 76561197963221112 ) R Moisturizers:3 (AkToker) REMOTE PURCHASED ITEM H_Booniehat_tna_F FOR 4 POPTABS | PLAYER TOTAL MONEY: 19786
[04:30:34:016998 --7:00] [Thread 6272] PLAYER: ( 76561197963221112 ) R Moisturizers:3 (AkToker) REMOTE PURCHASED ITEM arifle_SPAR_01_khk_F FOR 400 POPTABS | PLAYER TOTAL MONEY: 19386
[04:30:41:663962 --7:00] [Thread 7428] PLAYER: ( 76561197963221112 ) R Moisturizers:3 (AkToker) REMOTE PURCHASED ITEM muzzle_snds_m_khk_F FOR 15 POPTABS | PLAYER TOTAL MONEY: 19371
[04:30:44:517100 --7:00] [Thread 6272] PLAYER: ( 76561197963221112 ) R Moisturizers:3 (AkToker) REMOTE PURCHASED ITEM optic_ERCO_khk_F FOR 125 POPTABS | PLAYER TOTAL MONEY: 19246
[04:31:02:932715 --7:00] [Thread 7428] PLAYER: ( 76561197963221112 ) R Moisturizers:3 (AkToker) REMOTE PURCHASED ITEM 30Rnd_556x45_Stanag FOR 20 POPTABS | PLAYER TOTAL MONEY: 19226
[04:31:03:658419 --7:00] [Thread 7428] PLAYER: ( 76561197963221112 ) R Moisturizers:3 (AkToker) REMOTE PURCHASED ITEM 30Rnd_556x45_Stanag FOR 20 POPTABS | PLAYER TOTAL MONEY: 19206
[04:31:04:383313 --7:00] [Thread 7428] PLAYER: ( 76561197963221112 ) R Moisturizers:3 (AkToker) REMOTE PURCHASED ITEM 30Rnd_556x45_Stanag FOR 20 POPTABS | PLAYER TOTAL MONEY: 19186
[04:31:05:172070 --7:00] [Thread 6272] PLAYER: ( 76561197963221112 ) R Moisturizers:3 (AkToker) REMOTE PURCHASED ITEM 30Rnd_556x45_Stanag FOR 20 POPTABS | PLAYER TOTAL MONEY: 19166
[04:31:05:896869 --7:00] [Thread 7428] PLAYER: ( 76561197963221112 ) R Moisturizers:3 (AkToker) REMOTE PURCHASED ITEM 30Rnd_556x45_Stanag FOR 20 POPTABS | PLAYER TOTAL MONEY: 19146
[04:31:06:666372 --7:00] [Thread 6272] PLAYER: ( 76561197963221112 ) R Moisturizers:3 (AkToker) REMOTE PURCHASED ITEM 30Rnd_556x45_Stanag FOR 20 POPTABS | PLAYER TOTAL MONEY: 19126
[04:31:07:370126 --7:00] [Thread 7428] PLAYER: ( 76561197963221112 ) R Moisturizers:3 (AkToker) REMOTE PURCHASED ITEM 30Rnd_556x45_Stanag FOR 20 POPTABS | PLAYER TOTAL MONEY: 19106
[04:31:08:138818 --7:00] [Thread 6272] PLAYER: ( 76561197963221112 ) R Moisturizers:3 (AkToker) REMOTE PURCHASED ITEM 30Rnd_556x45_Stanag FOR 20 POPTABS | PLAYER TOTAL MONEY: 19086
[04:31:08:864342 --7:00] [Thread 7428] PLAYER: ( 76561197963221112 ) R Moisturizers:3 (AkToker) REMOTE PURCHASED ITEM 30Rnd_556x45_Stanag FOR 20 POPTABS | PLAYER TOTAL MONEY: 19066
[04:31:09:632993 --7:00] [Thread 6272] PLAYER: ( 76561197963221112 ) R Moisturizers:3 (AkToker) REMOTE PURCHASED ITEM 30Rnd_556x45_Stanag FOR 20 POPTABS | PLAYER TOTAL MONEY: 19046
[04:31:25:310501 --7:00] [Thread 3300] PLAYER: ( 76561197977973760 ) R      :1 (an NPC!) REMOTE SOLD ITEM Exile_Melee_Axe FOR 50 POPTABS AND 5 RESPECT | PLAYER TOTAL MONEY: 50050
[04:31:26:386446 --7:00] [Thread 6272] PLAYER: ( 76561197977973760 ) R      :1 (an NPC!) REMOTE SOLD ITEM hgun_Pistol_heavy_02_F FOR 44 POPTABS AND 4.4 RESPECT | PLAYER TOTAL MONEY: 50094
[04:31:27:397063 --7:00] [Thread 3300] PLAYER: ( 76561197977973760 ) R      :1 (an NPC!) REMOTE SOLD ITEM ItemMap FOR 3 POPTABS AND 0.3 RESPECT | PLAYER TOTAL MONEY: 50097
[04:31:31:619814 --7:00] [Thread 6272] PLAYER: ( 76561197977973760 ) R      :1 (an NPC!) REMOTE SOLD ITEM Exile_Item_PlasticBottleFreshWater FOR 4 POPTABS AND 0.4 RESPECT | PLAYER TOTAL MONEY: 50101
[04:31:32:610499 --7:00] [Thread 3300] PLAYER: ( 76561197977973760 ) R      :1 (an NPC!) REMOTE SOLD ITEM 6Rnd_45ACP_Cylinder FOR 4 POPTABS AND 0.4 RESPECT | PLAYER TOTAL MONEY: 50105
[04:31:33:598590 --7:00] [Thread 7428] PLAYER: ( 76561197977973760 ) R      :1 (an NPC!) REMOTE SOLD ITEM 6Rnd_45ACP_Cylinder FOR 4 POPTABS AND 0.4 RESPECT | PLAYER TOTAL MONEY: 50109
[04:31:34:523372 --7:00] [Thread 6272] PLAYER: ( 76561197977973760 ) R      :1 (an NPC!) REMOTE SOLD ITEM 6Rnd_45ACP_Cylinder FOR 4 POPTABS AND 0.4 RESPECT | PLAYER TOTAL MONEY: 50113
[04:31:35:051168 --7:00] [Thread 7428] PLAYER: ( 76561197977973760 ) R      :1 (an NPC!) REMOTE SOLD ITEM Exile_Item_Bandage FOR 50 POPTABS AND 5 RESPECT | PLAYER TOTAL MONEY: 50163
[04:31:37:314611 --7:00] [Thread 6272] PLAYER: ( 76561197977973760 ) R      :1 (an NPC!) REMOTE SOLD ITEM Exile_Uniform_BambiOverall FOR 1 POPTABS AND 0.1 RESPECT | PLAYER TOTAL MONEY: 50164
[04:32:00:135997 --7:00] [Thread 7428] PLAYER: ( 76561197977973760 ) R      :1 (an NPC!) REMOTE PURCHASED ITEM U_C_Poor_1 FOR 20 POPTABS | PLAYER TOTAL MONEY: 50144
[04:32:07:824650 --7:00] [Thread 6272] PLAYER: ( 76561197977973760 ) R      :1 (an NPC!) REMOTE PURCHASED ITEM V_PlateCarrier1_blk FOR 80 POPTABS | PLAYER TOTAL MONEY: 50064
[04:32:18:632649 --7:00] [Thread 7428] PLAYER: ( 76561197977973760 ) R      :1 (an NPC!) REMOTE PURCHASED ITEM B_AssaultPack_tna_F FOR 90 POPTABS | PLAYER TOTAL MONEY: 49974
[04:33:19:345027 --7:00] [Thread 7428] PLAYER: ( 76561197977973760 ) R      :1 (an NPC!) REMOTE PURCHASED ITEM arifle_SPAR_01_GL_khk_F FOR 500 POPTABS | PLAYER TOTAL MONEY: 49474
[04:33:25:609071 --7:00] [Thread 6272] PLAYER: ( 76561197977973760 ) R      :1 (an NPC!) REMOTE PURCHASED ITEM muzzle_snds_m_khk_F FOR 15 POPTABS | PLAYER TOTAL MONEY: 49459
[04:33:34:307858 --7:00] [Thread 7428] PLAYER: ( 76561197977973760 ) R      :1 (an NPC!) REMOTE PURCHASED ITEM optic_ERCO_khk_F FOR 125 POPTABS | PLAYER TOTAL MONEY: 49334
[04:33:50:398519 --7:00] [Thread 6272] PLAYER: ( 76561197977973760 ) R      :1 (an NPC!) REMOTE PURCHASED ITEM 30Rnd_556x45_Stanag FOR 20 POPTABS | PLAYER TOTAL MONEY: 49314
[04:33:51:409573 --7:00] [Thread 6272] PLAYER: ( 76561197977973760 ) R      :1 (an NPC!) REMOTE PURCHASED ITEM 30Rnd_556x45_Stanag FOR 20 POPTABS | PLAYER TOTAL MONEY: 49294
[04:33:52:443255 --7:00] [Thread 7428] PLAYER: ( 76561197977973760 ) R      :1 (an NPC!) REMOTE PURCHASED ITEM 30Rnd_556x45_Stanag FOR 20 POPTABS | PLAYER TOTAL MONEY: 49274
[04:33:53:366099 --7:00] [Thread 6272] PLAYER: ( 76561197977973760 ) R      :1 (an NPC!) REMOTE PURCHASED ITEM 30Rnd_556x45_Stanag FOR 20 POPTABS | PLAYER TOTAL MONEY: 49254
[04:33:53:982524 --7:00] [Thread 7428] PLAYER: ( 76561197977973760 ) R      :1 (an NPC!) REMOTE PURCHASED ITEM 30Rnd_556x45_Stanag FOR 20 POPTABS | PLAYER TOTAL MONEY: 49234
[04:34:15:116249 --7:00] [Thread 7428] PLAYER: ( 76561197977973760 ) R      :1 (an NPC!) REMOTE PURCHASED ITEM Exile_Item_EnergyDrink FOR 40 POPTABS | PLAYER TOTAL MONEY: 49194
[04:34:15:884725 --7:00] [Thread 6272] PLAYER: ( 76561197977973760 ) R      :1 (an NPC!) REMOTE PURCHASED ITEM Exile_Item_EnergyDrink FOR 40 POPTABS | PLAYER TOTAL MONEY: 49154
[04:34:23:334331 --7:00] [Thread 7428] PLAYER: ( 76561197977973760 ) R      :1 (an NPC!) REMOTE PURCHASED ITEM Exile_Item_Noodles FOR 14 POPTABS | PLAYER TOTAL MONEY: 49140
[04:34:24:499862 --7:00] [Thread 6272] PLAYER: ( 76561197977973760 ) R      :1 (an NPC!) REMOTE PURCHASED ITEM Exile_Item_Noodles FOR 14 POPTABS | PLAYER TOTAL MONEY: 49126
[04:34:25:136355 --7:00] [Thread 7428] PLAYER: ( 76561197977973760 ) R      :1 (an NPC!) REMOTE PURCHASED ITEM Exile_Item_Noodles FOR 14 POPTABS | PLAYER TOTAL MONEY: 49112
[04:34:37:238393 --7:00] [Thread 6272] PLAYER: ( 76561197977973760 ) R      :1 (an NPC!) REMOTE PURCHASED ITEM ItemMap FOR 6 POPTABS | PLAYER TOTAL MONEY: 49106
[04:34:40:616728 --7:00] [Thread 7428] PLAYER: ( 76561197977973760 ) R      :1 (an NPC!) REMOTE PURCHASED ITEM Exile_Item_CanOpener FOR 80 POPTABS | PLAYER TOTAL MONEY: 49026
[04:34:42:200111 --7:00] [Thread 7428] PLAYER: ( 76561197977973760 ) R      :1 (an NPC!) REMOTE PURCHASED ITEM Exile_Item_DuctTape FOR 300 POPTABS | PLAYER TOTAL MONEY: 48726
[04:35:26:153303 --7:00] [Thread 6272] PLAYER: ( 76561197989485092 ) R      :2 (Stealthman) REMOTE PURCHASED ITEM B_AssaultPack_tna_F FOR 90 POPTABS | PLAYER TOTAL MONEY: 39910
[04:35:26:857250 --7:00] [Thread 7428] PLAYER: ( 76561197977973760 ) R      :1 (an NPC!) REMOTE PURCHASED ITEM Binocular FOR 40 POPTABS | PLAYER TOTAL MONEY: 48686
[04:35:39:491417 --7:00] [Thread 6272] PLAYER: ( 76561197989485092 ) R      :2 (Stealthman) REMOTE PURCHASED ITEM V_PlateCarrier1_rgr FOR 80 POPTABS | PLAYER TOTAL MONEY: 39830
[04:36:31:424448 --7:00] [Thread 7428] PLAYER: ( 76561197989485092 ) R      :2 (Stealthman) REMOTE PURCHASED ITEM U_I_C_Soldier_Bandit_3_F FOR 15 POPTABS | PLAYER TOTAL MONEY: 39815
[04:36:55:709364 --7:00] [Thread 7428] PLAYER: ( 76561197989485092 ) R      :2 (Stealthman) REMOTE PURCHASED ITEM H_MilCap_dgtl FOR 8 POPTABS | PLAYER TOTAL MONEY: 39807
[04:37:38:196487 --7:00] [Thread 6272] PLAYER: ( 76561197989485092 ) R      :2 (Stealthman) REMOTE PURCHASED ITEM arifle_SPAR_01_GL_khk_F FOR 500 POPTABS | PLAYER TOTAL MONEY: 39307
[04:38:04:800059 --7:00] [Thread 7428] PLAYER: ( 76561197989485092 ) R      :2 (Stealthman) REMOTE PURCHASED ITEM muzzle_snds_m_khk_F FOR 15 POPTABS | PLAYER TOTAL MONEY: 39292
[04:38:13:524018 --7:00] [Thread 7428] PLAYER: ( 76561197989485092 ) R      :2 (Stealthman) REMOTE PURCHASED ITEM 30Rnd_556x45_Stanag FOR 20 POPTABS | PLAYER TOTAL MONEY: 39272
[04:38:13:898194 --7:00] [Thread 6272] PLAYER: ( 76561197989485092 ) R      :2 (Stealthman) REMOTE PURCHASED ITEM 30Rnd_556x45_Stanag FOR 20 POPTABS | PLAYER TOTAL MONEY: 39252
[04:38:14:272433 --7:00] [Thread 7428] PLAYER: ( 76561197989485092 ) R      :2 (Stealthman) REMOTE PURCHASED ITEM 30Rnd_556x45_Stanag FOR 20 POPTABS | PLAYER TOTAL MONEY: 39232
[04:38:14:601947 --7:00] [Thread 6272] PLAYER: ( 76561197989485092 ) R      :2 (Stealthman) REMOTE PURCHASED ITEM 30Rnd_556x45_Stanag FOR 20 POPTABS | PLAYER TOTAL MONEY: 39212
[04:38:14:932466 --7:00] [Thread 6272] PLAYER: ( 76561197989485092 ) R      :2 (Stealthman) REMOTE PURCHASED ITEM 30Rnd_556x45_Stanag FOR 20 POPTABS | PLAYER TOTAL MONEY: 39192
[04:38:15:305594 --7:00] [Thread 7428] PLAYER: ( 76561197989485092 ) R      :2 (Stealthman) REMOTE PURCHASED ITEM 30Rnd_556x45_Stanag FOR 20 POPTABS | PLAYER TOTAL MONEY: 39172
[04:38:15:679891 --7:00] [Thread 6272] PLAYER: ( 76561197989485092 ) R      :2 (Stealthman) REMOTE PURCHASED ITEM 30Rnd_556x45_Stanag FOR 20 POPTABS | PLAYER TOTAL MONEY: 39152
[04:38:16:075114 --7:00] [Thread 6272] PLAYER: ( 76561197989485092 ) R      :2 (Stealthman) REMOTE PURCHASED ITEM 30Rnd_556x45_Stanag FOR 20 POPTABS | PLAYER TOTAL MONEY: 39132
[04:38:16:404325 --7:00] [Thread 7428] PLAYER: ( 76561197989485092 ) R      :2 (Stealthman) REMOTE PURCHASED ITEM 30Rnd_556x45_Stanag FOR 20 POPTABS | PLAYER TOTAL MONEY: 39112
[04:38:16:798973 --7:00] [Thread 6272] PLAYER: ( 76561197989485092 ) R      :2 (Stealthman) REMOTE PURCHASED ITEM 30Rnd_556x45_Stanag FOR 20 POPTABS | PLAYER TOTAL MONEY: 39092
[04:38:17:129333 --7:00] [Thread 7428] PLAYER: ( 76561197989485092 ) R      :2 (Stealthman) REMOTE PURCHASED ITEM 30Rnd_556x45_Stanag FOR 20 POPTABS | PLAYER TOTAL MONEY: 39072
[04:38:17:524937 --7:00] [Thread 6272] PLAYER: ( 76561197989485092 ) R      :2 (Stealthman) REMOTE PURCHASED ITEM 30Rnd_556x45_Stanag FOR 20 POPTABS | PLAYER TOTAL MONEY: 39052
[04:38:57:180520 --7:00] [Thread 7428] PLAYER: ( 76561197989485092 ) R      :2 (Stealthman) REMOTE PURCHASED ITEM optic_Arco FOR 100 POPTABS | PLAYER TOTAL MONEY: 38952
[04:39:20:030832 --7:00] [Thread 6272] PLAYER: ( 76561197977973760 ) R      :1 (an NPC!) REMOTE PURCHASED ITEM Exile_Item_DuctTape FOR 300 POPTABS | PLAYER TOTAL MONEY: 43386
[04:39:21:657267 --7:00] [Thread 7428] PLAYER: ( 76561197989485092 ) R      :2 (Stealthman) REMOTE PURCHASED ITEM Exile_Item_DuctTape FOR 300 POPTABS | PLAYER TOTAL MONEY: 38652
[04:39:22:670181 --7:00] [Thread 6272] PLAYER: ( 76561197989485092 ) R      :2 (Stealthman) REMOTE PURCHASED ITEM Exile_Item_DuctTape FOR 300 POPTABS | PLAYER TOTAL MONEY: 38352
[04:40:03:233092 --7:00] [Thread 6272] PLAYER: ( 76561197977973760 ) R      :1 (an NPC!) REMOTE PURCHASED ITEM 30Rnd_556x45_Stanag FOR 20 POPTABS | PLAYER TOTAL MONEY: 43366
[04:40:04:026075 --7:00] [Thread 7428] PLAYER: ( 76561197977973760 ) R      :1 (an NPC!) REMOTE PURCHASED ITEM 30Rnd_556x45_Stanag FOR 20 POPTABS | PLAYER TOTAL MONEY: 43346
[04:40:19:688952 --7:00] [Thread 7428] PLAYER: ( 76561197977973760 ) R      :1 (an NPC!) REMOTE PURCHASED ITEM Exile_Item_CamoTentKit FOR 250 POPTABS | PLAYER TOTAL MONEY: 43096
[04:40:21:491623 --7:00] [Thread 6272] PLAYER: ( 76561197989485092 ) R      :2 (Stealthman) REMOTE PURCHASED ITEM Exile_Item_Heatpack FOR 50 POPTABS | PLAYER TOTAL MONEY: 38302
[04:40:41:211138 --7:00] [Thread 7428] PLAYER: ( 76561197977973760 ) R      :1 (an NPC!) REMOTE PURCHASED ITEM MetalBarrel_burning_F_Kit FOR 10000 POPTABS | PLAYER TOTAL MONEY: 33096
[04:40:55:558443 --7:00] [Thread 6272] PLAYER: ( 76561197989485092 ) R      :2 (Stealthman) REMOTE PURCHASED ITEM Binocular FOR 40 POPTABS | PLAYER TOTAL MONEY: 38262
[04:41:17:182755 --7:00] [Thread 7428] PLAYER: ( 76561197989485092 ) R      :2 (Stealthman) REMOTE PURCHASED ITEM Exile_Item_CamoTentKit FOR 250 POPTABS | PLAYER TOTAL MONEY: 38012
[04:41:55:385857 --7:00] [Thread 6272] PLAYER: ( 76561197989485092 ) R      :2 (Stealthman) REMOTE PURCHASED ITEM Exile_Item_MountainDupe FOR 30 POPTABS | PLAYER TOTAL MONEY: 37982
[04:41:56:088369 --7:00] [Thread 7428] PLAYER: ( 76561197989485092 ) R      :2 (Stealthman) REMOTE PURCHASED ITEM Exile_Item_MountainDupe FOR 30 POPTABS | PLAYER TOTAL MONEY: 37952
[04:41:56:830144 --7:00] [Thread 6272] PLAYER: ( 76561197989485092 ) R      :2 (Stealthman) REMOTE PURCHASED ITEM Exile_Item_MountainDupe FOR 30 POPTABS | PLAYER TOTAL MONEY: 37922
[04:42:01:842062 --7:00] [Thread 6272] PLAYER: ( 76561197989485092 ) R      :2 (Stealthman) REMOTE PURCHASED ITEM Exile_Item_Raisins FOR 10 POPTABS | PLAYER TOTAL MONEY: 37912
[04:42:02:633587 --7:00] [Thread 7428] PLAYER: ( 76561197989485092 ) R      :2 (Stealthman) REMOTE PURCHASED ITEM Exile_Item_Raisins FOR 10 POPTABS | PLAYER TOTAL MONEY: 37902
[04:42:05:250952 --7:00] [Thread 6272] PLAYER: ( 76561197989485092 ) R      :2 (Stealthman) REMOTE PURCHASED ITEM Exile_Item_Raisins FOR 10 POPTABS | PLAYER TOTAL MONEY: 37892
[04:42:05:647215 --7:00] [Thread 7428] PLAYER: ( 76561197989485092 ) R      :2 (Stealthman) REMOTE PURCHASED ITEM Exile_Item_Raisins FOR 10 POPTABS | PLAYER TOTAL MONEY: 37882
[04:42:05:977445 --7:00] [Thread 6272] PLAYER: ( 76561197977973760 ) R      :1 (an NPC!) REMOTE PURCHASED ITEM Exile_Item_EnergyDrink FOR 40 POPTABS | PLAYER TOTAL MONEY: 4960
[04:42:05:999707 --7:00] [Thread 4556] PLAYER: ( 76561197989485092 ) R      :2 (Stealthman) REMOTE PURCHASED ITEM Exile_Item_Raisins FOR 10 POPTABS | PLAYER TOTAL MONEY: 37872
[04:42:06:374021 --7:00] [Thread 3300] PLAYER: ( 76561197989485092 ) R      :2 (Stealthman) REMOTE PURCHASED ITEM Exile_Item_Raisins FOR 10 POPTABS | PLAYER TOTAL MONEY: 37862
[04:42:07:009347 --7:00] [Thread 4556] PLAYER: ( 76561197977973760 ) R      :1 (an NPC!) REMOTE PURCHASED ITEM Exile_Item_EnergyDrink FOR 40 POPTABS | PLAYER TOTAL MONEY: 4920
[04:42:07:668859 --7:00] [Thread 3300] PLAYER: ( 76561197977973760 ) R      :1 (an NPC!) REMOTE PURCHASED ITEM Exile_Item_EnergyDrink FOR 40 POPTABS | PLAYER TOTAL MONEY: 4880
[04:42:09:140924 --7:00] [Thread 4556] PLAYER: ( 76561197989485092 ) R      :2 (Stealthman) REMOTE PURCHASED ITEM Exile_Item_EnergyDrink FOR 40 POPTABS | PLAYER TOTAL MONEY: 37822
[04:42:09:559252 --7:00] [Thread 3300] PLAYER: ( 76561197989485092 ) R      :2 (Stealthman) REMOTE PURCHASED ITEM Exile_Item_EnergyDrink FOR 40 POPTABS | PLAYER TOTAL MONEY: 37782
[04:42:12:332632 --7:00] [Thread 3300] PLAYER: ( 76561197977973760 ) R      :1 (an NPC!) REMOTE PURCHASED ITEM Exile_Item_Noodles FOR 14 POPTABS | PLAYER TOTAL MONEY: 4866
[04:42:15:168148 --7:00] [Thread 4556] PLAYER: ( 76561197977973760 ) R      :1 (an NPC!) REMOTE PURCHASED ITEM Exile_Item_Noodles FOR 14 POPTABS | PLAYER TOTAL MONEY: 4852
[04:42:16:111166 --7:00] [Thread 4556] PLAYER: ( 76561197977973760 ) R      :1 (an NPC!) REMOTE PURCHASED ITEM Exile_Item_Noodles FOR 14 POPTABS | PLAYER TOTAL MONEY: 4838
[04:42:16:969301 --7:00] [Thread 3300] PLAYER: ( 76561197977973760 ) R      :1 (an NPC!) REMOTE PURCHASED ITEM Exile_Item_Noodles FOR 14 POPTABS | PLAYER TOTAL MONEY: 4824
[04:42:17:783380 --7:00] [Thread 3300] PLAYER: ( 76561197977973760 ) R      :1 (an NPC!) REMOTE PURCHASED ITEM Exile_Item_Noodles FOR 14 POPTABS | PLAYER TOTAL MONEY: 4810
[04:42:18:728154 --7:00] [Thread 4556] PLAYER: ( 76561197977973760 ) R      :1 (an NPC!) REMOTE PURCHASED ITEM Exile_Item_Noodles FOR 14 POPTABS | PLAYER TOTAL MONEY: 4796
[04:42:19:542857 --7:00] [Thread 3300] PLAYER: ( 76561197977973760 ) R      :1 (an NPC!) REMOTE PURCHASED ITEM Exile_Item_Noodles FOR 14 POPTABS | PLAYER TOTAL MONEY: 4782
[04:42:20:027171 --7:00] [Thread 3300] PLAYER: ( 76561197977973760 ) R      :1 (an NPC!) REMOTE PURCHASED ITEM Exile_Item_Noodles FOR 14 POPTABS | PLAYER TOTAL MONEY: 4768
[04:42:29:618334 --7:00] [Thread 4556] PLAYER: ( 76561198064338936 ) R Moisturizers:2 (Mike Hawk) REMOTE PURCHASED ITEM G_B_Diving FOR 6 POPTABS | PLAYER TOTAL MONEY: 4994
[04:42:47:663284 --7:00] [Thread 6272] PLAYER: ( 76561197994641119 ) R Moisturizers:1 (Zataralee) REMOTE PURCHASED ITEM U_B_Wetsuit FOR 80 POPTABS | PLAYER TOTAL MONEY: 378030
[04:43:20:850923 --7:00] [Thread 3300] PLAYER: ( 76561197994641119 ) R Moisturizers:1 (Zataralee) REMOTE PURCHASED VEHICLE Exile_Boat_RHIB FOR 1500 POPTABS | PLAYER TOTAL MONEY: 376530
[05:21:09:788467 --7:00] [Thread 3300] PLAYER: ( 76561198005489005 ) R Alpha 1-3:1 (Jason) REMOTE SOLD ITEM: Exile_Chopper_Hummingbird_Civillian_Digital (ID# <null>) with Cargo [] FOR 8500 POPTABS AND 850 RESPECT | PLAYER TOTAL MONEY: 8500
[05:24:00:173391 --7:00] [Thread 3300] PLAYER: ( 76561197977973760 ) R      :1 (an NPC!) REMOTE SOLD ITEM LMG_Mk200_F FOR 195 POPTABS AND 19.5 RESPECT | PLAYER TOTAL MONEY: 545
[05:24:10:806003 --7:00] [Thread 6272] PLAYER: ( 76561197977973760 ) R      :1 (an NPC!) REMOTE SOLD ITEM 200Rnd_65x39_cased_Box FOR 15 POPTABS AND 1.5 RESPECT | PLAYER TOTAL MONEY: 560
[05:25:31:362070 --7:00] [Thread 6272] PLAYER: ( 76561197977973760 ) R      :1 (an NPC!) REMOTE SOLD ITEM arifle_MX_GL_Black_F FOR 225 POPTABS AND 22.5 RESPECT | PLAYER TOTAL MONEY: 785
[05:28:29:382760 --7:00] [Thread 7680] PLAYER: ( 76561197977973760 ) R      :1 (an NPC!) REMOTE SOLD ITEM: Exile_Car_Offroad_Armed_Guerilla01 (ID# <null>) with Cargo ["30Rnd_556x45_Stanag","30Rnd_556x45_Stanag","30Rnd_556x45_Stanag","arifle_SPAR_01_GL_khk_F","LMG_Mk200_F","200Rnd_65x39_cased_Box","arifle_MX_Black_F","arifle_SPAR_01_GL_khk_F","arifle_Mk20_plain_F","30Rnd_556x45_Stanag","muzzle_snds_m_khk_F","muzzle_snds_m_khk_F"] FOR 13519 POPTABS AND 1351.9 RESPECT | PLAYER TOTAL MONEY: 14304
[05:28:57:578114 --7:00] [Thread 7680] PLAYER: ( 76561197989485092 ) R      :2 (Stealthman) REMOTE SOLD ITEM hgun_Pistol_heavy_02_F FOR 44 POPTABS AND 4.4 RESPECT | PLAYER TOTAL MONEY: 44
[05:30:32:458364 --7:00] [Thread 6272] PLAYER: ( 76561197989485092 ) R      :2 (Stealthman) REMOTE SOLD ITEM 30Rnd_556x45_Stanag FOR 10 POPTABS AND 1 RESPECT | PLAYER TOTAL MONEY: 54
[05:30:34:083462 --7:00] [Thread 7680] PLAYER: ( 76561197989485092 ) R      :2 (Stealthman) REMOTE SOLD ITEM 30Rnd_556x45_Stanag FOR 10 POPTABS AND 1 RESPECT | PLAYER TOTAL MONEY: 64
[05:30:35:644019 --7:00] [Thread 4556] PLAYER: ( 76561197989485092 ) R      :2 (Stealthman) REMOTE SOLD ITEM 30Rnd_556x45_Stanag FOR 10 POPTABS AND 1 RESPECT | PLAYER TOTAL MONEY: 74
[05:30:37:645715 --7:00] [Thread 7680] PLAYER: ( 76561197989485092 ) R      :2 (Stealthman) REMOTE SOLD ITEM 16Rnd_9x21_Mag FOR 10 POPTABS AND 1 RESPECT | PLAYER TOTAL MONEY: 84
[05:30:39:180990 --7:00] [Thread 4556] PLAYER: ( 76561197989485092 ) R      :2 (Stealthman) REMOTE SOLD ITEM 30Rnd_556x45_Stanag FOR 10 POPTABS AND 1 RESPECT | PLAYER TOTAL MONEY: 94
[05:30:40:541913 --7:00] [Thread 7680] PLAYER: ( 76561197989485092 ) R      :2 (Stealthman) REMOTE SOLD ITEM 30Rnd_556x45_Stanag FOR 10 POPTABS AND 1 RESPECT | PLAYER TOTAL MONEY: 104
[05:30:42:342266 --7:00] [Thread 4556] PLAYER: ( 76561197989485092 ) R      :2 (Stealthman) REMOTE SOLD ITEM 30Rnd_556x45_Stanag FOR 10 POPTABS AND 1 RESPECT | PLAYER TOTAL MONEY: 114
[05:30:50:960375 --7:00] [Thread 7680] PLAYER: ( 76561197989485092 ) R      :2 (Stealthman) REMOTE SOLD ITEM optic_MRCO FOR 50 POPTABS AND 5 RESPECT | PLAYER TOTAL MONEY: 164
[05:30:52:451459 --7:00] [Thread 4556] PLAYER: ( 76561197989485092 ) R      :2 (Stealthman) REMOTE SOLD ITEM optic_Arco FOR 50 POPTABS AND 5 RESPECT | PLAYER TOTAL MONEY: 214
[05:31:00:649335 --7:00] [Thread 6272] PLAYER: ( 76561197989485092 ) R      :2 (Stealthman) REMOTE SOLD ITEM 30Rnd_556x45_Stanag FOR 10 POPTABS AND 1 RESPECT | PLAYER TOTAL MONEY: 224
[05:31:02:120256 --7:00] [Thread 6272] PLAYER: ( 76561197989485092 ) R      :2 (Stealthman) REMOTE SOLD ITEM 30Rnd_556x45_Stanag FOR 10 POPTABS AND 1 RESPECT | PLAYER TOTAL MONEY: 234
[05:31:03:523770 --7:00] [Thread 7680] PLAYER: ( 76561197989485092 ) R      :2 (Stealthman) REMOTE SOLD ITEM 30Rnd_556x45_Stanag FOR 10 POPTABS AND 1 RESPECT | PLAYER TOTAL MONEY: 244
[05:31:04:976925 --7:00] [Thread 6272] PLAYER: ( 76561197989485092 ) R      :2 (Stealthman) REMOTE SOLD ITEM 30Rnd_556x45_Stanag FOR 10 POPTABS AND 1 RESPECT | PLAYER TOTAL MONEY: 254
[05:31:06:299135 --7:00] [Thread 7680] PLAYER: ( 76561197989485092 ) R      :2 (Stealthman) REMOTE SOLD ITEM 30Rnd_556x45_Stanag FOR 10 POPTABS AND 1 RESPECT | PLAYER TOTAL MONEY: 264
[05:31:07:903956 --7:00] [Thread 6272] PLAYER: ( 76561197989485092 ) R      :2 (Stealthman) REMOTE SOLD ITEM 30Rnd_556x45_Stanag FOR 10 POPTABS AND 1 RESPECT | PLAYER TOTAL MONEY: 274
[05:31:09:616632 --7:00] [Thread 7680] PLAYER: ( 76561197989485092 ) R      :2 (Stealthman) REMOTE SOLD ITEM 30Rnd_556x45_Stanag FOR 10 POPTABS AND 1 RESPECT | PLAYER TOTAL MONEY: 284
[05:31:11:747066 --7:00] [Thread 7680] PLAYER: ( 76561197989485092 ) R      :2 (Stealthman) REMOTE SOLD ITEM 30Rnd_556x45_Stanag FOR 10 POPTABS AND 1 RESPECT | PLAYER TOTAL MONEY: 294
[05:31:14:269532 --7:00] [Thread 4556] PLAYER: ( 76561197989485092 ) R      :2 (Stealthman) REMOTE SOLD ITEM 30Rnd_556x45_Stanag FOR 10 POPTABS AND 1 RESPECT | PLAYER TOTAL MONEY: 304
[05:31:15:589374 --7:00] [Thread 6272] PLAYER: ( 76561197989485092 ) R      :2 (Stealthman) REMOTE SOLD ITEM 30Rnd_556x45_Stanag FOR 10 POPTABS AND 1 RESPECT | PLAYER TOTAL MONEY: 314
[05:35:57:301425 --7:00] [Thread 4556] PLAYER: ( 76561197977973760 ) R      :1 (an NPC!) REMOTE PURCHASED ITEM Land_Stone_4m_F_Kit FOR 15000 POPTABS | PLAYER TOTAL MONEY: 85000
[05:35:58:226191 --7:00] [Thread 4556] PLAYER: ( 76561197977973760 ) R      :1 (an NPC!) REMOTE PURCHASED ITEM Land_Stone_4m_F_Kit FOR 15000 POPTABS | PLAYER TOTAL MONEY: 70000
[05:36:15:824757 --7:00] [Thread 4556] PLAYER: ( 76561197989485092 ) R      :2 (Stealthman) REMOTE PURCHASED ITEM Land_Stone_Gate_F_Kit FOR 15000 POPTABS | PLAYER TOTAL MONEY: 15314
[05:37:00:882733 --7:00] [Thread 4556] PLAYER: ( 76561197989485092 ) R      :2 (Stealthman) REMOTE PURCHASED ITEM Land_Stone_Gate_F_Kit FOR 15000 POPTABS | PLAYER TOTAL MONEY: 314
[06:01:23:639754 --7:00] [Thread 7428] PLAYER: ( 76561197977973760 ) R an NPC!'s Party:1 (an NPC!) REMOTE SOLD ITEM: Exile_Chopper_Taru_Transport_CSAT (ID# <null>) with Cargo [] FOR 8500 POPTABS AND 850 RESPECT | PLAYER TOTAL MONEY: 8500
[06:14:54:091373 --7:00] [Thread 7680] PLAYER: ( 76561197989485092 ) R Alpha 1-1:1 (Stealthman) REMOTE SOLD ITEM: I_Truck_02_medical_F (ID# <null>) with Cargo [] FOR 0 POPTABS AND 0 RESPECT | PLAYER TOTAL MONEY: 0
[06:42:37:108875 --7:00] [Thread 6272] PLAYER: ( 76561197989485092 ) R Alpha 1-1:1 (Stealthman) REMOTE PURCHASED ITEM Exile_Item_DuctTape FOR 300 POPTABS | PLAYER TOTAL MONEY: 39700
[06:42:42:445684 --7:00] [Thread 6272] PLAYER: ( 76561197989485092 ) R Alpha 1-1:1 (Stealthman) REMOTE PURCHASED ITEM Binocular FOR 40 POPTABS | PLAYER TOTAL MONEY: 39660
[06:44:25:884991 --7:00] [Thread 4556] PLAYER: ( 76561197989485092 ) R Alpha 1-1:1 (Stealthman) REMOTE PURCHASED ITEM arifle_SPAR_01_GL_khk_F FOR 500 POPTABS | PLAYER TOTAL MONEY: 39160
[06:45:19:277147 --7:00] [Thread 6272] PLAYER: ( 76561197989485092 ) R Alpha 1-1:1 (Stealthman) REMOTE PURCHASED ITEM B_AssaultPack_sgg FOR 90 POPTABS | PLAYER TOTAL MONEY: 39070
[06:45:26:647914 --7:00] [Thread 4556] PLAYER: ( 76561197989485092 ) R Alpha 1-1:1 (Stealthman) REMOTE PURCHASED ITEM V_PlateCarrier1_rgr FOR 80 POPTABS | PLAYER TOTAL MONEY: 38990
[06:45:55:793107 --7:00] [Thread 6272] PLAYER: ( 76561197989485092 ) R Alpha 1-1:1 (Stealthman) REMOTE PURCHASED ITEM U_I_C_Soldier_Bandit_1_F FOR 15 POPTABS | PLAYER TOTAL MONEY: 38975
[06:46:01:655646 --7:00] [Thread 4556] PLAYER: ( 76561197989485092 ) R Alpha 1-1:1 (Stealthman) REMOTE PURCHASED ITEM H_Booniehat_indp FOR 6 POPTABS | PLAYER TOTAL MONEY: 38969
[06:46:28:067163 --7:00] [Thread 6272] PLAYER: ( 76561197989485092 ) R Alpha 1-1:1 (Stealthman) REMOTE PURCHASED ITEM muzzle_snds_m_khk_F FOR 15 POPTABS | PLAYER TOTAL MONEY: 38954
[06:46:31:388581 --7:00] [Thread 4556] PLAYER: ( 76561197989485092 ) R Alpha 1-1:1 (Stealthman) REMOTE PURCHASED ITEM 30Rnd_556x45_Stanag FOR 20 POPTABS | PLAYER TOTAL MONEY: 38934
[06:46:31:960822 --7:00] [Thread 6272] PLAYER: ( 76561197989485092 ) R Alpha 1-1:1 (Stealthman) REMOTE PURCHASED ITEM 30Rnd_556x45_Stanag FOR 20 POPTABS | PLAYER TOTAL MONEY: 38914
[06:46:32:334474 --7:00] [Thread 4556] PLAYER: ( 76561197989485092 ) R Alpha 1-1:1 (Stealthman) REMOTE PURCHASED ITEM 30Rnd_556x45_Stanag FOR 20 POPTABS | PLAYER TOTAL MONEY: 38894
[06:46:32:684586 --7:00] [Thread 4556] PLAYER: ( 76561197989485092 ) R Alpha 1-1:1 (Stealthman) REMOTE PURCHASED ITEM 30Rnd_556x45_Stanag FOR 20 POPTABS | PLAYER TOTAL MONEY: 38874
[06:46:33:037009 --7:00] [Thread 6272] PLAYER: ( 76561197989485092 ) R Alpha 1-1:1 (Stealthman) REMOTE PURCHASED ITEM 30Rnd_556x45_Stanag FOR 20 POPTABS | PLAYER TOTAL MONEY: 38854
[06:46:33:367233 --7:00] [Thread 4556] PLAYER: ( 76561197989485092 ) R Alpha 1-1:1 (Stealthman) REMOTE PURCHASED ITEM 30Rnd_556x45_Stanag FOR 20 POPTABS | PLAYER TOTAL MONEY: 38834
[06:46:33:696694 --7:00] [Thread 6272] PLAYER: ( 76561197989485092 ) R Alpha 1-1:1 (Stealthman) REMOTE PURCHASED ITEM 30Rnd_556x45_Stanag FOR 20 POPTABS | PLAYER TOTAL MONEY: 38814
[06:46:34:026931 --7:00] [Thread 4556] PLAYER: ( 76561197989485092 ) R Alpha 1-1:1 (Stealthman) REMOTE PURCHASED ITEM 30Rnd_556x45_Stanag FOR 20 POPTABS | PLAYER TOTAL MONEY: 38794
[06:46:34:376118 --7:00] [Thread 6272] PLAYER: ( 76561197989485092 ) R Alpha 1-1:1 (Stealthman) REMOTE PURCHASED ITEM 30Rnd_556x45_Stanag FOR 20 POPTABS | PLAYER TOTAL MONEY: 38774
[06:46:34:728471 --7:00] [Thread 4556] PLAYER: ( 76561197989485092 ) R Alpha 1-1:1 (Stealthman) REMOTE PURCHASED ITEM 30Rnd_556x45_Stanag FOR 20 POPTABS | PLAYER TOTAL MONEY: 38754
[06:46:35:058693 --7:00] [Thread 6272] PLAYER: ( 76561197989485092 ) R Alpha 1-1:1 (Stealthman) REMOTE PURCHASED ITEM 30Rnd_556x45_Stanag FOR 20 POPTABS | PLAYER TOTAL MONEY: 38734
[06:46:35:455036 --7:00] [Thread 4556] PLAYER: ( 76561197989485092 ) R Alpha 1-1:1 (Stealthman) REMOTE PURCHASED ITEM 30Rnd_556x45_Stanag FOR 20 POPTABS | PLAYER TOTAL MONEY: 38714
[06:46:35:785645 --7:00] [Thread 6272] PLAYER: ( 76561197989485092 ) R Alpha 1-1:1 (Stealthman) REMOTE PURCHASED ITEM 30Rnd_556x45_Stanag FOR 20 POPTABS | PLAYER TOTAL MONEY: 38694
[06:47:02:228013 --7:00] [Thread 4556] PLAYER: ( 76561197989485092 ) R Alpha 1-1:1 (Stealthman) REMOTE PURCHASED ITEM optic_Arco FOR 100 POPTABS | PLAYER TOTAL MONEY: 38594
[06:47:04:902503 --7:00] [Thread 6272] PLAYER: ( 76561197989485092 ) R Alpha 1-1:1 (Stealthman) REMOTE PURCHASED ITEM optic_MRCO FOR 100 POPTABS | PLAYER TOTAL MONEY: 38494
[06:48:17:296644 --7:00] [Thread 6272] PLAYER: ( 76561197989485092 ) R Alpha 1-1:1 (Stealthman) REMOTE PURCHASED ITEM Exile_Item_Raisins FOR 10 POPTABS | PLAYER TOTAL MONEY: 38484
[06:48:17:735955 --7:00] [Thread 6272] PLAYER: ( 76561197989485092 ) R Alpha 1-1:1 (Stealthman) REMOTE PURCHASED ITEM Exile_Item_Raisins FOR 10 POPTABS | PLAYER TOTAL MONEY: 38474
[06:48:18:262279 --7:00] [Thread 6272] PLAYER: ( 76561197989485092 ) R Alpha 1-1:1 (Stealthman) REMOTE PURCHASED ITEM Exile_Item_Raisins FOR 10 POPTABS | PLAYER TOTAL MONEY: 38464
[06:48:18:614823 --7:00] [Thread 4556] PLAYER: ( 76561197989485092 ) R Alpha 1-1:1 (Stealthman) REMOTE PURCHASED ITEM Exile_Item_Raisins FOR 10 POPTABS | PLAYER TOTAL MONEY: 38454
[06:48:18:945112 --7:00] [Thread 6272] PLAYER: ( 76561197989485092 ) R Alpha 1-1:1 (Stealthman) REMOTE PURCHASED ITEM Exile_Item_Raisins FOR 10 POPTABS | PLAYER TOTAL MONEY: 38444
[06:48:20:808091 --7:00] [Thread 4556] PLAYER: ( 76561197989485092 ) R Alpha 1-1:1 (Stealthman) REMOTE PURCHASED ITEM Exile_Item_EnergyDrink FOR 40 POPTABS | PLAYER TOTAL MONEY: 38404
[06:48:21:160299 --7:00] [Thread 6272] PLAYER: ( 76561197989485092 ) R Alpha 1-1:1 (Stealthman) REMOTE PURCHASED ITEM Exile_Item_EnergyDrink FOR 40 POPTABS | PLAYER TOTAL MONEY: 38364
[06:48:21:511559 --7:00] [Thread 4556] PLAYER: ( 76561197989485092 ) R Alpha 1-1:1 (Stealthman) REMOTE PURCHASED ITEM Exile_Item_EnergyDrink FOR 40 POPTABS | PLAYER TOTAL MONEY: 38324
[06:48:21:906799 --7:00] [Thread 6272] PLAYER: ( 76561197989485092 ) R Alpha 1-1:1 (Stealthman) REMOTE PURCHASED ITEM Exile_Item_EnergyDrink FOR 40 POPTABS | PLAYER TOTAL MONEY: 38284
[06:48:38:048905 --7:00] [Thread 3300] PLAYER: ( 76561197989485092 ) R Alpha 1-1:1 (Stealthman) REMOTE PURCHASED ITEM Exile_Item_DuctTape FOR 300 POPTABS | PLAYER TOTAL MONEY: 37984
[08:04:26:745111 --7:00] [Thread 7428] PLAYER: ( 76561197989485092 ) R Alpha 1-5:1 (Stealthman) REMOTE SOLD ITEM: B_T_Truck_01_covered_F (ID# <null>) with Cargo [] FOR 0 POPTABS AND 0 RESPECT | PLAYER TOTAL MONEY: 0
[08:05:35:466492 --7:00] [Thread 7428] PLAYER: ( 76561197989485092 ) R Alpha 1-5:1 (Stealthman) REMOTE SOLD ITEM hgun_Pistol_heavy_02_F FOR 44 POPTABS AND 4.4 RESPECT | PLAYER TOTAL MONEY: 44
[08:05:40:073910 --7:00] [Thread 7680] PLAYER: ( 76561197989485092 ) R Alpha 1-5:1 (Stealthman) REMOTE SOLD ITEM Exile_Melee_Axe FOR 50 POPTABS AND 5 RESPECT | PLAYER TOTAL MONEY: 94
[08:05:44:885889 --7:00] [Thread 7428] PLAYER: ( 76561197989485092 ) R Alpha 1-5:1 (Stealthman) REMOTE SOLD ITEM 6Rnd_45ACP_Cylinder FOR 4 POPTABS AND 0.4 RESPECT | PLAYER TOTAL MONEY: 98
[08:05:46:447455 --7:00] [Thread 7680] PLAYER: ( 76561197989485092 ) R Alpha 1-5:1 (Stealthman) REMOTE SOLD ITEM Exile_Item_Beer FOR 25 POPTABS AND 2.5 RESPECT | PLAYER TOTAL MONEY: 123
[08:05:48:183615 --7:00] [Thread 7428] PLAYER: ( 76561197989485092 ) R Alpha 1-5:1 (Stealthman) REMOTE SOLD ITEM Exile_Item_Bandage FOR 50 POPTABS AND 5 RESPECT | PLAYER TOTAL MONEY: 173
[08:05:49:986121 --7:00] [Thread 4556] PLAYER: ( 76561197989485092 ) R Alpha 1-5:1 (Stealthman) REMOTE SOLD ITEM 6Rnd_45ACP_Cylinder FOR 4 POPTABS AND 0.4 RESPECT | PLAYER TOTAL MONEY: 177
[08:05:51:545050 --7:00] [Thread 7428] PLAYER: ( 76561197989485092 ) R Alpha 1-5:1 (Stealthman) REMOTE SOLD ITEM 6Rnd_45ACP_Cylinder FOR 4 POPTABS AND 0.4 RESPECT | PLAYER TOTAL MONEY: 181
[08:07:23:801103 --7:00] [Thread 7428] PLAYER: ( 76561197989485092 ) R Alpha 1-5:1 (Stealthman) REMOTE PURCHASED ITEM B_AssaultPack_tna_F FOR 90 POPTABS | PLAYER TOTAL MONEY: 10091
[08:07:40:911836 --7:00] [Thread 7428] PLAYER: ( 76561197989485092 ) R Alpha 1-5:1 (Stealthman) REMOTE PURCHASED ITEM H_Booniehat_indp FOR 6 POPTABS | PLAYER TOTAL MONEY: 10085
[08:07:50:611192 --7:00] [Thread 4556] PLAYER: ( 76561197989485092 ) R Alpha 1-5:1 (Stealthman) REMOTE PURCHASED ITEM V_PlateCarrier1_rgr FOR 80 POPTABS | PLAYER TOTAL MONEY: 10005
[08:08:00:641433 --7:00] [Thread 7428] PLAYER: ( 76561197989485092 ) R Alpha 1-5:1 (Stealthman) REMOTE PURCHASED ITEM U_I_C_Soldier_Bandit_3_F FOR 15 POPTABS | PLAYER TOTAL MONEY: 9990
[08:08:31:647875 --7:00] [Thread 4556] PLAYER: ( 76561197989485092 ) R Alpha 1-5:1 (Stealthman) REMOTE PURCHASED ITEM arifle_SPAR_01_GL_khk_F FOR 500 POPTABS | PLAYER TOTAL MONEY: 9490
[08:09:07:685842 --7:00] [Thread 7428] PLAYER: ( 76561197989485092 ) R Alpha 1-5:1 (Stealthman) REMOTE PURCHASED ITEM muzzle_snds_m_khk_F FOR 15 POPTABS | PLAYER TOTAL MONEY: 9475
[08:09:19:251641 --7:00] [Thread 4556] PLAYER: ( 76561197989485092 ) R Alpha 1-5:1 (Stealthman) REMOTE PURCHASED ITEM optic_MRCO FOR 100 POPTABS | PLAYER TOTAL MONEY: 9375
[08:09:21:119914 --7:00] [Thread 7428] PLAYER: ( 76561197989485092 ) R Alpha 1-5:1 (Stealthman) REMOTE PURCHASED ITEM optic_Arco_ghex_F FOR 100 POPTABS | PLAYER TOTAL MONEY: 9275
[08:10:00:483669 --7:00] [Thread 4556] PLAYER: ( 76561197989485092 ) R Alpha 1-5:1 (Stealthman) REMOTE PURCHASED ITEM 30Rnd_556x45_Stanag FOR 20 POPTABS | PLAYER TOTAL MONEY: 9255
[08:10:36:175039 --7:00] [Thread 7428] PLAYER: ( 76561197989485092 ) R Alpha 1-5:1 (Stealthman) REMOTE PURCHASED ITEM 30Rnd_556x45_Stanag FOR 20 POPTABS | PLAYER TOTAL MONEY: 9235
[08:10:36:900913 --7:00] [Thread 4556] PLAYER: ( 76561197989485092 ) R Alpha 1-5:1 (Stealthman) REMOTE PURCHASED ITEM 30Rnd_556x45_Stanag FOR 20 POPTABS | PLAYER TOTAL MONEY: 9215
[08:10:37:231102 --7:00] [Thread 7428] PLAYER: ( 76561197989485092 ) R Alpha 1-5:1 (Stealthman) REMOTE PURCHASED ITEM 30Rnd_556x45_Stanag FOR 20 POPTABS | PLAYER TOTAL MONEY: 9195
[08:10:37:625475 --7:00] [Thread 7428] PLAYER: ( 76561197989485092 ) R Alpha 1-5:1 (Stealthman) REMOTE PURCHASED ITEM 30Rnd_556x45_Stanag FOR 20 POPTABS | PLAYER TOTAL MONEY: 9175
[08:10:37:909064 --7:00] [Thread 4556] PLAYER: ( 76561197989485092 ) R Alpha 1-5:1 (Stealthman) REMOTE PURCHASED ITEM 30Rnd_556x45_Stanag FOR 20 POPTABS | PLAYER TOTAL MONEY: 9155
[08:10:38:216810 --7:00] [Thread 7428] PLAYER: ( 76561197989485092 ) R Alpha 1-5:1 (Stealthman) REMOTE PURCHASED ITEM 30Rnd_556x45_Stanag FOR 20 POPTABS | PLAYER TOTAL MONEY: 9135
[08:10:38:745180 --7:00] [Thread 4556] PLAYER: ( 76561197989485092 ) R Alpha 1-5:1 (Stealthman) REMOTE PURCHASED ITEM 30Rnd_556x45_Stanag FOR 20 POPTABS | PLAYER TOTAL MONEY: 9115
[08:10:39:140452 --7:00] [Thread 4556] PLAYER: ( 76561197989485092 ) R Alpha 1-5:1 (Stealthman) REMOTE PURCHASED ITEM 30Rnd_556x45_Stanag FOR 20 POPTABS | PLAYER TOTAL MONEY: 9095
[08:10:39:490654 --7:00] [Thread 7428] PLAYER: ( 76561197989485092 ) R Alpha 1-5:1 (Stealthman) REMOTE PURCHASED ITEM 30Rnd_556x45_Stanag FOR 20 POPTABS | PLAYER TOTAL MONEY: 9075
[08:11:07:905181 --7:00] [Thread 4556] PLAYER: ( 76561197989485092 ) R Alpha 1-5:1 (Stealthman) REMOTE PURCHASED ITEM Exile_Item_Raisins FOR 10 POPTABS | PLAYER TOTAL MONEY: 9065
[08:11:08:256382 --7:00] [Thread 7428] PLAYER: ( 76561197989485092 ) R Alpha 1-5:1 (Stealthman) REMOTE PURCHASED ITEM Exile_Item_Raisins FOR 10 POPTABS | PLAYER TOTAL MONEY: 9055
[08:11:08:717830 --7:00] [Thread 7428] PLAYER: ( 76561197989485092 ) R Alpha 1-5:1 (Stealthman) REMOTE PURCHASED ITEM Exile_Item_Raisins FOR 10 POPTABS | PLAYER TOTAL MONEY: 9045
[08:11:09:136082 --7:00] [Thread 4556] PLAYER: ( 76561197989485092 ) R Alpha 1-5:1 (Stealthman) REMOTE PURCHASED ITEM Exile_Item_Raisins FOR 10 POPTABS | PLAYER TOTAL MONEY: 9035
[08:11:11:027459 --7:00] [Thread 7428] PLAYER: ( 76561197989485092 ) R Alpha 1-5:1 (Stealthman) REMOTE PURCHASED ITEM Exile_Item_EnergyDrink FOR 40 POPTABS | PLAYER TOTAL MONEY: 8995
[08:11:11:444890 --7:00] [Thread 4556] PLAYER: ( 76561197989485092 ) R Alpha 1-5:1 (Stealthman) REMOTE PURCHASED ITEM Exile_Item_EnergyDrink FOR 40 POPTABS | PLAYER TOTAL MONEY: 8955
[08:11:11:863183 --7:00] [Thread 7428] PLAYER: ( 76561197989485092 ) R Alpha 1-5:1 (Stealthman) REMOTE PURCHASED ITEM Exile_Item_EnergyDrink FOR 40 POPTABS | PLAYER TOTAL MONEY: 8915
[08:11:12:258439 --7:00] [Thread 4556] PLAYER: ( 76561197989485092 ) R Alpha 1-5:1 (Stealthman) REMOTE PURCHASED ITEM Exile_Item_EnergyDrink FOR 40 POPTABS | PLAYER TOTAL MONEY: 8875
[08:14:16:578428 --7:00] [Thread 7428] PLAYER: ( 76561197989485092 ) R Alpha 1-5:1 (Stealthman) REMOTE PURCHASED ITEM Exile_Item_DuctTape FOR 300 POPTABS | PLAYER TOTAL MONEY: 200
[08:14:20:840022 --7:00] [Thread 4556] PLAYER: ( 76561197989485092 ) R Alpha 1-5:1 (Stealthman) REMOTE PURCHASED ITEM Exile_Item_ExtensionCord FOR 40 POPTABS | PLAYER TOTAL MONEY: 160
[08:14:23:583106 --7:00] [Thread 7428] PLAYER: ( 76561197989485092 ) R Alpha 1-5:1 (Stealthman) REMOTE PURCHASED ITEM Exile_Item_ExtensionCord FOR 40 POPTABS | PLAYER TOTAL MONEY: 120
[08:14:54:287468 --7:00] [Thread 4556] PLAYER: ( 76561197989485092 ) R Alpha 1-5:1 (Stealthman) REMOTE PURCHASED ITEM Exile_Item_DuctTape FOR 300 POPTABS | PLAYER TOTAL MONEY: 0
[09:59:32:878191 --7:00] [Thread 3300] PLAYER: ( 76561197989485092 ) R Alpha 1-1:1 (Stealthman) REMOTE SOLD ITEM: I_G_Offroad_01_armed_F (ID# <null>) with Cargo ["B_AssaultPack_blk","B_AssaultPack_cbr","B_OutdoorPack_blu","B_AssaultPack_mcamo","B_AssaultPack_sgg","6Rnd_45ACP_Cylinder","Exile_Item_Magazine02","Exile_Item_Bandage","Exile_Magazine_8Rnd_74Slug","Exile_Item_Knife","Exile_Item_PlasticBottleFreshWater","6Rnd_45ACP_Cylinder","6Rnd_45ACP_Cylinder","Exile_Item_InstantCoffee","Exile_Item_Vishpirin","Exile_Item_CookingPot","Exile_Item_ToiletPaper","Exile_Item_MountainDupe","Exile_Item_MountainDupe","Exile_Item_ChocolateMilk","Exile_Magazine_8Rnd_74Slug","Exile_Item_ExtensionCord","Exile_Item_Magazine02","9Rnd_45ACP_Mag","Exile_Item_FuelCanisterFull","9Rnd_45ACP_Mag","Exile_Item_BeefParts","Exile_Item_InstantCoffee","Exile_Magazine_6Rnd_45ACP","Exile_Item_Cheathas","Exile_Magazine_6Rnd_45ACP","Exile_Item_CockONut","Exile_Magazine_6Rnd_45ACP","Exile_Item_InstantCoffee","30Rnd_9x21_Red_Mag","30Rnd_9x21_Red_Mag","Exile_Item_EnergyDrink","Exile_Item_CockONut","Exile_Item_Heatpack","Exile_Magazine_6Rnd_45ACP","Exile_Item_FuelCanisterFull","Exile_Magazine_6Rnd_45ACP","Exile_Magazine_6Rnd_45ACP","Exile_Item_Heatpack","Exile_Weapon_M1014","Exile_Magazine_8Rnd_74Slug","Exile_Melee_Axe","Exile_Weapon_M1014","Exile_Magazine_8Rnd_74Slug","hgun_ACPC2_F","Exile_Weapon_TaurusGold","Exile_Weapon_M1014","Exile_Magazine_8Rnd_74Pellets","SMG_02_F","30Rnd_9x21_Red_Mag","hgun_Pistol_heavy_02_F","6Rnd_45ACP_Cylinder","Exile_Melee_Axe","Exile_Weapon_TaurusGold","SMG_05_F","ItemMap"] FOR 1604 POPTABS AND 160.4 RESPECT | PLAYER TOTAL MONEY: 1604
[10:14:56:028849 --7:00] [Thread 3300] PLAYER: ( 76561197989485092 ) R Alpha 1-1:1 (Stealthman) REMOTE SOLD ITEM H_Cap_headphones FOR 3 POPTABS AND 0.3 RESPECT | PLAYER TOTAL MONEY: 1607
[10:14:57:655172 --7:00] [Thread 4556] PLAYER: ( 76561197989485092 ) R Alpha 1-1:1 (Stealthman) REMOTE SOLD ITEM SMG_02_F FOR 75 POPTABS AND 7.5 RESPECT | PLAYER TOTAL MONEY: 1682
[10:14:59:237550 --7:00] [Thread 4556] PLAYER: ( 76561197989485092 ) R Alpha 1-1:1 (Stealthman) REMOTE SOLD ITEM SMG_02_F FOR 75 POPTABS AND 7.5 RESPECT | PLAYER TOTAL MONEY: 1757
[10:15:01:742729 --7:00] [Thread 4556] PLAYER: ( 76561197989485092 ) R Alpha 1-1:1 (Stealthman) REMOTE SOLD ITEM Exile_Weapon_M1014 FOR 100 POPTABS AND 10 RESPECT | PLAYER TOTAL MONEY: 1857
[10:15:05:727725 --7:00] [Thread 4556] PLAYER: ( 76561197989485092 ) R Alpha 1-1:1 (Stealthman) REMOTE SOLD ITEM Exile_Weapon_M1014 FOR 100 POPTABS AND 10 RESPECT | PLAYER TOTAL MONEY: 1957
[10:15:10:015007 --7:00] [Thread 7428] PLAYER: ( 76561197989485092 ) R Alpha 1-1:1 (Stealthman) REMOTE SOLD ITEM Exile_Magazine_8Rnd_74Pellets FOR 10 POPTABS AND 1 RESPECT | PLAYER TOTAL MONEY: 1967
[10:15:12:851410 --7:00] [Thread 7428] PLAYER: ( 76561197989485092 ) R Alpha 1-1:1 (Stealthman) REMOTE SOLD ITEM 30Rnd_9x21_Mag_SMG_02 FOR 5 POPTABS AND 0.5 RESPECT | PLAYER TOTAL MONEY: 1972
[10:15:15:447222 --7:00] [Thread 7428] PLAYER: ( 76561197989485092 ) R Alpha 1-1:1 (Stealthman) REMOTE SOLD ITEM 30Rnd_9x21_Mag_SMG_02 FOR 5 POPTABS AND 0.5 RESPECT | PLAYER TOTAL MONEY: 1977
[10:15:22:735623 --7:00] [Thread 7428] PLAYER: ( 76561197989485092 ) R Alpha 1-1:1 (Stealthman) REMOTE SOLD ITEM Exile_Item_FuelCanisterEmpty FOR 20 POPTABS AND 2 RESPECT | PLAYER TOTAL MONEY: 1997
[10:15:25:769624 --7:00] [Thread 7428] PLAYER: ( 76561197989485092 ) R Alpha 1-1:1 (Stealthman) REMOTE SOLD ITEM B_AssaultPack_mcamo FOR 45 POPTABS AND 4.5 RESPECT | PLAYER TOTAL MONEY: 2042
[10:16:39:366340 --7:00] [Thread 7428] PLAYER: ( 76561197989485092 ) R Alpha 1-1:1 (Stealthman) REMOTE SOLD ITEM 10Rnd_93x64_DMR_05_Mag FOR 20 POPTABS AND 2 RESPECT | PLAYER TOTAL MONEY: 2062
[10:17:57:389973 --7:00] [Thread 3300] PLAYER: ( 76561197989485092 ) R Alpha 1-1:1 (Stealthman) REMOTE PURCHASED ITEM optic_MRCO FOR 100 POPTABS | PLAYER TOTAL MONEY: 1962
[10:22:05:994984 --7:00] [Thread 7428] PLAYER: ( 76561197989485092 ) R Alpha 1-1:1 (Stealthman) REMOTE PURCHASED ITEM Exile_Item_EnergyDrink FOR 40 POPTABS | PLAYER TOTAL MONEY: 9960
[10:22:06:589373 --7:00] [Thread 3300] PLAYER: ( 76561197989485092 ) R Alpha 1-1:1 (Stealthman) REMOTE PURCHASED ITEM Exile_Item_EnergyDrink FOR 40 POPTABS | PLAYER TOTAL MONEY: 9920
[10:22:07:227766 --7:00] [Thread 7428] PLAYER: ( 76561197989485092 ) R Alpha 1-1:1 (Stealthman) REMOTE PURCHASED ITEM Exile_Item_EnergyDrink FOR 40 POPTABS | PLAYER TOTAL MONEY: 9880
[10:22:10:713389 --7:00] [Thread 7428] PLAYER: ( 76561197989485092 ) R Alpha 1-1:1 (Stealthman) REMOTE PURCHASED ITEM Exile_Item_Noodles FOR 14 POPTABS | PLAYER TOTAL MONEY: 9866
[10:22:11:307739 --7:00] [Thread 3300] PLAYER: ( 76561197989485092 ) R Alpha 1-1:1 (Stealthman) REMOTE PURCHASED ITEM Exile_Item_Noodles FOR 14 POPTABS | PLAYER TOTAL MONEY: 9852
[10:22:11:968315 --7:00] [Thread 7428] PLAYER: ( 76561197989485092 ) R Alpha 1-1:1 (Stealthman) REMOTE PURCHASED ITEM Exile_Item_Noodles FOR 14 POPTABS | PLAYER TOTAL MONEY: 9838
[10:22:12:848748 --7:00] [Thread 3300] PLAYER: ( 76561197989485092 ) R Alpha 1-1:1 (Stealthman) REMOTE PURCHASED ITEM Exile_Item_Noodles FOR 14 POPTABS | PLAYER TOTAL MONEY: 9824
[10:22:13:310047 --7:00] [Thread 7428] PLAYER: ( 76561197989485092 ) R Alpha 1-1:1 (Stealthman) REMOTE PURCHASED ITEM Exile_Item_Noodles FOR 14 POPTABS | PLAYER TOTAL MONEY: 9810
[10:22:14:783038 --7:00] [Thread 3300] PLAYER: ( 76561197989485092 ) R Alpha 1-1:1 (Stealthman) REMOTE PURCHASED ITEM Exile_Item_EnergyDrink FOR 40 POPTABS | PLAYER TOTAL MONEY: 9770
[10:22:15:266434 --7:00] [Thread 7428] PLAYER: ( 76561197989485092 ) R Alpha 1-1:1 (Stealthman) REMOTE PURCHASED ITEM Exile_Item_EnergyDrink FOR 40 POPTABS | PLAYER TOTAL MONEY: 9730
[10:22:27:943916 --7:00] [Thread 3300] PLAYER: ( 76561197989485092 ) R Alpha 1-1:1 (Stealthman) REMOTE PURCHASED ITEM Exile_Item_DuctTape FOR 300 POPTABS | PLAYER TOTAL MONEY: 9430
[10:22:28:758467 --7:00] [Thread 7428] PLAYER: ( 76561197989485092 ) R Alpha 1-1:1 (Stealthman) REMOTE PURCHASED ITEM Exile_Item_DuctTape FOR 300 POPTABS | PLAYER TOTAL MONEY: 9130
[10:22:29:440934 --7:00] [Thread 3300] PLAYER: ( 76561197989485092 ) R Alpha 1-1:1 (Stealthman) REMOTE PURCHASED ITEM Exile_Item_DuctTape FOR 300 POPTABS | PLAYER TOTAL MONEY: 8830
[10:22:30:167404 --7:00] [Thread 3300] PLAYER: ( 76561197989485092 ) R Alpha 1-1:1 (Stealthman) REMOTE PURCHASED ITEM Exile_Item_DuctTape FOR 300 POPTABS | PLAYER TOTAL MONEY: 8530
[10:24:12:558024 --7:00] [Thread 7428] PLAYER: ( 76561197989485092 ) R Alpha 1-1:1 (Stealthman) REMOTE PURCHASED ITEM Exile_Item_Raisins FOR 10 POPTABS | PLAYER TOTAL MONEY: 8520
[10:24:12:865210 --7:00] [Thread 3300] PLAYER: ( 76561197989485092 ) R Alpha 1-1:1 (Stealthman) REMOTE PURCHASED ITEM Exile_Item_Raisins FOR 10 POPTABS | PLAYER TOTAL MONEY: 8510
[10:24:13:217429 --7:00] [Thread 7428] PLAYER: ( 76561197989485092 ) R Alpha 1-1:1 (Stealthman) REMOTE PURCHASED ITEM Exile_Item_Raisins FOR 10 POPTABS | PLAYER TOTAL MONEY: 8500
[10:24:13:568778 --7:00] [Thread 3300] PLAYER: ( 76561197989485092 ) R Alpha 1-1:1 (Stealthman) REMOTE PURCHASED ITEM Exile_Item_Raisins FOR 10 POPTABS | PLAYER TOTAL MONEY: 8490
[10:24:15:768124 --7:00] [Thread 3300] PLAYER: ( 76561197989485092 ) R Alpha 1-1:1 (Stealthman) REMOTE PURCHASED ITEM Exile_Item_EnergyDrink FOR 40 POPTABS | PLAYER TOTAL MONEY: 8450
[10:24:16:076367 --7:00] [Thread 7428] PLAYER: ( 76561197989485092 ) R Alpha 1-1:1 (Stealthman) REMOTE PURCHASED ITEM Exile_Item_EnergyDrink FOR 40 POPTABS | PLAYER TOTAL MONEY: 8410
[10:24:16:428596 --7:00] [Thread 3300] PLAYER: ( 76561197989485092 ) R Alpha 1-1:1 (Stealthman) REMOTE PURCHASED ITEM Exile_Item_EnergyDrink FOR 40 POPTABS | PLAYER TOTAL MONEY: 8370
[10:24:16:780934 --7:00] [Thread 7428] PLAYER: ( 76561197989485092 ) R Alpha 1-1:1 (Stealthman) REMOTE PURCHASED ITEM Exile_Item_EnergyDrink FOR 40 POPTABS | PLAYER TOTAL MONEY: 8330
[11:02:00:102250 --7:00] [Thread 4556] PLAYER: ( 76561197989485092 ) R Alpha 1-1:1 (Stealthman) REMOTE SOLD ITEM LMG_Mk200_F FOR 150 POPTABS AND 15 RESPECT | PLAYER TOTAL MONEY: 225
[11:02:02:585868 --7:00] [Thread 3300] PLAYER: ( 76561197989485092 ) R Alpha 1-1:1 (Stealthman) REMOTE SOLD ITEM arifle_Mk20_F FOR 75 POPTABS AND 7.5 RESPECT | PLAYER TOTAL MONEY: 300
[11:02:05:205811 --7:00] [Thread 3300] PLAYER: ( 76561197989485092 ) R Alpha 1-1:1 (Stealthman) REMOTE SOLD ITEM arifle_Katiba_GL_F FOR 100 POPTABS AND 10 RESPECT | PLAYER TOTAL MONEY: 400
[11:02:07:142961 --7:00] [Thread 3300] PLAYER: ( 76561197989485092 ) R Alpha 1-1:1 (Stealthman) REMOTE SOLD ITEM arifle_Mk20_plain_F FOR 75 POPTABS AND 7.5 RESPECT | PLAYER TOTAL MONEY: 475
[11:02:13:699693 --7:00] [Thread 4556] PLAYER: ( 76561197989485092 ) R Alpha 1-1:1 (Stealthman) REMOTE SOLD ITEM srifle_GM6_F FOR 450 POPTABS AND 45 RESPECT | PLAYER TOTAL MONEY: 925
[11:02:16:757732 --7:00] [Thread 7428] PLAYER: ( 76561197989485092 ) R Alpha 1-1:1 (Stealthman) REMOTE SOLD ITEM srifle_DMR_01_F FOR 300 POPTABS AND 30 RESPECT | PLAYER TOTAL MONEY: 1225
[11:02:20:740578 --7:00] [Thread 7428] PLAYER: ( 76561197989485092 ) R Alpha 1-1:1 (Stealthman) REMOTE SOLD ITEM 200Rnd_65x39_cased_Box FOR 15 POPTABS AND 1.5 RESPECT | PLAYER TOTAL MONEY: 1240
[11:02:29:611820 --7:00] [Thread 7428] PLAYER: ( 76561197989485092 ) R Alpha 1-1:1 (Stealthman) REMOTE SOLD ITEM 30Rnd_556x45_Stanag FOR 10 POPTABS AND 1 RESPECT | PLAYER TOTAL MONEY: 1250
[11:02:31:329127 --7:00] [Thread 4556] PLAYER: ( 76561197989485092 ) R Alpha 1-1:1 (Stealthman) REMOTE SOLD ITEM 30Rnd_65x39_caseless_green FOR 10 POPTABS AND 1 RESPECT | PLAYER TOTAL MONEY: 1260
[11:02:34:649104 --7:00] [Thread 4556] PLAYER: ( 76561197989485092 ) R Alpha 1-1:1 (Stealthman) REMOTE SOLD ITEM 30Rnd_556x45_Stanag FOR 10 POPTABS AND 1 RESPECT | PLAYER TOTAL MONEY: 1270
[11:02:36:849558 --7:00] [Thread 4556] PLAYER: ( 76561197989485092 ) R Alpha 1-1:1 (Stealthman) REMOTE SOLD ITEM 30Rnd_65x39_caseless_green FOR 10 POPTABS AND 1 RESPECT | PLAYER TOTAL MONEY: 1280
[11:02:39:962700 --7:00] [Thread 4556] PLAYER: ( 76561197989485092 ) R Alpha 1-1:1 (Stealthman) REMOTE SOLD ITEM 30Rnd_65x39_caseless_green FOR 10 POPTABS AND 1 RESPECT | PLAYER TOTAL MONEY: 1290
[11:02:42:292213 --7:00] [Thread 4556] PLAYER: ( 76561197989485092 ) R Alpha 1-1:1 (Stealthman) REMOTE SOLD ITEM 200Rnd_65x39_cased_Box FOR 15 POPTABS AND 1.5 RESPECT | PLAYER TOTAL MONEY: 1305
[11:02:50:585891 --7:00] [Thread 4556] PLAYER: ( 76561197989485092 ) R Alpha 1-1:1 (Stealthman) REMOTE SOLD ITEM srifle_GM6_F FOR 450 POPTABS AND 45 RESPECT | PLAYER TOTAL MONEY: 1755
[11:02:55:120109 --7:00] [Thread 4556] PLAYER: ( 76561197989485092 ) R Alpha 1-1:1 (Stealthman) REMOTE SOLD ITEM 200Rnd_65x39_cased_Box FOR 15 POPTABS AND 1.5 RESPECT | PLAYER TOTAL MONEY: 1770
[11:02:57:453509 --7:00] [Thread 4556] PLAYER: ( 76561197989485092 ) R Alpha 1-1:1 (Stealthman) REMOTE SOLD ITEM 200Rnd_65x39_cased_Box FOR 15 POPTABS AND 1.5 RESPECT | PLAYER TOTAL MONEY: 1785
[11:02:59:521929 --7:00] [Thread 4556] PLAYER: ( 76561197989485092 ) R Alpha 1-1:1 (Stealthman) REMOTE SOLD ITEM 200Rnd_65x39_cased_Box FOR 15 POPTABS AND 1.5 RESPECT | PLAYER TOTAL MONEY: 1800
[11:03:02:165629 --7:00] [Thread 4556] PLAYER: ( 76561197989485092 ) R Alpha 1-1:1 (Stealthman) REMOTE SOLD ITEM 200Rnd_65x39_cased_Box FOR 15 POPTABS AND 1.5 RESPECT | PLAYER TOTAL MONEY: 1815
[11:03:05:242790 --7:00] [Thread 7428] PLAYER: ( 76561197989485092 ) R Alpha 1-1:1 (Stealthman) REMOTE SOLD ITEM 200Rnd_65x39_cased_Box FOR 15 POPTABS AND 1.5 RESPECT | PLAYER TOTAL MONEY: 1830
[11:03:07:263135 --7:00] [Thread 4556] PLAYER: ( 76561197989485092 ) R Alpha 1-1:1 (Stealthman) REMOTE SOLD ITEM 200Rnd_65x39_cased_Box FOR 15 POPTABS AND 1.5 RESPECT | PLAYER TOTAL MONEY: 1845
[11:03:09:396562 --7:00] [Thread 7428] PLAYER: ( 76561197989485092 ) R Alpha 1-1:1 (Stealthman) REMOTE SOLD ITEM 200Rnd_65x39_cased_Box FOR 15 POPTABS AND 1.5 RESPECT | PLAYER TOTAL MONEY: 1860
[11:03:15:358566 --7:00] [Thread 7428] PLAYER: ( 76561197989485092 ) R Alpha 1-1:1 (Stealthman) REMOTE SOLD ITEM 30Rnd_65x39_caseless_green FOR 10 POPTABS AND 1 RESPECT | PLAYER TOTAL MONEY: 1870
[11:03:38:199807 --7:00] [Thread 7428] PLAYER: ( 76561197989485092 ) R Alpha 1-1:1 (Stealthman) REMOTE SOLD ITEM Exile_Melee_Axe FOR 50 POPTABS AND 5 RESPECT | PLAYER TOTAL MONEY: 1920
[11:03:40:355461 --7:00] [Thread 3300] PLAYER: ( 76561197989485092 ) R Alpha 1-1:1 (Stealthman) REMOTE SOLD ITEM B_Bergen_blk FOR 100 POPTABS AND 10 RESPECT | PLAYER TOTAL MONEY: 2020
[11:03:45:020383 --7:00] [Thread 4556] PLAYER: ( 76561197989485092 ) R Alpha 1-1:1 (Stealthman) REMOTE SOLD ITEM 30Rnd_556x45_Stanag FOR 10 POPTABS AND 1 RESPECT | PLAYER TOTAL MONEY: 2030
[11:03:46:912664 --7:00] [Thread 3300] PLAYER: ( 76561197989485092 ) R Alpha 1-1:1 (Stealthman) REMOTE SOLD ITEM 30Rnd_556x45_Stanag FOR 10 POPTABS AND 1 RESPECT | PLAYER TOTAL MONEY: 2040
[11:03:48:761920 --7:00] [Thread 4556] PLAYER: ( 76561197989485092 ) R Alpha 1-1:1 (Stealthman) REMOTE SOLD ITEM 30Rnd_556x45_Stanag FOR 10 POPTABS AND 1 RESPECT | PLAYER TOTAL MONEY: 2050
[11:03:50:631145 --7:00] [Thread 3300] PLAYER: ( 76561197989485092 ) R Alpha 1-1:1 (Stealthman) REMOTE SOLD ITEM 30Rnd_556x45_Stanag FOR 10 POPTABS AND 1 RESPECT | PLAYER TOTAL MONEY: 2060
[11:03:52:282476 --7:00] [Thread 7428] PLAYER: ( 76561197989485092 ) R Alpha 1-1:1 (Stealthman) REMOTE SOLD ITEM 30Rnd_556x45_Stanag FOR 10 POPTABS AND 1 RESPECT | PLAYER TOTAL MONEY: 2070
[11:03:58:510382 --7:00] [Thread 4556] PLAYER: ( 76561197989485092 ) R Alpha 1-1:1 (Stealthman) REMOTE SOLD ITEM 30Rnd_556x45_Stanag FOR 10 POPTABS AND 1 RESPECT | PLAYER TOTAL MONEY: 2080
[11:04:00:074645 --7:00] [Thread 3300] PLAYER: ( 76561197989485092 ) R Alpha 1-1:1 (Stealthman) REMOTE SOLD ITEM 30Rnd_556x45_Stanag FOR 10 POPTABS AND 1 RESPECT | PLAYER TOTAL MONEY: 2090
[11:04:01:637628 --7:00] [Thread 4556] PLAYER: ( 76561197989485092 ) R Alpha 1-1:1 (Stealthman) REMOTE SOLD ITEM 30Rnd_556x45_Stanag FOR 10 POPTABS AND 1 RESPECT | PLAYER TOTAL MONEY: 2100
[11:04:03:199511 --7:00] [Thread 4556] PLAYER: ( 76561197989485092 ) R Alpha 1-1:1 (Stealthman) REMOTE SOLD ITEM 30Rnd_556x45_Stanag FOR 10 POPTABS AND 1 RESPECT | PLAYER TOTAL MONEY: 2110
[11:04:05:311910 --7:00] [Thread 7428] PLAYER: ( 76561197989485092 ) R Alpha 1-1:1 (Stealthman) REMOTE SOLD ITEM 30Rnd_556x45_Stanag FOR 10 POPTABS AND 1 RESPECT | PLAYER TOTAL MONEY: 2120
[11:04:06:985144 --7:00] [Thread 4556] PLAYER: ( 76561197989485092 ) R Alpha 1-1:1 (Stealthman) REMOTE SOLD ITEM 30Rnd_556x45_Stanag FOR 10 POPTABS AND 1 RESPECT | PLAYER TOTAL MONEY: 2130
[11:04:08:614197 --7:00] [Thread 7428] PLAYER: ( 76561197989485092 ) R Alpha 1-1:1 (Stealthman) REMOTE SOLD ITEM 30Rnd_65x39_caseless_green FOR 10 POPTABS AND 1 RESPECT | PLAYER TOTAL MONEY: 2140
[11:04:14:004029 --7:00] [Thread 4556] PLAYER: ( 76561197989485092 ) R Alpha 1-1:1 (Stealthman) REMOTE SOLD ITEM srifle_DMR_01_F FOR 300 POPTABS AND 30 RESPECT | PLAYER TOTAL MONEY: 2440
[11:06:00:656828 --7:00] [Thread 7428] PLAYER: ( 76561197989485092 ) R Alpha 1-1:1 (Stealthman) REMOTE SOLD ITEM 10Rnd_762x54_Mag FOR 15 POPTABS AND 1.5 RESPECT | PLAYER TOTAL MONEY: 2455
[11:06:02:348978 --7:00] [Thread 4556] PLAYER: ( 76561197989485092 ) R Alpha 1-1:1 (Stealthman) REMOTE SOLD ITEM 10Rnd_762x54_Mag FOR 15 POPTABS AND 1.5 RESPECT | PLAYER TOTAL MONEY: 2470
[11:06:03:933059 --7:00] [Thread 3300] PLAYER: ( 76561197989485092 ) R Alpha 1-1:1 (Stealthman) REMOTE SOLD ITEM 10Rnd_762x54_Mag FOR 15 POPTABS AND 1.5 RESPECT | PLAYER TOTAL MONEY: 2485
[11:06:05:869302 --7:00] [Thread 3300] PLAYER: ( 76561197989485092 ) R Alpha 1-1:1 (Stealthman) REMOTE SOLD ITEM 10Rnd_762x54_Mag FOR 15 POPTABS AND 1.5 RESPECT | PLAYER TOTAL MONEY: 2500
[11:06:07:584494 --7:00] [Thread 3300] PLAYER: ( 76561197989485092 ) R Alpha 1-1:1 (Stealthman) REMOTE SOLD ITEM 10Rnd_762x54_Mag FOR 15 POPTABS AND 1.5 RESPECT | PLAYER TOTAL MONEY: 2515
[11:06:10:386565 --7:00] [Thread 3300] PLAYER: ( 76561197989485092 ) R Alpha 1-1:1 (Stealthman) REMOTE SOLD ITEM 10Rnd_762x54_Mag FOR 15 POPTABS AND 1.5 RESPECT | PLAYER TOTAL MONEY: 2530
[11:06:12:079652 --7:00] [Thread 3300] PLAYER: ( 76561197989485092 ) R Alpha 1-1:1 (Stealthman) REMOTE SOLD ITEM 10Rnd_762x54_Mag FOR 15 POPTABS AND 1.5 RESPECT | PLAYER TOTAL MONEY: 2545
[11:06:13:596579 --7:00] [Thread 3300] PLAYER: ( 76561197989485092 ) R Alpha 1-1:1 (Stealthman) REMOTE SOLD ITEM 10Rnd_762x54_Mag FOR 15 POPTABS AND 1.5 RESPECT | PLAYER TOTAL MONEY: 2560
[11:06:15:445915 --7:00] [Thread 4556] PLAYER: ( 76561197989485092 ) R Alpha 1-1:1 (Stealthman) REMOTE SOLD ITEM 10Rnd_762x54_Mag FOR 15 POPTABS AND 1.5 RESPECT | PLAYER TOTAL MONEY: 2575
[11:06:17:096906 --7:00] [Thread 4556] PLAYER: ( 76561197989485092 ) R Alpha 1-1:1 (Stealthman) REMOTE SOLD ITEM 10Rnd_762x54_Mag FOR 15 POPTABS AND 1.5 RESPECT | PLAYER TOTAL MONEY: 2590
[11:06:19:430754 --7:00] [Thread 4556] PLAYER: ( 76561197989485092 ) R Alpha 1-1:1 (Stealthman) REMOTE SOLD ITEM 10Rnd_762x54_Mag FOR 15 POPTABS AND 1.5 RESPECT | PLAYER TOTAL MONEY: 2605
[11:06:20:838436 --7:00] [Thread 4556] PLAYER: ( 76561197989485092 ) R Alpha 1-1:1 (Stealthman) REMOTE SOLD ITEM 10Rnd_762x54_Mag FOR 15 POPTABS AND 1.5 RESPECT | PLAYER TOTAL MONEY: 2620
[11:06:22:423666 --7:00] [Thread 4556] PLAYER: ( 76561197989485092 ) R Alpha 1-1:1 (Stealthman) REMOTE SOLD ITEM 10Rnd_762x54_Mag FOR 15 POPTABS AND 1.5 RESPECT | PLAYER TOTAL MONEY: 2635
[11:06:25:392456 --7:00] [Thread 3300] PLAYER: ( 76561197989485092 ) R Alpha 1-1:1 (Stealthman) REMOTE SOLD ITEM 10Rnd_762x54_Mag FOR 15 POPTABS AND 1.5 RESPECT | PLAYER TOTAL MONEY: 2650
[11:06:26:834416 --7:00] [Thread 3300] PLAYER: ( 76561197989485092 ) R Alpha 1-1:1 (Stealthman) REMOTE SOLD ITEM 10Rnd_762x54_Mag FOR 15 POPTABS AND 1.5 RESPECT | PLAYER TOTAL MONEY: 2665
[11:06:28:416716 --7:00] [Thread 3300] PLAYER: ( 76561197989485092 ) R Alpha 1-1:1 (Stealthman) REMOTE SOLD ITEM 10Rnd_762x54_Mag FOR 15 POPTABS AND 1.5 RESPECT | PLAYER TOTAL MONEY: 2680
[11:06:29:912573 --7:00] [Thread 3300] PLAYER: ( 76561197989485092 ) R Alpha 1-1:1 (Stealthman) REMOTE SOLD ITEM 10Rnd_762x54_Mag FOR 15 POPTABS AND 1.5 RESPECT | PLAYER TOTAL MONEY: 2695
[11:06:31:230355 --7:00] [Thread 3300] PLAYER: ( 76561197989485092 ) R Alpha 1-1:1 (Stealthman) REMOTE SOLD ITEM 10Rnd_762x54_Mag FOR 15 POPTABS AND 1.5 RESPECT | PLAYER TOTAL MONEY: 2710
[11:06:32:528416 --7:00] [Thread 7428] PLAYER: ( 76561197989485092 ) R Alpha 1-1:1 (Stealthman) REMOTE SOLD ITEM 10Rnd_762x54_Mag FOR 15 POPTABS AND 1.5 RESPECT | PLAYER TOTAL MONEY: 2725
[11:06:33:869320 --7:00] [Thread 7428] PLAYER: ( 76561197989485092 ) R Alpha 1-1:1 (Stealthman) REMOTE SOLD ITEM 10Rnd_762x54_Mag FOR 15 POPTABS AND 1.5 RESPECT | PLAYER TOTAL MONEY: 2740
[11:06:35:255446 --7:00] [Thread 7428] PLAYER: ( 76561197989485092 ) R Alpha 1-1:1 (Stealthman) REMOTE SOLD ITEM 10Rnd_762x54_Mag FOR 15 POPTABS AND 1.5 RESPECT | PLAYER TOTAL MONEY: 2755
[11:06:36:444062 --7:00] [Thread 7428] PLAYER: ( 76561197989485092 ) R Alpha 1-1:1 (Stealthman) REMOTE SOLD ITEM 10Rnd_762x54_Mag FOR 15 POPTABS AND 1.5 RESPECT | PLAYER TOTAL MONEY: 2770
[11:06:38:095299 --7:00] [Thread 7428] PLAYER: ( 76561197989485092 ) R Alpha 1-1:1 (Stealthman) REMOTE SOLD ITEM 10Rnd_762x54_Mag FOR 15 POPTABS AND 1.5 RESPECT | PLAYER TOTAL MONEY: 2785
[11:06:39:888343 --7:00] [Thread 7428] PLAYER: ( 76561197989485092 ) R Alpha 1-1:1 (Stealthman) REMOTE SOLD ITEM 10Rnd_762x54_Mag FOR 15 POPTABS AND 1.5 RESPECT | PLAYER TOTAL MONEY: 2800
[11:06:44:181248 --7:00] [Thread 7428] PLAYER: ( 76561197989485092 ) R Alpha 1-1:1 (Stealthman) REMOTE SOLD ITEM 30Rnd_65x39_caseless_green FOR 10 POPTABS AND 1 RESPECT | PLAYER TOTAL MONEY: 2810
[11:06:47:327553 --7:00] [Thread 7428] PLAYER: ( 76561197989485092 ) R Alpha 1-1:1 (Stealthman) REMOTE SOLD ITEM 20Rnd_762x51_Mag FOR 10 POPTABS AND 1 RESPECT | PLAYER TOTAL MONEY: 2820
[11:06:50:230301 --7:00] [Thread 7428] PLAYER: ( 76561197989485092 ) R Alpha 1-1:1 (Stealthman) REMOTE SOLD ITEM 20Rnd_762x51_Mag FOR 10 POPTABS AND 1 RESPECT | PLAYER TOTAL MONEY: 2830
[11:06:53:023188 --7:00] [Thread 7428] PLAYER: ( 76561197989485092 ) R Alpha 1-1:1 (Stealthman) REMOTE SOLD ITEM 20Rnd_762x51_Mag FOR 10 POPTABS AND 1 RESPECT | PLAYER TOTAL MONEY: 2840
[11:09:44:270878 --7:00] [Thread 3300] PLAYER: ( 76561197989485092 ) R Alpha 1-1:1 (Stealthman) REMOTE PURCHASED ITEM Exile_Item_EnergyDrink FOR 40 POPTABS | PLAYER TOTAL MONEY: 2800
[11:09:44:601035 --7:00] [Thread 3300] PLAYER: ( 76561197989485092 ) R Alpha 1-1:1 (Stealthman) REMOTE PURCHASED ITEM Exile_Item_EnergyDrink FOR 40 POPTABS | PLAYER TOTAL MONEY: 2760
[11:09:44:975293 --7:00] [Thread 4556] PLAYER: ( 76561197989485092 ) R Alpha 1-1:1 (Stealthman) REMOTE PURCHASED ITEM Exile_Item_EnergyDrink FOR 40 POPTABS | PLAYER TOTAL MONEY: 2720
[11:09:45:503664 --7:00] [Thread 3300] PLAYER: ( 76561197989485092 ) R Alpha 1-1:1 (Stealthman) REMOTE PURCHASED ITEM Exile_Item_EnergyDrink FOR 40 POPTABS | PLAYER TOTAL MONEY: 2680
[11:09:45:833875 --7:00] [Thread 4556] PLAYER: ( 76561197989485092 ) R Alpha 1-1:1 (Stealthman) REMOTE PURCHASED ITEM Exile_Item_EnergyDrink FOR 40 POPTABS | PLAYER TOTAL MONEY: 2640
[11:09:48:672757 --7:00] [Thread 3300] PLAYER: ( 76561197989485092 ) R Alpha 1-1:1 (Stealthman) REMOTE PURCHASED ITEM Exile_Item_Raisins FOR 10 POPTABS | PLAYER TOTAL MONEY: 2630
[11:09:49:047013 --7:00] [Thread 4556] PLAYER: ( 76561197989485092 ) R Alpha 1-1:1 (Stealthman) REMOTE PURCHASED ITEM Exile_Item_Raisins FOR 10 POPTABS | PLAYER TOTAL MONEY: 2620
[11:09:49:376263 --7:00] [Thread 3300] PLAYER: ( 76561197989485092 ) R Alpha 1-1:1 (Stealthman) REMOTE PURCHASED ITEM Exile_Item_Raisins FOR 10 POPTABS | PLAYER TOTAL MONEY: 2610
[11:09:49:684488 --7:00] [Thread 4556] PLAYER: ( 76561197989485092 ) R Alpha 1-1:1 (Stealthman) REMOTE PURCHASED ITEM Exile_Item_Raisins FOR 10 POPTABS | PLAYER TOTAL MONEY: 2600
[11:09:50:057712 --7:00] [Thread 3300] PLAYER: ( 76561197989485092 ) R Alpha 1-1:1 (Stealthman) REMOTE PURCHASED ITEM Exile_Item_Raisins FOR 10 POPTABS | PLAYER TOTAL MONEY: 2590
[11:10:06:888382 --7:00] [Thread 4556] PLAYER: ( 76561197989485092 ) R Alpha 1-1:1 (Stealthman) REMOTE PURCHASED ITEM Binocular FOR 40 POPTABS | PLAYER TOTAL MONEY: 2550
[11:10:09:507011 --7:00] [Thread 3300] PLAYER: ( 76561197989485092 ) R Alpha 1-1:1 (Stealthman) REMOTE PURCHASED ITEM Exile_Item_ExtensionCord FOR 40 POPTABS | PLAYER TOTAL MONEY: 2510
[11:11:07:434084 --7:00] [Thread 7428] PLAYER: ( 76561197989485092 ) R Alpha 1-1:1 (Stealthman) REMOTE SOLD ITEM: B_T_LSV_01_armed_F (ID# <null>) with Cargo ["B_Kitbag_mcamo","Exile_Item_DuctTape","Exile_Item_DuctTape","Exile_Item_DuctTape","Exile_Item_EnergyDrink","Exile_Item_WoodWallHalfKit","5Rnd_127x108_Mag","5Rnd_127x108_Mag","5Rnd_127x108_Mag","5Rnd_127x108_Mag","5Rnd_127x108_Mag","5Rnd_127x108_Mag","5Rnd_127x108_Mag","Exile_Magazine_5Rnd_127x108_Bullet_Cam_Mag","Exile_Magazine_5Rnd_127x108_Bullet_Cam_Mag","10Rnd_338_Mag","10Rnd_338_Mag","10Rnd_338_Mag","Exile_Magazine_5Rnd_127x108_Bullet_Cam_Mag","10Rnd_338_Mag","Exile_Magazine_5Rnd_127x108_Bullet_Cam_Mag","srifle_DMR_02_F"] FOR 1170 POPTABS AND 117 RESPECT | PLAYER TOTAL MONEY: 3680
[11:12:48:483640 --7:00] [Thread 3300] PLAYER: ( 76561197989485092 ) R Alpha 1-1:1 (Stealthman) REMOTE PURCHASED ITEM Exile_Item_DuctTape FOR 300 POPTABS | PLAYER TOTAL MONEY: 3380
[11:12:49:230083 --7:00] [Thread 3300] PLAYER: ( 76561197989485092 ) R Alpha 1-1:1 (Stealthman) REMOTE PURCHASED ITEM Exile_Item_DuctTape FOR 300 POPTABS | PLAYER TOTAL MONEY: 3080
[11:13:42:742581 --7:00] [Thread 7428] PLAYER: ( 76561197989485092 ) R Alpha 1-1:1 (Stealthman) REMOTE SOLD ITEM: B_T_LSV_01_armed_F (ID# <null>) with Cargo ["Exile_Item_EnergyDrink","Exile_Item_Raisins","Exile_Item_Raisins","Exile_Item_Raisins","Exile_Item_Raisins","Exile_Item_Raisins","Binocular"] FOR 65 POPTABS AND 6.5 RESPECT | PLAYER TOTAL MONEY: 65
[11:16:39:473292 --7:00] [Thread 7428] PLAYER: ( 76561197989485092 ) R Alpha 1-1:1 (Stealthman) REMOTE PURCHASED VEHICLE Exile_Car_Golf_Red FOR 8000 POPTABS | PLAYER TOTAL MONEY: 42065
[11:17:07:652015 --7:00] [Thread 6272] PLAYER: ( 76561197989485092 ) R Alpha 1-1:1 (Stealthman) REMOTE SOLD ITEM: Exile_Car_Golf_Red (ID# 15) with Cargo [] FOR 4000 POPTABS AND 400 RESPECT | PLAYER TOTAL MONEY: 46065
[11:17:44:795878 --7:00] [Thread 3300] PLAYER: ( 76561197989485092 ) R Alpha 1-1:1 (Stealthman) REMOTE PURCHASED VEHICLE Exile_Car_Golf_Red FOR 8000 POPTABS | PLAYER TOTAL MONEY: 38065
[11:18:02:415422 --7:00] [Thread 6272] PLAYER: ( 76561197989485092 ) R Alpha 1-1:1 (Stealthman) REMOTE SOLD ITEM: Exile_Car_Golf_Red (ID# 16) with Cargo [] FOR 4000 POPTABS AND 400 RESPECT | PLAYER TOTAL MONEY: 42065
[11:18:45:414229 --7:00] [Thread 7428] PLAYER: ( 76561197989485092 ) R Alpha 1-1:1 (Stealthman) REMOTE PURCHASED VEHICLE Exile_Car_Golf_Red FOR 8000 POPTABS | PLAYER TOTAL MONEY: 34065
[11:19:12:402236 --7:00] [Thread 6272] PLAYER: ( 76561197989485092 ) R Alpha 1-1:1 (Stealthman) REMOTE SOLD ITEM: Exile_Car_Golf_Red (ID# 17) with Cargo [] FOR 4000 POPTABS AND 400 RESPECT | PLAYER TOTAL MONEY: 38065
[11:19:34:165860 --7:00] [Thread 3300] PLAYER: ( 76561197989485092 ) R Alpha 1-1:1 (Stealthman) REMOTE PURCHASED VEHICLE Exile_Car_Golf_Red FOR 8000 POPTABS | PLAYER TOTAL MONEY: 30065
[11:19:56:343992 --7:00] [Thread 6272] PLAYER: ( 76561197989485092 ) R Alpha 1-1:1 (Stealthman) REMOTE SOLD ITEM: Exile_Car_Golf_Red (ID# 18) with Cargo [] FOR 4000 POPTABS AND 400 RESPECT | PLAYER TOTAL MONEY: 34065
[11:20:15:101900 --7:00] [Thread 4556] PLAYER: ( 76561197989485092 ) R Alpha 1-1:1 (Stealthman) REMOTE PURCHASED VEHICLE Exile_Car_Golf_Red FOR 8000 POPTABS | PLAYER TOTAL MONEY: 26065
[11:20:32:372421 --7:00] [Thread 6272] PLAYER: ( 76561197989485092 ) R Alpha 1-1:1 (Stealthman) REMOTE SOLD ITEM: Exile_Car_Golf_Red (ID# 19) with Cargo [] FOR 4000 POPTABS AND 400 RESPECT | PLAYER TOTAL MONEY: 30065
[11:20:47:692038 --7:00] [Thread 7428] PLAYER: ( 76561197989485092 ) R Alpha 1-1:1 (Stealthman) REMOTE PURCHASED VEHICLE Exile_Car_Golf_Red FOR 8000 POPTABS | PLAYER TOTAL MONEY: 22065
[11:21:05:979940 --7:00] [Thread 6272] PLAYER: ( 76561197989485092 ) R Alpha 1-1:1 (Stealthman) REMOTE SOLD ITEM: Exile_Car_Golf_Red (ID# 20) with Cargo [] FOR 4000 POPTABS AND 400 RESPECT | PLAYER TOTAL MONEY: 26065
[11:21:22:111496 --7:00] [Thread 4556] PLAYER: ( 76561197989485092 ) R Alpha 1-1:1 (Stealthman) REMOTE PURCHASED VEHICLE Exile_Car_Golf_Red FOR 8000 POPTABS | PLAYER TOTAL MONEY: 18065
[11:21:47:968398 --7:00] [Thread 6272] PLAYER: ( 76561197989485092 ) R Alpha 1-1:1 (Stealthman) REMOTE SOLD ITEM: Exile_Car_Golf_Red (ID# 21) with Cargo [] FOR 4000 POPTABS AND 400 RESPECT | PLAYER TOTAL MONEY: 22065
[11:22:02:467264 --7:00] [Thread 7428] PLAYER: ( 76561197989485092 ) R Alpha 1-1:1 (Stealthman) REMOTE PURCHASED VEHICLE Exile_Car_Golf_Red FOR 8000 POPTABS | PLAYER TOTAL MONEY: 14065
[11:22:29:706537 --7:00] [Thread 6272] PLAYER: ( 76561197989485092 ) R Alpha 1-1:1 (Stealthman) REMOTE SOLD ITEM: Exile_Car_Golf_Red (ID# 22) with Cargo [] FOR 4000 POPTABS AND 400 RESPECT | PLAYER TOTAL MONEY: 18065
[11:22:45:882336 --7:00] [Thread 3300] PLAYER: ( 76561197989485092 ) R Alpha 1-1:1 (Stealthman) REMOTE PURCHASED VEHICLE Exile_Car_Golf_Red FOR 8000 POPTABS | PLAYER TOTAL MONEY: 10065
[11:23:00:373008 --7:00] [Thread 6272] PLAYER: ( 76561197989485092 ) R Alpha 1-1:1 (Stealthman) REMOTE SOLD ITEM: Exile_Car_Golf_Red (ID# 23) with Cargo [] FOR 4000 POPTABS AND 400 RESPECT | PLAYER TOTAL MONEY: 14065
[11:23:15:665971 --7:00] [Thread 7428] PLAYER: ( 76561197989485092 ) R Alpha 1-1:1 (Stealthman) REMOTE PURCHASED VEHICLE Exile_Car_Golf_Red FOR 8000 POPTABS | PLAYER TOTAL MONEY: 6065
[11:23:30:115873 --7:00] [Thread 6272] PLAYER: ( 76561197989485092 ) R Alpha 1-1:1 (Stealthman) REMOTE SOLD ITEM: Exile_Car_Golf_Red (ID# 24) with Cargo [] FOR 4000 POPTABS AND 400 RESPECT | PLAYER TOTAL MONEY: 10065
[11:23:44:903530 --7:00] [Thread 3300] PLAYER: ( 76561197989485092 ) R Alpha 1-1:1 (Stealthman) REMOTE PURCHASED VEHICLE Exile_Car_Golf_Red FOR 8000 POPTABS | PLAYER TOTAL MONEY: 2065
[11:23:59:212413 --7:00] [Thread 6272] PLAYER: ( 76561197989485092 ) R Alpha 1-1:1 (Stealthman) REMOTE SOLD ITEM: Exile_Car_Golf_Red (ID# 25) with Cargo [] FOR 4000 POPTABS AND 400 RESPECT | PLAYER TOTAL MONEY: 6065
[11:24:45:152957 --7:00] [Thread 4556] PLAYER: ( 76561197989485092 ) R Alpha 1-1:1 (Stealthman) REMOTE PURCHASED ITEM Exile_Item_Bandage FOR 100 POPTABS | PLAYER TOTAL MONEY: 5965
[11:26:48:696640 --7:00] [Thread 3300] PLAYER: ( 76561197989485092 ) R Alpha 1-1:1 (Stealthman) REMOTE PURCHASED ITEM optic_SOS_khk_F FOR 200 POPTABS | PLAYER TOTAL MONEY: 5765
[11:26:52:331948 --7:00] [Thread 4556] PLAYER: ( 76561197989485092 ) R Alpha 1-1:1 (Stealthman) REMOTE PURCHASED ITEM optic_DMS_ghex_F FOR 150 POPTABS | PLAYER TOTAL MONEY: 5615
[11:31:23:598557 --7:00] [Thread 7428] PLAYER: ( 76561197989485092 ) R Alpha 1-1:1 (Stealthman) REMOTE PURCHASED VEHICLE Exile_Car_BTR40_Green FOR 15000 POPTABS | PLAYER TOTAL MONEY: 50615
[11:31:45:806652 --7:00] [Thread 6272] PLAYER: ( 76561197989485092 ) R Alpha 1-1:1 (Stealthman) REMOTE SOLD ITEM: Exile_Car_BTR40_Green (ID# 26) with Cargo [] FOR 7500 POPTABS AND 750 RESPECT | PLAYER TOTAL MONEY: 58115
[11:32:18:810550 --7:00] [Thread 4556] PLAYER: ( 76561197989485092 ) R Alpha 1-1:1 (Stealthman) REMOTE PURCHASED VEHICLE Exile_Car_V3S_Covered FOR 28000 POPTABS | PLAYER TOTAL MONEY: 30115
[11:32:37:140576 --7:00] [Thread 6272] PLAYER: ( 76561197989485092 ) R Alpha 1-1:1 (Stealthman) REMOTE SOLD ITEM: Exile_Car_V3S_Covered (ID# 27) with Cargo [] FOR 14000 POPTABS AND 1400 RESPECT | PLAYER TOTAL MONEY: 44115
[11:50:01:125257 --7:00] [Thread 7680] PLAYER: ( 76561198005489005 ) R Alpha 1-5:1 (Jason) REMOTE SOLD ITEM: Exile_Bike_QuadBike_Guerilla01 (ID# <null>) with Cargo ["Exile_Item_PortableGeneratorKit"] FOR 1250 POPTABS AND 125 RESPECT | PLAYER TOTAL MONEY: 6250
[11:59:49:562141 --7:00] [Thread 7680] PLAYER: ( 76561198005489005 ) R Alpha 1-5:1 (Jason) REMOTE SOLD ITEM hgun_Pistol_heavy_02_F FOR 44 POPTABS AND 4.4 RESPECT | PLAYER TOTAL MONEY: 44
[11:59:57:844792 --7:00] [Thread 4556] PLAYER: ( 76561198005489005 ) R Alpha 1-5:1 (Jason) REMOTE SOLD ITEM Exile_Item_InstaDoc FOR 625 POPTABS AND 62.5 RESPECT | PLAYER TOTAL MONEY: 669
