[18:46:20:528152 --7:00] [Thread 912] Tedward Fitzgerald commited suicide!
[19:20:55:908241 --7:00] [Thread 5768] Tedward Fitzgerald was killed by an NPC!
[21:08:50:174308 --7:00] [Thread 4884] Gin (Pockets) Fitzgerald died a mysterious death.
[21:11:11:155591 --7:00] [Thread 3280] Gin (Pockets) Fitzgerald commited suicide!
[22:24:44:881981 --7:00] [Thread 3232] Gin (Pockets) Fitzgerald was killed by an NPC!
[22:24:54:809637 --7:00] [Thread 3232] Zataralee was killed by Tedward Fitzgerald! (First Blood)
[22:26:06:103441 --7:00] [Thread 6660] Tedward Fitzgerald was killed by Zataralee!
[22:27:16:739508 --7:00] [Thread 3232] Gin (Pockets) Fitzgerald commited suicide!
[22:29:05:556405 --7:00] [Thread 6660] Tedward Fitzgerald commited suicide!
[22:32:07:077236 --7:00] [Thread 6300] Tedward Fitzgerald commited suicide!
[00:57:06:622440 --7:00] [Thread 7756] Zataralee commited suicide!
[01:20:24:920846 --7:00] [Thread 3924] Zataralee was killed by an NPC!
[02:09:30:449612 --7:00] [Thread 7680] Zataralee was killed by an NPC!
[05:25:08:812435 --7:00] [Thread 3300] Jason commited suicide!
[06:06:37:340613 --7:00] [Thread 4556] Stealthman commited suicide!
[06:09:58:976174 --7:00] [Thread 4556] Stealthman commited suicide!
[06:16:11:981661 --7:00] [Thread 7680] Stealthman commited suicide!
[06:20:57:055954 --7:00] [Thread 6272] Stealthman commited suicide!
[06:36:03:186144 --7:00] [Thread 7428] Stealthman was killed by an NPC!
[06:56:53:628281 --7:00] [Thread 4556] Stealthman was killed by an NPC!
[07:01:23:729363 --7:00] [Thread 6272] Stealthman commited suicide!
[07:07:42:507848 --7:00] [Thread 7680] Stealthman commited suicide!
[07:28:04:484567 --7:00] [Thread 3300] Stealthman was killed by an NPC!
[08:19:43:705073 --7:00] [Thread 7680] Jason was killed by an NPC!
[08:21:11:860459 --7:00] [Thread 7428] Jason commited suicide!
[09:03:56:186489 --7:00] [Thread 7680] Stealthman was killed by an NPC!
[09:16:26:159712 --7:00] [Thread 4556] Stealthman was killed by an NPC!
[11:39:38:105393 --7:00] [Thread 7428] Stealthman died because the universe hates him.
