[18:22:57:686002 --7:00] [Thread 4688] PLAYER: ( 76561198077567121 ) R D4tification:1 (D4_Cador) REMOTE PURCHASED ITEM EBM_Brickwall_floor_Kit FOR 1000 POPTABS | PLAYER TOTAL MONEY: 9442
[18:22:58:471550 --7:00] [Thread 4284] PLAYER: ( 76561198077567121 ) R D4tification:1 (D4_Cador) REMOTE PURCHASED ITEM EBM_Brickwall_floor_Kit FOR 1000 POPTABS | PLAYER TOTAL MONEY: 8442
[18:22:59:233656 --7:00] [Thread 4688] PLAYER: ( 76561198077567121 ) R D4tification:1 (D4_Cador) REMOTE PURCHASED ITEM EBM_Brickwall_floor_Kit FOR 1000 POPTABS | PLAYER TOTAL MONEY: 7442
[18:23:00:068169 --7:00] [Thread 4284] PLAYER: ( 76561198077567121 ) R D4tification:1 (D4_Cador) REMOTE PURCHASED ITEM EBM_Brickwall_floor_Kit FOR 1000 POPTABS | PLAYER TOTAL MONEY: 6442
[18:25:14:687269 --7:00] [Thread 4688] PLAYER: ( 76561198077567121 ) R D4tification:1 (D4_Cador) REMOTE PURCHASED ITEM EBM_Brickwall_floor_Kit FOR 1000 POPTABS | PLAYER TOTAL MONEY: 5442
[18:25:20:621365 --7:00] [Thread 4688] PLAYER: ( 76561198077567121 ) R D4tification:1 (D4_Cador) REMOTE PURCHASED ITEM EBM_Brickwall_Kit FOR 1000 POPTABS | PLAYER TOTAL MONEY: 4442
[18:25:21:597988 --7:00] [Thread 4284] PLAYER: ( 76561198077567121 ) R D4tification:1 (D4_Cador) REMOTE PURCHASED ITEM EBM_Brickwall_Kit FOR 1000 POPTABS | PLAYER TOTAL MONEY: 3442
[18:25:22:578074 --7:00] [Thread 4688] PLAYER: ( 76561198077567121 ) R D4tification:1 (D4_Cador) REMOTE PURCHASED ITEM EBM_Brickwall_Kit FOR 1000 POPTABS | PLAYER TOTAL MONEY: 2442
[18:25:23:519529 --7:00] [Thread 4284] PLAYER: ( 76561198077567121 ) R D4tification:1 (D4_Cador) REMOTE PURCHASED ITEM EBM_Brickwall_Kit FOR 1000 POPTABS | PLAYER TOTAL MONEY: 1442
[19:01:36:108492 --7:00] [Thread 864] PLAYER: ( 76561198017085437 ) R D4tification:2 (Nutsnboltz) REMOTE SOLD ITEM: Box_NATO_Wps_F (ID# <null>) with Cargo ["B_Bergen_blk","B_Kitbag_mcamo","30Rnd_65x39_caseless_green","30Rnd_65x39_caseless_green","30Rnd_65x39_caseless_green","30Rnd_65x39_caseless_green","30Rnd_65x39_caseless_green","30Rnd_65x39_caseless_green","30Rnd_65x39_caseless_green","30Rnd_65x39_caseless_green","30Rnd_65x39_caseless_green","Exile_Item_Vishpirin","Exile_Item_Bandage","arifle_MX_Black_F","optic_Arco","30Rnd_65x39_caseless_mag"] FOR 775 POPTABS AND 77.5 RESPECT | PLAYER TOTAL MONEY: 15273
[19:01:44:800049 --7:00] [Thread 864] PLAYER: ( 76561198017085437 ) R D4tification:2 (Nutsnboltz) REMOTE SOLD ITEM: Box_NATO_Wps_F (ID# <null>) with Cargo [] FOR 0 POPTABS AND 0 RESPECT | PLAYER TOTAL MONEY: 15273
[19:02:05:049423 --7:00] [Thread 864] PLAYER: ( 76561198017085437 ) R D4tification:2 (Nutsnboltz) REMOTE SOLD ITEM Exile_Weapon_AK47 FOR 290 POPTABS AND 29 RESPECT | PLAYER TOTAL MONEY: 15563
[19:02:07:520775 --7:00] [Thread 4284] PLAYER: ( 76561198017085437 ) R D4tification:2 (Nutsnboltz) REMOTE SOLD ITEM launch_RPG32_F FOR 2500 POPTABS AND 250 RESPECT | PLAYER TOTAL MONEY: 18063
[19:02:09:807818 --7:00] [Thread 864] PLAYER: ( 76561198017085437 ) R D4tification:2 (Nutsnboltz) REMOTE SOLD ITEM G_Balaclava_lowprofile FOR 5 POPTABS AND 0.5 RESPECT | PLAYER TOTAL MONEY: 18068
[19:02:16:309965 --7:00] [Thread 4284] PLAYER: ( 76561198077567121 ) R D4tification:3 (D4_Cador) REMOTE SOLD ITEM 30Rnd_580x42_Mag_F FOR 7 POPTABS AND 0.7 RESPECT | PLAYER TOTAL MONEY: 2155
[19:02:17:285895 --7:00] [Thread 4688] PLAYER: ( 76561198077567121 ) R D4tification:3 (D4_Cador) REMOTE SOLD ITEM 30Rnd_580x42_Mag_F FOR 7 POPTABS AND 0.7 RESPECT | PLAYER TOTAL MONEY: 2162
[19:02:18:356870 --7:00] [Thread 4284] PLAYER: ( 76561198077567121 ) R D4tification:3 (D4_Cador) REMOTE SOLD ITEM 30Rnd_580x42_Mag_F FOR 7 POPTABS AND 0.7 RESPECT | PLAYER TOTAL MONEY: 2169
[19:02:19:696835 --7:00] [Thread 864] PLAYER: ( 76561198077567121 ) R D4tification:3 (D4_Cador) REMOTE SOLD ITEM 30Rnd_580x42_Mag_F FOR 7 POPTABS AND 0.7 RESPECT | PLAYER TOTAL MONEY: 2176
[19:02:22:295411 --7:00] [Thread 4688] PLAYER: ( 76561198017085437 ) R D4tification:2 (Nutsnboltz) REMOTE SOLD ITEM Exile_Magazine_30Rnd_762x39_AK FOR 10 POPTABS AND 1 RESPECT | PLAYER TOTAL MONEY: 18078
[19:02:22:444642 --7:00] [Thread 4284] PLAYER: ( 76561198077567121 ) R D4tification:3 (D4_Cador) REMOTE SOLD ITEM 30Rnd_556x45_Stanag FOR 10 POPTABS AND 1 RESPECT | PLAYER TOTAL MONEY: 2186
[19:02:23:885971 --7:00] [Thread 864] PLAYER: ( 76561198017085437 ) R D4tification:2 (Nutsnboltz) REMOTE SOLD ITEM Exile_Magazine_30Rnd_762x39_AK FOR 10 POPTABS AND 1 RESPECT | PLAYER TOTAL MONEY: 18088
[19:02:24:227256 --7:00] [Thread 4688] PLAYER: ( 76561198077567121 ) R D4tification:3 (D4_Cador) REMOTE SOLD ITEM 16Rnd_9x21_Mag FOR 10 POPTABS AND 1 RESPECT | PLAYER TOTAL MONEY: 2196
[19:02:24:566698 --7:00] [Thread 864] PLAYER: ( 76561198017085437 ) R D4tification:2 (Nutsnboltz) REMOTE SOLD ITEM Exile_Magazine_30Rnd_762x39_AK FOR 10 POPTABS AND 1 RESPECT | PLAYER TOTAL MONEY: 18098
[19:02:25:397988 --7:00] [Thread 4284] PLAYER: ( 76561198017085437 ) R D4tification:2 (Nutsnboltz) REMOTE SOLD ITEM Exile_Magazine_30Rnd_762x39_AK FOR 10 POPTABS AND 1 RESPECT | PLAYER TOTAL MONEY: 18108
[19:02:26:061104 --7:00] [Thread 4688] PLAYER: ( 76561198077567121 ) R D4tification:3 (D4_Cador) REMOTE SOLD ITEM 30Rnd_580x42_Mag_F FOR 7 POPTABS AND 0.7 RESPECT | PLAYER TOTAL MONEY: 2203
[19:02:26:271305 --7:00] [Thread 864] PLAYER: ( 76561198017085437 ) R D4tification:2 (Nutsnboltz) REMOTE SOLD ITEM Exile_Magazine_30Rnd_762x39_AK FOR 10 POPTABS AND 1 RESPECT | PLAYER TOTAL MONEY: 18118
[19:02:26:927936 --7:00] [Thread 4284] PLAYER: ( 76561198017085437 ) R D4tification:2 (Nutsnboltz) REMOTE SOLD ITEM Exile_Magazine_30Rnd_762x39_AK FOR 10 POPTABS AND 1 RESPECT | PLAYER TOTAL MONEY: 18128
[19:02:27:308387 --7:00] [Thread 864] PLAYER: ( 76561198077567121 ) R D4tification:3 (D4_Cador) REMOTE SOLD ITEM Exile_Magazine_7Rnd_45ACP FOR 10 POPTABS AND 1 RESPECT | PLAYER TOTAL MONEY: 2213
[19:02:28:650500 --7:00] [Thread 4688] PLAYER: ( 76561198017085437 ) R D4tification:2 (Nutsnboltz) REMOTE SOLD ITEM optic_NVS FOR 250 POPTABS AND 25 RESPECT | PLAYER TOTAL MONEY: 18378
[19:02:28:736537 --7:00] [Thread 4284] PLAYER: ( 76561198077567121 ) R D4tification:3 (D4_Cador) REMOTE SOLD ITEM arifle_Mk20_plain_F FOR 75 POPTABS AND 7.5 RESPECT | PLAYER TOTAL MONEY: 2288
[19:02:33:768315 --7:00] [Thread 864] PLAYER: ( 76561198077567121 ) R D4tification:3 (D4_Cador) REMOTE SOLD ITEM hgun_P07_F FOR 25 POPTABS AND 2.5 RESPECT | PLAYER TOTAL MONEY: 2313
[19:02:34:818051 --7:00] [Thread 4688] PLAYER: ( 76561198077567121 ) R D4tification:3 (D4_Cador) REMOTE SOLD ITEM arifle_CTAR_blk_F FOR 225 POPTABS AND 22.5 RESPECT | PLAYER TOTAL MONEY: 2538
[19:02:35:844079 --7:00] [Thread 4284] PLAYER: ( 76561198077567121 ) R D4tification:3 (D4_Cador) REMOTE SOLD ITEM Exile_Weapon_Colt1911 FOR 50 POPTABS AND 5 RESPECT | PLAYER TOTAL MONEY: 2588
[19:02:36:797996 --7:00] [Thread 864] PLAYER: ( 76561198077567121 ) R D4tification:3 (D4_Cador) REMOTE SOLD ITEM optic_Hamr FOR 100 POPTABS AND 10 RESPECT | PLAYER TOTAL MONEY: 2688
[19:02:38:025293 --7:00] [Thread 4688] PLAYER: ( 76561198077567121 ) R D4tification:3 (D4_Cador) REMOTE SOLD ITEM optic_Hamr FOR 100 POPTABS AND 10 RESPECT | PLAYER TOTAL MONEY: 2788
[19:02:49:758325 --7:00] [Thread 4284] PLAYER: ( 76561198077567121 ) R D4tification:3 (D4_Cador) REMOTE SOLD ITEM 30Rnd_556x45_Stanag FOR 10 POPTABS AND 1 RESPECT | PLAYER TOTAL MONEY: 2798
[19:02:50:903513 --7:00] [Thread 4688] PLAYER: ( 76561198077567121 ) R D4tification:3 (D4_Cador) REMOTE SOLD ITEM 30Rnd_556x45_Stanag FOR 10 POPTABS AND 1 RESPECT | PLAYER TOTAL MONEY: 2808
[19:02:51:994045 --7:00] [Thread 864] PLAYER: ( 76561198077567121 ) R D4tification:3 (D4_Cador) REMOTE SOLD ITEM 30Rnd_556x45_Stanag FOR 10 POPTABS AND 1 RESPECT | PLAYER TOTAL MONEY: 2818
[19:02:53:008878 --7:00] [Thread 4284] PLAYER: ( 76561198077567121 ) R D4tification:3 (D4_Cador) REMOTE SOLD ITEM 30Rnd_556x45_Stanag FOR 10 POPTABS AND 1 RESPECT | PLAYER TOTAL MONEY: 2828
[19:02:54:101897 --7:00] [Thread 4688] PLAYER: ( 76561198077567121 ) R D4tification:3 (D4_Cador) REMOTE SOLD ITEM 30Rnd_556x45_Stanag FOR 10 POPTABS AND 1 RESPECT | PLAYER TOTAL MONEY: 2838
[19:03:07:461520 --7:00] [Thread 4688] PLAYER: ( 76561198017085437 ) R D4tification:2 (Nutsnboltz) REMOTE PURCHASED ITEM arifle_SPAR_03_blk_F FOR 600 POPTABS | PLAYER TOTAL MONEY: 17778
[19:04:10:455842 --7:00] [Thread 4688] PLAYER: ( 76561198017085437 ) R D4tification:2 (Nutsnboltz) REMOTE PURCHASED ITEM arifle_SPAR_03_blk_F FOR 600 POPTABS | PLAYER TOTAL MONEY: 17178
[19:04:35:610082 --7:00] [Thread 864] PLAYER: ( 76561198017085437 ) R D4tification:2 (Nutsnboltz) REMOTE SOLD ITEM arifle_SPAR_03_blk_F FOR 300 POPTABS AND 30 RESPECT | PLAYER TOTAL MONEY: 17478
[19:04:37:765172 --7:00] [Thread 4284] PLAYER: ( 76561198017085437 ) R D4tification:2 (Nutsnboltz) REMOTE SOLD ITEM Exile_Item_Vishpirin FOR 150 POPTABS AND 15 RESPECT | PLAYER TOTAL MONEY: 17628
[19:04:40:613857 --7:00] [Thread 864] PLAYER: ( 76561198017085437 ) R D4tification:2 (Nutsnboltz) REMOTE SOLD ITEM Exile_Item_InstaDoc FOR 625 POPTABS AND 62.5 RESPECT | PLAYER TOTAL MONEY: 18253
[19:04:55:073043 --7:00] [Thread 4284] PLAYER: ( 76561198017085437 ) R D4tification:2 (Nutsnboltz) REMOTE PURCHASED ITEM muzzle_snds_B FOR 20 POPTABS | PLAYER TOTAL MONEY: 18233
[19:05:08:198812 --7:00] [Thread 864] PLAYER: ( 76561198017085437 ) R D4tification:2 (Nutsnboltz) REMOTE PURCHASED ITEM optic_KHS_old FOR 300 POPTABS | PLAYER TOTAL MONEY: 17933
[19:05:27:871811 --7:00] [Thread 4284] PLAYER: ( 76561198017085437 ) R D4tification:2 (Nutsnboltz) REMOTE PURCHASED ITEM 20Rnd_762x51_Mag FOR 20 POPTABS | PLAYER TOTAL MONEY: 17913
[19:05:28:796128 --7:00] [Thread 864] PLAYER: ( 76561198017085437 ) R D4tification:2 (Nutsnboltz) REMOTE PURCHASED ITEM 20Rnd_762x51_Mag FOR 20 POPTABS | PLAYER TOTAL MONEY: 17893
[19:05:29:572986 --7:00] [Thread 4284] PLAYER: ( 76561198017085437 ) R D4tification:2 (Nutsnboltz) REMOTE PURCHASED ITEM 20Rnd_762x51_Mag FOR 20 POPTABS | PLAYER TOTAL MONEY: 17873
[19:05:30:308985 --7:00] [Thread 864] PLAYER: ( 76561198017085437 ) R D4tification:2 (Nutsnboltz) REMOTE PURCHASED ITEM 20Rnd_762x51_Mag FOR 20 POPTABS | PLAYER TOTAL MONEY: 17853
[19:05:30:959530 --7:00] [Thread 4284] PLAYER: ( 76561198017085437 ) R D4tification:2 (Nutsnboltz) REMOTE PURCHASED ITEM 20Rnd_762x51_Mag FOR 20 POPTABS | PLAYER TOTAL MONEY: 17833
[19:05:36:405225 --7:00] [Thread 4688] PLAYER: ( 76561198077567121 ) R D4tification:3 (D4_Cador) REMOTE SOLD ITEM Exile_Magazine_20Rnd_765x17_SA61 FOR 10 POPTABS AND 1 RESPECT | PLAYER TOTAL MONEY: 2848
[19:05:38:133181 --7:00] [Thread 4284] PLAYER: ( 76561198077567121 ) R D4tification:3 (D4_Cador) REMOTE SOLD ITEM Exile_Magazine_20Rnd_765x17_SA61 FOR 10 POPTABS AND 1 RESPECT | PLAYER TOTAL MONEY: 2858
[19:05:39:625640 --7:00] [Thread 864] PLAYER: ( 76561198077567121 ) R D4tification:3 (D4_Cador) REMOTE SOLD ITEM Exile_Magazine_20Rnd_765x17_SA61 FOR 10 POPTABS AND 1 RESPECT | PLAYER TOTAL MONEY: 2868
[19:05:41:705167 --7:00] [Thread 4284] PLAYER: ( 76561198077567121 ) R D4tification:3 (D4_Cador) REMOTE SOLD ITEM Exile_Magazine_20Rnd_765x17_SA61 FOR 10 POPTABS AND 1 RESPECT | PLAYER TOTAL MONEY: 2878
[19:05:52:529955 --7:00] [Thread 4688] PLAYER: ( 76561198077567121 ) R D4tification:3 (D4_Cador) REMOTE SOLD ITEM 30Rnd_65x39_caseless_green FOR 10 POPTABS AND 1 RESPECT | PLAYER TOTAL MONEY: 2888
[19:05:53:443764 --7:00] [Thread 864] PLAYER: ( 76561198077567121 ) R D4tification:3 (D4_Cador) REMOTE SOLD ITEM 30Rnd_65x39_caseless_green FOR 10 POPTABS AND 1 RESPECT | PLAYER TOTAL MONEY: 2898
[19:05:54:336053 --7:00] [Thread 4284] PLAYER: ( 76561198077567121 ) R D4tification:3 (D4_Cador) REMOTE SOLD ITEM 30Rnd_65x39_caseless_green FOR 10 POPTABS AND 1 RESPECT | PLAYER TOTAL MONEY: 2908
[19:05:55:373142 --7:00] [Thread 864] PLAYER: ( 76561198077567121 ) R D4tification:3 (D4_Cador) REMOTE SOLD ITEM 30Rnd_65x39_caseless_green FOR 10 POPTABS AND 1 RESPECT | PLAYER TOTAL MONEY: 2918
[19:05:56:218294 --7:00] [Thread 4284] PLAYER: ( 76561198077567121 ) R D4tification:3 (D4_Cador) REMOTE SOLD ITEM 30Rnd_65x39_caseless_green FOR 10 POPTABS AND 1 RESPECT | PLAYER TOTAL MONEY: 2928
[19:05:59:578244 --7:00] [Thread 4688] PLAYER: ( 76561198077567121 ) R D4tification:3 (D4_Cador) REMOTE SOLD ITEM 16Rnd_9x21_Mag FOR 10 POPTABS AND 1 RESPECT | PLAYER TOTAL MONEY: 2938
[19:06:00:210085 --7:00] [Thread 4284] PLAYER: ( 76561198077567121 ) R D4tification:3 (D4_Cador) REMOTE SOLD ITEM 30Rnd_556x45_Stanag FOR 10 POPTABS AND 1 RESPECT | PLAYER TOTAL MONEY: 2948
[19:06:01:029062 --7:00] [Thread 4688] PLAYER: ( 76561198077567121 ) R D4tification:3 (D4_Cador) REMOTE SOLD ITEM 30Rnd_65x39_caseless_green FOR 10 POPTABS AND 1 RESPECT | PLAYER TOTAL MONEY: 2958
[19:06:01:849073 --7:00] [Thread 4284] PLAYER: ( 76561198017085437 ) R D4tification:2 (Nutsnboltz) REMOTE PURCHASED ITEM acc_pointer_IR FOR 10 POPTABS | PLAYER TOTAL MONEY: 17823
[19:06:01:870231 --7:00] [Thread 1652] PLAYER: ( 76561198077567121 ) R D4tification:3 (D4_Cador) REMOTE SOLD ITEM 30Rnd_65x39_caseless_green FOR 10 POPTABS AND 1 RESPECT | PLAYER TOTAL MONEY: 2968
[19:06:03:004066 --7:00] [Thread 4284] PLAYER: ( 76561198077567121 ) R D4tification:3 (D4_Cador) REMOTE SOLD ITEM 30Rnd_65x39_caseless_green FOR 10 POPTABS AND 1 RESPECT | PLAYER TOTAL MONEY: 2978
[19:06:04:033686 --7:00] [Thread 1652] PLAYER: ( 76561198077567121 ) R D4tification:3 (D4_Cador) REMOTE SOLD ITEM 16Rnd_9x21_Mag FOR 10 POPTABS AND 1 RESPECT | PLAYER TOTAL MONEY: 2988
[19:06:05:755563 --7:00] [Thread 4284] PLAYER: ( 76561198077567121 ) R D4tification:3 (D4_Cador) REMOTE SOLD ITEM 30Rnd_65x39_caseless_green FOR 10 POPTABS AND 1 RESPECT | PLAYER TOTAL MONEY: 2998
[19:06:06:973832 --7:00] [Thread 1652] PLAYER: ( 76561198077567121 ) R D4tification:3 (D4_Cador) REMOTE SOLD ITEM hgun_Rook40_F FOR 25 POPTABS AND 2.5 RESPECT | PLAYER TOTAL MONEY: 3023
[19:06:08:633451 --7:00] [Thread 864] PLAYER: ( 76561198017085437 ) R D4tification:2 (Nutsnboltz) REMOTE PURCHASED ITEM bipod_02_F_blk FOR 10 POPTABS | PLAYER TOTAL MONEY: 17813
[19:08:36:449985 --7:00] [Thread 4688] PLAYER: ( 76561198017085437 ) R D4tification:2 (Nutsnboltz) REMOTE SOLD ITEM 20Rnd_762x51_Mag FOR 10 POPTABS AND 1 RESPECT | PLAYER TOTAL MONEY: 17823
[19:08:51:322091 --7:00] [Thread 4688] PLAYER: ( 76561198077567121 ) R D4tification:3 (D4_Cador) REMOTE PURCHASED ITEM Exile_Magazine_10Rnd_127x99_m107 FOR 30 POPTABS | PLAYER TOTAL MONEY: 2993
[19:08:52:358049 --7:00] [Thread 4984] PLAYER: ( 76561198077567121 ) R D4tification:3 (D4_Cador) REMOTE PURCHASED ITEM Exile_Magazine_10Rnd_127x99_m107 FOR 30 POPTABS | PLAYER TOTAL MONEY: 2963
[19:09:00:088041 --7:00] [Thread 4688] PLAYER: ( 76561198017085437 ) R D4tification:2 (Nutsnboltz) REMOTE PURCHASED ITEM 30Rnd_65x39_caseless_green_mag_Tracer FOR 30 POPTABS | PLAYER TOTAL MONEY: 17793
[19:09:00:868645 --7:00] [Thread 4984] PLAYER: ( 76561198017085437 ) R D4tification:2 (Nutsnboltz) REMOTE PURCHASED ITEM 30Rnd_65x39_caseless_green_mag_Tracer FOR 30 POPTABS | PLAYER TOTAL MONEY: 17763
[19:09:01:647860 --7:00] [Thread 4984] PLAYER: ( 76561198017085437 ) R D4tification:2 (Nutsnboltz) REMOTE PURCHASED ITEM 30Rnd_65x39_caseless_green_mag_Tracer FOR 30 POPTABS | PLAYER TOTAL MONEY: 17733
[19:09:02:447931 --7:00] [Thread 4984] PLAYER: ( 76561198017085437 ) R D4tification:2 (Nutsnboltz) REMOTE PURCHASED ITEM 30Rnd_65x39_caseless_green_mag_Tracer FOR 30 POPTABS | PLAYER TOTAL MONEY: 17703
[19:09:03:184908 --7:00] [Thread 4984] PLAYER: ( 76561198017085437 ) R D4tification:2 (Nutsnboltz) REMOTE PURCHASED ITEM 30Rnd_65x39_caseless_green_mag_Tracer FOR 30 POPTABS | PLAYER TOTAL MONEY: 17673
[19:09:43:020017 --7:00] [Thread 4688] PLAYER: ( 76561198077567121 ) R D4tification:3 (D4_Cador) REMOTE PURCHASED ITEM 10Rnd_50BW_Mag_F FOR 35 POPTABS | PLAYER TOTAL MONEY: 2928
[19:09:43:490878 --7:00] [Thread 4688] PLAYER: ( 76561198077567121 ) R D4tification:3 (D4_Cador) REMOTE PURCHASED ITEM 10Rnd_50BW_Mag_F FOR 35 POPTABS | PLAYER TOTAL MONEY: 2893
[19:09:43:960141 --7:00] [Thread 4984] PLAYER: ( 76561198077567121 ) R D4tification:3 (D4_Cador) REMOTE PURCHASED ITEM 10Rnd_50BW_Mag_F FOR 35 POPTABS | PLAYER TOTAL MONEY: 2858
[19:09:44:380017 --7:00] [Thread 4688] PLAYER: ( 76561198077567121 ) R D4tification:3 (D4_Cador) REMOTE PURCHASED ITEM 10Rnd_50BW_Mag_F FOR 35 POPTABS | PLAYER TOTAL MONEY: 2823
[19:09:46:505946 --7:00] [Thread 4984] PLAYER: ( 76561198077567121 ) R D4tification:3 (D4_Cador) REMOTE PURCHASED ITEM 10Rnd_50BW_Mag_F FOR 35 POPTABS | PLAYER TOTAL MONEY: 2788
[19:10:43:556616 --7:00] [Thread 2328] PLAYER: ( 76561198017085437 ) R D4tification:2 (Nutsnboltz) REMOTE SOLD ITEM 20Rnd_762x51_Mag FOR 10 POPTABS AND 1 RESPECT | PLAYER TOTAL MONEY: 17683
[19:10:48:331798 --7:00] [Thread 4688] PLAYER: ( 76561198017085437 ) R D4tification:2 (Nutsnboltz) REMOTE PURCHASED ITEM 30Rnd_65x39_caseless_green_mag_Tracer FOR 30 POPTABS | PLAYER TOTAL MONEY: 17653
[19:10:49:226993 --7:00] [Thread 2328] PLAYER: ( 76561198017085437 ) R D4tification:2 (Nutsnboltz) REMOTE PURCHASED ITEM 30Rnd_65x39_caseless_green_mag_Tracer FOR 30 POPTABS | PLAYER TOTAL MONEY: 17623
[19:10:58:509131 --7:00] [Thread 4688] PLAYER: ( 76561198017085437 ) R D4tification:2 (Nutsnboltz) REMOTE PURCHASED ITEM 30Rnd_65x39_caseless_green_mag_Tracer FOR 30 POPTABS | PLAYER TOTAL MONEY: 17593
[19:10:59:547914 --7:00] [Thread 2328] PLAYER: ( 76561198017085437 ) R D4tification:2 (Nutsnboltz) REMOTE PURCHASED ITEM 30Rnd_65x39_caseless_green_mag_Tracer FOR 30 POPTABS | PLAYER TOTAL MONEY: 17563
[19:11:00:290512 --7:00] [Thread 4688] PLAYER: ( 76561198017085437 ) R D4tification:2 (Nutsnboltz) REMOTE PURCHASED ITEM 30Rnd_65x39_caseless_green_mag_Tracer FOR 30 POPTABS | PLAYER TOTAL MONEY: 17533
[19:18:12:183203 --7:00] [Thread 4984] PLAYER: ( 76561198017085437 ) R D4tification:2 (Nutsnboltz) REMOTE SOLD ITEM: B_T_Truck_01_covered_F (ID# <null>) with Cargo [] FOR 24000 POPTABS AND 2400 RESPECT | PLAYER TOTAL MONEY: 24000
[19:41:31:702398 --7:00] [Thread 864] PLAYER: ( 76561198017085437 ) R D4tification:2 (Nutsnboltz) REMOTE PURCHASED ITEM Exile_Item_Noodles FOR 14 POPTABS | PLAYER TOTAL MONEY: 399986
[19:41:32:441907 --7:00] [Thread 4984] PLAYER: ( 76561198017085437 ) R D4tification:2 (Nutsnboltz) REMOTE PURCHASED ITEM Exile_Item_Noodles FOR 14 POPTABS | PLAYER TOTAL MONEY: 399972
[19:41:41:467022 --7:00] [Thread 864] PLAYER: ( 76561198017085437 ) R D4tification:2 (Nutsnboltz) REMOTE PURCHASED ITEM Exile_Item_EMRE FOR 54 POPTABS | PLAYER TOTAL MONEY: 399918
[19:41:42:223488 --7:00] [Thread 4984] PLAYER: ( 76561198017085437 ) R D4tification:2 (Nutsnboltz) REMOTE PURCHASED ITEM Exile_Item_EMRE FOR 54 POPTABS | PLAYER TOTAL MONEY: 399864
[19:41:50:550091 --7:00] [Thread 864] PLAYER: ( 76561198017085437 ) R D4tification:2 (Nutsnboltz) REMOTE PURCHASED ITEM Exile_Item_PowerDrink FOR 60 POPTABS | PLAYER TOTAL MONEY: 399804
[19:44:48:479466 --7:00] [Thread 4284] PLAYER: ( 76561198017085437 ) R D4tification:2 (Nutsnboltz) REMOTE PURCHASED VEHICLE I_MRAP_03_gmg_F FOR 135000 POPTABS | PLAYER TOTAL MONEY: 264804
[20:30:18:340441 --7:00] [Thread 4284] PLAYER: ( 76561198077567121 ) R D4tification:1 (D4_Cador) REMOTE SOLD ITEM: I_Truck_02_medical_F (ID# <null>) with Cargo [] FOR 21500 POPTABS AND 2150 RESPECT | PLAYER TOTAL MONEY: 21505
[20:30:59:790656 --7:00] [Thread 2328] PLAYER: ( 76561198077567121 ) R D4tification:1 (D4_Cador) REMOTE PURCHASED ITEM U_O_V_Soldier_Viper_F FOR 150 POPTABS | PLAYER TOTAL MONEY: 21355
[20:31:14:358323 --7:00] [Thread 4984] PLAYER: ( 76561198077567121 ) R D4tification:1 (D4_Cador) REMOTE PURCHASED ITEM B_Bergen_dgtl_F FOR 400 POPTABS | PLAYER TOTAL MONEY: 20955
[20:31:26:560759 --7:00] [Thread 2328] PLAYER: ( 76561198077567121 ) R D4tification:1 (D4_Cador) REMOTE PURCHASED ITEM V_PlateCarrierSpec_tna_F FOR 100 POPTABS | PLAYER TOTAL MONEY: 20855
[20:31:53:476087 --7:00] [Thread 4984] PLAYER: ( 76561198077567121 ) R D4tification:1 (D4_Cador) REMOTE PURCHASED ITEM H_HelmetB_TI_tna_F FOR 100 POPTABS | PLAYER TOTAL MONEY: 20755
[20:32:12:217168 --7:00] [Thread 2328] PLAYER: ( 76561198077567121 ) R D4tification:1 (D4_Cador) REMOTE PURCHASED ITEM Exile_Weapon_m107 FOR 850 POPTABS | PLAYER TOTAL MONEY: 19905
[20:32:27:505434 --7:00] [Thread 4984] PLAYER: ( 76561198077567121 ) R D4tification:1 (D4_Cador) REMOTE PURCHASED ITEM optic_LRPS_ghex_F FOR 300 POPTABS | PLAYER TOTAL MONEY: 19605
[20:32:33:870091 --7:00] [Thread 2328] PLAYER: ( 76561198077567121 ) R D4tification:1 (D4_Cador) REMOTE PURCHASED ITEM Exile_Magazine_10Rnd_127x99_m107 FOR 30 POPTABS | PLAYER TOTAL MONEY: 19575
[20:32:34:566348 --7:00] [Thread 4984] PLAYER: ( 76561198077567121 ) R D4tification:1 (D4_Cador) REMOTE PURCHASED ITEM Exile_Magazine_10Rnd_127x99_m107 FOR 30 POPTABS | PLAYER TOTAL MONEY: 19545
[20:32:35:280820 --7:00] [Thread 2328] PLAYER: ( 76561198077567121 ) R D4tification:1 (D4_Cador) REMOTE PURCHASED ITEM Exile_Magazine_10Rnd_127x99_m107 FOR 30 POPTABS | PLAYER TOTAL MONEY: 19515
[20:32:35:953454 --7:00] [Thread 4984] PLAYER: ( 76561198077567121 ) R D4tification:1 (D4_Cador) REMOTE PURCHASED ITEM Exile_Magazine_10Rnd_127x99_m107 FOR 30 POPTABS | PLAYER TOTAL MONEY: 19485
[20:32:36:653903 --7:00] [Thread 2328] PLAYER: ( 76561198077567121 ) R D4tification:1 (D4_Cador) REMOTE PURCHASED ITEM Exile_Magazine_10Rnd_127x99_m107 FOR 30 POPTABS | PLAYER TOTAL MONEY: 19455
[20:32:40:369758 --7:00] [Thread 4984] PLAYER: ( 76561198077567121 ) R D4tification:1 (D4_Cador) REMOTE PURCHASED ITEM 6Rnd_45ACP_Cylinder FOR 8 POPTABS | PLAYER TOTAL MONEY: 19447
[20:32:41:084497 --7:00] [Thread 2328] PLAYER: ( 76561198077567121 ) R D4tification:1 (D4_Cador) REMOTE PURCHASED ITEM 6Rnd_45ACP_Cylinder FOR 8 POPTABS | PLAYER TOTAL MONEY: 19439
[20:32:41:818708 --7:00] [Thread 4984] PLAYER: ( 76561198077567121 ) R D4tification:1 (D4_Cador) REMOTE PURCHASED ITEM 6Rnd_45ACP_Cylinder FOR 8 POPTABS | PLAYER TOTAL MONEY: 19431
[20:32:56:802077 --7:00] [Thread 2328] PLAYER: ( 76561198077567121 ) R D4tification:1 (D4_Cador) REMOTE PURCHASED ITEM Exile_Item_DuctTape FOR 300 POPTABS | PLAYER TOTAL MONEY: 19131
[21:14:38:996255 --7:00] [Thread 4284] PLAYER: ( 76561198005489005 ) R Alpha 1-3:1 (Jason) REMOTE SOLD ITEM: Exile_Car_Ifrit (ID# <null>) with Cargo [] FOR 11500 POPTABS AND 1150 RESPECT | PLAYER TOTAL MONEY: 12162
[21:37:57:743597 --7:00] [Thread 3096] PLAYER: ( 76561197971543211 ) R Raven Core:1 (Joe) REMOTE PURCHASED ITEM Exile_Item_XM8 FOR 20 POPTABS | PLAYER TOTAL MONEY: 480
[21:38:01:225001 --7:00] [Thread 3720] PLAYER: ( 76561197971543211 ) R Raven Core:1 (Joe) REMOTE SOLD ITEM ItemWatch FOR 1 POPTABS AND 0.1 RESPECT | PLAYER TOTAL MONEY: 481
[21:47:50:745802 --7:00] [Thread 2080] PLAYER: ( 76561197971543211 ) R Raven Core:1 (Joe) REMOTE SOLD ITEM: B_T_LSV_01_unarmed_sand_F (ID# <null>) with Cargo [] FOR 0 POPTABS AND 0 RESPECT | PLAYER TOTAL MONEY: 481
[21:47:55:155617 --7:00] [Thread 2080] PLAYER: ( 76561197971543211 ) R Raven Core:1 (Joe) REMOTE SOLD ITEM: B_T_Truck_01_covered_F (ID# <null>) with Cargo [] FOR 24000 POPTABS AND 2400 RESPECT | PLAYER TOTAL MONEY: 24481
[21:55:21:256599 --7:00] [Thread 2080] PLAYER: ( 76561197971543211 ) R Raven Core:1 (Joe) REMOTE SOLD ITEM: Exile_Chopper_Taru_Transport_Black (ID# <null>) with Cargo [] FOR 8500 POPTABS AND 850 RESPECT | PLAYER TOTAL MONEY: 8500
[21:55:40:493457 --7:00] [Thread 3096] PLAYER: ( 76561197971543211 ) R Raven Core:1 (Joe) REMOTE PURCHASED ITEM Exile_Item_Vishpirin FOR 300 POPTABS | PLAYER TOTAL MONEY: 8200
[22:00:14:749333 --7:00] [Thread 3720] PLAYER: ( 76561197966847701 ) R Alpha 1-3:1 (Lothaar) REMOTE PURCHASED ITEM Exile_Uniform_Woodland FOR 150 POPTABS | PLAYER TOTAL MONEY: 4850
[22:00:25:237213 --7:00] [Thread 3096] PLAYER: ( 76561197966847701 ) R Alpha 1-3:1 (Lothaar) REMOTE PURCHASED ITEM B_ViperHarness_blk_F FOR 250 POPTABS | PLAYER TOTAL MONEY: 4600
[22:00:35:729634 --7:00] [Thread 3720] PLAYER: ( 76561197966847701 ) R Alpha 1-3:1 (Lothaar) REMOTE PURCHASED ITEM V_TacVestIR_blk FOR 50 POPTABS | PLAYER TOTAL MONEY: 4550
[22:01:06:262834 --7:00] [Thread 3720] PLAYER: ( 76561197966847701 ) R Alpha 1-3:1 (Lothaar) REMOTE PURCHASED ITEM H_HelmetSpecB FOR 80 POPTABS | PLAYER TOTAL MONEY: 4470
[22:02:29:741435 --7:00] [Thread 3096] PLAYER: ( 76561197966847701 ) R Alpha 1-3:1 (Lothaar) REMOTE PURCHASED ITEM arifle_MX_GL_Black_F FOR 450 POPTABS | PLAYER TOTAL MONEY: 4020
[22:02:48:304942 --7:00] [Thread 3720] PLAYER: ( 76561197966847701 ) R Alpha 1-3:1 (Lothaar) REMOTE PURCHASED ITEM optic_AMS FOR 300 POPTABS | PLAYER TOTAL MONEY: 3720
[22:02:55:737341 --7:00] [Thread 3096] PLAYER: ( 76561197966847701 ) R Alpha 1-3:1 (Lothaar) REMOTE PURCHASED ITEM muzzle_snds_H FOR 20 POPTABS | PLAYER TOTAL MONEY: 3700
[22:03:15:013365 --7:00] [Thread 3720] PLAYER: ( 76561197966847701 ) R Alpha 1-3:1 (Lothaar) REMOTE PURCHASED ITEM 30Rnd_65x39_caseless_mag FOR 20 POPTABS | PLAYER TOTAL MONEY: 3680
[22:03:16:237952 --7:00] [Thread 3096] PLAYER: ( 76561197966847701 ) R Alpha 1-3:1 (Lothaar) REMOTE PURCHASED ITEM 30Rnd_65x39_caseless_mag FOR 20 POPTABS | PLAYER TOTAL MONEY: 3660
[22:03:17:250665 --7:00] [Thread 3720] PLAYER: ( 76561197966847701 ) R Alpha 1-3:1 (Lothaar) REMOTE PURCHASED ITEM 30Rnd_65x39_caseless_mag FOR 20 POPTABS | PLAYER TOTAL MONEY: 3640
[22:03:18:151439 --7:00] [Thread 3096] PLAYER: ( 76561197966847701 ) R Alpha 1-3:1 (Lothaar) REMOTE PURCHASED ITEM 30Rnd_65x39_caseless_mag FOR 20 POPTABS | PLAYER TOTAL MONEY: 3620
[22:03:19:058914 --7:00] [Thread 3720] PLAYER: ( 76561197966847701 ) R Alpha 1-3:1 (Lothaar) REMOTE PURCHASED ITEM 30Rnd_65x39_caseless_mag FOR 20 POPTABS | PLAYER TOTAL MONEY: 3600
[22:03:19:976193 --7:00] [Thread 3096] PLAYER: ( 76561197966847701 ) R Alpha 1-3:1 (Lothaar) REMOTE PURCHASED ITEM 30Rnd_65x39_caseless_mag FOR 20 POPTABS | PLAYER TOTAL MONEY: 3580
[22:03:20:838094 --7:00] [Thread 3720] PLAYER: ( 76561197966847701 ) R Alpha 1-3:1 (Lothaar) REMOTE PURCHASED ITEM 30Rnd_65x39_caseless_mag FOR 20 POPTABS | PLAYER TOTAL MONEY: 3560
[22:03:21:805751 --7:00] [Thread 3096] PLAYER: ( 76561197966847701 ) R Alpha 1-3:1 (Lothaar) REMOTE PURCHASED ITEM 30Rnd_65x39_caseless_mag FOR 20 POPTABS | PLAYER TOTAL MONEY: 3540
[22:03:22:727348 --7:00] [Thread 3720] PLAYER: ( 76561197966847701 ) R Alpha 1-3:1 (Lothaar) REMOTE PURCHASED ITEM 30Rnd_65x39_caseless_mag FOR 20 POPTABS | PLAYER TOTAL MONEY: 3520
[22:03:23:715216 --7:00] [Thread 3096] PLAYER: ( 76561197966847701 ) R Alpha 1-3:1 (Lothaar) REMOTE PURCHASED ITEM 30Rnd_65x39_caseless_mag FOR 20 POPTABS | PLAYER TOTAL MONEY: 3500
[22:03:24:702683 --7:00] [Thread 3720] PLAYER: ( 76561197966847701 ) R Alpha 1-3:1 (Lothaar) REMOTE PURCHASED ITEM 30Rnd_65x39_caseless_mag FOR 20 POPTABS | PLAYER TOTAL MONEY: 3480
[22:03:25:756728 --7:00] [Thread 3096] PLAYER: ( 76561197966847701 ) R Alpha 1-3:1 (Lothaar) REMOTE PURCHASED ITEM 30Rnd_65x39_caseless_mag FOR 20 POPTABS | PLAYER TOTAL MONEY: 3460
[22:03:26:724558 --7:00] [Thread 3720] PLAYER: ( 76561197966847701 ) R Alpha 1-3:1 (Lothaar) REMOTE PURCHASED ITEM 30Rnd_65x39_caseless_mag FOR 20 POPTABS | PLAYER TOTAL MONEY: 3440
[22:03:27:799844 --7:00] [Thread 3096] PLAYER: ( 76561197966847701 ) R Alpha 1-3:1 (Lothaar) REMOTE PURCHASED ITEM 30Rnd_65x39_caseless_mag FOR 20 POPTABS | PLAYER TOTAL MONEY: 3420
[22:03:44:305467 --7:00] [Thread 3720] PLAYER: ( 76561197966847701 ) R Alpha 1-3:1 (Lothaar) REMOTE PURCHASED ITEM 30Rnd_65x39_caseless_mag FOR 20 POPTABS | PLAYER TOTAL MONEY: 3400
[22:04:03:802392 --7:00] [Thread 3096] PLAYER: ( 76561197966847701 ) R Alpha 1-3:1 (Lothaar) REMOTE PURCHASED ITEM 1Rnd_Smoke_Grenade_shell FOR 8 POPTABS | PLAYER TOTAL MONEY: 3392
[22:04:04:943160 --7:00] [Thread 3720] PLAYER: ( 76561197966847701 ) R Alpha 1-3:1 (Lothaar) REMOTE PURCHASED ITEM 1Rnd_Smoke_Grenade_shell FOR 8 POPTABS | PLAYER TOTAL MONEY: 3384
[22:04:05:954902 --7:00] [Thread 3096] PLAYER: ( 76561197966847701 ) R Alpha 1-3:1 (Lothaar) REMOTE PURCHASED ITEM 1Rnd_Smoke_Grenade_shell FOR 8 POPTABS | PLAYER TOTAL MONEY: 3376
[22:04:07:057614 --7:00] [Thread 3720] PLAYER: ( 76561197966847701 ) R Alpha 1-3:1 (Lothaar) REMOTE PURCHASED ITEM 1Rnd_Smoke_Grenade_shell FOR 8 POPTABS | PLAYER TOTAL MONEY: 3368
[22:04:08:112297 --7:00] [Thread 3096] PLAYER: ( 76561197966847701 ) R Alpha 1-3:1 (Lothaar) REMOTE PURCHASED ITEM 1Rnd_Smoke_Grenade_shell FOR 8 POPTABS | PLAYER TOTAL MONEY: 3360
[22:04:09:144981 --7:00] [Thread 3720] PLAYER: ( 76561197966847701 ) R Alpha 1-3:1 (Lothaar) REMOTE PURCHASED ITEM 1Rnd_Smoke_Grenade_shell FOR 8 POPTABS | PLAYER TOTAL MONEY: 3352
[22:04:10:176673 --7:00] [Thread 3096] PLAYER: ( 76561197966847701 ) R Alpha 1-3:1 (Lothaar) REMOTE PURCHASED ITEM 1Rnd_Smoke_Grenade_shell FOR 8 POPTABS | PLAYER TOTAL MONEY: 3344
[22:04:11:312757 --7:00] [Thread 3720] PLAYER: ( 76561197966847701 ) R Alpha 1-3:1 (Lothaar) REMOTE PURCHASED ITEM 1Rnd_Smoke_Grenade_shell FOR 8 POPTABS | PLAYER TOTAL MONEY: 3336
[22:04:12:425515 --7:00] [Thread 2080] PLAYER: ( 76561197966847701 ) R Alpha 1-3:1 (Lothaar) REMOTE PURCHASED ITEM 1Rnd_Smoke_Grenade_shell FOR 8 POPTABS | PLAYER TOTAL MONEY: 3328
[22:04:13:517222 --7:00] [Thread 3720] PLAYER: ( 76561197966847701 ) R Alpha 1-3:1 (Lothaar) REMOTE PURCHASED ITEM 1Rnd_Smoke_Grenade_shell FOR 8 POPTABS | PLAYER TOTAL MONEY: 3320
[22:04:20:193886 --7:00] [Thread 2080] PLAYER: ( 76561197966847701 ) R Alpha 1-3:1 (Lothaar) REMOTE PURCHASED ITEM 1Rnd_HE_Grenade_shell FOR 70 POPTABS | PLAYER TOTAL MONEY: 3250
[22:04:21:293546 --7:00] [Thread 3720] PLAYER: ( 76561197966847701 ) R Alpha 1-3:1 (Lothaar) REMOTE PURCHASED ITEM 1Rnd_HE_Grenade_shell FOR 70 POPTABS | PLAYER TOTAL MONEY: 3180
[22:04:22:370252 --7:00] [Thread 2080] PLAYER: ( 76561197966847701 ) R Alpha 1-3:1 (Lothaar) REMOTE PURCHASED ITEM 1Rnd_HE_Grenade_shell FOR 70 POPTABS | PLAYER TOTAL MONEY: 3110
[22:04:24:085363 --7:00] [Thread 3720] PLAYER: ( 76561197966847701 ) R Alpha 1-3:1 (Lothaar) REMOTE PURCHASED ITEM 1Rnd_HE_Grenade_shell FOR 70 POPTABS | PLAYER TOTAL MONEY: 3040
[22:04:25:450274 --7:00] [Thread 2080] PLAYER: ( 76561197966847701 ) R Alpha 1-3:1 (Lothaar) REMOTE PURCHASED ITEM 1Rnd_HE_Grenade_shell FOR 70 POPTABS | PLAYER TOTAL MONEY: 2970
[22:04:26:564233 --7:00] [Thread 3720] PLAYER: ( 76561197966847701 ) R Alpha 1-3:1 (Lothaar) REMOTE PURCHASED ITEM 1Rnd_HE_Grenade_shell FOR 70 POPTABS | PLAYER TOTAL MONEY: 2900
[22:04:27:653864 --7:00] [Thread 2080] PLAYER: ( 76561197966847701 ) R Alpha 1-3:1 (Lothaar) REMOTE PURCHASED ITEM 1Rnd_HE_Grenade_shell FOR 70 POPTABS | PLAYER TOTAL MONEY: 2830
[22:04:28:730147 --7:00] [Thread 3720] PLAYER: ( 76561197966847701 ) R Alpha 1-3:1 (Lothaar) REMOTE PURCHASED ITEM 1Rnd_HE_Grenade_shell FOR 70 POPTABS | PLAYER TOTAL MONEY: 2760
[22:04:29:938130 --7:00] [Thread 2080] PLAYER: ( 76561197966847701 ) R Alpha 1-3:1 (Lothaar) REMOTE PURCHASED ITEM 1Rnd_HE_Grenade_shell FOR 70 POPTABS | PLAYER TOTAL MONEY: 2690
[22:04:31:034874 --7:00] [Thread 3720] PLAYER: ( 76561197966847701 ) R Alpha 1-3:1 (Lothaar) REMOTE PURCHASED ITEM 1Rnd_HE_Grenade_shell FOR 70 POPTABS | PLAYER TOTAL MONEY: 2620
[22:06:56:312891 --7:00] [Thread 3096] PLAYER: ( 76561197966847701 ) R Alpha 1-3:1 (Lothaar) REMOTE PURCHASED ITEM APERSBoundingMine_Range_Mag FOR 500 POPTABS | PLAYER TOTAL MONEY: 2120
[22:06:57:596770 --7:00] [Thread 3720] PLAYER: ( 76561197966847701 ) R Alpha 1-3:1 (Lothaar) REMOTE PURCHASED ITEM APERSBoundingMine_Range_Mag FOR 500 POPTABS | PLAYER TOTAL MONEY: 1620
[22:06:58:732798 --7:00] [Thread 3096] PLAYER: ( 76561197966847701 ) R Alpha 1-3:1 (Lothaar) REMOTE PURCHASED ITEM APERSBoundingMine_Range_Mag FOR 500 POPTABS | PLAYER TOTAL MONEY: 1120
[22:06:59:917598 --7:00] [Thread 3720] PLAYER: ( 76561197966847701 ) R Alpha 1-3:1 (Lothaar) REMOTE PURCHASED ITEM APERSBoundingMine_Range_Mag FOR 500 POPTABS | PLAYER TOTAL MONEY: 620
[22:07:02:732710 --7:00] [Thread 3096] PLAYER: ( 76561197966847701 ) R Alpha 1-3:1 (Lothaar) REMOTE PURCHASED ITEM APERSBoundingMine_Range_Mag FOR 500 POPTABS | PLAYER TOTAL MONEY: 120
[22:17:26:100745 --7:00] [Thread 2080] PLAYER: ( 76561198005489005 ) R Alpha 1-6:1 (Jason) REMOTE PURCHASED VEHICLE B_MRAP_01_hmg_F FOR 135000 POPTABS | PLAYER TOTAL MONEY: 5000
[22:18:43:254137 --7:00] [Thread 2080] PLAYER: ( 76561197971543211 ) R Raven Core:1 (Joe) REMOTE SOLD ITEM: Exile_Car_Lada_Taxi (ID# <null>) with Cargo ["arifle_ARX_blk_F","30Rnd_65x39_caseless_green","hgun_P07_F","16Rnd_9x21_Mag","srifle_DMR_05_hex_F","10Rnd_93x64_DMR_05_Mag","srifle_DMR_02_camo_F","10Rnd_338_Mag","srifle_DMR_04_F","10Rnd_127x54_Mag","V_BandollierB_cbr","U_I_C_Soldier_Camo_F"] FOR 4745 POPTABS AND 474.5 RESPECT | PLAYER TOTAL MONEY: 13145
[22:19:08:030758 --7:00] [Thread 2080] PLAYER: ( 76561197971543211 ) R Raven Core:1 (Joe) REMOTE SOLD ITEM: Exile_Car_Volha_White (ID# <null>) with Cargo ["B_TacticalPack_mcamo","B_TacticalPack_rgr","arifle_MX_GL_khk_F","30Rnd_65x39_caseless_mag","hgun_Pistol_heavy_01_F","11Rnd_45ACP_Mag","arifle_MX_khk_F","30Rnd_65x39_caseless_mag","hgun_Pistol_heavy_02_F","6Rnd_45ACP_Cylinder","srifle_DMR_04_F","U_I_C_Soldier_Para_2_F","V_BandollierB_khk","V_BandollierB_khk","H_Shemag_khk","U_B_CTRG_Soldier_urb_3_F","V_BandollierB_cbr","H_ShemagOpen_tan","U_I_C_Soldier_Para_5_F"] FOR 4173 POPTABS AND 417.3 RESPECT | PLAYER TOTAL MONEY: 17318
[22:19:23:163106 --7:00] [Thread 328] PLAYER: ( 76561197971543211 ) R Raven Core:1 (Joe) REMOTE PURCHASED ITEM Exile_Magazine_7Rnd_45ACP FOR 20 POPTABS | PLAYER TOTAL MONEY: 17298
[22:19:24:104776 --7:00] [Thread 3720] PLAYER: ( 76561197971543211 ) R Raven Core:1 (Joe) REMOTE PURCHASED ITEM Exile_Magazine_7Rnd_45ACP FOR 20 POPTABS | PLAYER TOTAL MONEY: 17278
[22:19:25:067752 --7:00] [Thread 328] PLAYER: ( 76561197971543211 ) R Raven Core:1 (Joe) REMOTE PURCHASED ITEM Exile_Magazine_7Rnd_45ACP FOR 20 POPTABS | PLAYER TOTAL MONEY: 17258
[22:19:33:015269 --7:00] [Thread 3720] PLAYER: ( 76561197971543211 ) R Raven Core:1 (Joe) REMOTE PURCHASED ITEM 7Rnd_408_Mag FOR 10 POPTABS | PLAYER TOTAL MONEY: 17248
[22:19:34:009031 --7:00] [Thread 328] PLAYER: ( 76561197971543211 ) R Raven Core:1 (Joe) REMOTE PURCHASED ITEM 7Rnd_408_Mag FOR 10 POPTABS | PLAYER TOTAL MONEY: 17238
[22:21:26:283826 --7:00] [Thread 2080] PLAYER: ( 76561197971543211 ) R Raven Core:1 (Joe) REMOTE PURCHASED VEHICLE CUP_B_M2A3Bradley_USA_W FOR 310000 POPTABS | PLAYER TOTAL MONEY: 0
[00:40:20:901913 --7:00] [Thread 3224] PLAYER: ( 76561198168186710 ) R les vieux:1 (demonjac) REMOTE SOLD ITEM: B_T_LSV_01_armed_F (ID# <null>) with Cargo [] FOR 20000 POPTABS AND 2000 RESPECT | PLAYER TOTAL MONEY: 20000
[00:41:13:620190 --7:00] [Thread 3224] PLAYER: ( 76561198168186710 ) R les vieux:1 (demonjac) REMOTE PURCHASED VEHICLE Exile_Chopper_Hummingbird_Civillian_Shadow FOR 17000 POPTABS | PLAYER TOTAL MONEY: 3000
[01:59:03:005956 --7:00] [Thread 2668] PLAYER: ( 76561197966847701 ) R Alpha 1-4:1 (Lothaar) REMOTE SOLD ITEM: Exile_Container_SupplyBox (ID# <null>) with Cargo ["Exile_Item_SafeKit","Exile_Magazine_6Rnd_45ACP","20Rnd_556x45_UW_mag","SatchelCharge_Remote_Mag","SatchelCharge_Remote_Mag","Exile_Item_Defibrillator","Exile_Item_Defibrillator","Exile_Item_Vishpirin","Exile_Item_Vishpirin","Exile_Item_Vishpirin","Exile_Item_PlasticBottleFreshWater","Exile_Item_PlasticBottleFreshWater","Exile_Item_FortificationUpgrade","Exile_Item_FortificationUpgrade","Exile_Weapon_TaurusGold","Exile_Weapon_TaurusGold","arifle_SDAR_F","arifle_SDAR_F","V_RebreatherIA","G_O_Diving","NVGoggles_INDEP","NVGoggles_INDEP","NVGoggles_INDEP"] FOR 15056 POPTABS AND 1505.6 RESPECT | PLAYER TOTAL MONEY: 26013
[01:59:07:939880 --7:00] [Thread 2668] PLAYER: ( 76561197966847701 ) R Alpha 1-4:1 (Lothaar) REMOTE SOLD ITEM: Exile_Container_SupplyBox (ID# <null>) with Cargo ["Exile_Item_SafeKit","Exile_Magazine_30Rnd_762x39_AK","Exile_Magazine_6Rnd_45ACP","20Rnd_556x45_UW_mag","20Rnd_556x45_UW_mag","20Rnd_556x45_UW_mag","SatchelCharge_Remote_Mag","SatchelCharge_Remote_Mag","Exile_Item_Defibrillator","Exile_Item_Defibrillator","Exile_Item_Vishpirin","Exile_Item_Vishpirin","Exile_Item_EMRE","Exile_Item_FortificationUpgrade","Exile_Item_FortificationUpgrade","Exile_Item_PlasticBottleEmpty","Exile_Weapon_TaurusGold","Exile_Weapon_TaurusGold","arifle_SDAR_F","V_RebreatherIR","V_RebreatherIR","G_I_Diving","G_I_Diving","NVGoggles"] FOR 14660 POPTABS AND 1466 RESPECT | PLAYER TOTAL MONEY: 40673
[02:14:06:657942 --7:00] [Thread 2668] PLAYER: ( 76561197966847701 ) R Alpha 1-4:1 (Lothaar) REMOTE SOLD ITEM: Exile_Container_SupplyBox (ID# <null>) with Cargo ["Exile_Magazine_30Rnd_762x39_AK","Exile_Magazine_6Rnd_45ACP","20Rnd_556x45_UW_mag","20Rnd_556x45_UW_mag","SatchelCharge_Remote_Mag","SatchelCharge_Remote_Mag","SatchelCharge_Remote_Mag","Exile_Item_Defibrillator","Exile_Item_Defibrillator","Exile_Item_Vishpirin","Exile_Item_Vishpirin","Exile_Item_Vishpirin","Exile_Item_DuctTape","Exile_Item_DuctTape","Exile_Item_DuctTape","Exile_Item_EMRE","Exile_Item_EMRE","Exile_Weapon_TaurusGold","Exile_Weapon_TaurusGold","V_RebreatherIA","G_O_Diving","NVGoggles_INDEP"] FOR 2822 POPTABS AND 282.2 RESPECT | PLAYER TOTAL MONEY: 13226
[02:14:12:937613 --7:00] [Thread 2668] PLAYER: ( 76561197966847701 ) R Alpha 1-4:1 (Lothaar) REMOTE SOLD ITEM: Exile_Container_SupplyBox (ID# <null>) with Cargo ["Exile_Magazine_6Rnd_45ACP","Exile_Magazine_6Rnd_45ACP","Exile_Magazine_6Rnd_45ACP","20Rnd_556x45_UW_mag","20Rnd_556x45_UW_mag","SatchelCharge_Remote_Mag","Exile_Item_Defibrillator","Exile_Item_Defibrillator","Exile_Item_Defibrillator","Exile_Item_Vishpirin","Exile_Item_Vishpirin","Exile_Item_DuctTape","Exile_Item_PlasticBottleFreshWater","Exile_Item_EMRE","Exile_Weapon_AKS_Gold","Exile_Weapon_AKS_Gold","Exile_Weapon_TaurusGold","Exile_Weapon_TaurusGold","arifle_SDAR_F","V_RebreatherIA","V_RebreatherIA","G_O_Diving","G_O_Diving"] FOR 2312 POPTABS AND 231.2 RESPECT | PLAYER TOTAL MONEY: 15538
[02:30:54:964097 --7:00] [Thread 2668] PLAYER: ( 76561197966847701 ) R Alpha 1-4:1 (Lothaar) REMOTE SOLD ITEM: Exile_Container_SupplyBox (ID# <null>) with Cargo ["Exile_Magazine_30Rnd_762x39_AK","Exile_Magazine_30Rnd_762x39_AK","20Rnd_556x45_UW_mag","20Rnd_556x45_UW_mag","SatchelCharge_Remote_Mag","Exile_Item_Defibrillator","Exile_Item_Vishpirin","Exile_Item_Vishpirin","Exile_Item_Vishpirin","Exile_Item_DuctTape","Exile_Item_DuctTape","Exile_Item_DuctTape","Exile_Item_PlasticBottleFreshWater","Exile_Item_FortificationUpgrade","Exile_Item_FortificationUpgrade","Exile_Weapon_AKS_Gold","Exile_Weapon_AKS_Gold","Exile_Weapon_TaurusGold","arifle_SDAR_F","V_RebreatherIR","G_Diving","G_Diving","NVGoggles","NVGoggles"] FOR 2625 POPTABS AND 262.5 RESPECT | PLAYER TOTAL MONEY: 12512
[02:31:00:092412 --7:00] [Thread 2668] PLAYER: ( 76561197966847701 ) R Alpha 1-4:1 (Lothaar) REMOTE SOLD ITEM: Exile_Container_SupplyBox (ID# <null>) with Cargo ["Exile_Item_SafeKit","Exile_Magazine_30Rnd_762x39_AK","20Rnd_556x45_UW_mag","20Rnd_556x45_UW_mag","SatchelCharge_Remote_Mag","SatchelCharge_Remote_Mag","SatchelCharge_Remote_Mag","Exile_Item_Defibrillator","Exile_Item_Defibrillator","Exile_Item_Defibrillator","Exile_Item_Vishpirin","Exile_Item_Vishpirin","Exile_Item_Vishpirin","Exile_Item_DuctTape","Exile_Item_DuctTape","Exile_Item_PlasticBottleFreshWater","Exile_Item_EMRE","Exile_Item_FortificationUpgrade","Exile_Item_FortificationUpgrade","Exile_Weapon_TaurusGold","Exile_Weapon_TaurusGold","V_RebreatherIR","V_RebreatherIR","G_I_Diving","NVGoggles","NVGoggles","NVGoggles"] FOR 15364 POPTABS AND 1536.4 RESPECT | PLAYER TOTAL MONEY: 27876
[04:20:48:806216 --7:00] [Thread 2668] PLAYER: ( 76561198329726178 ) R les vieux:1 (sellig berton) REMOTE SOLD ITEM: Exile_Chopper_Orca_CSAT (ID# <null>) with Cargo [] FOR 14000 POPTABS AND 1400 RESPECT | PLAYER TOTAL MONEY: 14000
[04:21:08:731727 --7:00] [Thread 5092] PLAYER: ( 76561198329726178 ) R les vieux:1 (sellig berton) REMOTE PURCHASED ITEM optic_Nightstalker FOR 1000 POPTABS | PLAYER TOTAL MONEY: 13000
[04:21:10:668453 --7:00] [Thread 3892] PLAYER: ( 76561198329726178 ) R les vieux:1 (sellig berton) REMOTE PURCHASED ITEM optic_tws_mg FOR 1500 POPTABS | PLAYER TOTAL MONEY: 11500
[04:22:39:673385 --7:00] [Thread 2668] PLAYER: ( 76561198329726178 ) R les vieux:1 (sellig berton) REMOTE PURCHASED VEHICLE CUP_B_UAZ_Open_ACR FOR 9000 POPTABS | PLAYER TOTAL MONEY: 2500
[05:03:11:249624 --7:00] [Thread 3892] PLAYER: ( 76561198329726178 ) R les vieux:1 (sellig berton) REMOTE SOLD ITEM: Exile_Chopper_Taru_Black (ID# <null>) with Cargo [] FOR 16500 POPTABS AND 1650 RESPECT | PLAYER TOTAL MONEY: 16500
[05:03:18:722057 --7:00] [Thread 3892] PLAYER: ( 76561198329726178 ) R les vieux:1 (sellig berton) REMOTE SOLD ITEM: I_G_Offroad_01_armed_F (ID# <null>) with Cargo [] FOR 0 POPTABS AND 0 RESPECT | PLAYER TOTAL MONEY: 16500
[05:03:35:571011 --7:00] [Thread 3892] PLAYER: ( 76561198329726178 ) R les vieux:1 (sellig berton) REMOTE SOLD ITEM: I_Truck_02_medical_F (ID# <null>) with Cargo [] FOR 21500 POPTABS AND 2150 RESPECT | PLAYER TOTAL MONEY: 38000
[05:03:56:990552 --7:00] [Thread 3892] PLAYER: ( 76561198329726178 ) R les vieux:1 (sellig berton) REMOTE SOLD ITEM 6Rnd_45ACP_Cylinder FOR 4 POPTABS AND 0.4 RESPECT | PLAYER TOTAL MONEY: 38004
[05:03:58:994735 --7:00] [Thread 4208] PLAYER: ( 76561198329726178 ) R les vieux:1 (sellig berton) REMOTE SOLD ITEM hgun_Pistol_heavy_02_F FOR 44 POPTABS AND 4.4 RESPECT | PLAYER TOTAL MONEY: 38048
[05:04:01:262054 --7:00] [Thread 2772] PLAYER: ( 76561198329726178 ) R les vieux:1 (sellig berton) REMOTE SOLD ITEM Exile_Melee_Axe FOR 50 POPTABS AND 5 RESPECT | PLAYER TOTAL MONEY: 38098
[05:04:08:129867 --7:00] [Thread 3892] PLAYER: ( 76561198329726178 ) R les vieux:1 (sellig berton) REMOTE PURCHASED ITEM B_Bergen_tna_F FOR 400 POPTABS | PLAYER TOTAL MONEY: 37698
[05:04:27:857376 --7:00] [Thread 2772] PLAYER: ( 76561198329726178 ) R les vieux:1 (sellig berton) REMOTE PURCHASED ITEM V_PlateCarrierGL_tna_F FOR 500 POPTABS | PLAYER TOTAL MONEY: 37198
[05:04:52:408230 --7:00] [Thread 3892] PLAYER: ( 76561198329726178 ) R les vieux:1 (sellig berton) REMOTE PURCHASED ITEM U_B_T_FullGhillie_tna_F FOR 150 POPTABS | PLAYER TOTAL MONEY: 37048
[05:05:09:637801 --7:00] [Thread 2772] PLAYER: ( 76561198329726178 ) R les vieux:1 (sellig berton) REMOTE PURCHASED ITEM H_HelmetLeaderO_ocamo FOR 200 POPTABS | PLAYER TOTAL MONEY: 36848
[05:05:15:726664 --7:00] [Thread 3892] PLAYER: ( 76561198329726178 ) R les vieux:1 (sellig berton) REMOTE PURCHASED ITEM Exile_Item_InstaDoc FOR 1250 POPTABS | PLAYER TOTAL MONEY: 35598
[05:05:16:971554 --7:00] [Thread 2772] PLAYER: ( 76561198329726178 ) R les vieux:1 (sellig berton) REMOTE PURCHASED ITEM Exile_Item_InstaDoc FOR 1250 POPTABS | PLAYER TOTAL MONEY: 34348
[05:05:43:988984 --7:00] [Thread 3892] PLAYER: ( 76561198329726178 ) R les vieux:1 (sellig berton) REMOTE PURCHASED ITEM Exile_Item_PlasticBottleCoffee FOR 70 POPTABS | PLAYER TOTAL MONEY: 34278
[05:05:44:809534 --7:00] [Thread 2772] PLAYER: ( 76561198329726178 ) R les vieux:1 (sellig berton) REMOTE PURCHASED ITEM Exile_Item_PlasticBottleCoffee FOR 70 POPTABS | PLAYER TOTAL MONEY: 34208
[05:05:45:566438 --7:00] [Thread 3892] PLAYER: ( 76561198329726178 ) R les vieux:1 (sellig berton) REMOTE PURCHASED ITEM Exile_Item_PlasticBottleCoffee FOR 70 POPTABS | PLAYER TOTAL MONEY: 34138
[05:05:46:384889 --7:00] [Thread 2772] PLAYER: ( 76561198329726178 ) R les vieux:1 (sellig berton) REMOTE PURCHASED ITEM Exile_Item_PlasticBottleCoffee FOR 70 POPTABS | PLAYER TOTAL MONEY: 34068
[05:05:48:357563 --7:00] [Thread 3892] PLAYER: ( 76561198329726178 ) R les vieux:1 (sellig berton) REMOTE PURCHASED ITEM Exile_Item_EMRE FOR 54 POPTABS | PLAYER TOTAL MONEY: 34014
[05:05:49:135406 --7:00] [Thread 2772] PLAYER: ( 76561198329726178 ) R les vieux:1 (sellig berton) REMOTE PURCHASED ITEM Exile_Item_EMRE FOR 54 POPTABS | PLAYER TOTAL MONEY: 33960
[05:05:49:975774 --7:00] [Thread 3892] PLAYER: ( 76561198329726178 ) R les vieux:1 (sellig berton) REMOTE PURCHASED ITEM Exile_Item_EMRE FOR 54 POPTABS | PLAYER TOTAL MONEY: 33906
[05:05:50:815654 --7:00] [Thread 2772] PLAYER: ( 76561198329726178 ) R les vieux:1 (sellig berton) REMOTE PURCHASED ITEM Exile_Item_EMRE FOR 54 POPTABS | PLAYER TOTAL MONEY: 33852
[05:06:13:227489 --7:00] [Thread 3892] PLAYER: ( 76561198329726178 ) R les vieux:1 (sellig berton) REMOTE PURCHASED ITEM Exile_Weapon_ksvk FOR 850 POPTABS | PLAYER TOTAL MONEY: 33002
[05:06:21:403065 --7:00] [Thread 2772] PLAYER: ( 76561198329726178 ) R les vieux:1 (sellig berton) REMOTE PURCHASED ITEM optic_Nightstalker FOR 1000 POPTABS | PLAYER TOTAL MONEY: 32002
[05:06:23:251475 --7:00] [Thread 3892] PLAYER: ( 76561198329726178 ) R les vieux:1 (sellig berton) REMOTE PURCHASED ITEM optic_tws_mg FOR 1500 POPTABS | PLAYER TOTAL MONEY: 30502
[05:06:24:933807 --7:00] [Thread 3892] PLAYER: ( 76561198329726178 ) R les vieux:1 (sellig berton) REMOTE PURCHASED ITEM optic_tws FOR 1500 POPTABS | PLAYER TOTAL MONEY: 29002
[05:06:27:311726 --7:00] [Thread 2772] PLAYER: ( 76561198329726178 ) R les vieux:1 (sellig berton) REMOTE PURCHASED ITEM optic_LRPS_ghex_F FOR 300 POPTABS | PLAYER TOTAL MONEY: 28702
[05:06:41:910744 --7:00] [Thread 3892] PLAYER: ( 76561198329726178 ) R les vieux:1 (sellig berton) REMOTE PURCHASED ITEM Exile_Magazine_5Rnd_127x108_APDS_KSVK_Bullet_Cam_Mag FOR 140 POPTABS | PLAYER TOTAL MONEY: 28562
[05:06:42:896633 --7:00] [Thread 2772] PLAYER: ( 76561198329726178 ) R les vieux:1 (sellig berton) REMOTE PURCHASED ITEM Exile_Magazine_5Rnd_127x108_APDS_KSVK_Bullet_Cam_Mag FOR 140 POPTABS | PLAYER TOTAL MONEY: 28422
[05:06:43:736951 --7:00] [Thread 3892] PLAYER: ( 76561198329726178 ) R les vieux:1 (sellig berton) REMOTE PURCHASED ITEM Exile_Magazine_5Rnd_127x108_APDS_KSVK_Bullet_Cam_Mag FOR 140 POPTABS | PLAYER TOTAL MONEY: 28282
[05:06:44:535519 --7:00] [Thread 2772] PLAYER: ( 76561198329726178 ) R les vieux:1 (sellig berton) REMOTE PURCHASED ITEM Exile_Magazine_5Rnd_127x108_APDS_KSVK_Bullet_Cam_Mag FOR 140 POPTABS | PLAYER TOTAL MONEY: 28142
[05:06:45:292182 --7:00] [Thread 3892] PLAYER: ( 76561198329726178 ) R les vieux:1 (sellig berton) REMOTE PURCHASED ITEM Exile_Magazine_5Rnd_127x108_APDS_KSVK_Bullet_Cam_Mag FOR 140 POPTABS | PLAYER TOTAL MONEY: 28002
[05:06:46:146878 --7:00] [Thread 2772] PLAYER: ( 76561198329726178 ) R les vieux:1 (sellig berton) REMOTE PURCHASED ITEM Exile_Magazine_5Rnd_127x108_APDS_KSVK_Bullet_Cam_Mag FOR 140 POPTABS | PLAYER TOTAL MONEY: 27862
[05:06:46:975861 --7:00] [Thread 3892] PLAYER: ( 76561198329726178 ) R les vieux:1 (sellig berton) REMOTE PURCHASED ITEM Exile_Magazine_5Rnd_127x108_APDS_KSVK_Bullet_Cam_Mag FOR 140 POPTABS | PLAYER TOTAL MONEY: 27722
[05:06:47:831218 --7:00] [Thread 2772] PLAYER: ( 76561198329726178 ) R les vieux:1 (sellig berton) REMOTE PURCHASED ITEM Exile_Magazine_5Rnd_127x108_APDS_KSVK_Bullet_Cam_Mag FOR 140 POPTABS | PLAYER TOTAL MONEY: 27582
[05:06:48:637929 --7:00] [Thread 3892] PLAYER: ( 76561198329726178 ) R les vieux:1 (sellig berton) REMOTE PURCHASED ITEM Exile_Magazine_5Rnd_127x108_APDS_KSVK_Bullet_Cam_Mag FOR 140 POPTABS | PLAYER TOTAL MONEY: 27442
[05:06:49:487913 --7:00] [Thread 2772] PLAYER: ( 76561198329726178 ) R les vieux:1 (sellig berton) REMOTE PURCHASED ITEM Exile_Magazine_5Rnd_127x108_APDS_KSVK_Bullet_Cam_Mag FOR 140 POPTABS | PLAYER TOTAL MONEY: 27302
[05:06:50:370550 --7:00] [Thread 3892] PLAYER: ( 76561198329726178 ) R les vieux:1 (sellig berton) REMOTE PURCHASED ITEM Exile_Magazine_5Rnd_127x108_APDS_KSVK_Bullet_Cam_Mag FOR 140 POPTABS | PLAYER TOTAL MONEY: 27162
[05:06:51:189916 --7:00] [Thread 2772] PLAYER: ( 76561198329726178 ) R les vieux:1 (sellig berton) REMOTE PURCHASED ITEM Exile_Magazine_5Rnd_127x108_APDS_KSVK_Bullet_Cam_Mag FOR 140 POPTABS | PLAYER TOTAL MONEY: 27022
[05:06:52:098466 --7:00] [Thread 3892] PLAYER: ( 76561198329726178 ) R les vieux:1 (sellig berton) REMOTE PURCHASED ITEM Exile_Magazine_5Rnd_127x108_APDS_KSVK_Bullet_Cam_Mag FOR 140 POPTABS | PLAYER TOTAL MONEY: 26882
[05:06:53:135947 --7:00] [Thread 2772] PLAYER: ( 76561198329726178 ) R les vieux:1 (sellig berton) REMOTE PURCHASED ITEM Exile_Magazine_5Rnd_127x108_APDS_KSVK_Bullet_Cam_Mag FOR 140 POPTABS | PLAYER TOTAL MONEY: 26742
[05:06:54:083800 --7:00] [Thread 3892] PLAYER: ( 76561198329726178 ) R les vieux:1 (sellig berton) REMOTE PURCHASED ITEM Exile_Magazine_5Rnd_127x108_APDS_KSVK_Bullet_Cam_Mag FOR 140 POPTABS | PLAYER TOTAL MONEY: 26602
[05:06:55:008511 --7:00] [Thread 2772] PLAYER: ( 76561198329726178 ) R les vieux:1 (sellig berton) REMOTE PURCHASED ITEM Exile_Magazine_5Rnd_127x108_APDS_KSVK_Bullet_Cam_Mag FOR 140 POPTABS | PLAYER TOTAL MONEY: 26462
[05:07:04:429423 --7:00] [Thread 3892] PLAYER: ( 76561198329726178 ) R les vieux:1 (sellig berton) REMOTE PURCHASED ITEM Exile_Item_DuctTape FOR 300 POPTABS | PLAYER TOTAL MONEY: 26162
[06:10:31:821964 --7:00] [Thread 4916] PLAYER: ( 76561198021846681 ) R Alpha 1-3:1 (Avriality) REMOTE SOLD ITEM hgun_Pistol_heavy_02_F FOR 44 POPTABS AND 4.4 RESPECT | PLAYER TOTAL MONEY: 5044
[06:10:46:116874 --7:00] [Thread 4536] PLAYER: ( 76561198021846681 ) R Alpha 1-3:1 (Avriality) REMOTE PURCHASED ITEM Exile_Weapon_Colt1911 FOR 100 POPTABS | PLAYER TOTAL MONEY: 4944
[06:11:22:063128 --7:00] [Thread 4916] PLAYER: ( 76561198021846681 ) R Alpha 1-3:1 (Avriality) REMOTE PURCHASED ITEM muzzle_snds_acp FOR 10 POPTABS | PLAYER TOTAL MONEY: 4934
[06:11:28:461038 --7:00] [Thread 4536] PLAYER: ( 76561198021846681 ) R Alpha 1-3:1 (Avriality) REMOTE PURCHASED ITEM muzzle_snds_M FOR 10 POPTABS | PLAYER TOTAL MONEY: 4924
[06:12:00:531865 --7:00] [Thread 4916] PLAYER: ( 76561198021846681 ) R Alpha 1-3:1 (Avriality) REMOTE PURCHASED ITEM arifle_SPAR_01_GL_blk_F FOR 500 POPTABS | PLAYER TOTAL MONEY: 4424
[06:14:16:711894 --7:00] [Thread 2596] PLAYER: ( 76561198021846681 ) R Alpha 1-3:1 (Avriality) REMOTE SOLD ITEM muzzle_snds_M FOR 5 POPTABS AND 0.5 RESPECT | PLAYER TOTAL MONEY: 4429
[06:14:51:496436 --7:00] [Thread 4536] PLAYER: ( 76561198021846681 ) R Alpha 1-3:1 (Avriality) REMOTE PURCHASED ITEM Exile_Magazine_7Rnd_45ACP FOR 20 POPTABS | PLAYER TOTAL MONEY: 4409
[06:15:05:757511 --7:00] [Thread 2596] PLAYER: ( 76561198021846681 ) R Alpha 1-3:1 (Avriality) REMOTE PURCHASED ITEM 30Rnd_556x45_Stanag FOR 20 POPTABS | PLAYER TOTAL MONEY: 4389
[06:15:16:427657 --7:00] [Thread 4536] PLAYER: ( 76561198021846681 ) R Alpha 1-3:1 (Avriality) REMOTE PURCHASED ITEM muzzle_snds_M FOR 10 POPTABS | PLAYER TOTAL MONEY: 4379
[06:17:14:407012 --7:00] [Thread 2596] PLAYER: ( 76561198021846681 ) R Alpha 1-3:1 (Avriality) REMOTE PURCHASED ITEM B_AssaultPack_tna_F FOR 90 POPTABS | PLAYER TOTAL MONEY: 4289
[06:17:40:049984 --7:00] [Thread 4536] PLAYER: ( 76561198021846681 ) R Alpha 1-3:1 (Avriality) REMOTE PURCHASED ITEM V_PlateCarrier1_blk FOR 80 POPTABS | PLAYER TOTAL MONEY: 4209
[06:18:03:055635 --7:00] [Thread 2596] PLAYER: ( 76561198021846681 ) R Alpha 1-3:1 (Avriality) REMOTE PURCHASED ITEM U_OrestesBody FOR 40 POPTABS | PLAYER TOTAL MONEY: 4169
[06:18:32:446015 --7:00] [Thread 4536] PLAYER: ( 76561198021846681 ) R Alpha 1-3:1 (Avriality) REMOTE PURCHASED ITEM Exile_Magazine_7Rnd_45ACP FOR 20 POPTABS | PLAYER TOTAL MONEY: 4149
[06:18:34:161557 --7:00] [Thread 2596] PLAYER: ( 76561198021846681 ) R Alpha 1-3:1 (Avriality) REMOTE PURCHASED ITEM Exile_Magazine_7Rnd_45ACP FOR 20 POPTABS | PLAYER TOTAL MONEY: 4129
[06:18:34:944822 --7:00] [Thread 4536] PLAYER: ( 76561198021846681 ) R Alpha 1-3:1 (Avriality) REMOTE PURCHASED ITEM Exile_Magazine_7Rnd_45ACP FOR 20 POPTABS | PLAYER TOTAL MONEY: 4109
[06:18:35:776626 --7:00] [Thread 2596] PLAYER: ( 76561198021846681 ) R Alpha 1-3:1 (Avriality) REMOTE PURCHASED ITEM Exile_Magazine_7Rnd_45ACP FOR 20 POPTABS | PLAYER TOTAL MONEY: 4089
[06:18:38:127148 --7:00] [Thread 4536] PLAYER: ( 76561198021846681 ) R Alpha 1-3:1 (Avriality) REMOTE PURCHASED ITEM 30Rnd_556x45_Stanag FOR 20 POPTABS | PLAYER TOTAL MONEY: 4069
[06:18:38:899884 --7:00] [Thread 2596] PLAYER: ( 76561198021846681 ) R Alpha 1-3:1 (Avriality) REMOTE PURCHASED ITEM 30Rnd_556x45_Stanag FOR 20 POPTABS | PLAYER TOTAL MONEY: 4049
[06:18:39:713588 --7:00] [Thread 4536] PLAYER: ( 76561198021846681 ) R Alpha 1-3:1 (Avriality) REMOTE PURCHASED ITEM 30Rnd_556x45_Stanag FOR 20 POPTABS | PLAYER TOTAL MONEY: 4029
[06:18:40:501008 --7:00] [Thread 2596] PLAYER: ( 76561198021846681 ) R Alpha 1-3:1 (Avriality) REMOTE PURCHASED ITEM 30Rnd_556x45_Stanag FOR 20 POPTABS | PLAYER TOTAL MONEY: 4009
[06:18:42:300804 --7:00] [Thread 4536] PLAYER: ( 76561198021846681 ) R Alpha 1-3:1 (Avriality) REMOTE PURCHASED ITEM 30Rnd_556x45_Stanag FOR 20 POPTABS | PLAYER TOTAL MONEY: 3989
[06:18:43:681783 --7:00] [Thread 2596] PLAYER: ( 76561198021846681 ) R Alpha 1-3:1 (Avriality) REMOTE PURCHASED ITEM 30Rnd_556x45_Stanag FOR 20 POPTABS | PLAYER TOTAL MONEY: 3969
[06:18:44:517009 --7:00] [Thread 4536] PLAYER: ( 76561198021846681 ) R Alpha 1-3:1 (Avriality) REMOTE PURCHASED ITEM 30Rnd_556x45_Stanag FOR 20 POPTABS | PLAYER TOTAL MONEY: 3949
[06:18:45:418922 --7:00] [Thread 2596] PLAYER: ( 76561198021846681 ) R Alpha 1-3:1 (Avriality) REMOTE PURCHASED ITEM 30Rnd_556x45_Stanag FOR 20 POPTABS | PLAYER TOTAL MONEY: 3929
[06:18:46:573952 --7:00] [Thread 4536] PLAYER: ( 76561198021846681 ) R Alpha 1-3:1 (Avriality) REMOTE PURCHASED ITEM Exile_Magazine_7Rnd_45ACP FOR 20 POPTABS | PLAYER TOTAL MONEY: 3909
[06:43:17:073941 --7:00] [Thread 3916] PLAYER: ( 76561198329726178 ) R les vieux:1 (sellig berton) REMOTE SOLD ITEM: Exile_Car_LandRover_Ambulance_Desert (ID# <null>) with Cargo [] FOR 6000 POPTABS AND 600 RESPECT | PLAYER TOTAL MONEY: 6000
[07:02:19:227922 --7:00] [Thread 3916] PLAYER: ( 76561198329726178 ) R les vieux:1 (sellig berton) REMOTE SOLD ITEM 6Rnd_45ACP_Cylinder FOR 4 POPTABS AND 0.4 RESPECT | PLAYER TOTAL MONEY: 4004
[07:02:20:305428 --7:00] [Thread 4916] PLAYER: ( 76561198329726178 ) R les vieux:1 (sellig berton) REMOTE SOLD ITEM 6Rnd_45ACP_Cylinder FOR 4 POPTABS AND 0.4 RESPECT | PLAYER TOTAL MONEY: 4008
[07:02:22:255858 --7:00] [Thread 2596] PLAYER: ( 76561198329726178 ) R les vieux:1 (sellig berton) REMOTE SOLD ITEM hgun_Pistol_heavy_02_F FOR 40 POPTABS AND 4 RESPECT | PLAYER TOTAL MONEY: 4048
[07:02:24:839909 --7:00] [Thread 4916] PLAYER: ( 76561198329726178 ) R les vieux:1 (sellig berton) REMOTE SOLD ITEM Exile_Melee_Axe FOR 50 POPTABS AND 5 RESPECT | PLAYER TOTAL MONEY: 4098
[07:02:31:719040 --7:00] [Thread 3916] PLAYER: ( 76561198329726178 ) R les vieux:1 (sellig berton) REMOTE PURCHASED ITEM B_Bergen_tna_F FOR 400 POPTABS | PLAYER TOTAL MONEY: 3698
[07:02:58:764852 --7:00] [Thread 4916] PLAYER: ( 76561198329726178 ) R les vieux:1 (sellig berton) REMOTE PURCHASED ITEM Exile_Weapon_ksvk FOR 850 POPTABS | PLAYER TOTAL MONEY: 2848
[07:03:05:553161 --7:00] [Thread 3916] PLAYER: ( 76561198329726178 ) R les vieux:1 (sellig berton) REMOTE PURCHASED ITEM optic_tws_mg FOR 1500 POPTABS | PLAYER TOTAL MONEY: 1348
[07:03:07:823628 --7:00] [Thread 4916] PLAYER: ( 76561198329726178 ) R les vieux:1 (sellig berton) REMOTE PURCHASED ITEM optic_Nightstalker FOR 1000 POPTABS | PLAYER TOTAL MONEY: 348
[07:03:14:971865 --7:00] [Thread 3916] PLAYER: ( 76561198329726178 ) R les vieux:1 (sellig berton) REMOTE PURCHASED ITEM Exile_Magazine_5Rnd_127x108_APDS_KSVK_Bullet_Cam_Mag FOR 140 POPTABS | PLAYER TOTAL MONEY: 208
[07:03:15:703605 --7:00] [Thread 4916] PLAYER: ( 76561198329726178 ) R les vieux:1 (sellig berton) REMOTE PURCHASED ITEM Exile_Magazine_5Rnd_127x108_APDS_KSVK_Bullet_Cam_Mag FOR 140 POPTABS | PLAYER TOTAL MONEY: 68
[07:16:53:349775 --7:00] [Thread 4536] PLAYER: ( 76561198021846681 ) R Alpha 1-3:1 (Avriality) REMOTE PURCHASED ITEM Exile_Weapon_LeeEnfield FOR 250 POPTABS | PLAYER TOTAL MONEY: 1750
[07:17:28:352528 --7:00] [Thread 4916] PLAYER: ( 76561198021846681 ) R Alpha 1-3:1 (Avriality) REMOTE PURCHASED ITEM B_AssaultPack_tna_F FOR 90 POPTABS | PLAYER TOTAL MONEY: 1660
[07:17:49:182032 --7:00] [Thread 4536] PLAYER: ( 76561198021846681 ) R Alpha 1-3:1 (Avriality) REMOTE PURCHASED ITEM V_PlateCarrier1_blk FOR 80 POPTABS | PLAYER TOTAL MONEY: 1580
[07:19:04:830115 --7:00] [Thread 3916] PLAYER: ( 76561198021846681 ) R Alpha 1-3:1 (Avriality) REMOTE SOLD ITEM hgun_Pistol_heavy_02_F FOR 44 POPTABS AND 4.4 RESPECT | PLAYER TOTAL MONEY: 1624
[07:19:25:790787 --7:00] [Thread 4536] PLAYER: ( 76561198021846681 ) R Alpha 1-3:1 (Avriality) REMOTE PURCHASED ITEM optic_Arco FOR 100 POPTABS | PLAYER TOTAL MONEY: 1524
[07:19:39:823981 --7:00] [Thread 3916] PLAYER: ( 76561198021846681 ) R Alpha 1-3:1 (Avriality) REMOTE PURCHASED ITEM Exile_Magazine_10Rnd_303 FOR 20 POPTABS | PLAYER TOTAL MONEY: 1504
[07:19:41:002990 --7:00] [Thread 4536] PLAYER: ( 76561198021846681 ) R Alpha 1-3:1 (Avriality) REMOTE PURCHASED ITEM Exile_Magazine_10Rnd_303 FOR 20 POPTABS | PLAYER TOTAL MONEY: 1484
[07:19:42:079000 --7:00] [Thread 3916] PLAYER: ( 76561198021846681 ) R Alpha 1-3:1 (Avriality) REMOTE PURCHASED ITEM Exile_Magazine_10Rnd_303 FOR 20 POPTABS | PLAYER TOTAL MONEY: 1464
[07:19:42:995903 --7:00] [Thread 4536] PLAYER: ( 76561198021846681 ) R Alpha 1-3:1 (Avriality) REMOTE PURCHASED ITEM Exile_Magazine_10Rnd_303 FOR 20 POPTABS | PLAYER TOTAL MONEY: 1444
[07:19:45:204944 --7:00] [Thread 3916] PLAYER: ( 76561198021846681 ) R Alpha 1-3:1 (Avriality) REMOTE PURCHASED ITEM Exile_Magazine_10Rnd_303 FOR 20 POPTABS | PLAYER TOTAL MONEY: 1424
[07:19:59:201322 --7:00] [Thread 4536] PLAYER: ( 76561198021846681 ) R Alpha 1-3:1 (Avriality) REMOTE PURCHASED ITEM Exile_Weapon_Colt1911 FOR 100 POPTABS | PLAYER TOTAL MONEY: 1324
[07:20:03:500821 --7:00] [Thread 3916] PLAYER: ( 76561198021846681 ) R Alpha 1-3:1 (Avriality) REMOTE PURCHASED ITEM Exile_Magazine_7Rnd_45ACP FOR 20 POPTABS | PLAYER TOTAL MONEY: 1304
[07:20:04:285976 --7:00] [Thread 4536] PLAYER: ( 76561198021846681 ) R Alpha 1-3:1 (Avriality) REMOTE PURCHASED ITEM Exile_Magazine_7Rnd_45ACP FOR 20 POPTABS | PLAYER TOTAL MONEY: 1284
[07:20:05:117105 --7:00] [Thread 3916] PLAYER: ( 76561198021846681 ) R Alpha 1-3:1 (Avriality) REMOTE PURCHASED ITEM Exile_Magazine_7Rnd_45ACP FOR 20 POPTABS | PLAYER TOTAL MONEY: 1264
[07:20:06:060132 --7:00] [Thread 4536] PLAYER: ( 76561198021846681 ) R Alpha 1-3:1 (Avriality) REMOTE PURCHASED ITEM Exile_Magazine_7Rnd_45ACP FOR 20 POPTABS | PLAYER TOTAL MONEY: 1244
[07:20:13:278823 --7:00] [Thread 3916] PLAYER: ( 76561198021846681 ) R Alpha 1-3:1 (Avriality) REMOTE PURCHASED ITEM muzzle_snds_M FOR 10 POPTABS | PLAYER TOTAL MONEY: 1234
[07:21:08:456897 --7:00] [Thread 4916] PLAYER: ( 76561198021846681 ) R Alpha 1-3:1 (Avriality) REMOTE SOLD ITEM 6Rnd_45ACP_Cylinder FOR 4 POPTABS AND 0.4 RESPECT | PLAYER TOTAL MONEY: 1238
[07:21:11:369948 --7:00] [Thread 3916] PLAYER: ( 76561198021846681 ) R Alpha 1-3:1 (Avriality) REMOTE SOLD ITEM 30Rnd_545x39_Mag_Tracer_Green_F FOR 5 POPTABS AND 0.5 RESPECT | PLAYER TOTAL MONEY: 1243
[07:28:53:361941 --7:00] [Thread 4916] PLAYER: ( 76561198329726178 ) R les vieux:1 (sellig berton) REMOTE SOLD ITEM: I_Truck_02_medical_F (ID# <null>) with Cargo [] FOR 21500 POPTABS AND 2150 RESPECT | PLAYER TOTAL MONEY: 21500
[07:29:09:126331 --7:00] [Thread 4916] PLAYER: ( 76561198329726178 ) R les vieux:1 (sellig berton) REMOTE SOLD ITEM 6Rnd_45ACP_Cylinder FOR 4 POPTABS AND 0.4 RESPECT | PLAYER TOTAL MONEY: 21504
[07:29:09:998040 --7:00] [Thread 1604] PLAYER: ( 76561198329726178 ) R les vieux:1 (sellig berton) REMOTE SOLD ITEM 6Rnd_45ACP_Cylinder FOR 4 POPTABS AND 0.4 RESPECT | PLAYER TOTAL MONEY: 21508
[07:29:14:021374 --7:00] [Thread 4536] PLAYER: ( 76561198329726178 ) R les vieux:1 (sellig berton) REMOTE SOLD ITEM Exile_Melee_Axe FOR 50 POPTABS AND 5 RESPECT | PLAYER TOTAL MONEY: 21558
[07:29:16:665234 --7:00] [Thread 4916] PLAYER: ( 76561198329726178 ) R les vieux:1 (sellig berton) REMOTE SOLD ITEM hgun_Pistol_heavy_02_F FOR 40 POPTABS AND 4 RESPECT | PLAYER TOTAL MONEY: 21598
[07:29:22:582906 --7:00] [Thread 4536] PLAYER: ( 76561198329726178 ) R les vieux:1 (sellig berton) REMOTE PURCHASED ITEM B_Bergen_tna_F FOR 400 POPTABS | PLAYER TOTAL MONEY: 21198
[07:29:28:857140 --7:00] [Thread 4916] PLAYER: ( 76561198329726178 ) R les vieux:1 (sellig berton) REMOTE PURCHASED ITEM V_PlateCarrierGL_mtp FOR 500 POPTABS | PLAYER TOTAL MONEY: 20698
[07:29:39:374110 --7:00] [Thread 4536] PLAYER: ( 76561198329726178 ) R les vieux:1 (sellig berton) REMOTE PURCHASED ITEM U_O_FullGhillie_lsh FOR 150 POPTABS | PLAYER TOTAL MONEY: 20548
[07:29:43:843535 --7:00] [Thread 4916] PLAYER: ( 76561198329726178 ) R les vieux:1 (sellig berton) REMOTE PURCHASED ITEM Exile_Item_InstaDoc FOR 1250 POPTABS | PLAYER TOTAL MONEY: 19298
[07:29:45:559170 --7:00] [Thread 4536] PLAYER: ( 76561198329726178 ) R les vieux:1 (sellig berton) REMOTE PURCHASED ITEM Exile_Item_Vishpirin FOR 300 POPTABS | PLAYER TOTAL MONEY: 18998
[07:29:57:296950 --7:00] [Thread 4916] PLAYER: ( 76561198329726178 ) R les vieux:1 (sellig berton) REMOTE PURCHASED ITEM H_HelmetLeaderO_oucamo FOR 200 POPTABS | PLAYER TOTAL MONEY: 18798
[07:30:34:000708 --7:00] [Thread 4536] PLAYER: ( 76561198329726178 ) R les vieux:1 (sellig berton) REMOTE PURCHASED ITEM Exile_Item_PlasticBottleCoffee FOR 70 POPTABS | PLAYER TOTAL MONEY: 18728
[07:30:35:090741 --7:00] [Thread 4916] PLAYER: ( 76561198329726178 ) R les vieux:1 (sellig berton) REMOTE PURCHASED ITEM Exile_Item_PlasticBottleCoffee FOR 70 POPTABS | PLAYER TOTAL MONEY: 18658
[07:30:36:030065 --7:00] [Thread 4536] PLAYER: ( 76561198329726178 ) R les vieux:1 (sellig berton) REMOTE PURCHASED ITEM Exile_Item_PlasticBottleCoffee FOR 70 POPTABS | PLAYER TOTAL MONEY: 18588
[07:30:37:697667 --7:00] [Thread 4916] PLAYER: ( 76561198329726178 ) R les vieux:1 (sellig berton) REMOTE PURCHASED ITEM Exile_Item_EMRE FOR 54 POPTABS | PLAYER TOTAL MONEY: 18534
[07:30:38:769912 --7:00] [Thread 4536] PLAYER: ( 76561198329726178 ) R les vieux:1 (sellig berton) REMOTE PURCHASED ITEM Exile_Item_EMRE FOR 54 POPTABS | PLAYER TOTAL MONEY: 18480
[07:30:39:933988 --7:00] [Thread 4916] PLAYER: ( 76561198329726178 ) R les vieux:1 (sellig berton) REMOTE PURCHASED ITEM Exile_Item_EMRE FOR 54 POPTABS | PLAYER TOTAL MONEY: 18426
[07:31:07:749875 --7:00] [Thread 4536] PLAYER: ( 76561198329726178 ) R les vieux:1 (sellig berton) REMOTE PURCHASED ITEM Exile_Weapon_ksvk FOR 850 POPTABS | PLAYER TOTAL MONEY: 17576
[07:31:13:191766 --7:00] [Thread 4916] PLAYER: ( 76561198329726178 ) R les vieux:1 (sellig berton) REMOTE PURCHASED ITEM optic_Nightstalker FOR 1000 POPTABS | PLAYER TOTAL MONEY: 16576
[07:31:14:267482 --7:00] [Thread 4536] PLAYER: ( 76561198329726178 ) R les vieux:1 (sellig berton) REMOTE PURCHASED ITEM optic_Nightstalker FOR 1000 POPTABS | PLAYER TOTAL MONEY: 15576
[07:31:16:698211 --7:00] [Thread 4916] PLAYER: ( 76561198329726178 ) R les vieux:1 (sellig berton) REMOTE PURCHASED ITEM optic_tws FOR 1500 POPTABS | PLAYER TOTAL MONEY: 14076
[07:31:17:859798 --7:00] [Thread 4536] PLAYER: ( 76561198329726178 ) R les vieux:1 (sellig berton) REMOTE PURCHASED ITEM optic_tws FOR 1500 POPTABS | PLAYER TOTAL MONEY: 12576
[07:31:19:523979 --7:00] [Thread 4916] PLAYER: ( 76561198329726178 ) R les vieux:1 (sellig berton) REMOTE PURCHASED ITEM optic_tws_mg FOR 1500 POPTABS | PLAYER TOTAL MONEY: 11076
[07:31:20:531630 --7:00] [Thread 4536] PLAYER: ( 76561198329726178 ) R les vieux:1 (sellig berton) REMOTE PURCHASED ITEM optic_tws_mg FOR 1500 POPTABS | PLAYER TOTAL MONEY: 9576
[07:31:23:604775 --7:00] [Thread 4916] PLAYER: ( 76561198329726178 ) R les vieux:1 (sellig berton) REMOTE PURCHASED ITEM optic_LRPS_tna_F FOR 300 POPTABS | PLAYER TOTAL MONEY: 9276
[07:31:30:187390 --7:00] [Thread 4536] PLAYER: ( 76561198329726178 ) R les vieux:1 (sellig berton) REMOTE PURCHASED ITEM Exile_Magazine_5Rnd_127x108_APDS_KSVK_Bullet_Cam_Mag FOR 140 POPTABS | PLAYER TOTAL MONEY: 9136
[07:31:30:934542 --7:00] [Thread 4916] PLAYER: ( 76561198329726178 ) R les vieux:1 (sellig berton) REMOTE PURCHASED ITEM Exile_Magazine_5Rnd_127x108_APDS_KSVK_Bullet_Cam_Mag FOR 140 POPTABS | PLAYER TOTAL MONEY: 8996
[07:31:31:700778 --7:00] [Thread 4536] PLAYER: ( 76561198329726178 ) R les vieux:1 (sellig berton) REMOTE PURCHASED ITEM Exile_Magazine_5Rnd_127x108_APDS_KSVK_Bullet_Cam_Mag FOR 140 POPTABS | PLAYER TOTAL MONEY: 8856
[07:31:32:448707 --7:00] [Thread 4916] PLAYER: ( 76561198329726178 ) R les vieux:1 (sellig berton) REMOTE PURCHASED ITEM Exile_Magazine_5Rnd_127x108_APDS_KSVK_Bullet_Cam_Mag FOR 140 POPTABS | PLAYER TOTAL MONEY: 8716
[07:31:33:215354 --7:00] [Thread 4536] PLAYER: ( 76561198329726178 ) R les vieux:1 (sellig berton) REMOTE PURCHASED ITEM Exile_Magazine_5Rnd_127x108_APDS_KSVK_Bullet_Cam_Mag FOR 140 POPTABS | PLAYER TOTAL MONEY: 8576
[07:31:34:005464 --7:00] [Thread 4916] PLAYER: ( 76561198329726178 ) R les vieux:1 (sellig berton) REMOTE PURCHASED ITEM Exile_Magazine_5Rnd_127x108_APDS_KSVK_Bullet_Cam_Mag FOR 140 POPTABS | PLAYER TOTAL MONEY: 8436
[07:31:34:817469 --7:00] [Thread 4536] PLAYER: ( 76561198329726178 ) R les vieux:1 (sellig berton) REMOTE PURCHASED ITEM Exile_Magazine_5Rnd_127x108_APDS_KSVK_Bullet_Cam_Mag FOR 140 POPTABS | PLAYER TOTAL MONEY: 8296
[07:31:35:605027 --7:00] [Thread 4916] PLAYER: ( 76561198329726178 ) R les vieux:1 (sellig berton) REMOTE PURCHASED ITEM Exile_Magazine_5Rnd_127x108_APDS_KSVK_Bullet_Cam_Mag FOR 140 POPTABS | PLAYER TOTAL MONEY: 8156
[07:31:37:075734 --7:00] [Thread 4536] PLAYER: ( 76561198329726178 ) R les vieux:1 (sellig berton) REMOTE PURCHASED ITEM Exile_Magazine_5Rnd_127x108_APDS_KSVK_Bullet_Cam_Mag FOR 140 POPTABS | PLAYER TOTAL MONEY: 8016
[07:31:37:930381 --7:00] [Thread 4916] PLAYER: ( 76561198329726178 ) R les vieux:1 (sellig berton) REMOTE PURCHASED ITEM Exile_Magazine_5Rnd_127x108_APDS_KSVK_Bullet_Cam_Mag FOR 140 POPTABS | PLAYER TOTAL MONEY: 7876
[07:31:38:784861 --7:00] [Thread 4536] PLAYER: ( 76561198329726178 ) R les vieux:1 (sellig berton) REMOTE PURCHASED ITEM Exile_Magazine_5Rnd_127x108_APDS_KSVK_Bullet_Cam_Mag FOR 140 POPTABS | PLAYER TOTAL MONEY: 7736
[07:31:39:616416 --7:00] [Thread 4916] PLAYER: ( 76561198329726178 ) R les vieux:1 (sellig berton) REMOTE PURCHASED ITEM Exile_Magazine_5Rnd_127x108_APDS_KSVK_Bullet_Cam_Mag FOR 140 POPTABS | PLAYER TOTAL MONEY: 7596
[07:31:40:450200 --7:00] [Thread 4536] PLAYER: ( 76561198329726178 ) R les vieux:1 (sellig berton) REMOTE PURCHASED ITEM Exile_Magazine_5Rnd_127x108_APDS_KSVK_Bullet_Cam_Mag FOR 140 POPTABS | PLAYER TOTAL MONEY: 7456
[07:31:41:350140 --7:00] [Thread 4916] PLAYER: ( 76561198329726178 ) R les vieux:1 (sellig berton) REMOTE PURCHASED ITEM Exile_Magazine_5Rnd_127x108_APDS_KSVK_Bullet_Cam_Mag FOR 140 POPTABS | PLAYER TOTAL MONEY: 7316
[07:31:42:248795 --7:00] [Thread 4536] PLAYER: ( 76561198329726178 ) R les vieux:1 (sellig berton) REMOTE PURCHASED ITEM Exile_Magazine_5Rnd_127x108_APDS_KSVK_Bullet_Cam_Mag FOR 140 POPTABS | PLAYER TOTAL MONEY: 7176
[12:41:43:044234 --7:00] [Thread 4656] PLAYER: ( 76561198329726178 ) R les vieux:1 (sellig berton) REMOTE SOLD ITEM: B_T_Truck_01_covered_F (ID# <null>) with Cargo [] FOR 24000 POPTABS AND 2400 RESPECT | PLAYER TOTAL MONEY: 29000
[12:42:36:600369 --7:00] [Thread 5060] PLAYER: ( 76561198329726178 ) R les vieux:1 (sellig berton) REMOTE PURCHASED ITEM B_Bergen_tna_F FOR 400 POPTABS | PLAYER TOTAL MONEY: 28600
[12:42:44:296879 --7:00] [Thread 2972] PLAYER: ( 76561198329726178 ) R les vieux:1 (sellig berton) REMOTE PURCHASED ITEM V_PlateCarrierGL_mtp FOR 500 POPTABS | PLAYER TOTAL MONEY: 28100
[12:42:55:001054 --7:00] [Thread 5060] PLAYER: ( 76561198329726178 ) R les vieux:1 (sellig berton) REMOTE PURCHASED ITEM U_O_FullGhillie_lsh FOR 150 POPTABS | PLAYER TOTAL MONEY: 27950
[12:43:08:391955 --7:00] [Thread 2972] PLAYER: ( 76561198329726178 ) R les vieux:1 (sellig berton) REMOTE PURCHASED ITEM Exile_Item_PlasticBottleCoffee FOR 70 POPTABS | PLAYER TOTAL MONEY: 27880
[12:43:09:694831 --7:00] [Thread 5060] PLAYER: ( 76561198329726178 ) R les vieux:1 (sellig berton) REMOTE PURCHASED ITEM Exile_Item_PlasticBottleCoffee FOR 70 POPTABS | PLAYER TOTAL MONEY: 27810
[12:43:10:744594 --7:00] [Thread 2972] PLAYER: ( 76561198329726178 ) R les vieux:1 (sellig berton) REMOTE PURCHASED ITEM Exile_Item_PlasticBottleCoffee FOR 70 POPTABS | PLAYER TOTAL MONEY: 27740
[12:43:14:235128 --7:00] [Thread 5060] PLAYER: ( 76561198329726178 ) R les vieux:1 (sellig berton) REMOTE PURCHASED ITEM Exile_Item_EMRE FOR 54 POPTABS | PLAYER TOTAL MONEY: 27686
[12:43:15:473979 --7:00] [Thread 2972] PLAYER: ( 76561198329726178 ) R les vieux:1 (sellig berton) REMOTE PURCHASED ITEM Exile_Item_EMRE FOR 54 POPTABS | PLAYER TOTAL MONEY: 27632
[12:43:16:783817 --7:00] [Thread 5060] PLAYER: ( 76561198329726178 ) R les vieux:1 (sellig berton) REMOTE PURCHASED ITEM Exile_Item_EMRE FOR 54 POPTABS | PLAYER TOTAL MONEY: 27578
[12:43:47:066105 --7:00] [Thread 2972] PLAYER: ( 76561198329726178 ) R les vieux:1 (sellig berton) REMOTE PURCHASED ITEM Exile_Item_DuctTape FOR 300 POPTABS | PLAYER TOTAL MONEY: 27278
[12:46:23:904165 --7:00] [Thread 4656] PLAYER: ( 76561198329726178 ) R les vieux:1 (sellig berton) REMOTE SOLD ITEM hgun_Pistol_heavy_02_F FOR 44 POPTABS AND 4.4 RESPECT | PLAYER TOTAL MONEY: 27322
[12:46:26:610046 --7:00] [Thread 2972] PLAYER: ( 76561198329726178 ) R les vieux:1 (sellig berton) REMOTE SOLD ITEM Exile_Melee_Axe FOR 50 POPTABS AND 5 RESPECT | PLAYER TOTAL MONEY: 27372
[12:46:33:023424 --7:00] [Thread 5060] PLAYER: ( 76561198329726178 ) R les vieux:1 (sellig berton) REMOTE PURCHASED ITEM B_Bergen_tna_F FOR 400 POPTABS | PLAYER TOTAL MONEY: 26972
[12:46:38:477124 --7:00] [Thread 2972] PLAYER: ( 76561198329726178 ) R les vieux:1 (sellig berton) REMOTE PURCHASED ITEM V_PlateCarrierGL_mtp FOR 500 POPTABS | PLAYER TOTAL MONEY: 26472
[12:46:45:986339 --7:00] [Thread 5060] PLAYER: ( 76561198329726178 ) R les vieux:1 (sellig berton) REMOTE PURCHASED ITEM U_O_FullGhillie_lsh FOR 150 POPTABS | PLAYER TOTAL MONEY: 26322
[12:46:53:564703 --7:00] [Thread 2972] PLAYER: ( 76561198329726178 ) R les vieux:1 (sellig berton) REMOTE PURCHASED ITEM H_HelmetLeaderO_ocamo FOR 200 POPTABS | PLAYER TOTAL MONEY: 26122
[12:46:59:339304 --7:00] [Thread 5060] PLAYER: ( 76561198329726178 ) R les vieux:1 (sellig berton) REMOTE PURCHASED ITEM Exile_Item_InstaDoc FOR 1250 POPTABS | PLAYER TOTAL MONEY: 24872
[12:47:00:304798 --7:00] [Thread 2972] PLAYER: ( 76561198329726178 ) R les vieux:1 (sellig berton) REMOTE PURCHASED ITEM Exile_Item_InstaDoc FOR 1250 POPTABS | PLAYER TOTAL MONEY: 23622
[12:47:25:082692 --7:00] [Thread 5060] PLAYER: ( 76561198329726178 ) R les vieux:1 (sellig berton) REMOTE PURCHASED ITEM Exile_Item_EMRE FOR 54 POPTABS | PLAYER TOTAL MONEY: 23568
[12:47:25:881643 --7:00] [Thread 2972] PLAYER: ( 76561198329726178 ) R les vieux:1 (sellig berton) REMOTE PURCHASED ITEM Exile_Item_EMRE FOR 54 POPTABS | PLAYER TOTAL MONEY: 23514
[12:47:26:867280 --7:00] [Thread 5060] PLAYER: ( 76561198329726178 ) R les vieux:1 (sellig berton) REMOTE PURCHASED ITEM Exile_Item_EMRE FOR 54 POPTABS | PLAYER TOTAL MONEY: 23460
[12:47:28:733541 --7:00] [Thread 2972] PLAYER: ( 76561198329726178 ) R les vieux:1 (sellig berton) REMOTE PURCHASED ITEM Exile_Item_EMRE FOR 54 POPTABS | PLAYER TOTAL MONEY: 23406
[12:47:30:812933 --7:00] [Thread 5060] PLAYER: ( 76561198329726178 ) R les vieux:1 (sellig berton) REMOTE PURCHASED ITEM Exile_Item_PlasticBottleCoffee FOR 70 POPTABS | PLAYER TOTAL MONEY: 23336
[12:47:31:620496 --7:00] [Thread 2972] PLAYER: ( 76561198329726178 ) R les vieux:1 (sellig berton) REMOTE PURCHASED ITEM Exile_Item_PlasticBottleCoffee FOR 70 POPTABS | PLAYER TOTAL MONEY: 23266
[12:47:32:471479 --7:00] [Thread 5060] PLAYER: ( 76561198329726178 ) R les vieux:1 (sellig berton) REMOTE PURCHASED ITEM Exile_Item_PlasticBottleCoffee FOR 70 POPTABS | PLAYER TOTAL MONEY: 23196
[12:47:33:290263 --7:00] [Thread 2972] PLAYER: ( 76561198329726178 ) R les vieux:1 (sellig berton) REMOTE PURCHASED ITEM Exile_Item_PlasticBottleCoffee FOR 70 POPTABS | PLAYER TOTAL MONEY: 23126
[12:48:45:747696 --7:00] [Thread 5060] PLAYER: ( 76561198329726178 ) R les vieux:1 (sellig berton) REMOTE PURCHASED ITEM Exile_Weapon_ksvk FOR 850 POPTABS | PLAYER TOTAL MONEY: 22276
[12:48:54:509302 --7:00] [Thread 2972] PLAYER: ( 76561198329726178 ) R les vieux:1 (sellig berton) REMOTE PURCHASED ITEM optic_tws_mg FOR 1500 POPTABS | PLAYER TOTAL MONEY: 20776
[12:48:56:376408 --7:00] [Thread 5060] PLAYER: ( 76561198329726178 ) R les vieux:1 (sellig berton) REMOTE PURCHASED ITEM optic_Nightstalker FOR 1000 POPTABS | PLAYER TOTAL MONEY: 19776
[12:48:58:272849 --7:00] [Thread 2972] PLAYER: ( 76561198329726178 ) R les vieux:1 (sellig berton) REMOTE PURCHASED ITEM optic_LRPS_ghex_F FOR 300 POPTABS | PLAYER TOTAL MONEY: 19476
[12:49:03:449583 --7:00] [Thread 5060] PLAYER: ( 76561198329726178 ) R les vieux:1 (sellig berton) REMOTE PURCHASED ITEM Exile_Magazine_5Rnd_127x108_APDS_KSVK_Bullet_Cam_Mag FOR 140 POPTABS | PLAYER TOTAL MONEY: 19336
[12:49:04:226119 --7:00] [Thread 2972] PLAYER: ( 76561198329726178 ) R les vieux:1 (sellig berton) REMOTE PURCHASED ITEM Exile_Magazine_5Rnd_127x108_APDS_KSVK_Bullet_Cam_Mag FOR 140 POPTABS | PLAYER TOTAL MONEY: 19196
[12:49:04:835774 --7:00] [Thread 5060] PLAYER: ( 76561198329726178 ) R les vieux:1 (sellig berton) REMOTE PURCHASED ITEM Exile_Magazine_5Rnd_127x108_APDS_KSVK_Bullet_Cam_Mag FOR 140 POPTABS | PLAYER TOTAL MONEY: 19056
[12:49:05:360112 --7:00] [Thread 2972] PLAYER: ( 76561198329726178 ) R les vieux:1 (sellig berton) REMOTE PURCHASED ITEM Exile_Magazine_5Rnd_127x108_APDS_KSVK_Bullet_Cam_Mag FOR 140 POPTABS | PLAYER TOTAL MONEY: 18916
[12:49:05:906444 --7:00] [Thread 5060] PLAYER: ( 76561198329726178 ) R les vieux:1 (sellig berton) REMOTE PURCHASED ITEM Exile_Magazine_5Rnd_127x108_APDS_KSVK_Bullet_Cam_Mag FOR 140 POPTABS | PLAYER TOTAL MONEY: 18776
[12:49:06:681953 --7:00] [Thread 2972] PLAYER: ( 76561198329726178 ) R les vieux:1 (sellig berton) REMOTE PURCHASED ITEM Exile_Magazine_5Rnd_127x108_APDS_KSVK_Bullet_Cam_Mag FOR 140 POPTABS | PLAYER TOTAL MONEY: 18636
[12:49:07:247342 --7:00] [Thread 5060] PLAYER: ( 76561198329726178 ) R les vieux:1 (sellig berton) REMOTE PURCHASED ITEM Exile_Magazine_5Rnd_127x108_APDS_KSVK_Bullet_Cam_Mag FOR 140 POPTABS | PLAYER TOTAL MONEY: 18496
[12:49:07:834818 --7:00] [Thread 2972] PLAYER: ( 76561198329726178 ) R les vieux:1 (sellig berton) REMOTE PURCHASED ITEM Exile_Magazine_5Rnd_127x108_APDS_KSVK_Bullet_Cam_Mag FOR 140 POPTABS | PLAYER TOTAL MONEY: 18356
[12:49:08:615847 --7:00] [Thread 5060] PLAYER: ( 76561198329726178 ) R les vieux:1 (sellig berton) REMOTE PURCHASED ITEM Exile_Magazine_5Rnd_127x108_APDS_KSVK_Bullet_Cam_Mag FOR 140 POPTABS | PLAYER TOTAL MONEY: 18216
[12:49:09:221254 --7:00] [Thread 2972] PLAYER: ( 76561198329726178 ) R les vieux:1 (sellig berton) REMOTE PURCHASED ITEM Exile_Magazine_5Rnd_127x108_APDS_KSVK_Bullet_Cam_Mag FOR 140 POPTABS | PLAYER TOTAL MONEY: 18076
[12:49:09:879718 --7:00] [Thread 5060] PLAYER: ( 76561198329726178 ) R les vieux:1 (sellig berton) REMOTE PURCHASED ITEM Exile_Magazine_5Rnd_127x108_APDS_KSVK_Bullet_Cam_Mag FOR 140 POPTABS | PLAYER TOTAL MONEY: 17936
[12:49:10:506120 --7:00] [Thread 2972] PLAYER: ( 76561198329726178 ) R les vieux:1 (sellig berton) REMOTE PURCHASED ITEM Exile_Magazine_5Rnd_127x108_APDS_KSVK_Bullet_Cam_Mag FOR 140 POPTABS | PLAYER TOTAL MONEY: 17796
[12:49:11:176550 --7:00] [Thread 5060] PLAYER: ( 76561198329726178 ) R les vieux:1 (sellig berton) REMOTE PURCHASED ITEM Exile_Magazine_5Rnd_127x108_APDS_KSVK_Bullet_Cam_Mag FOR 140 POPTABS | PLAYER TOTAL MONEY: 17656
[12:49:11:699363 --7:00] [Thread 2972] PLAYER: ( 76561198329726178 ) R les vieux:1 (sellig berton) REMOTE PURCHASED ITEM Exile_Magazine_5Rnd_127x108_APDS_KSVK_Bullet_Cam_Mag FOR 140 POPTABS | PLAYER TOTAL MONEY: 17516
[12:49:12:326918 --7:00] [Thread 5060] PLAYER: ( 76561198329726178 ) R les vieux:1 (sellig berton) REMOTE PURCHASED ITEM Exile_Magazine_5Rnd_127x108_APDS_KSVK_Bullet_Cam_Mag FOR 140 POPTABS | PLAYER TOTAL MONEY: 17376
[12:49:12:846266 --7:00] [Thread 2972] PLAYER: ( 76561198329726178 ) R les vieux:1 (sellig berton) REMOTE PURCHASED ITEM Exile_Magazine_5Rnd_127x108_APDS_KSVK_Bullet_Cam_Mag FOR 140 POPTABS | PLAYER TOTAL MONEY: 17236
[13:11:06:070681 --7:00] [Thread 4656] PLAYER: ( 76561198400525486 ) R Alpha 1-4:1 (user) REMOTE SOLD ITEM: I_Truck_02_medical_F (ID# <null>) with Cargo [] FOR 21500 POPTABS AND 2150 RESPECT | PLAYER TOTAL MONEY: 21500
[14:18:23:318453 --7:00] [Thread 392] PLAYER: ( 76561198397105276 ) R {BTK} EAST_TEX:1 ({BTK} EAST_TEX_SWAMPCAT) REMOTE SOLD ITEM: Exile_Car_Tempest (ID# <null>) with Cargo [] FOR 24150 POPTABS AND 2415 RESPECT | PLAYER TOTAL MONEY: 24500
[14:20:10:276885 --7:00] [Thread 392] PLAYER: ( 76561198397105276 ) R {BTK} EAST_TEX:1 ({BTK} EAST_TEX_SWAMPCAT) REMOTE PURCHASED VEHICLE Exile_Bike_QuadBike_Blue FOR 300 POPTABS | PLAYER TOTAL MONEY: 100
[14:28:56:838820 --7:00] [Thread 392] PLAYER: ( 76561198397105276 ) R {BTK} EAST_TEX:1 ({BTK} EAST_TEX_SWAMPCAT) REMOTE SOLD ITEM: I_Truck_02_medical_F (ID# <null>) with Cargo [] FOR 21500 POPTABS AND 2150 RESPECT | PLAYER TOTAL MONEY: 21600
[14:30:37:361097 --7:00] [Thread 392] PLAYER: ( 76561198397105276 ) R {BTK} EAST_TEX:1 ({BTK} EAST_TEX_SWAMPCAT) REMOTE PURCHASED VEHICLE Exile_Bike_QuadBike_Nato FOR 300 POPTABS | PLAYER TOTAL MONEY: 1300
[14:54:30:831422 --7:00] [Thread 3088] PLAYER: ( 76561198397105276 ) R {BTK} EAST_TEX:1 ({BTK} EAST_TEX_SWAMPCAT) REMOTE SOLD ITEM: CUP_B_HMMWV_Crows_M2_USA (ID# 577) with Cargo ["200Rnd_556x45_Box_F","Exile_Magazine_8Rnd_74Slug","Exile_Magazine_8Rnd_74Slug","arifle_CTAR_blk_F","30Rnd_580x42_Mag_F","arifle_MXC_Black_F","30Rnd_65x39_caseless_mag","LMG_Mk200_F","200Rnd_65x39_cased_Box","LMG_Zafir_F","150Rnd_762x54_Box","Exile_Weapon_PKP","Exile_Magazine_100Rnd_762x54_PK_Green","srifle_DMR_02_F","10Rnd_338_Mag","Exile_Weapon_AK107_GL","LMG_03_F","200Rnd_556x45_Box_F","V_PlateCarrier2_rgr_noflag_F"] FOR 1837 POPTABS AND 183.7 RESPECT | PLAYER TOTAL MONEY: 1837
[14:55:02:876539 --7:00] [Thread 3088] PLAYER: ( 76561198397105276 ) R {BTK} EAST_TEX:1 ({BTK} EAST_TEX_SWAMPCAT) REMOTE SOLD ITEM: CUP_B_HMMWV_Crows_M2_USA (ID# 577) with Cargo ["7Rnd_408_Mag","30Rnd_762x39_Mag_F","30Rnd_65x39_caseless_mag","30Rnd_556x45_Stanag","7Rnd_408_Mag","Exile_Item_PlasticBottleEmpty","Exile_Item_PlasticBottleEmpty","Exile_Item_Beer","Exile_Item_Beer","Exile_Item_Beer","Exile_Item_Beer","Exile_Item_Beer","Exile_Item_Beer","Exile_Item_Beer","Exile_Item_GloriousKnakworst","Exile_Weapon_M1014","Exile_Weapon_SA61"] FOR 316 POPTABS AND 31.6 RESPECT | PLAYER TOTAL MONEY: 2153
[15:40:51:218454 --7:00] [Thread 3088] PLAYER: ( 76561198397105276 ) R {BTK} EAST_TEX:1 ({BTK} EAST_TEX_SWAMPCAT) REMOTE SOLD ITEM: CUP_B_MH6J_USA (ID# 567) with Cargo ["200Rnd_556x45_Box_F","200Rnd_556x45_Box_F","200Rnd_556x45_Box_F","Exile_Item_PlasticBottleFreshWater","Exile_Item_PlasticBottleFreshWater","Exile_Item_BBQSandwich","30Rnd_65x39_caseless_green","30Rnd_65x39_caseless_green","30Rnd_65x39_caseless_green","30Rnd_65x39_caseless_green","30Rnd_65x39_caseless_green","30Rnd_65x39_caseless_green","30Rnd_65x39_caseless_green","Exile_Magazine_7Rnd_45ACP","srifle_DMR_01_F","10Rnd_762x54_Mag","MMG_01_hex_F","arifle_MXM_Black_F","Exile_Weapon_VSSVintorez","arifle_Katiba_GL_F","30Rnd_65x39_caseless_green","arifle_MX_Black_F","30Rnd_65x39_caseless_mag","bipod_02_F_blk","arifle_MX_GL_Black_F","optic_DMS","30Rnd_65x39_caseless_mag","Exile_Melee_Axe","Exile_Magazine_Swing","V_HarnessOGL_gry"] FOR 2248 POPTABS AND 224.8 RESPECT | PLAYER TOTAL MONEY: 2398
[17:28:29:053498 --7:00] [Thread 392] PLAYER: ( 76561198397105276 ) R Alpha 1-5:1 ({BTK} EAST_TEX_SWAMPCAT) REMOTE SOLD ITEM: CUP_B_HMMWV_Crows_M2_USA (ID# 577) with Cargo ["B_ViperHarness_oli_F","Exile_Item_Cement","Exile_Item_Cement","Exile_Item_Cement","Exile_Item_Cement","Exile_Item_Cement","Exile_Item_Cement","Exile_Item_Cement","Exile_Item_Cement","Exile_Item_Cement","Exile_Item_Cement","Exile_Item_Cement","Exile_Item_Cement","Exile_Item_Cement","Exile_Item_Sand","Exile_Item_Sand","Exile_Item_Sand","Exile_Item_Sand","Exile_Item_Sand","Exile_Item_Sand","Exile_Item_CatFood","Exile_Magazine_10Rnd_762x54","Exile_Item_BaseCameraKit","Exile_Item_BaseCameraKit","Exile_Item_MetalPole","Exile_Item_Laptop","Exile_Item_InstaDoc","Exile_Item_InstaDoc","Exile_Item_InstaDoc","Exile_Item_InstaDoc","Exile_Item_InstaDoc","Exile_Item_InstaDoc","Exile_Item_InstaDoc","Exile_Item_InstaDoc","Exile_Item_InstaDoc","Exile_Item_InstaDoc","Exile_Item_InstaDoc","Exile_Item_InstaDoc","Exile_Item_InstaDoc","Exile_Item_InstaDoc","arifle_SPAR_01_khk_F","30Rnd_556x45_Stanag","arifle_MXC_khk_F","30Rnd_65x39_caseless_mag","hgun_P07_F","16Rnd_9x21_Mag","hgun_ACPC2_F","9Rnd_45ACP_Mag","arifle_Katiba_F","30Rnd_65x39_caseless_green","arifle_CTARS_blk_F","100Rnd_580x42_Mag_F","LMG_03_F","200Rnd_556x45_Box_F","arifle_SPAR_02_blk_F","150Rnd_556x45_Drum_Mag_F","hgun_P07_F","16Rnd_9x21_Mag"] FOR 18839 POPTABS AND 1883.9 RESPECT | PLAYER TOTAL MONEY: 19014
