[18:38:59:389399 --7:00] [Thread 4984] D4_Cador was killed by an NPC!
[19:21:54:988364 --7:00] [Thread 2328] D4_Cador was team-killed by Nutsnboltz!
[19:22:42:030082 --7:00] [Thread 1652] D4_Cador was killed by Zataralee! (First Blood, Homie, 1169m Range)
[19:30:19:978828 --7:00] [Thread 2328] Lothaar was killed by an NPC!
[19:32:13:827241 --7:00] [Thread 864] Lothaar was killed by an NPC!
[19:34:27:077870 --7:00] [Thread 4984] Lothaar commited suicide!
[19:37:59:057672 --7:00] [Thread 1652] Lothaar was killed by an NPC!
[19:56:46:535401 --7:00] [Thread 864] Zataralee was team-killed by Nutsnboltz!
[19:58:23:409036 --7:00] [Thread 864] Lothaar was killed by an NPC!
[20:16:02:239159 --7:00] [Thread 2328] Lothaar was killed by an NPC!
[20:27:13:056495 --7:00] [Thread 864] D4_Cador commited suicide!
[20:33:22:330120 --7:00] [Thread 4284] Lothaar was killed by an NPC!
[20:45:09:062753 --7:00] [Thread 4984] Lothaar was killed by an NPC!
[20:54:54:159033 --7:00] [Thread 1652] Lothaar died because Lothaar was very unlucky.
[20:59:48:643589 --7:00] [Thread 1652] Lothaar was killed by an NPC!
[20:59:55:586484 --7:00] [Thread 864] Wawheeler died. Yes, Wawheeler is dead. Like really dead-dead.
[21:00:56:754069 --7:00] [Thread 2328] Wawheeler commited suicide!
[21:07:05:345759 --7:00] [Thread 1652] Jason was killed by an NPC!
[21:09:27:296511 --7:00] [Thread 4284] Jason was killed by an NPC!
[22:14:43:887442 --7:00] [Thread 3096] Wawheeler was killed by an NPC!
[22:15:47:388084 --7:00] [Thread 3096] Wawheeler commited suicide!
[22:28:40:263714 --7:00] [Thread 2080] Joe commited suicide!
[22:37:42:604132 --7:00] [Thread 3096] Wawheeler was killed by an NPC!
[00:34:32:942036 --7:00] [Thread 328] demonjac was killed by an NPC!
[00:48:22:884168 --7:00] [Thread 328] demonjac commited suicide!
[04:31:02:821210 --7:00] [Thread 2668] sellig berton was killed by an NPC!
[04:51:27:293937 --7:00] [Thread 4740] sellig berton died because... Arma.
[06:31:05:794758 --7:00] [Thread 4536] Avriality was killed by an NPC!
[06:32:52:413149 --7:00] [Thread 4916] Avriality commited suicide!
[06:35:38:196919 --7:00] [Thread 2596] chlrh died because chlrh was very unlucky.
[06:43:06:035124 --7:00] [Thread 4536] Avriality was killed by an NPC!
[06:49:17:655100 --7:00] [Thread 2596] Avriality commited suicide!
[06:57:29:687836 --7:00] [Thread 4916] sellig berton was killed by an NPC!
[07:05:20:873244 --7:00] [Thread 2596] sellig berton was killed by an NPC!
[07:12:19:526844 --7:00] [Thread 4916] Avriality was killed by an NPC!
[07:21:48:281830 --7:00] [Thread 4916] sellig berton was killed by an NPC!
[07:28:09:690071 --7:00] [Thread 3916] Avriality was killed by an NPC!
[08:48:06:759906 --7:00] [Thread 4916] sellig berton was killed by an NPC!
[08:59:51:386574 --7:00] [Thread 2596] sellig berton was killed by an NPC!
[09:08:59:177287 --7:00] [Thread 2596] sellig berton was killed by an NPC!
[13:17:47:817607 --7:00] [Thread 2972] user commited suicide!
[13:20:36:413940 --7:00] [Thread 2972] sellig berton was killed by an NPC!
[13:26:21:571244 --7:00] [Thread 3224] user was killed by sellig berton! (First Blood, Mad Passenger)
[16:28:50:779123 --7:00] [Thread 4656] {BTK} EAST_TEX_SWAMPCAT was killed by an NPC!
[16:30:25:542014 --7:00] [Thread 4656] {BTK}Ruckas commited suicide!
[17:31:58:557519 --7:00] [Thread 4144] Jason was killed by an NPC!
