extDB2: Version: 70
extDB2: https://github.com/Torndeco/extDB2
extDB2: Windows Version
Message: All development for extDB2 is done on a Linux Dedicated Server
Message: If you would like to Donate to extDB2 Development
Message: https://www.paypal.com/cgi-bin/webscr?cmd=_s-xclick&hosted_button_id=2SUEFTGABTAM2
Message: Also leave a message if there is any particular feature you would like to see added.
Message: Thanks for all the people that have donated.
Message: Torndeco: 20/02/15


extDB2: Found extdb-conf.ini
extDB2: Detected 8 Cores, Setting up 6 Worker Threads


[20:42:27:333937 --7:00] [Thread 4228] extDB2: Database Type: MySQL
[20:42:27:443077 --7:00] [Thread 4228] extDB2: Database Session Pool Started
[20:42:27:444757 --7:00] [Thread 4228] extDB2: SQL_CUSTOM_V2: Loading Template Filename: C:\Spokane_Survivalists\Game_Servers\Arma\@exileserver\extDB\sql_custom_v2\exile.ini
[20:42:27:444914 --7:00] [Thread 4228] extDB2: SQL_CUSTOM_V2: Version 12 Detected, Latest Version 12 Available
[21:23:53:497918 --7:00] [Thread 5788] extDB2: SQL_CUSTOM_V2: Error No Custom Call Not Found: Input String setAccountMoneyAndRespect:8018:33:76561197963221112
[21:23:53:498003 --7:00] [Thread 5788] extDB2: SQL_CUSTOM_V2: Error No Custom Call Not Found: Callname setAccountMoneyAndRespect
[21:24:21:038810 --7:00] [Thread 6952] extDB2: SQL_CUSTOM_V2: Error No Custom Call Not Found: Input String setAccountMoneyAndRespect:8093:66:76561197963221112
[21:24:21:038856 --7:00] [Thread 6952] extDB2: SQL_CUSTOM_V2: Error No Custom Call Not Found: Callname setAccountMoneyAndRespect
[21:24:38:196115 --7:00] [Thread 6952] extDB2: SQL_CUSTOM_V2: Error No Custom Call Not Found: Input String setAccountMoneyAndRespect:8143:94:76561197963221112
[21:24:38:196158 --7:00] [Thread 6952] extDB2: SQL_CUSTOM_V2: Error No Custom Call Not Found: Callname setAccountMoneyAndRespect
[21:25:20:783767 --7:00] [Thread 6952] extDB2: SQL_CUSTOM_V2: Error No Custom Call Not Found: Input String setAccountMoneyAndRespect:8193:125:76561197963221112
[21:25:20:783809 --7:00] [Thread 6952] extDB2: SQL_CUSTOM_V2: Error No Custom Call Not Found: Callname setAccountMoneyAndRespect
[21:25:38:679705 --7:00] [Thread 5788] extDB2: SQL_CUSTOM_V2: Error No Custom Call Not Found: Input String setAccountMoneyAndRespect:8243:154:76561197963221112
[21:25:38:679747 --7:00] [Thread 5788] extDB2: SQL_CUSTOM_V2: Error No Custom Call Not Found: Callname setAccountMoneyAndRespect
[21:26:15:745205 --7:00] [Thread 5788] extDB2: SQL_CUSTOM_V2: Error No Custom Call Not Found: Input String setAccountMoneyAndRespect:8293:183:76561197963221112
[21:26:15:745249 --7:00] [Thread 5788] extDB2: SQL_CUSTOM_V2: Error No Custom Call Not Found: Callname setAccountMoneyAndRespect
[21:26:38:181542 --7:00] [Thread 5788] extDB2: SQL_CUSTOM_V2: Error No Custom Call Not Found: Input String setAccountMoneyAndRespect:8343:212:76561197963221112
[21:26:38:181587 --7:00] [Thread 5788] extDB2: SQL_CUSTOM_V2: Error No Custom Call Not Found: Callname setAccountMoneyAndRespect
[21:27:02:857264 --7:00] [Thread 5788] extDB2: SQL_CUSTOM_V2: Error No Custom Call Not Found: Input String setAccountMoneyAndRespect:8393:244:76561197963221112
[21:27:02:857306 --7:00] [Thread 5788] extDB2: SQL_CUSTOM_V2: Error No Custom Call Not Found: Callname setAccountMoneyAndRespect
[21:37:14:356940 --7:00] [Thread 6788] extDB2: SQL_CUSTOM_V2: Error No Custom Call Not Found: Input String setAccountMoneyAndRespect:8443:270:76561197963221112
[21:37:14:356981 --7:00] [Thread 6788] extDB2: SQL_CUSTOM_V2: Error No Custom Call Not Found: Callname setAccountMoneyAndRespect
[21:37:34:693373 --7:00] [Thread 6788] extDB2: SQL_CUSTOM_V2: Error No Custom Call Not Found: Input String setAccountMoneyAndRespect:8493:297:76561197963221112
[21:37:34:693418 --7:00] [Thread 6788] extDB2: SQL_CUSTOM_V2: Error No Custom Call Not Found: Callname setAccountMoneyAndRespect
[21:37:57:843582 --7:00] [Thread 6788] extDB2: SQL_CUSTOM_V2: Error No Custom Call Not Found: Input String setAccountMoneyAndRespect:8543:321:76561197963221112
[21:37:57:843627 --7:00] [Thread 6788] extDB2: SQL_CUSTOM_V2: Error No Custom Call Not Found: Callname setAccountMoneyAndRespect
[21:38:36:463238 --7:00] [Thread 884] extDB2: SQL_CUSTOM_V2: Error No Custom Call Not Found: Input String setAccountMoneyAndRespect:8593:345:76561197963221112
[21:38:36:463287 --7:00] [Thread 884] extDB2: SQL_CUSTOM_V2: Error No Custom Call Not Found: Callname setAccountMoneyAndRespect
[21:46:08:683752 --7:00] [Thread 884] extDB2: SQL_CUSTOM_V2: Error No Custom Call Not Found: Input String setAccountMoneyAndRespect:9360:29:76561198064338936
[21:46:08:683798 --7:00] [Thread 884] extDB2: SQL_CUSTOM_V2: Error No Custom Call Not Found: Callname setAccountMoneyAndRespect
[21:46:10:683153 --7:00] [Thread 884] extDB2: SQL_CUSTOM_V2: Error No Custom Call Not Found: Input String setAccountMoneyAndRespect:8643:372:76561197963221112
[21:46:10:683182 --7:00] [Thread 884] extDB2: SQL_CUSTOM_V2: Error No Custom Call Not Found: Callname setAccountMoneyAndRespect
[21:46:30:858330 --7:00] [Thread 884] extDB2: SQL_CUSTOM_V2: Error No Custom Call Not Found: Input String setAccountMoneyAndRespect:8693:400:76561197963221112
[21:46:30:858371 --7:00] [Thread 884] extDB2: SQL_CUSTOM_V2: Error No Custom Call Not Found: Callname setAccountMoneyAndRespect
[21:46:35:316658 --7:00] [Thread 884] extDB2: SQL_CUSTOM_V2: Error No Custom Call Not Found: Input String setAccountMoneyAndRespect:9410:58:76561198064338936
[21:46:35:316692 --7:00] [Thread 884] extDB2: SQL_CUSTOM_V2: Error No Custom Call Not Found: Callname setAccountMoneyAndRespect
[21:46:48:566385 --7:00] [Thread 884] extDB2: SQL_CUSTOM_V2: Error No Custom Call Not Found: Input String setAccountMoneyAndRespect:9460:84:76561198064338936
[21:46:48:566425 --7:00] [Thread 884] extDB2: SQL_CUSTOM_V2: Error No Custom Call Not Found: Callname setAccountMoneyAndRespect
[21:47:30:758628 --7:00] [Thread 884] extDB2: SQL_CUSTOM_V2: Error No Custom Call Not Found: Input String setAccountMoneyAndRespect:8743:424:76561197963221112
[21:47:30:758673 --7:00] [Thread 884] extDB2: SQL_CUSTOM_V2: Error No Custom Call Not Found: Callname setAccountMoneyAndRespect
[21:49:45:587489 --7:00] [Thread 884] extDB2: SQL_CUSTOM_V2: Error No Custom Call Not Found: Input String setAccountMoneyAndRespect:9510:110:76561198064338936
[21:49:45:587535 --7:00] [Thread 884] extDB2: SQL_CUSTOM_V2: Error No Custom Call Not Found: Callname setAccountMoneyAndRespect
[22:15:47:773050 --7:00] [Thread 884] extDB2: SQL_CUSTOM_V2: Error No Custom Call Not Found: Input String setAccountMoneyAndRespect:9560:140:76561198064338936
[22:15:47:773158 --7:00] [Thread 884] extDB2: SQL_CUSTOM_V2: Error No Custom Call Not Found: Callname setAccountMoneyAndRespect
[22:15:50:189826 --7:00] [Thread 884] extDB2: SQL_CUSTOM_V2: Error No Custom Call Not Found: Input String setAccountMoneyAndRespect:9610:170:76561198064338936
[22:15:50:189866 --7:00] [Thread 884] extDB2: SQL_CUSTOM_V2: Error No Custom Call Not Found: Callname setAccountMoneyAndRespect
[22:15:52:303550 --7:00] [Thread 884] extDB2: SQL_CUSTOM_V2: Error No Custom Call Not Found: Input String setAccountMoneyAndRespect:9660:200:76561198064338936
[22:15:52:303601 --7:00] [Thread 884] extDB2: SQL_CUSTOM_V2: Error No Custom Call Not Found: Callname setAccountMoneyAndRespect
[00:18:38:676521 --7:00] [Thread 4228] extDB2: Stopping ...
