[19:16:43:988322 --7:00] [Thread 4268] PLAYER: ( 76561197963221112 ) R Alpha 1-2:1 (AkToker) REMOTE SOLD ITEM: B_T_Truck_01_covered_F (ID# <null>) with Cargo [] FOR 0 POPTABS AND 0 RESPECT | PLAYER TOTAL MONEY: 0
[20:55:21:510454 --7:00] [Thread 6000] PLAYER: ( 76561197994641119 ) R Alpha 1-2:1 (Zataralee) REMOTE PURCHASED ITEM arifle_SPAR_01_GL_snd_F FOR 500 POPTABS | PLAYER TOTAL MONEY: 99500
[20:55:39:445439 --7:00] [Thread 884] PLAYER: ( 76561197994641119 ) R Alpha 1-2:1 (Zataralee) REMOTE PURCHASED ITEM 30Rnd_556x45_Stanag FOR 20 POPTABS | PLAYER TOTAL MONEY: 99480
[20:55:40:808071 --7:00] [Thread 884] PLAYER: ( 76561197994641119 ) R Alpha 1-2:1 (Zataralee) REMOTE PURCHASED ITEM 30Rnd_556x45_Stanag FOR 20 POPTABS | PLAYER TOTAL MONEY: 99460
[20:55:58:503147 --7:00] [Thread 6000] PLAYER: ( 76561197994641119 ) R Alpha 1-2:1 (Zataralee) REMOTE PURCHASED ITEM B_AssaultPack_tna_F FOR 90 POPTABS | PLAYER TOTAL MONEY: 99370
[20:56:24:220467 --7:00] [Thread 884] PLAYER: ( 76561197994641119 ) R Alpha 1-2:1 (Zataralee) REMOTE PURCHASED ITEM U_Rangemaster FOR 40 POPTABS | PLAYER TOTAL MONEY: 99330
[21:05:39:562320 --7:00] [Thread 6000] PLAYER: ( 76561197994641119 ) R Alpha 1-2:1 (Zataralee) REMOTE PURCHASED ITEM V_PlateCarrier1_rgr FOR 80 POPTABS | PLAYER TOTAL MONEY: 99250
[21:06:54:575838 --7:00] [Thread 5788] PLAYER: ( 76561197994641119 ) R Alpha 1-2:1 (Zataralee) REMOTE PURCHASED VEHICLE Exile_Bike_QuadBike_Black FOR 2500 POPTABS | PLAYER TOTAL MONEY: 96750
[21:09:40:641317 --7:00] [Thread 884] PLAYER: ( 76561197963221112 ) R Alpha 1-4:1 (AkToker) REMOTE PURCHASED ITEM V_PlateCarrier1_rgr FOR 80 POPTABS | PLAYER TOTAL MONEY: 9920
[21:09:54:678674 --7:00] [Thread 6000] PLAYER: ( 76561197963221112 ) R Alpha 1-4:1 (AkToker) REMOTE PURCHASED ITEM B_AssaultPack_tna_F FOR 90 POPTABS | PLAYER TOTAL MONEY: 9830
[21:10:06:527864 --7:00] [Thread 5788] PLAYER: ( 76561197963221112 ) R Alpha 1-4:1 (AkToker) REMOTE SOLD ITEM Exile_Uniform_BambiOverall FOR 1 POPTABS AND 0.1 RESPECT | PLAYER TOTAL MONEY: 9831
[21:10:32:320004 --7:00] [Thread 884] PLAYER: ( 76561197963221112 ) R Alpha 1-4:1 (AkToker) REMOTE PURCHASED ITEM U_Rangemaster FOR 40 POPTABS | PLAYER TOTAL MONEY: 9791
[21:10:43:124312 --7:00] [Thread 5788] PLAYER: ( 76561197963221112 ) R Alpha 1-4:1 (AkToker) REMOTE PURCHASED ITEM H_MilCap_tna_F FOR 8 POPTABS | PLAYER TOTAL MONEY: 9783
[21:11:15:848157 --7:00] [Thread 884] PLAYER: ( 76561197963221112 ) R Alpha 1-4:1 (AkToker) REMOTE PURCHASED ITEM arifle_SPAR_01_khk_F FOR 400 POPTABS | PLAYER TOTAL MONEY: 9383
[21:11:24:277762 --7:00] [Thread 884] PLAYER: ( 76561197963221112 ) R Alpha 1-4:1 (AkToker) REMOTE PURCHASED ITEM optic_ERCO_khk_F FOR 125 POPTABS | PLAYER TOTAL MONEY: 9258
[21:11:28:795767 --7:00] [Thread 5788] PLAYER: ( 76561197963221112 ) R Alpha 1-4:1 (AkToker) REMOTE PURCHASED ITEM muzzle_snds_m_khk_F FOR 15 POPTABS | PLAYER TOTAL MONEY: 9243
[21:11:35:585469 --7:00] [Thread 884] PLAYER: ( 76561197963221112 ) R Alpha 1-4:1 (AkToker) REMOTE PURCHASED ITEM 30Rnd_556x45_Stanag FOR 20 POPTABS | PLAYER TOTAL MONEY: 9223
[21:11:36:376187 --7:00] [Thread 5788] PLAYER: ( 76561197963221112 ) R Alpha 1-4:1 (AkToker) REMOTE PURCHASED ITEM 30Rnd_556x45_Stanag FOR 20 POPTABS | PLAYER TOTAL MONEY: 9203
[21:11:37:144248 --7:00] [Thread 5788] PLAYER: ( 76561197963221112 ) R Alpha 1-4:1 (AkToker) REMOTE PURCHASED ITEM 30Rnd_556x45_Stanag FOR 20 POPTABS | PLAYER TOTAL MONEY: 9183
[21:11:37:957289 --7:00] [Thread 884] PLAYER: ( 76561197963221112 ) R Alpha 1-4:1 (AkToker) REMOTE PURCHASED ITEM 30Rnd_556x45_Stanag FOR 20 POPTABS | PLAYER TOTAL MONEY: 9163
[21:11:38:660242 --7:00] [Thread 5788] PLAYER: ( 76561197963221112 ) R Alpha 1-4:1 (AkToker) REMOTE PURCHASED ITEM 30Rnd_556x45_Stanag FOR 20 POPTABS | PLAYER TOTAL MONEY: 9143
[21:11:39:407483 --7:00] [Thread 884] PLAYER: ( 76561197963221112 ) R Alpha 1-4:1 (AkToker) REMOTE PURCHASED ITEM 30Rnd_556x45_Stanag FOR 20 POPTABS | PLAYER TOTAL MONEY: 9123
[21:11:40:152464 --7:00] [Thread 5788] PLAYER: ( 76561197963221112 ) R Alpha 1-4:1 (AkToker) REMOTE PURCHASED ITEM 30Rnd_556x45_Stanag FOR 20 POPTABS | PLAYER TOTAL MONEY: 9103
[21:11:40:896536 --7:00] [Thread 884] PLAYER: ( 76561197963221112 ) R Alpha 1-4:1 (AkToker) REMOTE PURCHASED ITEM 30Rnd_556x45_Stanag FOR 20 POPTABS | PLAYER TOTAL MONEY: 9083
[21:11:41:621383 --7:00] [Thread 5788] PLAYER: ( 76561197963221112 ) R Alpha 1-4:1 (AkToker) REMOTE PURCHASED ITEM 30Rnd_556x45_Stanag FOR 20 POPTABS | PLAYER TOTAL MONEY: 9063
[21:11:42:302233 --7:00] [Thread 884] PLAYER: ( 76561197963221112 ) R Alpha 1-4:1 (AkToker) REMOTE PURCHASED ITEM 30Rnd_556x45_Stanag FOR 20 POPTABS | PLAYER TOTAL MONEY: 9043
[21:13:36:040464 --7:00] [Thread 5788] PLAYER: ( 76561197963221112 ) R Alpha 1-4:1 (AkToker) REMOTE PURCHASED VEHICLE Exile_Car_Kart_Black FOR 1100 POPTABS | PLAYER TOTAL MONEY: 7943
[21:22:04:483352 --7:00] [Thread 6788] PLAYER: ( 76561198064338936 ) R Boop:2 (Mike Hawk) REMOTE PURCHASED ITEM H_Shemag_olive FOR 10 POPTABS | PLAYER TOTAL MONEY: 179990
[21:22:54:893833 --7:00] [Thread 6952] PLAYER: ( 76561198064338936 ) R Boop:2 (Mike Hawk) REMOTE PURCHASED ITEM U_I_C_Soldier_Bandit_5_F FOR 15 POPTABS | PLAYER TOTAL MONEY: 179975
[21:23:04:384215 --7:00] [Thread 5788] PLAYER: ( 76561198064338936 ) R Boop:2 (Mike Hawk) REMOTE SOLD ITEM H_Shemag_olive FOR 5 POPTABS AND 0.5 RESPECT | PLAYER TOTAL MONEY: 179980
[21:23:27:445559 --7:00] [Thread 6788] PLAYER: ( 76561198064338936 ) R Boop:2 (Mike Hawk) REMOTE PURCHASED ITEM H_Bandanna_cbr FOR 4 POPTABS | PLAYER TOTAL MONEY: 179976
[21:23:38:726152 --7:00] [Thread 5788] PLAYER: ( 76561198064338936 ) R Boop:2 (Mike Hawk) REMOTE PURCHASED ITEM V_PlateCarrier1_blk FOR 80 POPTABS | PLAYER TOTAL MONEY: 179896
[21:23:40:170701 --7:00] [Thread 6952] PLAYER: ( 76561198064338936 ) R Boop:2 (Mike Hawk) REMOTE SOLD ITEM H_Bandanna_cbr FOR 2 POPTABS AND 0.2 RESPECT | PLAYER TOTAL MONEY: 179898
[21:23:49:421500 --7:00] [Thread 5788] PLAYER: ( 76561198064338936 ) R Boop:2 (Mike Hawk) REMOTE PURCHASED ITEM H_Watchcap_blk FOR 6 POPTABS | PLAYER TOTAL MONEY: 179892
[21:23:55:432484 --7:00] [Thread 6952] PLAYER: ( 76561198064338936 ) R Boop:2 (Mike Hawk) REMOTE PURCHASED ITEM B_AssaultPack_blk FOR 90 POPTABS | PLAYER TOTAL MONEY: 179802
[21:25:07:526523 --7:00] [Thread 5788] PLAYER: ( 76561198064338936 ) R Boop:2 (Mike Hawk) REMOTE PURCHASED ITEM Exile_Weapon_LeeEnfield FOR 250 POPTABS | PLAYER TOTAL MONEY: 179552
[21:25:13:151412 --7:00] [Thread 6952] PLAYER: ( 76561198064338936 ) R Boop:2 (Mike Hawk) REMOTE PURCHASED ITEM Exile_Magazine_10Rnd_303 FOR 20 POPTABS | PLAYER TOTAL MONEY: 179532
[21:25:14:295295 --7:00] [Thread 5788] PLAYER: ( 76561198064338936 ) R Boop:2 (Mike Hawk) REMOTE PURCHASED ITEM Exile_Magazine_10Rnd_303 FOR 20 POPTABS | PLAYER TOTAL MONEY: 179512
[21:25:15:436325 --7:00] [Thread 6952] PLAYER: ( 76561198064338936 ) R Boop:2 (Mike Hawk) REMOTE PURCHASED ITEM Exile_Magazine_10Rnd_303 FOR 20 POPTABS | PLAYER TOTAL MONEY: 179492
[21:25:16:315068 --7:00] [Thread 5788] PLAYER: ( 76561198064338936 ) R Boop:2 (Mike Hawk) REMOTE PURCHASED ITEM Exile_Magazine_10Rnd_303 FOR 20 POPTABS | PLAYER TOTAL MONEY: 179472
[21:25:17:936727 --7:00] [Thread 6952] PLAYER: ( 76561198064338936 ) R Boop:2 (Mike Hawk) REMOTE PURCHASED ITEM Exile_Magazine_10Rnd_303 FOR 20 POPTABS | PLAYER TOTAL MONEY: 179452
[21:25:22:567657 --7:00] [Thread 5788] PLAYER: ( 76561198064338936 ) R Boop:2 (Mike Hawk) REMOTE PURCHASED ITEM optic_Arco FOR 100 POPTABS | PLAYER TOTAL MONEY: 179352
[21:38:30:493720 --7:00] [Thread 884] PLAYER: ( 76561197994641119 ) R Alpha 1-1:1 (Zataralee) REMOTE PURCHASED ITEM arifle_SPAR_01_GL_snd_F FOR 500 POPTABS | PLAYER TOTAL MONEY: 99500
[21:38:54:278131 --7:00] [Thread 6788] PLAYER: ( 76561197994641119 ) R Alpha 1-1:1 (Zataralee) REMOTE PURCHASED ITEM B_AssaultPack_tna_F FOR 90 POPTABS | PLAYER TOTAL MONEY: 99410
[21:39:06:199307 --7:00] [Thread 884] PLAYER: ( 76561197994641119 ) R Alpha 1-1:1 (Zataralee) REMOTE PURCHASED ITEM V_PlateCarrier1_rgr FOR 80 POPTABS | PLAYER TOTAL MONEY: 99330
[21:39:14:387188 --7:00] [Thread 6788] PLAYER: ( 76561198064338936 ) R Moisturizers:1 (Mike Hawk) REMOTE PURCHASED ITEM Exile_Weapon_LeeEnfield FOR 250 POPTABS | PLAYER TOTAL MONEY: 9750
[21:39:15:725302 --7:00] [Thread 884] PLAYER: ( 76561197994641119 ) R Alpha 1-1:1 (Zataralee) REMOTE PURCHASED ITEM U_Rangemaster FOR 40 POPTABS | PLAYER TOTAL MONEY: 99290
[21:39:17:852114 --7:00] [Thread 6788] PLAYER: ( 76561198064338936 ) R Moisturizers:1 (Mike Hawk) REMOTE PURCHASED ITEM optic_Arco FOR 100 POPTABS | PLAYER TOTAL MONEY: 9650
[21:39:21:080307 --7:00] [Thread 884] PLAYER: ( 76561198064338936 ) R Moisturizers:1 (Mike Hawk) REMOTE PURCHASED ITEM Exile_Magazine_10Rnd_303 FOR 20 POPTABS | PLAYER TOTAL MONEY: 9630
[21:39:24:046468 --7:00] [Thread 884] PLAYER: ( 76561198064338936 ) R Moisturizers:1 (Mike Hawk) REMOTE PURCHASED ITEM Exile_Magazine_10Rnd_303 FOR 20 POPTABS | PLAYER TOTAL MONEY: 9610
[21:40:17:681379 --7:00] [Thread 884] PLAYER: ( 76561197994641119 ) R Alpha 1-1:1 (Zataralee) REMOTE PURCHASED ITEM muzzle_snds_m_snd_F FOR 15 POPTABS | PLAYER TOTAL MONEY: 99275
[21:40:21:090640 --7:00] [Thread 6788] PLAYER: ( 76561198064338936 ) R Moisturizers:1 (Mike Hawk) REMOTE PURCHASED ITEM Exile_Item_DuctTape FOR 300 POPTABS | PLAYER TOTAL MONEY: 9310
[21:40:22:975031 --7:00] [Thread 884] PLAYER: ( 76561197994641119 ) R Alpha 1-1:1 (Zataralee) REMOTE PURCHASED ITEM 30Rnd_556x45_Stanag FOR 20 POPTABS | PLAYER TOTAL MONEY: 99255
[21:40:24:266577 --7:00] [Thread 6788] PLAYER: ( 76561197994641119 ) R Alpha 1-1:1 (Zataralee) REMOTE PURCHASED ITEM 30Rnd_556x45_Stanag FOR 20 POPTABS | PLAYER TOTAL MONEY: 99235
[21:40:25:404137 --7:00] [Thread 884] PLAYER: ( 76561197994641119 ) R Alpha 1-1:1 (Zataralee) REMOTE PURCHASED ITEM 30Rnd_556x45_Stanag FOR 20 POPTABS | PLAYER TOTAL MONEY: 99215
[21:40:26:501862 --7:00] [Thread 884] PLAYER: ( 76561197994641119 ) R Alpha 1-1:1 (Zataralee) REMOTE PURCHASED ITEM 30Rnd_556x45_Stanag FOR 20 POPTABS | PLAYER TOTAL MONEY: 99195
[21:40:27:490042 --7:00] [Thread 6788] PLAYER: ( 76561197994641119 ) R Alpha 1-1:1 (Zataralee) REMOTE PURCHASED ITEM 30Rnd_556x45_Stanag FOR 20 POPTABS | PLAYER TOTAL MONEY: 99175
[21:40:28:606468 --7:00] [Thread 884] PLAYER: ( 76561197994641119 ) R Alpha 1-1:1 (Zataralee) REMOTE PURCHASED ITEM 30Rnd_556x45_Stanag FOR 20 POPTABS | PLAYER TOTAL MONEY: 99155
[21:40:38:657441 --7:00] [Thread 6788] PLAYER: ( 76561197994641119 ) R Alpha 1-1:1 (Zataralee) REMOTE PURCHASED ITEM optic_ERCO_snd_F FOR 125 POPTABS | PLAYER TOTAL MONEY: 99030
[21:41:22:562619 --7:00] [Thread 884] PLAYER: ( 76561197994641119 ) R Alpha 1-1:1 (Zataralee) REMOTE PURCHASED ITEM Exile_Item_DuctTape FOR 300 POPTABS | PLAYER TOTAL MONEY: 98730
[21:41:24:339465 --7:00] [Thread 6788] PLAYER: ( 76561197994641119 ) R Alpha 1-1:1 (Zataralee) REMOTE PURCHASED ITEM Exile_Item_DuctTape FOR 300 POPTABS | PLAYER TOTAL MONEY: 98430
[21:41:27:498102 --7:00] [Thread 884] PLAYER: ( 76561197994641119 ) R Alpha 1-1:1 (Zataralee) REMOTE PURCHASED ITEM Exile_Item_CodeLock FOR 5000 POPTABS | PLAYER TOTAL MONEY: 93430
[22:00:40:949662 --7:00] [Thread 5788] PLAYER: ( 76561197963221112 ) R Alpha 1-5:1 (AkToker) REMOTE SOLD ITEM: Exile_Car_SUV_Black (ID# <null>) with Cargo [] FOR 7000 POPTABS AND 700 RESPECT | PLAYER TOTAL MONEY: 15743
[22:01:06:217420 --7:00] [Thread 5788] PLAYER: ( 76561197963221112 ) R Alpha 1-5:1 (AkToker) REMOTE SOLD ITEM Exile_Item_InstaDoc FOR 625 POPTABS AND 62.5 RESPECT | PLAYER TOTAL MONEY: 16368
[22:01:09:294582 --7:00] [Thread 6788] PLAYER: ( 76561197963221112 ) R Alpha 1-5:1 (AkToker) REMOTE SOLD ITEM Exile_Item_InstaDoc FOR 625 POPTABS AND 62.5 RESPECT | PLAYER TOTAL MONEY: 16993
[22:01:11:050675 --7:00] [Thread 6788] PLAYER: ( 76561197963221112 ) R Alpha 1-5:1 (AkToker) REMOTE SOLD ITEM Exile_Item_InstaDoc FOR 625 POPTABS AND 62.5 RESPECT | PLAYER TOTAL MONEY: 17618
[22:01:12:541629 --7:00] [Thread 6788] PLAYER: ( 76561197963221112 ) R Alpha 1-5:1 (AkToker) REMOTE SOLD ITEM Exile_Item_InstaDoc FOR 625 POPTABS AND 62.5 RESPECT | PLAYER TOTAL MONEY: 18243
[22:01:14:182735 --7:00] [Thread 5788] PLAYER: ( 76561197963221112 ) R Alpha 1-5:1 (AkToker) REMOTE SOLD ITEM Exile_Item_InstaDoc FOR 625 POPTABS AND 62.5 RESPECT | PLAYER TOTAL MONEY: 18868
[22:01:15:822809 --7:00] [Thread 884] PLAYER: ( 76561197963221112 ) R Alpha 1-5:1 (AkToker) REMOTE SOLD ITEM Exile_Item_InstaDoc FOR 625 POPTABS AND 62.5 RESPECT | PLAYER TOTAL MONEY: 19493
[22:01:17:470063 --7:00] [Thread 6788] PLAYER: ( 76561197963221112 ) R Alpha 1-5:1 (AkToker) REMOTE SOLD ITEM Exile_Item_InstaDoc FOR 625 POPTABS AND 62.5 RESPECT | PLAYER TOTAL MONEY: 20118
[22:01:21:028388 --7:00] [Thread 884] PLAYER: ( 76561197963221112 ) R Alpha 1-5:1 (AkToker) REMOTE SOLD ITEM Exile_Item_InstaDoc FOR 625 POPTABS AND 62.5 RESPECT | PLAYER TOTAL MONEY: 20743
[22:01:25:020970 --7:00] [Thread 6788] PLAYER: ( 76561197963221112 ) R Alpha 1-5:1 (AkToker) REMOTE SOLD ITEM Exile_Item_InstaDoc FOR 625 POPTABS AND 62.5 RESPECT | PLAYER TOTAL MONEY: 21368
[22:01:26:665077 --7:00] [Thread 5788] PLAYER: ( 76561197963221112 ) R Alpha 1-5:1 (AkToker) REMOTE SOLD ITEM Exile_Item_InstaDoc FOR 625 POPTABS AND 62.5 RESPECT | PLAYER TOTAL MONEY: 21993
[22:01:28:051128 --7:00] [Thread 5788] PLAYER: ( 76561197963221112 ) R Alpha 1-5:1 (AkToker) REMOTE SOLD ITEM Exile_Item_InstaDoc FOR 625 POPTABS AND 62.5 RESPECT | PLAYER TOTAL MONEY: 22618
[22:01:29:547126 --7:00] [Thread 6788] PLAYER: ( 76561197963221112 ) R Alpha 1-5:1 (AkToker) REMOTE SOLD ITEM Exile_Item_InstaDoc FOR 625 POPTABS AND 62.5 RESPECT | PLAYER TOTAL MONEY: 23243
[22:02:01:554552 --7:00] [Thread 5788] PLAYER: ( 76561197963221112 ) R Alpha 1-5:1 (AkToker) REMOTE PURCHASED VEHICLE Exile_Car_Kart_Black FOR 1100 POPTABS | PLAYER TOTAL MONEY: 22143
[22:10:51:395857 --7:00] [Thread 5788] PLAYER: ( 76561197963221112 ) R Alpha 1-5:1 (AkToker) REMOTE SOLD ITEM: Exile_Car_SUV_Red (ID# <null>) with Cargo ["arifle_TRG21_F","30Rnd_556x45_Stanag","arifle_TRG20_F","30Rnd_556x45_Stanag","arifle_Mk20_plain_F","30Rnd_556x45_Stanag","arifle_MX_Black_F","30Rnd_65x39_caseless_mag","srifle_GM6_F","5Rnd_127x108_Mag","srifle_DMR_01_F","10Rnd_762x54_Mag","arifle_Mk20_F","30Rnd_556x45_Stanag","arifle_MX_SW_Black_F","100Rnd_65x39_caseless_mag","arifle_Mk20_plain_F","30Rnd_556x45_Stanag","arifle_Katiba_F","30Rnd_65x39_caseless_green","arifle_Katiba_F","30Rnd_65x39_caseless_green"] FOR 8855 POPTABS AND 885.5 RESPECT | PLAYER TOTAL MONEY: 30998
