[17:27:26:828328 --7:00] [Thread 4952] Alisha commited suicide!
[17:54:18:273631 --7:00] [Thread 3056] Alisha commited suicide!
[18:14:26:064528 --7:00] [Thread 4340] ARMYMEDIC commited suicide!
[18:32:24:951346 --7:00] [Thread 3056] ARMYMEDIC commited suicide!
[18:33:48:704754 --7:00] [Thread 5036] Saber One was killed by an NPC!
[18:46:45:529720 --7:00] [Thread 4888] Saber One was killed by an NPC!
[18:54:02:512278 --7:00] [Thread 4208] ARMYMEDIC commited suicide!
[18:56:19:301117 --7:00] [Thread 5036] ARMYMEDIC commited suicide!
[19:03:48:253957 --7:00] [Thread 3056] ARMYMEDIC commited suicide!
[19:17:44:217916 --7:00] [Thread 4340] Charles Sprinkle was killed by an NPC!
[19:31:02:356965 --7:00] [Thread 4888] Alisha commited suicide!
[19:41:57:042671 --7:00] [Thread 3056] D4_Cador commited suicide!
[19:42:47:923820 --7:00] [Thread 4340] Charles Sprinkle died because the universe hates him.
[19:44:24:594562 --7:00] [Thread 4340] ARMYMEDIC commited suicide!
[19:44:46:108854 --7:00] [Thread 3056] D4_Cador died because D4_Cador was very unlucky.
[19:46:01:503501 --7:00] [Thread 4340] Charles Sprinkle commited suicide!
[20:00:57:335606 --7:00] [Thread 4952] Saber One was killed by an NPC!
[20:06:22:644506 --7:00] [Thread 3056] Saber One was killed by an NPC!
[20:25:11:762024 --7:00] [Thread 3056] Charles Sprinkle was killed by an NPC!
[20:41:29:121641 --7:00] [Thread 1464] ARMYMEDIC commited suicide!
[20:48:17:639872 --7:00] [Thread 4852] Scott commited suicide!
[20:55:14:551457 --7:00] [Thread 4852] ARMYMEDIC was killed by an NPC!
[21:19:13:513286 --7:00] [Thread 3076] Scott was killed by an NPC!
[22:00:12:486109 --7:00] [Thread 4852] Alisha was killed by an NPC!
[22:01:02:992383 --7:00] [Thread 1464] Scott was killed by an NPC!
[22:17:02:926018 --7:00] [Thread 5004] Red The Hunter commited suicide!
[22:22:23:241004 --7:00] [Thread 3076] Scott was killed by an NPC!
[22:22:23:493847 --7:00] [Thread 1464] Alisha was killed by an NPC!
[22:39:06:949964 --7:00] [Thread 3076] Red The Hunter commited suicide!
[23:06:44:926459 --7:00] [Thread 5004] Red The Hunter commited suicide!
[23:08:39:783929 --7:00] [Thread 3076] Red The Hunter commited suicide!
[23:14:11:357308 --7:00] [Thread 1464] Red The Hunter commited suicide!
[23:25:58:111819 --7:00] [Thread 4680] Scott was killed by an NPC!
[23:41:39:996653 --7:00] [Thread 4852] Saber One died because... Arma.
[23:41:40:297938 --7:00] [Thread 1464] Red The Hunter died because that's why.
[23:46:48:916221 --7:00] [Thread 4680] Saber One died because that's why.
[23:50:21:249825 --7:00] [Thread 3076] Red The Hunter commited suicide!
[23:51:21:463415 --7:00] [Thread 3076] Red The Hunter commited suicide!
[00:09:34:204914 --7:00] [Thread 1664] Saber One commited suicide!
[00:12:30:749365 --7:00] [Thread 3076] Warhammer was killed by an NPC!
[00:28:45:947064 --7:00] [Thread 4680] Scott commited suicide!
[01:09:50:134674 --7:00] [Thread 2328] Red The Hunter commited suicide!
[05:55:06:136405 --7:00] [Thread 4840] Red The Hunter commited suicide!
[06:15:39:219621 --7:00] [Thread 4840] Red The Hunter commited suicide!
[06:28:42:592074 --7:00] [Thread 5016] Red The Hunter died an awkward death.
[06:33:49:293485 --7:00] [Thread 5016] Red The Hunter was killed by an NPC!
[06:41:28:865245 --7:00] [Thread 2260] Red The Hunter was killed by an NPC!
[06:53:49:847531 --7:00] [Thread 4840] ARMYMEDIC was killed by an NPC!
[07:43:55:541908 --7:00] [Thread 2260] ARMYMEDIC commited suicide!
[07:55:29:929847 --7:00] [Thread 5016] ARMYMEDIC died and nobody knows why.
[08:02:31:938659 --7:00] [Thread 5016] alex was killed by an NPC!
[08:09:17:377003 --7:00] [Thread 5016] alex commited suicide!
[08:11:35:108041 --7:00] [Thread 196] alex commited suicide!
[10:03:33:307321 --7:00] [Thread 4452] sellig berton commited suicide!
[10:20:44:998337 --7:00] [Thread 4452] D4_Cador commited suicide!
[10:27:17:675424 --7:00] [Thread 3004] sellig berton died a mysterious death.
[10:38:44:160211 --7:00] [Thread 3008] D4_Cador commited suicide!
[11:23:55:383240 --7:00] [Thread 3004] Jason commited suicide!
[11:50:13:387188 --7:00] [Thread 4452] sellig berton was killed by an NPC!
[12:06:40:330460 --7:00] [Thread 3008] Joe was killed by an NPC!
[12:08:58:194761 --7:00] [Thread 3136] sellig berton was killed by an NPC!
[12:22:56:120476 --7:00] [Thread 4452] Joe commited suicide!
[13:40:09:586951 --7:00] [Thread 4108] Joe commited suicide!
[13:40:50:567186 --7:00] [Thread 4108] Joe commited suicide!
[14:02:01:843139 --7:00] [Thread 5008] Warhammer was killed by an NPC!
[14:03:25:046756 --7:00] [Thread 4104] Joe commited suicide!
[14:07:42:666851 --7:00] [Thread 5008] Joe commited suicide!
[14:11:30:531815 --7:00] [Thread 4108] D4_Cador was killed by an NPC!
[14:13:45:706168 --7:00] [Thread 2560] D4_Cador died. Yes, D4_Cador is dead. Like really dead-dead.
[14:28:40:105072 --7:00] [Thread 4104] D4_Cador was killed by an NPC!
[14:43:12:843721 --7:00] [Thread 5008] D4_Cador commited suicide!
[14:59:52:981298 --7:00] [Thread 4108] Alisha was killed by an NPC!
[15:08:38:848231 --7:00] [Thread 5008] D4_Cador died because the universe hates him.
[15:12:34:684738 --7:00] [Thread 4104] Joe was killed by an NPC!
[15:20:29:648155 --7:00] [Thread 5008] D4_Cador commited suicide!
[15:53:34:936889 --7:00] [Thread 5008] Mike Hawk commited suicide!
[15:55:01:787231 --7:00] [Thread 2148] Joe was killed by an NPC!
[16:05:57:125927 --7:00] [Thread 2148] Joe commited suicide!
