[16:37:01:563139 --7:00] [Thread 12112] Mike Hawk commited suicide!
[19:22:14:652394 --7:00] [Thread 11708] Mike Hawk was killed by an NPC!
[19:55:21:514205 --7:00] [Thread 11708] Mike Hawk was killed by an NPC!
[20:14:13:223659 --7:00] [Thread 11492] Scott was killed by an NPC!
[20:15:06:690274 --7:00] [Thread 11528] Alisha was killed by an NPC!
[20:17:55:764478 --7:00] [Thread 11492] Alisha was killed by an NPC!
[20:18:24:065905 --7:00] [Thread 7396] Scott was killed by an NPC!
[20:18:53:817003 --7:00] [Thread 11708] Alisha was killed by an NPC!
[20:20:11:529266 --7:00] [Thread 11708] Alisha commited suicide!
[20:20:56:191582 --7:00] [Thread 8264] Badmutha commited suicide!
[20:24:11:016125 --7:00] [Thread 11528] Mike Hawk was killed by an NPC!
[20:31:21:992833 --7:00] [Thread 8264] Badmutha commited suicide!
[20:39:21:078410 --7:00] [Thread 7396] Badmutha was killed by an NPC!
[20:57:12:316800 --7:00] [Thread 8264] Red The Hunter was killed by an NPC!
[20:58:20:264073 --7:00] [Thread 7396] Alisha commited suicide!
[21:06:34:160990 --7:00] [Thread 11528] Badmutha died because Badmutha was very unlucky.
[21:06:45:133479 --7:00] [Thread 8264] Badmutha died and nobody knows why.
[21:08:02:034735 --7:00] [Thread 8264] Badmutha was killed by an NPC!
[21:10:02:412459 --7:00] [Thread 7396] Badmutha was killed by Zataralee! (First Blood)
[21:10:32:543699 --7:00] [Thread 11528] Badmutha was killed by Zataralee! (2x Kill Streak, Domination)
[21:11:00:484137 --7:00] [Thread 8264] Badmutha was killed by Zataralee! (3x Kill Streak, Domination)
[21:56:05:517778 --7:00] [Thread 8264] Scott crashed to death!
[21:57:37:916680 --7:00] [Thread 11708] D4_Cador died because the universe hates him.
[21:58:07:865098 --7:00] [Thread 7396] Red The Hunter commited suicide!
[21:59:51:987117 --7:00] [Thread 11492] D4_Cador was killed by Alisha! (BAMBI SLAYER)
[22:00:57:432465 --7:00] [Thread 8264] Scott was team-killed by AkToker!
[22:01:28:539322 --7:00] [Thread 11492] Scott was team-killed by AkToker!
[01:01:50:686268 --7:00] [Thread 1864] Red The Hunter was killed by an NPC!
[01:05:11:593467 --7:00] [Thread 9840] Saber One was killed by an NPC!
[01:53:09:355484 --7:00] [Thread 7452] Red The Hunter died because... Arma.
[04:14:16:969753 --7:00] [Thread 12132] Rog641 was killed by an NPC!
[05:48:29:034574 --7:00] [Thread 2976] Rog641 was killed by an NPC!
[06:01:34:932517 --7:00] [Thread 12132] Rog641 commited suicide!
[06:03:25:505414 --7:00] [Thread 10252] Rog641 commited suicide!
[06:37:55:028398 --7:00] [Thread 3420] Rog641 commited suicide!
[07:48:59:912685 --7:00] [Thread 1900] Alisha died. Yes, Alisha is dead. Like really dead-dead.
[08:49:09:576275 --7:00] [Thread 11200] Mike Hawk was killed by an NPC!
[08:53:59:526102 --7:00] [Thread 11560] Mike Hawk commited suicide!
[09:16:41:921237 --7:00] [Thread 11560] cfber was killed by an NPC!
[09:56:46:021209 --7:00] [Thread 12192] cfber was killed by an NPC!
[10:00:26:092756 --7:00] [Thread 8068] cfber was killed by an NPC!
[10:03:34:164949 --7:00] [Thread 11560] cfber was killed by an NPC!
[10:09:48:587927 --7:00] [Thread 1900] cfber was killed by an NPC!
[10:38:28:304587 --7:00] [Thread 8068] Scott commited suicide!
[10:40:13:834127 --7:00] [Thread 1900] Scott was killed by an NPC!
[10:40:58:862367 --7:00] [Thread 1900] cfber was killed by an NPC!
[11:23:41:356617 --7:00] [Thread 10396] Alisha commited suicide!
[11:35:15:405098 --7:00] [Thread 11340] Mike Hawk died because... Arma.
[11:39:26:436022 --7:00] [Thread 4344] Scott was killed by an NPC!
[11:50:26:578994 --7:00] [Thread 4344] Scott commited suicide!
[12:11:26:718915 --7:00] [Thread 10396] Scott commited suicide!
[12:23:14:623288 --7:00] [Thread 11340] Scott was killed by an NPC!
[12:45:17:177506 --7:00] [Thread 5056] Scott was killed by an NPC!
[14:08:10:516259 --7:00] [Thread 10396] Alisha commited suicide!
[14:14:21:569129 --7:00] [Thread 10100] Alisha commited suicide!
[14:23:58:353240 --7:00] [Thread 5056] Alisha commited suicide!
[14:27:10:980698 --7:00] [Thread 10396] Rog641 was killed by an NPC!
[15:28:12:102498 --7:00] [Thread 10660] Mike Hawk was killed by an NPC!
[15:29:45:137598 --7:00] [Thread 10660] Mike Hawk was killed by an NPC!
[15:29:47:403983 --7:00] [Thread 5776] AkToker was killed by an NPC!
[15:52:12:953521 --7:00] [Thread 5776] AkToker commited suicide!
[16:03:36:028972 --7:00] [Thread 6704] AkToker was killed by an NPC!
[16:09:14:466499 --7:00] [Thread 5776] AkToker crashed to death!
[16:31:08:915018 --7:00] [Thread 10660] Mike Hawk was killed by an NPC!
[16:50:41:023087 --7:00] [Thread 6168] Lothaar died a mysterious death.
[17:28:54:230104 --7:00] [Thread 10660] Rog641 died due to Arma bugs and is probably very salty right now.
[17:33:44:796898 --7:00] [Thread 12096] Mike Hawk was killed by an NPC!
[17:33:56:430993 --7:00] [Thread 11436] Scott was killed by an NPC!
[17:40:56:696066 --7:00] [Thread 12096] Scott was killed by an NPC!
[17:41:18:671910 --7:00] [Thread 6168] Mike Hawk was killed by an NPC!
[18:22:21:484761 --7:00] [Thread 6704] D4_Cador commited suicide!
[18:24:28:812941 --7:00] [Thread 5776] D4_Cador commited suicide!
