[17:32:10:149725 --7:00] [Thread 872] ARMYMEDIC commited suicide!
[19:00:50:476472 --7:00] [Thread 4912] Joe was killed by an NPC!
[19:03:12:639500 --7:00] [Thread 2592] Jason commited suicide!
[19:12:13:989539 --7:00] [Thread 2592] Joe was killed by an NPC!
[19:45:20:830521 --7:00] [Thread 4912] Joe was killed by an NPC!
[19:46:50:580177 --7:00] [Thread 3740] Alisha commited suicide!
[19:58:29:867885 --7:00] [Thread 3740] Joe was killed by an NPC!
[20:03:50:715266 --7:00] [Thread 1704] Alisha was killed by an NPC!
[20:03:51:749969 --7:00] [Thread 2592] Scott was killed by an NPC!
[20:04:38:225743 --7:00] [Thread 1704] Alisha commited suicide!
[20:15:38:274607 --7:00] [Thread 2036] Alisha was killed by an NPC!
[20:20:32:409423 --7:00] [Thread 2592] Joe was killed by an NPC!
[20:21:25:405259 --7:00] [Thread 4620] Alisha was killed by an NPC!
[20:23:11:350029 --7:00] [Thread 4620] Scott was killed by an NPC!
[20:24:04:362424 --7:00] [Thread 4620] Joe commited suicide!
[20:26:21:931722 --7:00] [Thread 4620] Joe was killed by an NPC!
[20:32:53:937582 --7:00] [Thread 1704] Joe was killed by an NPC!
[20:49:17:637057 --7:00] [Thread 1704] Joe was killed by an NPC!
[20:59:24:806448 --7:00] [Thread 2036] Mike Hawk died because Mike Hawk was very unlucky.
[21:04:44:759291 --7:00] [Thread 4912] Mike Hawk commited suicide!
[21:44:50:635400 --7:00] [Thread 612] Alisha commited suicide!
[21:51:32:902986 --7:00] [Thread 4180] Saber One was killed by an NPC!
[22:04:46:744887 --7:00] [Thread 612] Mike Hawk was killed by Joe! (First Blood)
[22:22:15:583437 --7:00] [Thread 4704] Joe was killed by an NPC!
[22:22:44:208218 --7:00] [Thread 4180] Alisha commited suicide!
[22:22:44:383864 --7:00] [Thread 4180] BATMAN died. Yes, BATMAN is dead. Like really dead-dead.
[22:34:31:889546 --7:00] [Thread 4704] Joe commited suicide!
[22:44:58:616813 --7:00] [Thread 4180] AkToker died an awkward death.
[23:20:57:962885 --7:00] [Thread 4256] Warhammer commited suicide!
[23:34:53:531081 --7:00] [Thread 4704] Warhammer was killed by an NPC!
[23:40:02:629942 --7:00] [Thread 4256] Warhammer was killed by an NPC!
[23:44:21:346622 --7:00] [Thread 4628] Warhammer was killed by an NPC!
[23:56:26:371864 --7:00] [Thread 4704] Warhammer was killed by an NPC!
[23:57:28:820594 --7:00] [Thread 4180] Warhammer commited suicide!
[00:32:41:608806 --7:00] [Thread 4180] Red The Hunter was killed by an NPC!
[02:43:24:817506 --7:00] [Thread 3556] Saber One died a mysterious death.
[02:51:42:851239 --7:00] [Thread 3556] Red The Hunter died and nobody knows why.
[02:51:42:936175 --7:00] [Thread 4464] Saber One died. Yes, Saber One is dead. Like really dead-dead.
[02:53:48:837572 --7:00] [Thread 3276] Saber One commited suicide!
[02:56:03:177724 --7:00] [Thread 3556] Saber One commited suicide!
[02:56:30:065545 --7:00] [Thread 4464] Saber One commited suicide!
[02:57:10:696621 --7:00] [Thread 3556] Saber One commited suicide!
[02:57:30:982803 --7:00] [Thread 3556] Saber One commited suicide!
[03:24:33:407978 --7:00] [Thread 3276] Saber One commited suicide!
[03:39:03:164739 --7:00] [Thread 2080] Red The Hunter commited suicide!
[03:42:09:887053 --7:00] [Thread 2436] Red The Hunter commited suicide!
[03:42:25:846966 --7:00] [Thread 2080] Red The Hunter commited suicide!
[03:52:30:386528 --7:00] [Thread 4464] Red The Hunter commited suicide!
[03:54:03:800992 --7:00] [Thread 2080] Red The Hunter commited suicide!
[03:59:11:533014 --7:00] [Thread 4464] Red The Hunter commited suicide!
[05:16:52:292027 --7:00] [Thread 2080] sellig berton was killed by an NPC!
[05:21:12:628272 --7:00] [Thread 3276] sellig berton was killed by an NPC!
[05:54:48:375560 --7:00] [Thread 4788] sellig berton was killed by an NPC!
[07:19:29:853013 --7:00] [Thread 2832] demonjac commited suicide!
[11:15:38:284942 --7:00] [Thread 3060] fogro was killed by an NPC!
[11:37:01:680739 --7:00] [Thread 3740] demonjac was killed by an NPC!
[11:45:48:915410 --7:00] [Thread 948] demonjac died because the universe hates him.
[11:52:36:131750 --7:00] [Thread 1524] demonjac was killed by an NPC!
[11:52:39:708414 --7:00] [Thread 4900] vincent was killed by an NPC!
[12:38:00:161570 --7:00] [Thread 3060] Alisha commited suicide!
[12:42:12:327479 --7:00] [Thread 3740] Alisha commited suicide!
[12:49:53:120643 --7:00] [Thread 4900] demonjac was killed by an NPC!
[12:54:25:965631 --7:00] [Thread 3060] vincent was killed by an NPC!
[12:55:37:652561 --7:00] [Thread 4900] vincent died because the universe hates him.
[13:04:33:236686 --7:00] [Thread 948] Alisha was killed by an NPC!
[14:14:15:874574 --7:00] [Thread 3004] Alisha was killed by an NPC!
[16:43:47:209338 --7:00] [Thread 2376] Mike Hawk commited suicide!
[16:59:12:275867 --7:00] [Thread 2448] Mike Hawk was killed by an NPC!
[17:01:28:121918 --7:00] [Thread 2448] Mike Hawk was killed by an NPC!
[17:03:59:390767 --7:00] [Thread 2376] Mike Hawk was killed by an NPC!
