[18:42:34:776891 --7:00] [Thread 4740] Joe was killed by an NPC!
[18:43:38:661274 --7:00] [Thread 4740] {BTK} EAST_TEX_SWAMPCAT was killed by an NPC!
[18:51:22:655578 --7:00] [Thread 4652] {BTK} EAST_TEX_SWAMPCAT commited suicide!
[18:57:09:080950 --7:00] [Thread 4740] {BTK} EAST_TEX_SWAMPCAT commited suicide!
[18:59:26:942378 --7:00] [Thread 4652] {BTK} EAST_TEX_SWAMPCAT commited suicide!
[19:08:09:640967 --7:00] [Thread 4408] Joe was killed by an NPC!
[19:15:09:377588 --7:00] [Thread 4740] {BTK} EAST_TEX_SWAMPCAT was killed by an NPC!
[19:21:54:317952 --7:00] [Thread 3864] Joe was killed by an NPC!
[20:05:48:751150 --7:00] [Thread 4740] Joe was killed by an NPC!
[22:24:10:243272 --7:00] [Thread 3352] Zataralee was killed by Joe! (First Blood)
[22:39:33:822514 --7:00] [Thread 4340] Joe was killed by an NPC!
[22:41:55:464041 --7:00] [Thread 4344] Joe commited suicide!
[07:03:36:411316 --7:00] [Thread 5040] Jason was killed by an NPC!
[09:48:55:451663 --7:00] [Thread 1028] Jason was killed by an NPC!
[09:52:14:379625 --7:00] [Thread 1028] Jason was killed by an NPC!
[09:55:35:418910 --7:00] [Thread 4292] Jason was killed by an NPC!
[10:27:00:043409 --7:00] [Thread 3820] 67yu5r commited suicide!
[10:27:42:039294 --7:00] [Thread 2364] 67yu5r commited suicide!
[11:10:49:691440 --7:00] [Thread 4640] 67yu5r commited suicide!
[11:12:32:884204 --7:00] [Thread 3820] 67yu5r commited suicide!
[11:12:35:676692 --7:00] [Thread 2364] Pman commited suicide!
[11:13:37:225110 --7:00] [Thread 1028] Pman commited suicide!
[12:07:04:299601 --7:00] [Thread 1028] 67yu5r was killed by sellig berton! (First Blood)
[12:07:05:974484 --7:00] [Thread 4244] Pman was killed by sellig berton! (2x Kill Streak)
[12:49:06:947512 --7:00] [Thread 3176] sellig berton was killed by an NPC!
[12:53:38:000412 --7:00] [Thread 4252] demonjac was killed by an NPC!
[13:16:56:174821 --7:00] [Thread 2332] sellig berton was killed by an NPC!
[13:21:48:419212 --7:00] [Thread 4872] demonjac commited suicide!
[13:27:42:783341 --7:00] [Thread 2248] {BTK} EAST_TEX_SWAMPCAT was killed by an NPC!
[13:30:38:278059 --7:00] [Thread 2248] {BTK} EAST_TEX_SWAMPCAT was killed by an NPC!
[13:33:21:076204 --7:00] [Thread 4872] {BTK} EAST_TEX_SWAMPCAT was killed by an NPC!
[13:35:33:006635 --7:00] [Thread 2332] {BTK} EAST_TEX_SWAMPCAT was killed by an NPC!
[13:36:24:621556 --7:00] [Thread 2248] sellig berton was killed by an NPC!
[13:37:39:166232 --7:00] [Thread 2816] {BTK} EAST_TEX_SWAMPCAT commited suicide!
[13:44:27:578862 --7:00] [Thread 2248] demonjac was killed by an NPC!
[13:45:22:683299 --7:00] [Thread 4872] {BTK} EAST_TEX_SWAMPCAT was killed by an NPC!
[13:49:51:878825 --7:00] [Thread 2332] demonjac died because that's why.
[13:51:45:271956 --7:00] [Thread 2248] {BTK} EAST_TEX_SWAMPCAT was killed by Joe! (First Blood, 117m Range)
[13:58:08:216466 --7:00] [Thread 2816] Joe commited suicide!
[14:09:14:480358 --7:00] [Thread 2248] Pman commited suicide!
[14:26:45:855082 --7:00] [Thread 3176] Sneakery died because... Arma.
[14:28:08:823163 --7:00] [Thread 3176] 67yu5r died an awkward death.
[14:28:09:019205 --7:00] [Thread 2816] Pman died an awkward death.
[14:28:35:657555 --7:00] [Thread 2248] Sneakery commited suicide!
[14:42:10:878202 --7:00] [Thread 3176] {BTK} EAST_TEX_SWAMPCAT was killed by an NPC!
[14:46:20:261229 --7:00] [Thread 4872] Sneakery was killed by an NPC!
[14:48:01:676244 --7:00] [Thread 3176] {BTK} EAST_TEX_SWAMPCAT was killed by an NPC!
[14:50:09:579689 --7:00] [Thread 2816] {BTK} EAST_TEX_SWAMPCAT commited suicide!
[14:58:59:931136 --7:00] [Thread 2332] {BTK} EAST_TEX_SWAMPCAT was killed by an NPC!
[15:01:55:585142 --7:00] [Thread 2248] Sneakery commited suicide!
[15:10:07:650201 --7:00] [Thread 2248] {BTK} EAST_TEX_SWAMPCAT was killed by an NPC!
[15:48:55:515270 --7:00] [Thread 2332] {BTK}Ruckas was killed by an NPC!
[15:51:06:712695 --7:00] [Thread 3176] {BTK}Garfield was killed by an NPC!
