[17:48:25:919428 --7:00] [Thread 4504] {BTK} EAST_TEX_SWAMPCAT was killed by an NPC!
[17:54:37:185559 --7:00] [Thread 4504] {BTK} EAST_TEX_SWAMPCAT was killed by an NPC!
[19:37:21:432374 --7:00] [Thread 4216] D4_Cador was killed by an NPC!
[19:43:45:795086 --7:00] [Thread 4504] D4_Cador crashed to death!
[20:13:45:273146 --7:00] [Thread 3184] Jason was killed by an NPC!
[21:36:20:081098 --7:00] [Thread 4548] Saber One was killed by an NPC!
[21:40:16:754579 --7:00] [Thread 4548] D4_Cador died due to Arma bugs and is probably very salty right now.
[22:07:28:490057 --7:00] [Thread 4116] {BTK} EAST_TEX_SWAMPCAT commited suicide!
[22:18:55:197607 --7:00] [Thread 3244] Saber One was killed by an NPC!
[22:32:02:336908 --7:00] [Thread 1028] Saber One commited suicide!
[22:33:51:135665 --7:00] [Thread 4548] Nutsnboltz was killed by an NPC!
[22:34:00:500935 --7:00] [Thread 5056] D4_Cador died because D4_Cador was very unlucky.
[22:46:54:854065 --7:00] [Thread 5056] D4_Cador was team-killed by Nutsnboltz!
[23:23:44:389229 --7:00] [Thread 4116] Angus was killed by an NPC!
[23:29:29:759178 --7:00] [Thread 4116] Saber One was killed by an NPC!
[23:29:29:915194 --7:00] [Thread 5092] Joe was killed by an NPC!
[23:35:09:490997 --7:00] [Thread 5056] Saber One commited suicide!
[23:52:47:431769 --7:00] [Thread 3244] Joe was killed by an NPC!
[00:02:26:187975 --7:00] [Thread 4548] Saber One was killed by an NPC!
[00:06:22:090917 --7:00] [Thread 1028] Joe was killed by an NPC!
[07:21:03:264152 --7:00] [Thread 1396] Jason was killed by an NPC!
[10:17:47:870801 --7:00] [Thread 4316] Jason was killed by an NPC!
[11:18:53:956657 --7:00] [Thread 4568] D4_Cador commited suicide!
[14:29:41:642665 --7:00] [Thread 4912] Joe was killed by an NPC!
[14:40:47:813856 --7:00] [Thread 3184] Joe commited suicide!
[14:47:02:505709 --7:00] [Thread 2364] IGotF commited suicide!
[14:47:35:804215 --7:00] [Thread 5100] IGotF commited suicide!
[14:52:37:484917 --7:00] [Thread 1604] Jason was killed by an NPC!
[14:54:09:359260 --7:00] [Thread 3184] IGotF was killed by Zataralee! (First Blood)
[15:13:23:479190 --7:00] [Thread 5100] guest new commited suicide!
[15:14:40:193954 --7:00] [Thread 3184] guest new commited suicide!
[15:16:17:062182 --7:00] [Thread 2364] guest new commited suicide!
[15:30:30:190290 --7:00] [Thread 3184] IGotF was killed by an NPC!
[15:39:12:182635 --7:00] [Thread 2364] IGotF crashed to death!
[15:44:48:371969 --7:00] [Thread 2364] guest new commited suicide!
[15:54:09:968044 --7:00] [Thread 5100] IGotF was killed by an NPC!
[15:55:26:121921 --7:00] [Thread 5100] IGotF commited suicide!
[15:55:48:843683 --7:00] [Thread 5100] guest new was killed by an NPC!
[15:57:16:298366 --7:00] [Thread 1028] IGotF commited suicide!
[17:02:37:143180 --7:00] [Thread 5100] Nutsnboltz crashed to death!
