[20:13:33:969684 --7:00] [Thread 5508] Jason was killed by an NPC!
[21:04:54:032327 --7:00] [Thread 1524] Jason died and nobody knows why.
[21:05:56:646297 --7:00] [Thread 5520] Joe commited suicide!
[21:07:12:173369 --7:00] [Thread 4864] Jason commited suicide!
[21:09:14:778224 --7:00] [Thread 1524] Joe died due to Arma bugs and is probably very salty right now.
[21:11:08:637052 --7:00] [Thread 4864] Joe commited suicide!
[21:12:27:707649 --7:00] [Thread 896] Pyrogenesis was killed by an NPC!
[21:46:31:314017 --7:00] [Thread 5508] Pyrogenesis was killed by an NPC!
[22:00:12:913520 --7:00] [Thread 4864] Jason was killed by an NPC!
[22:01:05:266417 --7:00] [Thread 1524] Zataralee commited suicide!
[22:06:15:620049 --7:00] [Thread 4556] Jason commited suicide!
[22:22:26:276290 --7:00] [Thread 1524] Pyrogenesis commited suicide!
[22:40:46:642643 --7:00] [Thread 4556] Jason was killed by an NPC!
[00:04:45:857117 --7:00] [Thread 5252] Avriality crashed to death!
[00:07:14:783401 --7:00] [Thread 3000] Avriality died because Avriality was very unlucky.
[00:12:25:104068 --7:00] [Thread 4516] Avriality was killed by an NPC!
[00:22:37:650309 --7:00] [Thread 2128] Avriality commited suicide!
[00:39:24:490212 --7:00] [Thread 5252] Avriality was killed by an NPC!
[00:40:56:302055 --7:00] [Thread 2848] Avriality commited suicide!
[01:06:49:575533 --7:00] [Thread 3000] Avriality was killed by an NPC!
[01:10:47:509945 --7:00] [Thread 4516] Avriality was killed by an NPC!
[05:01:19:816558 --7:00] [Thread 5896] sellig berton commited suicide!
[05:04:52:359845 --7:00] [Thread 4688] sellig berton was killed by an NPC!
[05:21:17:509895 --7:00] [Thread 5472] sellig berton died due to Arma bugs and is probably very salty right now.
[05:26:27:793115 --7:00] [Thread 5156] sellig berton was killed by an NPC!
[05:34:18:360326 --7:00] [Thread 5896] sellig berton commited suicide!
[06:38:35:033329 --7:00] [Thread 5472] sellig berton commited suicide!
[10:47:56:956205 --7:00] [Thread 5916] Pyrogenesis was killed by an NPC!
[10:55:11:145915 --7:00] [Thread 5916] Pyrogenesis was killed by an NPC!
[11:49:23:699186 --7:00] [Thread 3652] Pyrogenesis commited suicide!
[13:02:57:114799 --7:00] [Thread 2332] Gas Chamber commited suicide!
[13:35:24:325275 --7:00] [Thread 3744] Pyrogenesis commited suicide!
[14:41:01:478974 --7:00] [Thread 4284] Joe commited suicide!
[14:41:54:559914 --7:00] [Thread 6000] Gas Chamber was killed by an NPC!
[15:01:38:516167 --7:00] [Thread 6000] Joe commited suicide!
[15:12:03:098042 --7:00] [Thread 3744] Pyrogenesis was killed by an NPC!
[15:16:43:254180 --7:00] [Thread 2332] Pyrogenesis was killed by an NPC!
[15:34:24:527885 --7:00] [Thread 4284] Avriality was killed by an NPC!
[15:41:57:426279 --7:00] [Thread 3744] Pyrogenesis died because... Arma.
[15:44:39:678294 --7:00] [Thread 4284] Pyrogenesis died because Pyrogenesis was very unlucky.
[16:21:39:857877 --7:00] [Thread 6000] Avriality was killed by Pyrogenesis! (First Blood, 154m Range)
