[18:15:29:573512 --7:00] [Thread 10060] Joe commited suicide!
[18:38:50:461375 --7:00] [Thread 6384] fruitcakes commited suicide!
[18:39:55:054898 --7:00] [Thread 6888] Zataralee commited suicide!
[18:43:12:158605 --7:00] [Thread 6384] DrunkinfoolGrim crashed to death!
[18:56:18:383920 --7:00] [Thread 8832] fruitcakes commited suicide!
[18:59:16:005342 --7:00] [Thread 10960] Mike Hawk was killed by an NPC!
[19:06:46:373860 --7:00] [Thread 10960] DrunkinfoolGrim commited suicide!
[19:53:42:720488 --7:00] [Thread 8832] Mike Hawk was killed by an NPC!
[21:04:28:143599 --7:00] [Thread 10960] Phoenix Surgere died because... Arma.
[21:35:36:590237 --7:00] [Thread 10960] AkToker was killed by an NPC!
[21:48:58:166553 --7:00] [Thread 8908] Joe was killed by an NPC!
[23:31:09:906888 --7:00] [Thread 3124] Zataralee was team-killed by AkToker!
[23:36:23:817548 --7:00] [Thread 8244] Zataralee was team-killed by AkToker!
[23:41:58:009398 --7:00] [Thread 8244] Zataralee died. Yes, Zataralee is dead. Like really dead-dead.
[23:42:39:955646 --7:00] [Thread 7864] Zataralee commited suicide!
[23:50:40:626276 --7:00] [Thread 4340] Mike Hawk commited suicide!
[02:59:01:617847 --7:00] [Thread 3136] DrunkinfoolGrim commited suicide!
[03:58:35:336782 --7:00] [Thread 9120] DrunkinfoolGrim commited suicide!
[14:33:16:812055 --7:00] [Thread 10940] AkToker was killed by an NPC!
[15:22:22:881463 --7:00] [Thread 10296] DrunkinfoolGrim commited suicide!
[15:33:14:189706 --7:00] [Thread 9232] DrunkinfoolGrim commited suicide!
