[18:57:46:391558 --7:00] [Thread 12108] Alisha commited suicide!
[20:09:53:110265 --7:00] [Thread 12136] Joe was killed by Jason! (First Blood, Homie, 196m Range)
[20:22:32:424033 --7:00] [Thread 12108] Joe was killed by an NPC!
[20:38:14:631116 --7:00] [Thread 12064] The Baron commited suicide!
[20:43:53:334584 --7:00] [Thread 10100] Mike Hawk commited suicide!
[20:44:11:685268 --7:00] [Thread 12136] AkToker was killed by an NPC!
[20:56:01:607803 --7:00] [Thread 12064] Joe commited suicide!
[21:05:26:111887 --7:00] [Thread 10100] Mike Hawk was killed by an NPC!
[21:09:54:501653 --7:00] [Thread 9440] Joe commited suicide!
[21:13:57:081297 --7:00] [Thread 12136] Joe was killed by an NPC!
[21:41:22:032483 --7:00] [Thread 9440] The Baron died. Yes, The Baron is dead. Like really dead-dead.
[21:59:50:944801 --7:00] [Thread 12136] Joe was killed by an NPC!
[22:01:33:954500 --7:00] [Thread 8304] Mike Hawk was killed by an NPC!
[22:07:19:362779 --7:00] [Thread 9440] Joe commited suicide!
[22:07:41:013524 --7:00] [Thread 12136] Alisha commited suicide!
[22:08:44:730154 --7:00] [Thread 9440] Alisha was team-killed by Zataralee!
[22:08:44:730926 --7:00] [Thread 12064] Scott was team-killed by Zataralee!
[22:16:02:134883 --7:00] [Thread 9440] Alisha died and nobody knows why.
[05:53:36:033876 --7:00] [Thread 10180] Rog641 was killed by an NPC!
[05:56:03:072887 --7:00] [Thread 10180] Rog641 was killed by an NPC!
[05:58:10:641421 --7:00] [Thread 9004] Rog641 was killed by an NPC!
[08:57:44:453866 --7:00] [Thread 12252] Rog641 was killed by an NPC!
[09:03:01:650013 --7:00] [Thread 10628] Rog641 commited suicide!
[09:08:07:646509 --7:00] [Thread 11644] Rog641 was killed by an NPC!
[09:35:51:955305 --7:00] [Thread 12252] Scott died a mysterious death.
[09:59:55:674126 --7:00] [Thread 11644] Rog641 died because Rog641 was very unlucky.
[12:51:21:207715 --7:00] [Thread 5724] Mike Hawk was killed by an NPC!
[13:00:48:094530 --7:00] [Thread 8500] Mike Hawk was killed by an NPC!
[15:24:51:028873 --7:00] [Thread 10824] Scott was killed by an NPC!
[15:35:35:720390 --7:00] [Thread 10952] Scott was killed by an NPC!
