extDB2: Version: 70
extDB2: https://github.com/Torndeco/extDB2
extDB2: Windows Version
Message: All development for extDB2 is done on a Linux Dedicated Server
Message: If you would like to Donate to extDB2 Development
Message: https://www.paypal.com/cgi-bin/webscr?cmd=_s-xclick&hosted_button_id=2SUEFTGABTAM2
Message: Also leave a message if there is any particular feature you would like to see added.
Message: Thanks for all the people that have donated.
Message: Torndeco: 20/02/15


extDB2: Found extdb-conf.ini
extDB2: Detected 8 Cores, Setting up 6 Worker Threads


[23:25:43:571186 --7:00] [Thread 5912] extDB2: Database Type: MySQL
[23:25:43:643831 --7:00] [Thread 5912] extDB2: Database Session Pool Started
[23:25:43:645305 --7:00] [Thread 5912] extDB2: SQL_CUSTOM_V2: Loading Template Filename: C:\Spokane_Survivalists\Game_Servers\Arma\@exileserver\extDB\sql_custom_v2\exile.ini
[23:25:43:645448 --7:00] [Thread 5912] extDB2: SQL_CUSTOM_V2: Version 12 Detected, Latest Version 12 Available
[00:02:22:903187 --7:00] [Thread 7480] extDB2: SQL_CUSTOM_V2: Error No Custom Call Not Found: Input String setAccountMoneyAndRespect:50:54729:76561197994641119
[00:02:22:903286 --7:00] [Thread 7480] extDB2: SQL_CUSTOM_V2: Error No Custom Call Not Found: Callname setAccountMoneyAndRespect
[00:03:05:056493 --7:00] [Thread 7480] extDB2: SQL_CUSTOM_V2: Error No Custom Call Not Found: Input String setAccountMoneyAndRespect:100:54739:76561197994641119
[00:03:05:056544 --7:00] [Thread 7480] extDB2: SQL_CUSTOM_V2: Error No Custom Call Not Found: Callname setAccountMoneyAndRespect
[00:08:32:160762 --7:00] [Thread 5912] extDB2: Stopping ...
