extDB2: Version: 70
extDB2: https://github.com/Torndeco/extDB2
extDB2: Windows Version
Message: All development for extDB2 is done on a Linux Dedicated Server
Message: If you would like to Donate to extDB2 Development
Message: https://www.paypal.com/cgi-bin/webscr?cmd=_s-xclick&hosted_button_id=2SUEFTGABTAM2
Message: Also leave a message if there is any particular feature you would like to see added.
Message: Thanks for all the people that have donated.
Message: Torndeco: 20/02/15


extDB2: Found extdb-conf.ini
extDB2: Detected 8 Cores, Setting up 6 Worker Threads


[00:59:08:261889 --7:00] [Thread 7880] extDB2: Database Type: MySQL
[00:59:08:315288 --7:00] [Thread 7880] extDB2: Database Session Pool Started
[00:59:08:317093 --7:00] [Thread 7880] extDB2: SQL_CUSTOM_V2: Loading Template Filename: C:\Spokane_Survivalists\Game_Servers\Arma\@exileserver\extDB\sql_custom_v2\exile.ini
[00:59:08:317306 --7:00] [Thread 7880] extDB2: SQL_CUSTOM_V2: Version 12 Detected, Latest Version 12 Available
[08:01:42:627230 --7:00] [Thread 7388] extDB2: SQL_CUSTOM_V2: Error No Custom Call Not Found: Input String setAccountMoneyAndRespect:130059:67:76561198145904431
[08:01:42:627311 --7:00] [Thread 7388] extDB2: SQL_CUSTOM_V2: Error No Custom Call Not Found: Callname setAccountMoneyAndRespect
[10:38:43:310995 --7:00] [Thread 8056] extDB2: SQL_CUSTOM_V2: Error No Custom Call Not Found: Input String setAccountMoneyAndRespect:50:74:76561197995727240
[10:38:43:311122 --7:00] [Thread 8056] extDB2: SQL_CUSTOM_V2: Error No Custom Call Not Found: Callname setAccountMoneyAndRespect
[11:39:38:034963 --7:00] [Thread 6852] extDB2: SQL_CUSTOM_V2: Error No Custom Call Not Found: Input String setAccountMoneyAndRespect:5350:642:76561198009448434
[11:39:38:035066 --7:00] [Thread 6852] extDB2: SQL_CUSTOM_V2: Error No Custom Call Not Found: Callname setAccountMoneyAndRespect
[16:51:55:829366 --7:00] [Thread 8056] extDB2: SQL_CUSTOM_V2: Error No Custom Call Not Found: Input String setAccountMoneyAndRespect:5530:71:76561198068662216
[16:51:55:829460 --7:00] [Thread 8056] extDB2: SQL_CUSTOM_V2: Error No Custom Call Not Found: Callname setAccountMoneyAndRespect
[16:52:02:361666 --7:00] [Thread 8056] extDB2: SQL_CUSTOM_V2: Error No Custom Call Not Found: Input String setAccountMoneyAndRespect:266:87:76561198336444257
[16:52:02:361711 --7:00] [Thread 8056] extDB2: SQL_CUSTOM_V2: Error No Custom Call Not Found: Callname setAccountMoneyAndRespect
[16:52:03:474365 --7:00] [Thread 8056] extDB2: SQL_CUSTOM_V2: Error No Custom Call Not Found: Input String setAccountMoneyAndRespect:5580:94:76561198068662216
[16:52:03:474402 --7:00] [Thread 8056] extDB2: SQL_CUSTOM_V2: Error No Custom Call Not Found: Callname setAccountMoneyAndRespect
[16:52:17:271793 --7:00] [Thread 8056] extDB2: SQL_CUSTOM_V2: Error No Custom Call Not Found: Input String setAccountMoneyAndRespect:316:110:76561198336444257
[16:52:17:271834 --7:00] [Thread 8056] extDB2: SQL_CUSTOM_V2: Error No Custom Call Not Found: Callname setAccountMoneyAndRespect
[16:52:22:928601 --7:00] [Thread 8056] extDB2: SQL_CUSTOM_V2: Error No Custom Call Not Found: Input String setAccountMoneyAndRespect:366:133:76561198336444257
[16:52:22:928643 --7:00] [Thread 8056] extDB2: SQL_CUSTOM_V2: Error No Custom Call Not Found: Callname setAccountMoneyAndRespect
[16:52:39:103177 --7:00] [Thread 6852] extDB2: SQL_CUSTOM_V2: Error No Custom Call Not Found: Input String setAccountMoneyAndRespect:416:157:76561198336444257
[16:52:39:103218 --7:00] [Thread 6852] extDB2: SQL_CUSTOM_V2: Error No Custom Call Not Found: Callname setAccountMoneyAndRespect
[16:52:48:429005 --7:00] [Thread 6852] extDB2: SQL_CUSTOM_V2: Error No Custom Call Not Found: Input String setAccountMoneyAndRespect:466:183:76561198336444257
[16:52:48:429047 --7:00] [Thread 6852] extDB2: SQL_CUSTOM_V2: Error No Custom Call Not Found: Callname setAccountMoneyAndRespect
[16:53:03:268483 --7:00] [Thread 6852] extDB2: SQL_CUSTOM_V2: Error No Custom Call Not Found: Input String setAccountMoneyAndRespect:5630:116:76561198068662216
[16:53:03:268524 --7:00] [Thread 6852] extDB2: SQL_CUSTOM_V2: Error No Custom Call Not Found: Callname setAccountMoneyAndRespect
[17:06:03:378067 --7:00] [Thread 3428] extDB2: SQL_CUSTOM_V2: Error No Custom Call Not Found: Input String setAccountMoneyAndRespect:5705:143:76561198068662216
[17:06:03:378115 --7:00] [Thread 3428] extDB2: SQL_CUSTOM_V2: Error No Custom Call Not Found: Callname setAccountMoneyAndRespect
[17:06:06:353284 --7:00] [Thread 3428] extDB2: SQL_CUSTOM_V2: Error No Custom Call Not Found: Input String setAccountMoneyAndRespect:5780:171:76561198068662216
[17:06:06:353316 --7:00] [Thread 3428] extDB2: SQL_CUSTOM_V2: Error No Custom Call Not Found: Callname setAccountMoneyAndRespect
[17:06:08:682383 --7:00] [Thread 3428] extDB2: SQL_CUSTOM_V2: Error No Custom Call Not Found: Input String setAccountMoneyAndRespect:5830:196:76561198068662216
[17:06:08:682425 --7:00] [Thread 3428] extDB2: SQL_CUSTOM_V2: Error No Custom Call Not Found: Callname setAccountMoneyAndRespect
[17:06:14:704551 --7:00] [Thread 3428] extDB2: SQL_CUSTOM_V2: Error No Custom Call Not Found: Input String setAccountMoneyAndRespect:5880:221:76561198068662216
[17:06:14:704593 --7:00] [Thread 3428] extDB2: SQL_CUSTOM_V2: Error No Custom Call Not Found: Callname setAccountMoneyAndRespect
[17:06:52:259553 --7:00] [Thread 3428] extDB2: SQL_CUSTOM_V2: Error No Custom Call Not Found: Input String setAccountMoneyAndRespect:5930:245:76561198068662216
[17:06:52:259597 --7:00] [Thread 3428] extDB2: SQL_CUSTOM_V2: Error No Custom Call Not Found: Callname setAccountMoneyAndRespect
[17:07:06:613457 --7:00] [Thread 3428] extDB2: SQL_CUSTOM_V2: Error No Custom Call Not Found: Input String setAccountMoneyAndRespect:5980:271:76561198068662216
[17:07:06:613506 --7:00] [Thread 3428] extDB2: SQL_CUSTOM_V2: Error No Custom Call Not Found: Callname setAccountMoneyAndRespect
[17:07:13:230547 --7:00] [Thread 3428] extDB2: SQL_CUSTOM_V2: Error No Custom Call Not Found: Input String setAccountMoneyAndRespect:6030:296:76561198068662216
[17:07:13:230594 --7:00] [Thread 3428] extDB2: SQL_CUSTOM_V2: Error No Custom Call Not Found: Callname setAccountMoneyAndRespect
[17:07:21:152719 --7:00] [Thread 3428] extDB2: SQL_CUSTOM_V2: Error No Custom Call Not Found: Input String setAccountMoneyAndRespect:6080:321:76561198068662216
[17:07:21:152764 --7:00] [Thread 3428] extDB2: SQL_CUSTOM_V2: Error No Custom Call Not Found: Callname setAccountMoneyAndRespect
[17:17:36:495868 --7:00] [Thread 3428] extDB2: SQL_CUSTOM_V2: Error No Custom Call Not Found: Input String setAccountMoneyAndRespect:6130:346:76561198068662216
[17:17:36:495977 --7:00] [Thread 3428] extDB2: SQL_CUSTOM_V2: Error No Custom Call Not Found: Callname setAccountMoneyAndRespect
[17:22:53:121489 --7:00] [Thread 6852] extDB2: SQL_CUSTOM_V2: Error No Custom Call Not Found: Input String setAccountMoneyAndRespect:331:675:76561197995727240
[17:22:53:121524 --7:00] [Thread 6852] extDB2: SQL_CUSTOM_V2: Error No Custom Call Not Found: Callname setAccountMoneyAndRespect
[17:24:46:662962 --7:00] [Thread 6852] extDB2: SQL_CUSTOM_V2: Error No Custom Call Not Found: Input String setAccountMoneyAndRespect:381:685:76561197995727240
[17:24:46:663008 --7:00] [Thread 6852] extDB2: SQL_CUSTOM_V2: Error No Custom Call Not Found: Callname setAccountMoneyAndRespect
[18:22:11:072122 --7:00] [Thread 5544] extDB2: SQL_CUSTOM_V2: Error No Custom Call Not Found: Input String setAccountMoneyAndRespect:8820:4528:76561198005489005
[18:22:11:072208 --7:00] [Thread 5544] extDB2: SQL_CUSTOM_V2: Error No Custom Call Not Found: Callname setAccountMoneyAndRespect
[18:23:22:667586 --7:00] [Thread 6852] extDB2: SQL_CUSTOM_V2: Error No Custom Call Not Found: Input String setAccountMoneyAndRespect:8870:4560:76561198005489005
[18:23:22:667630 --7:00] [Thread 6852] extDB2: SQL_CUSTOM_V2: Error No Custom Call Not Found: Callname setAccountMoneyAndRespect
[18:37:59:228090 --7:00] [Thread 8056] extDB2: SQL_CUSTOM_V2: Error No Custom Call Not Found: Input String setAccountMoneyAndRespect:50:4417:76561198005489005
[18:37:59:228132 --7:00] [Thread 8056] extDB2: SQL_CUSTOM_V2: Error No Custom Call Not Found: Callname setAccountMoneyAndRespect
[18:39:42:074315 --7:00] [Thread 7388] extDB2: SQL_CUSTOM_V2: Error No Custom Call Not Found: Input String setAccountMoneyAndRespect:100:4454:76561198005489005
[18:39:42:074361 --7:00] [Thread 7388] extDB2: SQL_CUSTOM_V2: Error No Custom Call Not Found: Callname setAccountMoneyAndRespect
[19:09:41:711821 --7:00] [Thread 7880] extDB2: Stopping ...
