[19:16:14:330951 --7:00] [Thread 8264] Theseus was killed by an NPC!
[19:50:56:354877 --7:00] [Thread 8416] Gin (Pockets) Fitzgerald was killed by an NPC!
[19:51:33:502684 --7:00] [Thread 7204] Xartezerus commited suicide!
[20:03:30:726809 --7:00] [Thread 7492] Gin (Pockets) Fitzgerald was killed by an NPC!
[20:45:02:406929 --7:00] [Thread 7204] Michael Lim commited suicide!
[21:00:41:111277 --7:00] [Thread 7204] Sam commited suicide!
[21:06:04:897427 --7:00] [Thread 8264] Michael Lim commited suicide!
[21:25:03:701989 --7:00] [Thread 8416] Red The Hunter was killed by an NPC!
[21:37:37:248369 --7:00] [Thread 7204] Red The Hunter was killed by an NPC!
[21:43:39:708446 --7:00] [Thread 8728] Sam was killed by an NPC!
[21:45:38:085266 --7:00] [Thread 8416] Red The Hunter commited suicide!
[21:52:43:120137 --7:00] [Thread 8264] Red The Hunter commited suicide!
[22:41:37:404829 --7:00] [Thread 8264] Red The Hunter was killed by an NPC!
[23:55:03:569064 --7:00] [Thread 7480] Zataralee commited suicide!
[00:00:44:345646 --7:00] [Thread 7480] Oriayan was killed by an NPC!
[00:03:22:747876 --7:00] [Thread 5684] Oriayan commited suicide!
[00:42:13:408632 --7:00] [Thread 7800] Oriayan commited suicide!
[00:44:41:766690 --7:00] [Thread 7856] Oriayan commited suicide!
[01:02:30:340124 --7:00] [Thread 8056] Oriayan commited suicide!
[05:41:42:464434 --7:00] [Thread 7388] Red The Hunter died. Yes, Red The Hunter is dead. Like really dead-dead.
[10:32:36:960692 --7:00] [Thread 6884] Sam was killed by an NPC!
[12:05:08:327949 --7:00] [Thread 7388] Sam commited suicide!
[12:39:39:614031 --7:00] [Thread 6852] Oriayan was killed by an NPC!
[12:42:50:456730 --7:00] [Thread 7388] Rog641 commited suicide!
[13:01:15:415294 --7:00] [Thread 6884] Oriayan was killed by an NPC!
[13:52:29:404342 --7:00] [Thread 6852] Rog641 commited suicide!
[14:11:16:562307 --7:00] [Thread 3428] Rog641 commited suicide!
[15:16:49:090890 --7:00] [Thread 3428] Rog641 commited suicide!
[15:42:06:033442 --7:00] [Thread 7388] Rog641 was killed by an NPC!
[16:30:57:020665 --7:00] [Thread 8056] Rog641 was killed by an NPC!
[16:44:14:750791 --7:00] [Thread 6884] Rog641 was killed by an NPC!
[17:01:31:986151 --7:00] [Thread 7388] jayvi was killed by an NPC!
[17:22:51:297780 --7:00] [Thread 8056] Rog641 was killed by an NPC!
[17:25:35:308691 --7:00] [Thread 7388] Steven died an awkward death.
[17:34:18:788800 --7:00] [Thread 8056] Steven was killed by jayvi! (First Blood)
[17:49:41:160874 --7:00] [Thread 5544] cxr crashed to death!
[17:50:51:061477 --7:00] [Thread 8056] cxr commited suicide!
[17:51:56:234940 --7:00] [Thread 5544] cxr commited suicide!
[18:26:23:302447 --7:00] [Thread 6884] Jason was killed by an NPC!
