[18:36:21:684980 --7:00] [Thread 1976] D4_Cador commited suicide!
[19:45:54:684888 --7:00] [Thread 1976] Jason was killed by an NPC!
[19:46:39:809045 --7:00] [Thread 4420] {BTK} EAST_TEX_SWAMPCAT was killed by an NPC!
[19:58:41:581099 --7:00] [Thread 1396] Jason was killed by an NPC!
[19:59:00:757868 --7:00] [Thread 1976] Jason died. Yes, Jason is dead. Like really dead-dead.
[20:03:17:781665 --7:00] [Thread 4760] {BTK} EAST_TEX_SWAMPCAT was killed by an NPC!
[20:18:21:148629 --7:00] [Thread 4760] Jason was killed by an NPC!
[21:02:47:709028 --7:00] [Thread 1604] Joe died because the universe hates him.
[21:05:04:990213 --7:00] [Thread 2260] Scott was killed by an NPC!
[21:05:42:329646 --7:00] [Thread 1604] Alisha was killed by an NPC!
[21:06:03:706870 --7:00] [Thread 3136] Alisha was killed by an NPC!
[21:11:02:110593 --7:00] [Thread 1604] Saber One died because that's why.
[21:12:32:877866 --7:00] [Thread 2332] Alisha was killed by an NPC!
[21:12:50:791690 --7:00] [Thread 2332] Scott was killed by an NPC!
[21:16:46:882285 --7:00] [Thread 3136] {BTK} EAST_TEX_SWAMPCAT was killed by an NPC!
[21:20:12:779239 --7:00] [Thread 2260] Alisha was killed by an NPC!
[21:21:23:173910 --7:00] [Thread 2260] {BTK} EAST_TEX_SWAMPCAT was killed by an NPC!
[21:21:54:487780 --7:00] [Thread 2260] Scott was killed by an NPC!
[21:27:39:327873 --7:00] [Thread 2332] Scott was killed by an NPC!
[21:31:41:942475 --7:00] [Thread 1616] {BTK} EAST_TEX_SWAMPCAT was killed by an NPC!
[21:51:39:605258 --7:00] [Thread 1616] D4_Cador was killed by Joe! (First Blood, 131m Range)
[21:52:11:648204 --7:00] [Thread 5092] Joe was killed by Zataralee!
[21:53:12:520615 --7:00] [Thread 1616] Zataralee was killed by Saber One! (113m Range)
[21:53:53:878843 --7:00] [Thread 1604] Saber One was killed by Nutsnboltz!
[21:54:16:586356 --7:00] [Thread 2260] Joe was killed by Nutsnboltz! (2x Kill Streak)
[21:57:33:581784 --7:00] [Thread 3136] Joe commited suicide!
[21:58:25:770725 --7:00] [Thread 2260] Zataralee was killed by Saber One!
[22:00:19:741619 --7:00] [Thread 1616] Saber One was killed by Nutsnboltz! (Domination)
[22:00:42:813712 --7:00] [Thread 5092] D4_Cador was killed by Joe! (Mad Passenger, 162m Range)
[22:03:51:775135 --7:00] [Thread 2332] D4_Cador was killed by Saber One!
[22:04:47:746594 --7:00] [Thread 3136] Joe was killed by Zataralee! (Big Bird, 239m Range)
[22:05:26:712775 --7:00] [Thread 2260] D4_Cador commited suicide!
[22:06:03:482885 --7:00] [Thread 5092] Nutsnboltz was killed by Saber One! (Mad Passenger)
[22:07:17:658437 --7:00] [Thread 5092] D4_Cador commited suicide!
[22:27:30:964268 --7:00] [Thread 1604] Joe was killed by an NPC!
[22:53:48:324983 --7:00] [Thread 2332] Joe commited suicide!
[23:13:58:074224 --7:00] [Thread 5092] Scott was killed by an NPC!
[23:16:21:223440 --7:00] [Thread 3136] Zataralee was killed by an NPC!
[23:54:05:667120 --7:00] [Thread 2332] Zataralee commited suicide!
[00:06:37:235013 --7:00] [Thread 1604] Scott was killed by an NPC!
[00:06:43:549864 --7:00] [Thread 3136] Zataralee was killed by an NPC!
[00:47:08:165487 --7:00] [Thread 3204] Scott died because Scott was very unlucky.
[01:04:49:107393 --7:00] [Thread 4792] Scott died. Yes, Scott is dead. Like really dead-dead.
[01:21:58:000557 --7:00] [Thread 4732] Scott died because... Arma.
[01:22:50:831307 --7:00] [Thread 2792] Scott commited suicide!
[01:22:59:989739 --7:00] [Thread 4792] Scott died because... Arma.
[01:27:06:601209 --7:00] [Thread 2792] Scott commited suicide!
[01:32:46:780346 --7:00] [Thread 3204] Scott commited suicide!
[01:46:41:963079 --7:00] [Thread 2792] Scott commited suicide!
[01:54:35:422776 --7:00] [Thread 1752] Scott was team-killed by Zataralee!
[07:24:40:545127 --7:00] [Thread 4616] Jason commited suicide!
[11:28:37:379372 --7:00] [Thread 2432] Jason was killed by an NPC!
[11:32:41:545846 --7:00] [Thread 4208] Jason was killed by an NPC!
[14:03:10:979163 --7:00] [Thread 4372] D4_Cador was killed by an NPC!
[14:15:35:336973 --7:00] [Thread 5104] D4_Cador was killed by an NPC!
[14:16:22:764443 --7:00] [Thread 4372] D4_Cador commited suicide!
[14:21:47:342794 --7:00] [Thread 356] {BTK} EAST_TEX_SWAMPCAT was killed by an NPC!
[14:22:20:857889 --7:00] [Thread 4900] D4_Cador commited suicide!
[14:31:27:135455 --7:00] [Thread 4900] D4_Cador was killed by an NPC!
[14:38:04:916177 --7:00] [Thread 356] D4_Cador was killed by an NPC!
[14:45:52:917403 --7:00] [Thread 356] D4_Cador commited suicide!
[14:56:40:752911 --7:00] [Thread 4372] D4_Cador commited suicide!
[15:13:19:443536 --7:00] [Thread 4912] Jason was killed by an NPC!
[15:19:59:676072 --7:00] [Thread 4912] {BTK} EAST_TEX_SWAMPCAT was killed by an NPC!
[15:35:11:816533 --7:00] [Thread 4900] Tallboy commited suicide!
