[16:45:20:121613 --7:00] [Thread 4980] Scott commited suicide!
[18:11:30:052339 --7:00] [Thread 10312] Mike Hawk was killed by an NPC!
[18:27:56:567745 --7:00] [Thread 8048] Rog641 commited suicide!
[18:27:58:245894 --7:00] [Thread 5776] Sam died because that's why.
[18:49:06:943612 --7:00] [Thread 10312] Scott commited suicide!
[18:50:50:895299 --7:00] [Thread 10840] Scott was team-killed by Zataralee!
[19:10:24:478094 --7:00] [Thread 8048] Rog641 was killed by an NPC!
[19:15:04:576812 --7:00] [Thread 5776] Sam was killed by an NPC!
[19:38:18:765576 --7:00] [Thread 10840] Sam was killed by an NPC!
[19:40:29:035684 --7:00] [Thread 8048] Scott was killed by an NPC!
[19:42:33:628854 --7:00] [Thread 10312] Scott was killed by an NPC!
[21:44:29:195609 --7:00] [Thread 4948] Scott was killed by an NPC!
[22:00:33:502931 --7:00] [Thread 11116] Mike Hawk was killed by an NPC!
[22:02:37:117569 --7:00] [Thread 9676] Joe died because... Arma.
[22:58:08:597792 --7:00] [Thread 11116] bishi was killed by an NPC!
[00:34:39:988564 --7:00] [Thread 8508] demonjac commited suicide!
[00:51:15:732813 --7:00] [Thread 7908] Lothaar was killed by sellig berton! (First Blood)
[00:59:11:092032 --7:00] [Thread 11116] alex commited suicide!
[01:00:03:889033 --7:00] [Thread 4948] alex commited suicide!
[03:20:24:953631 --7:00] [Thread 10260] alex was killed by an NPC!
[04:12:31:510776 --7:00] [Thread 10760] alex was killed by an NPC!
[05:01:12:472566 --7:00] [Thread 10260] alex was killed by an NPC!
[05:19:55:837158 --7:00] [Thread 10500] alex commited suicide!
[05:26:14:355937 --7:00] [Thread 10500] alex commited suicide!
[08:11:03:326247 --7:00] [Thread 9124] alex was killed by an NPC!
[08:17:34:238839 --7:00] [Thread 2904] alex commited suicide!
[08:22:39:741813 --7:00] [Thread 1432] alex was killed by an NPC!
[09:26:29:045908 --7:00] [Thread 2904] Rog641 was killed by an NPC!
[09:31:18:475161 --7:00] [Thread 9452] Rog641 commited suicide!
[14:58:37:472866 --7:00] [Thread 11936] Rog641 was killed by an NPC!
[15:02:24:970603 --7:00] [Thread 11936] Rog641 was killed by an NPC!
[15:18:41:124453 --7:00] [Thread 12072] Rog641 died due to Arma bugs and is probably very salty right now.
[16:02:36:670580 --7:00] [Thread 11364] Rog641 died a mysterious death.
[16:49:08:006584 --7:00] [Thread 11364] Lothaar was killed by an NPC!
[16:50:58:340936 --7:00] [Thread 11936] Mike Hawk commited suicide!
[16:56:06:824523 --7:00] [Thread 9784] Lothaar commited suicide!
[16:57:31:979552 --7:00] [Thread 11364] AkToker was killed by an NPC!
[17:02:09:152249 --7:00] [Thread 11936] Mike Hawk was killed by an NPC!
[17:04:20:449808 --7:00] [Thread 11364] Mike Hawk was killed by an NPC!
